[0.109s] Invoking command in '/home/rsa/colcon_ws/src/build/print_scan_data': CMAKE_PREFIX_PATH=${CMAKE_PREFIX_PATH}:/home/rsa/colcon_ws/install/cv_basics:/opt/ros/foxy PS1=\u@\h \[\e[32m\]\w \[\e[91m\]$(parse_git_branch)\[\e[00m\]$ /bin/cmake /home/rsa/colcon_ws/src/print_scan_data -DCMAKE_INSTALL_PREFIX=/home/rsa/colcon_ws/src/install/print_scan_data
[0.163s] -- The C compiler identification is GNU 9.4.0
[0.214s] -- The CXX compiler identification is GNU 9.4.0
[0.221s] -- Check for working C compiler: /bin/cc
[0.281s] -- Check for working C compiler: /bin/cc -- works
[0.282s] -- Detecting C compiler ABI info
[0.341s] -- Detecting C compiler ABI info - done
[0.349s] -- Detecting C compile features
[0.349s] -- Detecting C compile features - done
[0.351s] -- Check for working CXX compiler: /bin/c++
[0.420s] -- Check for working CXX compiler: /bin/c++ -- works
[0.421s] -- Detecting CXX compiler ABI info
[0.491s] -- Detecting CXX compiler ABI info - done
[0.501s] -- Detecting CXX compile features
[0.502s] -- Detecting CXX compile features - done
[0.504s] -- Found ament_cmake: 0.9.12 (/opt/ros/foxy/share/ament_cmake/cmake)
[0.530s] -- Found PythonInterp: /bin/python3 (found suitable version "3.8.10", minimum required is "3") 
[0.530s] -- Using PYTHON_EXECUTABLE: /bin/python3
[0.743s] -- Found ament_lint_auto: 0.9.8 (/opt/ros/foxy/share/ament_lint_auto/cmake)
[0.808s] -- Added test 'copyright' to check source files copyright and LICENSE
[0.808s] -- Added test 'cppcheck' to perform static code analysis on C / C++ code
[0.809s] -- Configured cppcheck include dirs: $<BUILD_INTERFACE:/home/rsa/colcon_ws/src/print_scan_data/include>
[0.809s] -- Configured cppcheck exclude dirs and/or files: 
[0.809s] -- Added test 'cpplint' to check C / C++ code against the Google style
[0.809s] -- Configured cpplint exclude dirs and/or files: 
[0.809s] -- Added test 'lint_cmake' to check CMake code style
[0.810s] -- Added test 'uncrustify' to check C / C++ code style
[0.810s] -- Configured uncrustify additional arguments: 
[0.811s] -- Added test 'xmllint' to check XML markup files
[0.812s] -- Configuring done
[0.814s] -- Generating done
[0.815s] -- Build files have been written to: /home/rsa/colcon_ws/src/build/print_scan_data
[0.820s] Invoked command in '/home/rsa/colcon_ws/src/build/print_scan_data' returned '0': CMAKE_PREFIX_PATH=${CMAKE_PREFIX_PATH}:/home/rsa/colcon_ws/install/cv_basics:/opt/ros/foxy PS1=\u@\h \[\e[32m\]\w \[\e[91m\]$(parse_git_branch)\[\e[00m\]$ /bin/cmake /home/rsa/colcon_ws/src/print_scan_data -DCMAKE_INSTALL_PREFIX=/home/rsa/colcon_ws/src/install/print_scan_data
[0.821s] Invoking command in '/home/rsa/colcon_ws/src/build/print_scan_data': CMAKE_PREFIX_PATH=${CMAKE_PREFIX_PATH}:/home/rsa/colcon_ws/install/cv_basics:/opt/ros/foxy PS1=\u@\h \[\e[32m\]\w \[\e[91m\]$(parse_git_branch)\[\e[00m\]$ /bin/cmake --build /home/rsa/colcon_ws/src/build/print_scan_data -- -j16 -l16
[0.852s] [35m[1mScanning dependencies of target print_scan_data[0m
[0.861s] [ 50%] [32mBuilding CXX object CMakeFiles/print_scan_data.dir/src/print_scan_data.cpp.o[0m
[0.886s] [100%] [32m[1mLinking CXX executable print_scan_data[0m
[0.922s] [100%] Built target print_scan_data
[0.931s] Invoked command in '/home/rsa/colcon_ws/src/build/print_scan_data' returned '0': CMAKE_PREFIX_PATH=${CMAKE_PREFIX_PATH}:/home/rsa/colcon_ws/install/cv_basics:/opt/ros/foxy PS1=\u@\h \[\e[32m\]\w \[\e[91m\]$(parse_git_branch)\[\e[00m\]$ /bin/cmake --build /home/rsa/colcon_ws/src/build/print_scan_data -- -j16 -l16
[0.963s] Invoking command in '/home/rsa/colcon_ws/src/build/print_scan_data': CMAKE_PREFIX_PATH=${CMAKE_PREFIX_PATH}:/home/rsa/colcon_ws/install/cv_basics:/opt/ros/foxy PS1=\u@\h \[\e[32m\]\w \[\e[91m\]$(parse_git_branch)\[\e[00m\]$ /bin/cmake --install /home/rsa/colcon_ws/src/build/print_scan_data
[0.969s] -- Install configuration: ""
[0.969s] -- Installing: /home/rsa/colcon_ws/src/install/print_scan_data/lib/print_scan_data/print_scan_data
[0.969s] -- Installing: /home/rsa/colcon_ws/src/install/print_scan_data/share/ament_index/resource_index/package_run_dependencies/print_scan_data
[0.969s] -- Installing: /home/rsa/colcon_ws/src/install/print_scan_data/share/ament_index/resource_index/parent_prefix_path/print_scan_data
[0.969s] -- Installing: /home/rsa/colcon_ws/src/install/print_scan_data/share/print_scan_data/environment/ament_prefix_path.sh
[0.969s] -- Installing: /home/rsa/colcon_ws/src/install/print_scan_data/share/print_scan_data/environment/ament_prefix_path.dsv
[0.970s] -- Installing: /home/rsa/colcon_ws/src/install/print_scan_data/share/print_scan_data/environment/path.sh
[0.970s] -- Installing: /home/rsa/colcon_ws/src/install/print_scan_data/share/print_scan_data/environment/path.dsv
[0.970s] -- Installing: /home/rsa/colcon_ws/src/install/print_scan_data/share/print_scan_data/local_setup.bash
[0.970s] -- Installing: /home/rsa/colcon_ws/src/install/print_scan_data/share/print_scan_data/local_setup.sh
[0.971s] -- Installing: /home/rsa/colcon_ws/src/install/print_scan_data/share/print_scan_data/local_setup.zsh
[0.971s] -- Installing: /home/rsa/colcon_ws/src/install/print_scan_data/share/print_scan_data/local_setup.dsv
[0.971s] -- Installing: /home/rsa/colcon_ws/src/install/print_scan_data/share/print_scan_data/package.dsv
[0.971s] -- Installing: /home/rsa/colcon_ws/src/install/print_scan_data/share/ament_index/resource_index/packages/print_scan_data
[0.971s] -- Installing: /home/rsa/colcon_ws/src/install/print_scan_data/share/print_scan_data/cmake/print_scan_dataConfig.cmake
[0.971s] -- Installing: /home/rsa/colcon_ws/src/install/print_scan_data/share/print_scan_data/cmake/print_scan_dataConfig-version.cmake
[0.971s] -- Installing: /home/rsa/colcon_ws/src/install/print_scan_data/share/print_scan_data/package.xml
[0.975s] Invoked command in '/home/rsa/colcon_ws/src/build/print_scan_data' returned '0': CMAKE_PREFIX_PATH=${CMAKE_PREFIX_PATH}:/home/rsa/colcon_ws/install/cv_basics:/opt/ros/foxy PS1=\u@\h \[\e[32m\]\w \[\e[91m\]$(parse_git_branch)\[\e[00m\]$ /bin/cmake --install /home/rsa/colcon_ws/src/build/print_scan_data
