[1.393s] DEBUG:colcon:Command line arguments: ['/bin/colcon', 'build', '--packages-select', 'wall_follower/']
[1.393s] DEBUG:colcon:Parsed command line arguments: Namespace(allow_overriding=[], ament_cmake_args=None, base_paths=['.'], build_base='build', catkin_cmake_args=None, catkin_skip_building_tests=False, cmake_args=None, cmake_clean_cache=False, cmake_clean_first=False, cmake_force_configure=False, cmake_target=None, cmake_target_skip_unavailable=False, continue_on_error=False, event_handlers=None, executor='parallel', ignore_user_meta=False, install_base='install', log_base=None, log_level=None, main=<bound method BuildVerb.main of <colcon_core.verb.build.BuildVerb object at 0x7f193eb45af0>>, merge_install=False, metas=['./colcon.meta'], packages_above=None, packages_above_and_dependencies=None, packages_above_depth=None, packages_end=None, packages_ignore=None, packages_ignore_regex=None, packages_select=['wall_follower/'], packages_select_build_failed=False, packages_select_by_dep=None, packages_select_regex=None, packages_select_test_failures=False, packages_skip=None, packages_skip_build_finished=False, packages_skip_by_dep=None, packages_skip_regex=None, packages_skip_test_passed=False, packages_skip_up_to=None, packages_start=None, packages_up_to=None, packages_up_to_regex=None, parallel_workers=16, paths=None, symlink_install=False, test_result_base=None, verb_extension=<colcon_core.verb.build.BuildVerb object at 0x7f193eb45af0>, verb_name='build', verb_parser=<colcon_defaults.argument_parser.defaults.DefaultArgumentsDecorator object at 0x7f193eb850a0>)
[1.455s] Level 1:colcon.colcon_core.package_discovery:discover_packages(colcon_meta) check parameters
[1.455s] Level 1:colcon.colcon_core.package_discovery:discover_packages(recursive) check parameters
[1.455s] Level 1:colcon.colcon_core.package_discovery:discover_packages(ignore) check parameters
[1.455s] Level 1:colcon.colcon_core.package_discovery:discover_packages(path) check parameters
[1.455s] Level 1:colcon.colcon_core.package_discovery:discover_packages(colcon_meta) discover
[1.455s] Level 1:colcon.colcon_core.package_discovery:discover_packages(recursive) discover
[1.455s] INFO:colcon.colcon_core.package_discovery:Crawling recursively for packages in '/home/rsa/colcon_ws/src'
[1.455s] Level 1:colcon.colcon_core.package_identification:_identify(.) by extensions ['ignore', 'ignore_ament_install']
[1.455s] Level 1:colcon.colcon_core.package_identification:_identify(.) by extension 'ignore'
[1.455s] Level 1:colcon.colcon_core.package_identification:_identify(.) by extension 'ignore_ament_install'
[1.455s] Level 1:colcon.colcon_core.package_identification:_identify(.) by extensions ['colcon_pkg']
[1.455s] Level 1:colcon.colcon_core.package_identification:_identify(.) by extension 'colcon_pkg'
[1.455s] Level 1:colcon.colcon_core.package_identification:_identify(.) by extensions ['colcon_meta']
[1.455s] Level 1:colcon.colcon_core.package_identification:_identify(.) by extension 'colcon_meta'
[1.455s] Level 1:colcon.colcon_core.package_identification:_identify(.) by extensions ['ros']
[1.455s] Level 1:colcon.colcon_core.package_identification:_identify(.) by extension 'ros'
[1.463s] Level 1:colcon.colcon_core.package_identification:_identify(.) by extensions ['cmake', 'python']
[1.463s] Level 1:colcon.colcon_core.package_identification:_identify(.) by extension 'cmake'
[1.463s] Level 1:colcon.colcon_core.package_identification:_identify(.) by extension 'python'
[1.463s] Level 1:colcon.colcon_core.package_identification:_identify(.) by extensions ['python_setup_py']
[1.463s] Level 1:colcon.colcon_core.package_identification:_identify(.) by extension 'python_setup_py'
[1.463s] Level 1:colcon.colcon_core.package_identification:_identify(build) by extensions ['ignore', 'ignore_ament_install']
[1.463s] Level 1:colcon.colcon_core.package_identification:_identify(build) by extension 'ignore'
[1.463s] Level 1:colcon.colcon_core.package_identification:_identify(build) ignored
[1.463s] Level 1:colcon.colcon_core.package_identification:_identify(cv_basics) by extensions ['ignore', 'ignore_ament_install']
[1.463s] Level 1:colcon.colcon_core.package_identification:_identify(cv_basics) by extension 'ignore'
[1.463s] Level 1:colcon.colcon_core.package_identification:_identify(cv_basics) by extension 'ignore_ament_install'
[1.463s] Level 1:colcon.colcon_core.package_identification:_identify(cv_basics) by extensions ['colcon_pkg']
[1.463s] Level 1:colcon.colcon_core.package_identification:_identify(cv_basics) by extension 'colcon_pkg'
[1.463s] Level 1:colcon.colcon_core.package_identification:_identify(cv_basics) by extensions ['colcon_meta']
[1.463s] Level 1:colcon.colcon_core.package_identification:_identify(cv_basics) by extension 'colcon_meta'
[1.463s] Level 1:colcon.colcon_core.package_identification:_identify(cv_basics) by extensions ['ros']
[1.463s] Level 1:colcon.colcon_core.package_identification:_identify(cv_basics) by extension 'ros'
[1.465s] DEBUG:colcon.colcon_core.package_identification:Package 'cv_basics' with type 'ros.ament_python' and name 'cv_basics'
[1.465s] Level 1:colcon.colcon_core.package_identification:_identify(install) by extensions ['ignore', 'ignore_ament_install']
[1.465s] Level 1:colcon.colcon_core.package_identification:_identify(install) by extension 'ignore'
[1.466s] Level 1:colcon.colcon_core.package_identification:_identify(install) ignored
[1.466s] Level 1:colcon.colcon_core.package_identification:_identify(log) by extensions ['ignore', 'ignore_ament_install']
[1.466s] Level 1:colcon.colcon_core.package_identification:_identify(log) by extension 'ignore'
[1.466s] Level 1:colcon.colcon_core.package_identification:_identify(log) ignored
[1.466s] Level 1:colcon.colcon_core.package_identification:_identify(my_package) by extensions ['ignore', 'ignore_ament_install']
[1.466s] Level 1:colcon.colcon_core.package_identification:_identify(my_package) by extension 'ignore'
[1.466s] Level 1:colcon.colcon_core.package_identification:_identify(my_package) by extension 'ignore_ament_install'
[1.466s] Level 1:colcon.colcon_core.package_identification:_identify(my_package) by extensions ['colcon_pkg']
[1.466s] Level 1:colcon.colcon_core.package_identification:_identify(my_package) by extension 'colcon_pkg'
[1.466s] Level 1:colcon.colcon_core.package_identification:_identify(my_package) by extensions ['colcon_meta']
[1.466s] Level 1:colcon.colcon_core.package_identification:_identify(my_package) by extension 'colcon_meta'
[1.466s] Level 1:colcon.colcon_core.package_identification:_identify(my_package) by extensions ['ros']
[1.466s] Level 1:colcon.colcon_core.package_identification:_identify(my_package) by extension 'ros'
[1.466s] DEBUG:colcon.colcon_core.package_identification:Package 'my_package' with type 'ros.ament_cmake' and name 'my_package'
[1.466s] Level 1:colcon.colcon_core.package_identification:_identify(scan_distance) by extensions ['ignore', 'ignore_ament_install']
[1.466s] Level 1:colcon.colcon_core.package_identification:_identify(scan_distance) by extension 'ignore'
[1.466s] Level 1:colcon.colcon_core.package_identification:_identify(scan_distance) by extension 'ignore_ament_install'
[1.466s] Level 1:colcon.colcon_core.package_identification:_identify(scan_distance) by extensions ['colcon_pkg']
[1.466s] Level 1:colcon.colcon_core.package_identification:_identify(scan_distance) by extension 'colcon_pkg'
[1.466s] Level 1:colcon.colcon_core.package_identification:_identify(scan_distance) by extensions ['colcon_meta']
[1.466s] Level 1:colcon.colcon_core.package_identification:_identify(scan_distance) by extension 'colcon_meta'
[1.466s] Level 1:colcon.colcon_core.package_identification:_identify(scan_distance) by extensions ['ros']
[1.466s] Level 1:colcon.colcon_core.package_identification:_identify(scan_distance) by extension 'ros'
[1.467s] DEBUG:colcon.colcon_core.package_identification:Package 'scan_distance' with type 'ros.ament_cmake' and name 'scan_distance'
[1.467s] Level 1:colcon.colcon_core.package_identification:_identify(turtlebot3_simulations) by extensions ['ignore', 'ignore_ament_install']
[1.467s] Level 1:colcon.colcon_core.package_identification:_identify(turtlebot3_simulations) by extension 'ignore'
[1.467s] Level 1:colcon.colcon_core.package_identification:_identify(turtlebot3_simulations) by extension 'ignore_ament_install'
[1.467s] Level 1:colcon.colcon_core.package_identification:_identify(turtlebot3_simulations) by extensions ['colcon_pkg']
[1.467s] Level 1:colcon.colcon_core.package_identification:_identify(turtlebot3_simulations) by extension 'colcon_pkg'
[1.467s] Level 1:colcon.colcon_core.package_identification:_identify(turtlebot3_simulations) by extensions ['colcon_meta']
[1.467s] Level 1:colcon.colcon_core.package_identification:_identify(turtlebot3_simulations) by extension 'colcon_meta'
[1.467s] Level 1:colcon.colcon_core.package_identification:_identify(turtlebot3_simulations) by extensions ['ros']
[1.467s] Level 1:colcon.colcon_core.package_identification:_identify(turtlebot3_simulations) by extension 'ros'
[1.467s] Level 1:colcon.colcon_core.package_identification:_identify(turtlebot3_simulations) by extensions ['cmake', 'python']
[1.467s] Level 1:colcon.colcon_core.package_identification:_identify(turtlebot3_simulations) by extension 'cmake'
[1.467s] Level 1:colcon.colcon_core.package_identification:_identify(turtlebot3_simulations) by extension 'python'
[1.467s] Level 1:colcon.colcon_core.package_identification:_identify(turtlebot3_simulations) by extensions ['python_setup_py']
[1.467s] Level 1:colcon.colcon_core.package_identification:_identify(turtlebot3_simulations) by extension 'python_setup_py'
[1.467s] Level 1:colcon.colcon_core.package_identification:_identify(turtlebot3_simulations/turtlebot3_fake_node) by extensions ['ignore', 'ignore_ament_install']
[1.467s] Level 1:colcon.colcon_core.package_identification:_identify(turtlebot3_simulations/turtlebot3_fake_node) by extension 'ignore'
[1.467s] Level 1:colcon.colcon_core.package_identification:_identify(turtlebot3_simulations/turtlebot3_fake_node) by extension 'ignore_ament_install'
[1.467s] Level 1:colcon.colcon_core.package_identification:_identify(turtlebot3_simulations/turtlebot3_fake_node) by extensions ['colcon_pkg']
[1.467s] Level 1:colcon.colcon_core.package_identification:_identify(turtlebot3_simulations/turtlebot3_fake_node) by extension 'colcon_pkg'
[1.467s] Level 1:colcon.colcon_core.package_identification:_identify(turtlebot3_simulations/turtlebot3_fake_node) by extensions ['colcon_meta']
[1.467s] Level 1:colcon.colcon_core.package_identification:_identify(turtlebot3_simulations/turtlebot3_fake_node) by extension 'colcon_meta'
[1.467s] Level 1:colcon.colcon_core.package_identification:_identify(turtlebot3_simulations/turtlebot3_fake_node) by extensions ['ros']
[1.467s] Level 1:colcon.colcon_core.package_identification:_identify(turtlebot3_simulations/turtlebot3_fake_node) by extension 'ros'
[1.468s] DEBUG:colcon.colcon_core.package_identification:Package 'turtlebot3_simulations/turtlebot3_fake_node' with type 'ros.ament_cmake' and name 'turtlebot3_fake_node'
[1.468s] Level 1:colcon.colcon_core.package_identification:_identify(turtlebot3_simulations/turtlebot3_gazebo) by extensions ['ignore', 'ignore_ament_install']
[1.468s] Level 1:colcon.colcon_core.package_identification:_identify(turtlebot3_simulations/turtlebot3_gazebo) by extension 'ignore'
[1.468s] Level 1:colcon.colcon_core.package_identification:_identify(turtlebot3_simulations/turtlebot3_gazebo) by extension 'ignore_ament_install'
[1.468s] Level 1:colcon.colcon_core.package_identification:_identify(turtlebot3_simulations/turtlebot3_gazebo) by extensions ['colcon_pkg']
[1.468s] Level 1:colcon.colcon_core.package_identification:_identify(turtlebot3_simulations/turtlebot3_gazebo) by extension 'colcon_pkg'
[1.468s] Level 1:colcon.colcon_core.package_identification:_identify(turtlebot3_simulations/turtlebot3_gazebo) by extensions ['colcon_meta']
[1.468s] Level 1:colcon.colcon_core.package_identification:_identify(turtlebot3_simulations/turtlebot3_gazebo) by extension 'colcon_meta'
[1.468s] Level 1:colcon.colcon_core.package_identification:_identify(turtlebot3_simulations/turtlebot3_gazebo) by extensions ['ros']
[1.468s] Level 1:colcon.colcon_core.package_identification:_identify(turtlebot3_simulations/turtlebot3_gazebo) by extension 'ros'
[1.469s] DEBUG:colcon.colcon_core.package_identification:Package 'turtlebot3_simulations/turtlebot3_gazebo' with type 'ros.ament_cmake' and name 'turtlebot3_gazebo'
[1.469s] Level 1:colcon.colcon_core.package_identification:_identify(turtlebot3_simulations/turtlebot3_simulations) by extensions ['ignore', 'ignore_ament_install']
[1.469s] Level 1:colcon.colcon_core.package_identification:_identify(turtlebot3_simulations/turtlebot3_simulations) by extension 'ignore'
[1.469s] Level 1:colcon.colcon_core.package_identification:_identify(turtlebot3_simulations/turtlebot3_simulations) by extension 'ignore_ament_install'
[1.469s] Level 1:colcon.colcon_core.package_identification:_identify(turtlebot3_simulations/turtlebot3_simulations) by extensions ['colcon_pkg']
[1.469s] Level 1:colcon.colcon_core.package_identification:_identify(turtlebot3_simulations/turtlebot3_simulations) by extension 'colcon_pkg'
[1.469s] Level 1:colcon.colcon_core.package_identification:_identify(turtlebot3_simulations/turtlebot3_simulations) by extensions ['colcon_meta']
[1.469s] Level 1:colcon.colcon_core.package_identification:_identify(turtlebot3_simulations/turtlebot3_simulations) by extension 'colcon_meta'
[1.469s] Level 1:colcon.colcon_core.package_identification:_identify(turtlebot3_simulations/turtlebot3_simulations) by extensions ['ros']
[1.469s] Level 1:colcon.colcon_core.package_identification:_identify(turtlebot3_simulations/turtlebot3_simulations) by extension 'ros'
[1.469s] DEBUG:colcon.colcon_core.package_identification:Package 'turtlebot3_simulations/turtlebot3_simulations' with type 'ros.ament_cmake' and name 'turtlebot3_simulations'
[1.470s] Level 1:colcon.colcon_core.package_identification:_identify(wall_follower) by extensions ['ignore', 'ignore_ament_install']
[1.470s] Level 1:colcon.colcon_core.package_identification:_identify(wall_follower) by extension 'ignore'
[1.470s] Level 1:colcon.colcon_core.package_identification:_identify(wall_follower) by extension 'ignore_ament_install'
[1.470s] Level 1:colcon.colcon_core.package_identification:_identify(wall_follower) by extensions ['colcon_pkg']
[1.470s] Level 1:colcon.colcon_core.package_identification:_identify(wall_follower) by extension 'colcon_pkg'
[1.470s] Level 1:colcon.colcon_core.package_identification:_identify(wall_follower) by extensions ['colcon_meta']
[1.470s] Level 1:colcon.colcon_core.package_identification:_identify(wall_follower) by extension 'colcon_meta'
[1.470s] Level 1:colcon.colcon_core.package_identification:_identify(wall_follower) by extensions ['ros']
[1.470s] Level 1:colcon.colcon_core.package_identification:_identify(wall_follower) by extension 'ros'
[1.470s] DEBUG:colcon.colcon_core.package_identification:Package 'wall_follower' with type 'ros.ament_cmake' and name 'wall_follower'
[1.470s] Level 1:colcon.colcon_core.package_discovery:discover_packages(recursive) using defaults
[1.470s] Level 1:colcon.colcon_core.package_discovery:discover_packages(ignore) discover
[1.470s] Level 1:colcon.colcon_core.package_discovery:discover_packages(ignore) using defaults
[1.470s] Level 1:colcon.colcon_core.package_discovery:discover_packages(path) discover
[1.470s] Level 1:colcon.colcon_core.package_discovery:discover_packages(path) using defaults
[1.491s] WARNING:colcon.colcon_core.package_selection:ignoring unknown package 'wall_follower/' in --packages-select
[1.546s] INFO:colcon.colcon_core.package_selection:Skipping not selected package 'cv_basics' in 'cv_basics'
[1.547s] INFO:colcon.colcon_core.package_selection:Skipping not selected package 'my_package' in 'my_package'
[1.547s] INFO:colcon.colcon_core.package_selection:Skipping not selected package 'scan_distance' in 'scan_distance'
[1.547s] INFO:colcon.colcon_core.package_selection:Skipping not selected package 'turtlebot3_fake_node' in 'turtlebot3_simulations/turtlebot3_fake_node'
[1.547s] INFO:colcon.colcon_core.package_selection:Skipping not selected package 'turtlebot3_gazebo' in 'turtlebot3_simulations/turtlebot3_gazebo'
[1.547s] INFO:colcon.colcon_core.package_selection:Skipping not selected package 'wall_follower' in 'wall_follower'
[1.547s] INFO:colcon.colcon_core.package_selection:Skipping not selected package 'turtlebot3_simulations' in 'turtlebot3_simulations/turtlebot3_simulations'
[1.606s] Level 1:colcon.colcon_core.package_discovery:discover_packages(prefix_path) check parameters
[1.606s] Level 1:colcon.colcon_core.package_discovery:discover_packages(prefix_path) discover
[1.658s] DEBUG:colcon.colcon_installed_package_information.package_discovery:Found 6 installed packages in /home/rsa/colcon_ws/install
[1.685s] DEBUG:colcon.colcon_installed_package_information.package_discovery:Found 334 installed packages in /opt/ros/foxy
[1.686s] Level 1:colcon.colcon_core.package_discovery:discover_packages(prefix_path) using defaults
[1.785s] INFO:colcon.colcon_core.executor:Executing jobs using 'parallel' executor
[1.807s] DEBUG:colcon.colcon_parallel_executor.executor.parallel:run_until_complete
[1.807s] DEBUG:colcon.colcon_parallel_executor.executor.parallel:closing loop
[1.808s] DEBUG:colcon.colcon_parallel_executor.executor.parallel:loop closed
[1.808s] DEBUG:colcon.colcon_parallel_executor.executor.parallel:run_until_complete finished with '0'
[1.808s] DEBUG:colcon.colcon_core.event_reactor:joining thread
[1.838s] INFO:colcon.colcon_core.plugin_system:Skipping extension 'colcon_notification.desktop_notification.terminal_notifier': Not used on non-Darwin systems
[1.838s] INFO:colcon.colcon_core.plugin_system:Skipping extension 'colcon_notification.desktop_notification.win32': Not used on non-Windows systems
[1.838s] INFO:colcon.colcon_notification.desktop_notification:Sending desktop notification using 'notify2'
[1.846s] DEBUG:colcon.colcon_core.event_reactor:joined thread
[1.884s] INFO:colcon.colcon_core.plugin_system:Skipping extension 'colcon_core.shell.bat': Not used on non-Windows systems
[1.884s] INFO:colcon.colcon_core.shell:Creating prefix script '/home/rsa/colcon_ws/src/install/local_setup.ps1'
[1.885s] INFO:colcon.colcon_core.shell:Creating prefix util module '/home/rsa/colcon_ws/src/install/_local_setup_util_ps1.py'
[1.886s] INFO:colcon.colcon_core.shell:Creating prefix chain script '/home/rsa/colcon_ws/src/install/setup.ps1'
[1.923s] INFO:colcon.colcon_core.shell:Creating prefix script '/home/rsa/colcon_ws/src/install/local_setup.sh'
[1.924s] INFO:colcon.colcon_core.shell:Creating prefix util module '/home/rsa/colcon_ws/src/install/_local_setup_util_sh.py'
[1.924s] INFO:colcon.colcon_core.shell:Creating prefix chain script '/home/rsa/colcon_ws/src/install/setup.sh'
[1.969s] INFO:colcon.colcon_core.shell:Creating prefix script '/home/rsa/colcon_ws/src/install/local_setup.bash'
[1.969s] INFO:colcon.colcon_core.shell:Creating prefix chain script '/home/rsa/colcon_ws/src/install/setup.bash'
[2.004s] INFO:colcon.colcon_core.shell:Creating prefix script '/home/rsa/colcon_ws/src/install/local_setup.zsh'
[2.004s] INFO:colcon.colcon_core.shell:Creating prefix chain script '/home/rsa/colcon_ws/src/install/setup.zsh'
