[0.331s] Invoking command in '/home/rsa/colcon_ws/build/wall_follower': CMAKE_PREFIX_PATH=${CMAKE_PREFIX_PATH}:/home/rsa/colcon_ws/install/cv_basics:/opt/ros/foxy /usr/bin/cmake --build /home/rsa/colcon_ws/build/wall_follower -- -j16 -l16
[0.381s] [35m[1mScanning dependencies of target wall_follower[0m
[0.423s] [ 50%] [32mBuilding CXX object CMakeFiles/wall_follower.dir/src/wall_follower.cpp.o[0m
[9.629s] [100%] [32m[1mLinking CXX executable wall_follower[0m
[10.104s] [100%] Built target wall_follower
[10.122s] Invoked command in '/home/rsa/colcon_ws/build/wall_follower' returned '0': CMAKE_PREFIX_PATH=${CMAKE_PREFIX_PATH}:/home/rsa/colcon_ws/install/cv_basics:/opt/ros/foxy /usr/bin/cmake --build /home/rsa/colcon_ws/build/wall_follower -- -j16 -l16
[10.157s] Invoking command in '/home/rsa/colcon_ws/build/wall_follower': CMAKE_PREFIX_PATH=${CMAKE_PREFIX_PATH}:/home/rsa/colcon_ws/install/cv_basics:/opt/ros/foxy /usr/bin/cmake --install /home/rsa/colcon_ws/build/wall_follower
[10.168s] -- Install configuration: ""
[10.168s] -- Execute custom install script
[10.169s] -- Up-to-date symlink: /home/rsa/colcon_ws/install/wall_follower/lib/wall_follower/wall_follower
[10.169s] -- Up-to-date symlink: /home/rsa/colcon_ws/install/wall_follower/include//wall_follower/wall_follower.hpp
[10.174s] -- Up-to-date symlink: /home/rsa/colcon_ws/install/wall_follower/share/ament_index/resource_index/package_run_dependencies/wall_follower
[10.174s] -- Up-to-date symlink: /home/rsa/colcon_ws/install/wall_follower/share/ament_index/resource_index/parent_prefix_path/wall_follower
[10.174s] -- Up-to-date symlink: /home/rsa/colcon_ws/install/wall_follower/share/wall_follower/environment/ament_prefix_path.sh
[10.174s] -- Up-to-date symlink: /home/rsa/colcon_ws/install/wall_follower/share/wall_follower/environment/ament_prefix_path.dsv
[10.174s] -- Up-to-date symlink: /home/rsa/colcon_ws/install/wall_follower/share/wall_follower/environment/path.sh
[10.175s] -- Up-to-date symlink: /home/rsa/colcon_ws/install/wall_follower/share/wall_follower/environment/path.dsv
[10.176s] -- Up-to-date symlink: /home/rsa/colcon_ws/install/wall_follower/share/wall_follower/local_setup.bash
[10.177s] -- Up-to-date symlink: /home/rsa/colcon_ws/install/wall_follower/share/wall_follower/local_setup.sh
[10.177s] -- Up-to-date symlink: /home/rsa/colcon_ws/install/wall_follower/share/wall_follower/local_setup.zsh
[10.177s] -- Up-to-date symlink: /home/rsa/colcon_ws/install/wall_follower/share/wall_follower/local_setup.dsv
[10.177s] -- Symlinking: /home/rsa/colcon_ws/install/wall_follower/share/wall_follower/package.dsv
[10.188s] -- Up-to-date symlink: /home/rsa/colcon_ws/install/wall_follower/share/ament_index/resource_index/packages/wall_follower
[10.188s] -- Up-to-date symlink: /home/rsa/colcon_ws/install/wall_follower/share/wall_follower/cmake/ament_cmake_export_include_directories-extras.cmake
[10.188s] -- Up-to-date symlink: /home/rsa/colcon_ws/install/wall_follower/share/wall_follower/cmake/ament_cmake_export_dependencies-extras.cmake
[10.189s] -- Up-to-date symlink: /home/rsa/colcon_ws/install/wall_follower/share/wall_follower/cmake/wall_followerConfig.cmake
[10.189s] -- Up-to-date symlink: /home/rsa/colcon_ws/install/wall_follower/share/wall_follower/cmake/wall_followerConfig-version.cmake
[10.192s] -- Up-to-date symlink: /home/rsa/colcon_ws/install/wall_follower/share/wall_follower/package.xml
[10.195s] Invoked command in '/home/rsa/colcon_ws/build/wall_follower' returned '0': CMAKE_PREFIX_PATH=${CMAKE_PREFIX_PATH}:/home/rsa/colcon_ws/install/cv_basics:/opt/ros/foxy /usr/bin/cmake --install /home/rsa/colcon_ws/build/wall_follower
