[0.295s] Invoking command in '/home/rsa/colcon_ws/build/wall_follower': CMAKE_PREFIX_PATH=${CMAKE_PREFIX_PATH}:/home/rsa/colcon_ws/install/cv_basics:/opt/ros/foxy /usr/bin/cmake --build /home/rsa/colcon_ws/build/wall_follower -- -j16 -l16
[0.339s] [35m[1mScanning dependencies of target wall_follower[0m
[0.380s] [ 50%] [32mBuilding CXX object CMakeFiles/wall_follower.dir/src/wall_follower.cpp.o[0m
[8.460s] [100%] [32m[1mLinking CXX executable wall_follower[0m
[8.826s] [100%] Built target wall_follower
[8.839s] Invoked command in '/home/rsa/colcon_ws/build/wall_follower' returned '0': CMAKE_PREFIX_PATH=${CMAKE_PREFIX_PATH}:/home/rsa/colcon_ws/install/cv_basics:/opt/ros/foxy /usr/bin/cmake --build /home/rsa/colcon_ws/build/wall_follower -- -j16 -l16
[8.869s] Invoking command in '/home/rsa/colcon_ws/build/wall_follower': CMAKE_PREFIX_PATH=${CMAKE_PREFIX_PATH}:/home/rsa/colcon_ws/install/cv_basics:/opt/ros/foxy /usr/bin/cmake --install /home/rsa/colcon_ws/build/wall_follower
[8.877s] -- Install configuration: ""
[8.878s] -- Execute custom install script
[8.878s] -- Up-to-date symlink: /home/rsa/colcon_ws/install/wall_follower/lib/wall_follower/wall_follower
[8.879s] -- Up-to-date symlink: /home/rsa/colcon_ws/install/wall_follower/include//wall_follower/wall_follower.hpp
[8.879s] -- Up-to-date symlink: /home/rsa/colcon_ws/install/wall_follower/share/ament_index/resource_index/package_run_dependencies/wall_follower
[8.880s] -- Up-to-date symlink: /home/rsa/colcon_ws/install/wall_follower/share/ament_index/resource_index/parent_prefix_path/wall_follower
[8.880s] -- Up-to-date symlink: /home/rsa/colcon_ws/install/wall_follower/share/wall_follower/environment/ament_prefix_path.sh
[8.880s] -- Up-to-date symlink: /home/rsa/colcon_ws/install/wall_follower/share/wall_follower/environment/ament_prefix_path.dsv
[8.881s] -- Up-to-date symlink: /home/rsa/colcon_ws/install/wall_follower/share/wall_follower/environment/path.sh
[8.881s] -- Up-to-date symlink: /home/rsa/colcon_ws/install/wall_follower/share/wall_follower/environment/path.dsv
[8.881s] -- Up-to-date symlink: /home/rsa/colcon_ws/install/wall_follower/share/wall_follower/local_setup.bash
[8.882s] -- Up-to-date symlink: /home/rsa/colcon_ws/install/wall_follower/share/wall_follower/local_setup.sh
[8.882s] -- Up-to-date symlink: /home/rsa/colcon_ws/install/wall_follower/share/wall_follower/local_setup.zsh
[8.882s] -- Up-to-date symlink: /home/rsa/colcon_ws/install/wall_follower/share/wall_follower/local_setup.dsv
[8.887s] -- Symlinking: /home/rsa/colcon_ws/install/wall_follower/share/wall_follower/package.dsv
[8.899s] -- Up-to-date symlink: /home/rsa/colcon_ws/install/wall_follower/share/ament_index/resource_index/packages/wall_follower
[8.900s] -- Up-to-date symlink: /home/rsa/colcon_ws/install/wall_follower/share/wall_follower/cmake/ament_cmake_export_include_directories-extras.cmake
[8.900s] -- Up-to-date symlink: /home/rsa/colcon_ws/install/wall_follower/share/wall_follower/cmake/ament_cmake_export_dependencies-extras.cmake
[8.900s] -- Up-to-date symlink: /home/rsa/colcon_ws/install/wall_follower/share/wall_follower/cmake/wall_followerConfig.cmake
[8.900s] -- Up-to-date symlink: /home/rsa/colcon_ws/install/wall_follower/share/wall_follower/cmake/wall_followerConfig-version.cmake
[8.900s] -- Up-to-date symlink: /home/rsa/colcon_ws/install/wall_follower/share/wall_follower/package.xml
[8.907s] Invoked command in '/home/rsa/colcon_ws/build/wall_follower' returned '0': CMAKE_PREFIX_PATH=${CMAKE_PREFIX_PATH}:/home/rsa/colcon_ws/install/cv_basics:/opt/ros/foxy /usr/bin/cmake --install /home/rsa/colcon_ws/build/wall_follower
