[0.027s] Invoking command in '/home/rsa/colcon_ws/build/wall_follower': CMAKE_PREFIX_PATH=${CMAKE_PREFIX_PATH}:/opt/ros/foxy /usr/bin/cmake /home/rsa/colcon_ws/src/wall_follower -DCMAKE_INSTALL_PREFIX=/home/rsa/colcon_ws/install/wall_follower
[0.224s] -- The C compiler identification is GNU 9.4.0
[0.466s] -- The CXX compiler identification is GNU 9.4.0
[0.472s] -- Check for working C compiler: /usr/bin/cc
[0.564s] -- Check for working C compiler: /usr/bin/cc -- works
[0.570s] -- Detecting C compiler ABI info
[0.660s] -- Detecting C compiler ABI info - done
[0.678s] -- Detecting C compile features
[0.679s] -- Detecting C compile features - done
[0.681s] -- Check for working CXX compiler: /usr/bin/c++
[0.786s] -- Check for working CXX compiler: /usr/bin/c++ -- works
[0.788s] -- Detecting CXX compiler ABI info
[0.893s] -- Detecting CXX compiler ABI info - done
[0.905s] -- Detecting CXX compile features
[0.905s] -- Detecting CXX compile features - done
[0.913s] -- Found ament_cmake: 0.9.9 (/opt/ros/foxy/share/ament_cmake/cmake)
[0.938s] -- Found PythonInterp: /usr/bin/python3 (found suitable version "3.8.10", minimum required is "3") 
[0.938s] -- Using PYTHON_EXECUTABLE: /usr/bin/python3
[1.127s] -- Found geometry_msgs: 2.0.5 (/opt/ros/foxy/share/geometry_msgs/cmake)
[1.161s] -- Using all available rosidl_typesupport_c: rosidl_typesupport_fastrtps_c;rosidl_typesupport_introspection_c
[1.171s] -- Found rosidl_adapter: 1.2.1 (/opt/ros/foxy/share/rosidl_adapter/cmake)
[1.277s] -- Found OpenSSL: /usr/lib/x86_64-linux-gnu/libcrypto.so (found version "1.1.1f")  
[1.310s] -- Found FastRTPS: /opt/ros/foxy/include  
[1.410s] -- Using all available rosidl_typesupport_cpp: rosidl_typesupport_fastrtps_cpp;rosidl_typesupport_introspection_cpp
[1.503s] -- Found nav_msgs: 2.0.5 (/opt/ros/foxy/share/nav_msgs/cmake)
[1.576s] -- Found rclcpp: 2.4.1 (/opt/ros/foxy/share/rclcpp/cmake)
[1.625s] -- Found rmw_implementation_cmake: 1.0.3 (/opt/ros/foxy/share/rmw_implementation_cmake/cmake)
[1.627s] -- Using RMW implementation 'rmw_fastrtps_cpp' as default
[1.628s] -- Looking for pthread.h
[1.758s] -- Looking for pthread.h - found
[1.758s] -- Performing Test CMAKE_HAVE_LIBC_PTHREAD
[1.870s] -- Performing Test CMAKE_HAVE_LIBC_PTHREAD - Failed
[1.870s] -- Looking for pthread_create in pthreads
[1.945s] -- Looking for pthread_create in pthreads - not found
[1.945s] -- Looking for pthread_create in pthread
[2.019s] -- Looking for pthread_create in pthread - found
[2.020s] -- Found Threads: TRUE  
[2.176s] -- Found sensor_msgs: 2.0.5 (/opt/ros/foxy/share/sensor_msgs/cmake)
[2.272s] -- Found tf2: 0.13.13 (/opt/ros/foxy/share/tf2/cmake)
[2.347s] -- Configuring done
[2.356s] -- Generating done
[2.358s] -- Build files have been written to: /home/rsa/colcon_ws/build/wall_follower
[2.376s] Invoked command in '/home/rsa/colcon_ws/build/wall_follower' returned '0': CMAKE_PREFIX_PATH=${CMAKE_PREFIX_PATH}:/opt/ros/foxy /usr/bin/cmake /home/rsa/colcon_ws/src/wall_follower -DCMAKE_INSTALL_PREFIX=/home/rsa/colcon_ws/install/wall_follower
[2.379s] Invoking command in '/home/rsa/colcon_ws/build/wall_follower': CMAKE_PREFIX_PATH=${CMAKE_PREFIX_PATH}:/opt/ros/foxy /usr/bin/cmake --build /home/rsa/colcon_ws/build/wall_follower -- -j8 -l8
[2.422s] [35m[1mScanning dependencies of target wall_follower[0m
[2.598s] [ 50%] [32mBuilding CXX object CMakeFiles/wall_follower.dir/src/wall_follower.cpp.o[0m
[9.751s] [100%] [32m[1mLinking CXX executable wall_follower[0m
[10.108s] [100%] Built target wall_follower
[10.123s] Invoked command in '/home/rsa/colcon_ws/build/wall_follower' returned '0': CMAKE_PREFIX_PATH=${CMAKE_PREFIX_PATH}:/opt/ros/foxy /usr/bin/cmake --build /home/rsa/colcon_ws/build/wall_follower -- -j8 -l8
[10.153s] Invoking command in '/home/rsa/colcon_ws/build/wall_follower': CMAKE_PREFIX_PATH=${CMAKE_PREFIX_PATH}:/opt/ros/foxy /usr/bin/cmake --install /home/rsa/colcon_ws/build/wall_follower
[10.161s] -- Install configuration: ""
[10.161s] -- Installing: /home/rsa/colcon_ws/install/wall_follower/lib/wall_follower/wall_follower
[10.163s] -- Set runtime path of "/home/rsa/colcon_ws/install/wall_follower/lib/wall_follower/wall_follower" to ""
[10.163s] -- Installing: /home/rsa/colcon_ws/install/wall_follower/share/wall_follower//launch
[10.164s] -- Installing: /home/rsa/colcon_ws/install/wall_follower/include/
[10.164s] -- Installing: /home/rsa/colcon_ws/install/wall_follower/include//wall_follower
[10.164s] -- Installing: /home/rsa/colcon_ws/install/wall_follower/include//wall_follower/wall_follower.hpp
[10.164s] -- Installing: /home/rsa/colcon_ws/install/wall_follower/share/ament_index/resource_index/package_run_dependencies/wall_follower
[10.164s] -- Installing: /home/rsa/colcon_ws/install/wall_follower/share/ament_index/resource_index/parent_prefix_path/wall_follower
[10.164s] -- Installing: /home/rsa/colcon_ws/install/wall_follower/share/wall_follower/environment/ament_prefix_path.sh
[10.164s] -- Installing: /home/rsa/colcon_ws/install/wall_follower/share/wall_follower/environment/ament_prefix_path.dsv
[10.164s] -- Installing: /home/rsa/colcon_ws/install/wall_follower/share/wall_follower/environment/path.sh
[10.164s] -- Installing: /home/rsa/colcon_ws/install/wall_follower/share/wall_follower/environment/path.dsv
[10.165s] -- Installing: /home/rsa/colcon_ws/install/wall_follower/share/wall_follower/local_setup.bash
[10.165s] -- Installing: /home/rsa/colcon_ws/install/wall_follower/share/wall_follower/local_setup.sh
[10.165s] -- Installing: /home/rsa/colcon_ws/install/wall_follower/share/wall_follower/local_setup.zsh
[10.165s] -- Installing: /home/rsa/colcon_ws/install/wall_follower/share/wall_follower/local_setup.dsv
[10.165s] -- Installing: /home/rsa/colcon_ws/install/wall_follower/share/wall_follower/package.dsv
[10.165s] -- Installing: /home/rsa/colcon_ws/install/wall_follower/share/ament_index/resource_index/packages/wall_follower
[10.165s] -- Installing: /home/rsa/colcon_ws/install/wall_follower/share/wall_follower/cmake/ament_cmake_export_include_directories-extras.cmake
[10.166s] -- Installing: /home/rsa/colcon_ws/install/wall_follower/share/wall_follower/cmake/ament_cmake_export_dependencies-extras.cmake
[10.166s] -- Installing: /home/rsa/colcon_ws/install/wall_follower/share/wall_follower/cmake/wall_followerConfig.cmake
[10.166s] -- Installing: /home/rsa/colcon_ws/install/wall_follower/share/wall_follower/cmake/wall_followerConfig-version.cmake
[10.166s] -- Installing: /home/rsa/colcon_ws/install/wall_follower/share/wall_follower/package.xml
[10.172s] Invoked command in '/home/rsa/colcon_ws/build/wall_follower' returned '0': CMAKE_PREFIX_PATH=${CMAKE_PREFIX_PATH}:/opt/ros/foxy /usr/bin/cmake --install /home/rsa/colcon_ws/build/wall_follower
