[0.234s] Invoking command in '/home/rsa/colcon_ws/build/learning_tf2_cpp': CMAKE_PREFIX_PATH=${CMAKE_PREFIX_PATH}:/home/rsa/colcon_ws/install/cv_basics:/opt/ros/foxy /usr/bin/cmake --build /home/rsa/colcon_ws/build/learning_tf2_cpp -- -j16 -l16
[0.306s] [100%] Built target static_turtle_tf2_broadcaster
[0.341s] Invoked command in '/home/rsa/colcon_ws/build/learning_tf2_cpp' returned '0': CMAKE_PREFIX_PATH=${CMAKE_PREFIX_PATH}:/home/rsa/colcon_ws/install/cv_basics:/opt/ros/foxy /usr/bin/cmake --build /home/rsa/colcon_ws/build/learning_tf2_cpp -- -j16 -l16
[0.391s] Invoking command in '/home/rsa/colcon_ws/build/learning_tf2_cpp': CMAKE_PREFIX_PATH=${CMAKE_PREFIX_PATH}:/home/rsa/colcon_ws/install/cv_basics:/opt/ros/foxy /usr/bin/cmake --install /home/rsa/colcon_ws/build/learning_tf2_cpp
[0.402s] -- Install configuration: ""
[0.403s] -- Execute custom install script
[0.403s] -- Up-to-date symlink: /home/rsa/colcon_ws/install/learning_tf2_cpp/lib/learning_tf2_cpp/static_turtle_tf2_broadcaster
[0.404s] -- Up-to-date symlink: /home/rsa/colcon_ws/install/learning_tf2_cpp/share/ament_index/resource_index/package_run_dependencies/learning_tf2_cpp
[0.406s] -- Up-to-date symlink: /home/rsa/colcon_ws/install/learning_tf2_cpp/share/ament_index/resource_index/parent_prefix_path/learning_tf2_cpp
[0.406s] -- Up-to-date symlink: /home/rsa/colcon_ws/install/learning_tf2_cpp/share/learning_tf2_cpp/environment/ament_prefix_path.sh
[0.406s] -- Up-to-date symlink: /home/rsa/colcon_ws/install/learning_tf2_cpp/share/learning_tf2_cpp/environment/ament_prefix_path.dsv
[0.406s] -- Up-to-date symlink: /home/rsa/colcon_ws/install/learning_tf2_cpp/share/learning_tf2_cpp/environment/path.sh
[0.407s] -- Up-to-date symlink: /home/rsa/colcon_ws/install/learning_tf2_cpp/share/learning_tf2_cpp/environment/path.dsv
[0.407s] -- Up-to-date symlink: /home/rsa/colcon_ws/install/learning_tf2_cpp/share/learning_tf2_cpp/local_setup.bash
[0.407s] -- Up-to-date symlink: /home/rsa/colcon_ws/install/learning_tf2_cpp/share/learning_tf2_cpp/local_setup.sh
[0.407s] -- Up-to-date symlink: /home/rsa/colcon_ws/install/learning_tf2_cpp/share/learning_tf2_cpp/local_setup.zsh
[0.407s] -- Up-to-date symlink: /home/rsa/colcon_ws/install/learning_tf2_cpp/share/learning_tf2_cpp/local_setup.dsv
[0.408s] -- Symlinking: /home/rsa/colcon_ws/install/learning_tf2_cpp/share/learning_tf2_cpp/package.dsv
[0.419s] -- Up-to-date symlink: /home/rsa/colcon_ws/install/learning_tf2_cpp/share/ament_index/resource_index/packages/learning_tf2_cpp
[0.419s] -- Up-to-date symlink: /home/rsa/colcon_ws/install/learning_tf2_cpp/share/learning_tf2_cpp/cmake/learning_tf2_cppConfig.cmake
[0.419s] -- Up-to-date symlink: /home/rsa/colcon_ws/install/learning_tf2_cpp/share/learning_tf2_cpp/cmake/learning_tf2_cppConfig-version.cmake
[0.419s] -- Up-to-date symlink: /home/rsa/colcon_ws/install/learning_tf2_cpp/share/learning_tf2_cpp/package.xml
[0.435s] Invoked command in '/home/rsa/colcon_ws/build/learning_tf2_cpp' returned '0': CMAKE_PREFIX_PATH=${CMAKE_PREFIX_PATH}:/home/rsa/colcon_ws/install/cv_basics:/opt/ros/foxy /usr/bin/cmake --install /home/rsa/colcon_ws/build/learning_tf2_cpp
