[1.366s] DEBUG:colcon:Command line arguments: ['/bin/colcon', 'build', '--symlink-install']
[1.366s] DEBUG:colcon:Parsed command line arguments: Namespace(allow_overriding=[], ament_cmake_args=None, base_paths=['.'], build_base='build', catkin_cmake_args=None, catkin_skip_building_tests=False, cmake_args=None, cmake_clean_cache=False, cmake_clean_first=False, cmake_force_configure=False, cmake_target=None, cmake_target_skip_unavailable=False, continue_on_error=False, event_handlers=None, executor='parallel', ignore_user_meta=False, install_base='install', log_base=None, log_level=None, main=<bound method BuildVerb.main of <colcon_core.verb.build.BuildVerb object at 0x7f9d71937be0>>, merge_install=False, metas=['./colcon.meta'], packages_above=None, packages_above_and_dependencies=None, packages_above_depth=None, packages_end=None, packages_ignore=None, packages_ignore_regex=None, packages_select=None, packages_select_build_failed=False, packages_select_by_dep=None, packages_select_regex=None, packages_select_test_failures=False, packages_skip=None, packages_skip_build_finished=False, packages_skip_by_dep=None, packages_skip_regex=None, packages_skip_test_passed=False, packages_skip_up_to=None, packages_start=None, packages_up_to=None, packages_up_to_regex=None, parallel_workers=8, paths=None, symlink_install=True, test_result_base=None, verb_extension=<colcon_core.verb.build.BuildVerb object at 0x7f9d71937be0>, verb_name='build', verb_parser=<colcon_defaults.argument_parser.defaults.DefaultArgumentsDecorator object at 0x7f9d718c1160>)
[1.429s] Level 1:colcon.colcon_core.package_discovery:discover_packages(colcon_meta) check parameters
[1.429s] Level 1:colcon.colcon_core.package_discovery:discover_packages(recursive) check parameters
[1.429s] Level 1:colcon.colcon_core.package_discovery:discover_packages(ignore) check parameters
[1.429s] Level 1:colcon.colcon_core.package_discovery:discover_packages(path) check parameters
[1.429s] Level 1:colcon.colcon_core.package_discovery:discover_packages(colcon_meta) discover
[1.429s] Level 1:colcon.colcon_core.package_discovery:discover_packages(recursive) discover
[1.429s] INFO:colcon.colcon_core.package_discovery:Crawling recursively for packages in '/home/alan/colcon_ws'
[1.430s] Level 1:colcon.colcon_core.package_identification:_identify(.) by extensions ['ignore', 'ignore_ament_install']
[1.430s] Level 1:colcon.colcon_core.package_identification:_identify(.) by extension 'ignore'
[1.430s] Level 1:colcon.colcon_core.package_identification:_identify(.) by extension 'ignore_ament_install'
[1.430s] Level 1:colcon.colcon_core.package_identification:_identify(.) by extensions ['colcon_pkg']
[1.430s] Level 1:colcon.colcon_core.package_identification:_identify(.) by extension 'colcon_pkg'
[1.430s] Level 1:colcon.colcon_core.package_identification:_identify(.) by extensions ['colcon_meta']
[1.430s] Level 1:colcon.colcon_core.package_identification:_identify(.) by extension 'colcon_meta'
[1.430s] Level 1:colcon.colcon_core.package_identification:_identify(.) by extensions ['ros']
[1.430s] Level 1:colcon.colcon_core.package_identification:_identify(.) by extension 'ros'
[1.439s] Level 1:colcon.colcon_core.package_identification:_identify(.) by extensions ['cmake', 'python']
[1.439s] Level 1:colcon.colcon_core.package_identification:_identify(.) by extension 'cmake'
[1.439s] Level 1:colcon.colcon_core.package_identification:_identify(.) by extension 'python'
[1.439s] Level 1:colcon.colcon_core.package_identification:_identify(.) by extensions ['python_setup_py']
[1.439s] Level 1:colcon.colcon_core.package_identification:_identify(.) by extension 'python_setup_py'
[1.439s] Level 1:colcon.colcon_core.package_identification:_identify(build) by extensions ['ignore', 'ignore_ament_install']
[1.439s] Level 1:colcon.colcon_core.package_identification:_identify(build) by extension 'ignore'
[1.439s] Level 1:colcon.colcon_core.package_identification:_identify(build) ignored
[1.439s] Level 1:colcon.colcon_core.package_identification:_identify(install) by extensions ['ignore', 'ignore_ament_install']
[1.439s] Level 1:colcon.colcon_core.package_identification:_identify(install) by extension 'ignore'
[1.439s] Level 1:colcon.colcon_core.package_identification:_identify(install) ignored
[1.439s] Level 1:colcon.colcon_core.package_identification:_identify(log) by extensions ['ignore', 'ignore_ament_install']
[1.439s] Level 1:colcon.colcon_core.package_identification:_identify(log) by extension 'ignore'
[1.439s] Level 1:colcon.colcon_core.package_identification:_identify(log) ignored
[1.439s] Level 1:colcon.colcon_core.package_identification:_identify(src) by extensions ['ignore', 'ignore_ament_install']
[1.439s] Level 1:colcon.colcon_core.package_identification:_identify(src) by extension 'ignore'
[1.440s] Level 1:colcon.colcon_core.package_identification:_identify(src) by extension 'ignore_ament_install'
[1.440s] Level 1:colcon.colcon_core.package_identification:_identify(src) by extensions ['colcon_pkg']
[1.440s] Level 1:colcon.colcon_core.package_identification:_identify(src) by extension 'colcon_pkg'
[1.440s] Level 1:colcon.colcon_core.package_identification:_identify(src) by extensions ['colcon_meta']
[1.440s] Level 1:colcon.colcon_core.package_identification:_identify(src) by extension 'colcon_meta'
[1.440s] Level 1:colcon.colcon_core.package_identification:_identify(src) by extensions ['ros']
[1.440s] Level 1:colcon.colcon_core.package_identification:_identify(src) by extension 'ros'
[1.440s] Level 1:colcon.colcon_core.package_identification:_identify(src) by extensions ['cmake', 'python']
[1.440s] Level 1:colcon.colcon_core.package_identification:_identify(src) by extension 'cmake'
[1.440s] Level 1:colcon.colcon_core.package_identification:_identify(src) by extension 'python'
[1.440s] Level 1:colcon.colcon_core.package_identification:_identify(src) by extensions ['python_setup_py']
[1.440s] Level 1:colcon.colcon_core.package_identification:_identify(src) by extension 'python_setup_py'
[1.440s] Level 1:colcon.colcon_core.package_identification:_identify(src/cv_basics) by extensions ['ignore', 'ignore_ament_install']
[1.440s] Level 1:colcon.colcon_core.package_identification:_identify(src/cv_basics) by extension 'ignore'
[1.441s] Level 1:colcon.colcon_core.package_identification:_identify(src/cv_basics) by extension 'ignore_ament_install'
[1.441s] Level 1:colcon.colcon_core.package_identification:_identify(src/cv_basics) by extensions ['colcon_pkg']
[1.441s] Level 1:colcon.colcon_core.package_identification:_identify(src/cv_basics) by extension 'colcon_pkg'
[1.441s] Level 1:colcon.colcon_core.package_identification:_identify(src/cv_basics) by extensions ['colcon_meta']
[1.441s] Level 1:colcon.colcon_core.package_identification:_identify(src/cv_basics) by extension 'colcon_meta'
[1.441s] Level 1:colcon.colcon_core.package_identification:_identify(src/cv_basics) by extensions ['ros']
[1.441s] Level 1:colcon.colcon_core.package_identification:_identify(src/cv_basics) by extension 'ros'
[1.444s] DEBUG:colcon.colcon_core.package_identification:Package 'src/cv_basics' with type 'ros.ament_python' and name 'cv_basics'
[1.444s] Level 1:colcon.colcon_core.package_identification:_identify(src/turtlebot3_simulations) by extensions ['ignore', 'ignore_ament_install']
[1.444s] Level 1:colcon.colcon_core.package_identification:_identify(src/turtlebot3_simulations) by extension 'ignore'
[1.444s] Level 1:colcon.colcon_core.package_identification:_identify(src/turtlebot3_simulations) by extension 'ignore_ament_install'
[1.444s] Level 1:colcon.colcon_core.package_identification:_identify(src/turtlebot3_simulations) by extensions ['colcon_pkg']
[1.444s] Level 1:colcon.colcon_core.package_identification:_identify(src/turtlebot3_simulations) by extension 'colcon_pkg'
[1.444s] Level 1:colcon.colcon_core.package_identification:_identify(src/turtlebot3_simulations) by extensions ['colcon_meta']
[1.444s] Level 1:colcon.colcon_core.package_identification:_identify(src/turtlebot3_simulations) by extension 'colcon_meta'
[1.444s] Level 1:colcon.colcon_core.package_identification:_identify(src/turtlebot3_simulations) by extensions ['ros']
[1.444s] Level 1:colcon.colcon_core.package_identification:_identify(src/turtlebot3_simulations) by extension 'ros'
[1.444s] Level 1:colcon.colcon_core.package_identification:_identify(src/turtlebot3_simulations) by extensions ['cmake', 'python']
[1.444s] Level 1:colcon.colcon_core.package_identification:_identify(src/turtlebot3_simulations) by extension 'cmake'
[1.444s] Level 1:colcon.colcon_core.package_identification:_identify(src/turtlebot3_simulations) by extension 'python'
[1.445s] Level 1:colcon.colcon_core.package_identification:_identify(src/turtlebot3_simulations) by extensions ['python_setup_py']
[1.445s] Level 1:colcon.colcon_core.package_identification:_identify(src/turtlebot3_simulations) by extension 'python_setup_py'
[1.445s] Level 1:colcon.colcon_core.package_identification:_identify(src/wall_follower) by extensions ['ignore', 'ignore_ament_install']
[1.445s] Level 1:colcon.colcon_core.package_identification:_identify(src/wall_follower) by extension 'ignore'
[1.445s] Level 1:colcon.colcon_core.package_identification:_identify(src/wall_follower) by extension 'ignore_ament_install'
[1.445s] Level 1:colcon.colcon_core.package_identification:_identify(src/wall_follower) by extensions ['colcon_pkg']
[1.445s] Level 1:colcon.colcon_core.package_identification:_identify(src/wall_follower) by extension 'colcon_pkg'
[1.445s] Level 1:colcon.colcon_core.package_identification:_identify(src/wall_follower) by extensions ['colcon_meta']
[1.445s] Level 1:colcon.colcon_core.package_identification:_identify(src/wall_follower) by extension 'colcon_meta'
[1.445s] Level 1:colcon.colcon_core.package_identification:_identify(src/wall_follower) by extensions ['ros']
[1.445s] Level 1:colcon.colcon_core.package_identification:_identify(src/wall_follower) by extension 'ros'
[1.446s] DEBUG:colcon.colcon_core.package_identification:Package 'src/wall_follower' with type 'ros.ament_cmake' and name 'wall_follower'
[1.446s] Level 1:colcon.colcon_core.package_discovery:discover_packages(recursive) using defaults
[1.446s] Level 1:colcon.colcon_core.package_discovery:discover_packages(ignore) discover
[1.446s] Level 1:colcon.colcon_core.package_discovery:discover_packages(ignore) using defaults
[1.446s] Level 1:colcon.colcon_core.package_discovery:discover_packages(path) discover
[1.446s] Level 1:colcon.colcon_core.package_discovery:discover_packages(path) using defaults
[1.576s] Level 1:colcon.colcon_core.package_discovery:discover_packages(prefix_path) check parameters
[1.576s] Level 1:colcon.colcon_core.package_discovery:discover_packages(prefix_path) discover
[1.605s] WARNING:colcon.colcon_ros.prefix_path.ament:The path '/home/alan/colcon_ws/install/cv_basics' in the environment variable AMENT_PREFIX_PATH doesn't exist
[1.605s] WARNING:colcon.colcon_ros.prefix_path.ament:The path '/home/alan/colcon_ws/install/wall_follower' in the environment variable AMENT_PREFIX_PATH doesn't exist
[1.605s] WARNING:colcon.colcon_ros.prefix_path.catkin:The path '/home/alan/colcon_ws/install/wall_follower' in the environment variable CMAKE_PREFIX_PATH doesn't exist
[1.628s] DEBUG:colcon.colcon_installed_package_information.package_discovery:Found 0 installed packages in /home/alan/colcon_ws/install
[1.656s] DEBUG:colcon.colcon_installed_package_information.package_discovery:Found 334 installed packages in /opt/ros/foxy
[1.657s] Level 1:colcon.colcon_core.package_discovery:discover_packages(prefix_path) using defaults
[1.758s] Level 5:colcon.colcon_core.verb:set package 'cv_basics' build argument 'cmake_args' from command line to 'None'
[1.758s] Level 5:colcon.colcon_core.verb:set package 'cv_basics' build argument 'cmake_target' from command line to 'None'
[1.758s] Level 5:colcon.colcon_core.verb:set package 'cv_basics' build argument 'cmake_target_skip_unavailable' from command line to 'False'
[1.758s] Level 5:colcon.colcon_core.verb:set package 'cv_basics' build argument 'cmake_clean_cache' from command line to 'False'
[1.759s] Level 5:colcon.colcon_core.verb:set package 'cv_basics' build argument 'cmake_clean_first' from command line to 'False'
[1.759s] Level 5:colcon.colcon_core.verb:set package 'cv_basics' build argument 'cmake_force_configure' from command line to 'False'
[1.759s] Level 5:colcon.colcon_core.verb:set package 'cv_basics' build argument 'ament_cmake_args' from command line to 'None'
[1.759s] Level 5:colcon.colcon_core.verb:set package 'cv_basics' build argument 'catkin_cmake_args' from command line to 'None'
[1.759s] Level 5:colcon.colcon_core.verb:set package 'cv_basics' build argument 'catkin_skip_building_tests' from command line to 'False'
[1.759s] DEBUG:colcon.colcon_core.verb:Building package 'cv_basics' with the following arguments: {'ament_cmake_args': None, 'build_base': '/home/alan/colcon_ws/build/cv_basics', 'catkin_cmake_args': None, 'catkin_skip_building_tests': False, 'cmake_args': None, 'cmake_clean_cache': False, 'cmake_clean_first': False, 'cmake_force_configure': False, 'cmake_target': None, 'cmake_target_skip_unavailable': False, 'install_base': '/home/alan/colcon_ws/install/cv_basics', 'merge_install': False, 'path': '/home/alan/colcon_ws/src/cv_basics', 'symlink_install': True, 'test_result_base': None}
[1.779s] Level 5:colcon.colcon_core.verb:set package 'wall_follower' build argument 'cmake_args' from command line to 'None'
[1.779s] Level 5:colcon.colcon_core.verb:set package 'wall_follower' build argument 'cmake_target' from command line to 'None'
[1.779s] Level 5:colcon.colcon_core.verb:set package 'wall_follower' build argument 'cmake_target_skip_unavailable' from command line to 'False'
[1.779s] Level 5:colcon.colcon_core.verb:set package 'wall_follower' build argument 'cmake_clean_cache' from command line to 'False'
[1.779s] Level 5:colcon.colcon_core.verb:set package 'wall_follower' build argument 'cmake_clean_first' from command line to 'False'
[1.779s] Level 5:colcon.colcon_core.verb:set package 'wall_follower' build argument 'cmake_force_configure' from command line to 'False'
[1.779s] Level 5:colcon.colcon_core.verb:set package 'wall_follower' build argument 'ament_cmake_args' from command line to 'None'
[1.779s] Level 5:colcon.colcon_core.verb:set package 'wall_follower' build argument 'catkin_cmake_args' from command line to 'None'
[1.779s] Level 5:colcon.colcon_core.verb:set package 'wall_follower' build argument 'catkin_skip_building_tests' from command line to 'False'
[1.779s] DEBUG:colcon.colcon_core.verb:Building package 'wall_follower' with the following arguments: {'ament_cmake_args': None, 'build_base': '/home/alan/colcon_ws/build/wall_follower', 'catkin_cmake_args': None, 'catkin_skip_building_tests': False, 'cmake_args': None, 'cmake_clean_cache': False, 'cmake_clean_first': False, 'cmake_force_configure': False, 'cmake_target': None, 'cmake_target_skip_unavailable': False, 'install_base': '/home/alan/colcon_ws/install/wall_follower', 'merge_install': False, 'path': '/home/alan/colcon_ws/src/wall_follower', 'symlink_install': True, 'test_result_base': None}
[1.802s] INFO:colcon.colcon_core.executor:Executing jobs using 'parallel' executor
[1.825s] DEBUG:colcon.colcon_parallel_executor.executor.parallel:run_until_complete
[1.826s] INFO:colcon.colcon_ros.task.ament_python.build:Building ROS package in '/home/alan/colcon_ws/src/cv_basics' with build type 'ament_python'
[1.826s] Level 1:colcon.colcon_core.shell:create_environment_hook('cv_basics', 'ament_prefix_path')
[1.851s] INFO:colcon.colcon_core.plugin_system:Skipping extension 'colcon_core.shell.bat': Not used on non-Windows systems
[1.851s] INFO:colcon.colcon_core.shell:Creating environment hook '/home/alan/colcon_ws/install/cv_basics/share/cv_basics/hook/ament_prefix_path.ps1'
[1.852s] INFO:colcon.colcon_core.shell:Creating environment descriptor '/home/alan/colcon_ws/install/cv_basics/share/cv_basics/hook/ament_prefix_path.dsv'
[1.852s] INFO:colcon.colcon_core.shell:Creating environment hook '/home/alan/colcon_ws/install/cv_basics/share/cv_basics/hook/ament_prefix_path.sh'
[1.877s] INFO:colcon.colcon_core.shell:Skip shell extension 'powershell' for command environment: Not usable outside of PowerShell
[1.877s] DEBUG:colcon.colcon_core.shell:Skip shell extension 'dsv' for command environment
[1.963s] INFO:colcon.colcon_ros.task.ament_cmake.build:Building ROS package in '/home/alan/colcon_ws/src/wall_follower' with build type 'ament_cmake'
[1.963s] INFO:colcon.colcon_cmake.task.cmake.build:Building CMake package in '/home/alan/colcon_ws/src/wall_follower'
[1.986s] INFO:colcon.colcon_core.shell:Skip shell extension 'powershell' for command environment: Not usable outside of PowerShell
[1.986s] DEBUG:colcon.colcon_core.shell:Skip shell extension 'dsv' for command environment
[2.228s] INFO:colcon.colcon_core.task.python.build:Building Python package in '/home/alan/colcon_ws/src/cv_basics'
[2.251s] INFO:colcon.colcon_core.shell:Skip shell extension 'powershell' for command environment: Not usable outside of PowerShell
[2.251s] DEBUG:colcon.colcon_core.shell:Skip shell extension 'dsv' for command environment
[2.334s] DEBUG:colcon.colcon_core.event_handler.log_command:Invoking command in '/home/alan/colcon_ws/build/wall_follower': CMAKE_PREFIX_PATH=${CMAKE_PREFIX_PATH}:/home/alan/colcon_ws/install/cv_basics:/opt/ros/foxy /bin/cmake /home/alan/colcon_ws/src/wall_follower -DAMENT_CMAKE_SYMLINK_INSTALL=1 -DCMAKE_INSTALL_PREFIX=/home/alan/colcon_ws/install/wall_follower
[2.641s] DEBUG:colcon.colcon_core.event_handler.log_command:Invoking command in '/home/alan/colcon_ws/build/cv_basics': PYTHONPATH=/home/alan/colcon_ws/build/cv_basics/prefix_override:/home/alan/colcon_ws/install/cv_basics/lib/python3.8/site-packages:${PYTHONPATH} /usr/bin/python3 setup.py develop --editable --build-directory /home/alan/colcon_ws/build/cv_basics/build --no-deps install_data
[2.984s] Level 1:colcon.colcon_core.shell:create_environment_hook('cv_basics', 'pythonpath_develop')
[2.984s] DEBUG:colcon.colcon_core.event_handler.log_command:Invoked command in '/home/alan/colcon_ws/build/cv_basics' returned '0': PYTHONPATH=/home/alan/colcon_ws/build/cv_basics/prefix_override:/home/alan/colcon_ws/install/cv_basics/lib/python3.8/site-packages:${PYTHONPATH} /usr/bin/python3 setup.py develop --editable --build-directory /home/alan/colcon_ws/build/cv_basics/build --no-deps install_data
[3.012s] INFO:colcon.colcon_core.shell:Creating environment hook '/home/alan/colcon_ws/build/cv_basics/share/cv_basics/hook/pythonpath_develop.ps1'
[3.013s] INFO:colcon.colcon_core.shell:Creating environment descriptor '/home/alan/colcon_ws/build/cv_basics/share/cv_basics/hook/pythonpath_develop.dsv'
[3.014s] INFO:colcon.colcon_core.shell:Creating environment hook '/home/alan/colcon_ws/build/cv_basics/share/cv_basics/hook/pythonpath_develop.sh'
[3.048s] Level 1:colcon.colcon_core.environment:checking '/home/alan/colcon_ws/install/cv_basics' for CMake module files
[3.049s] Level 1:colcon.colcon_core.environment:checking '/home/alan/colcon_ws/install/cv_basics' for CMake config files
[3.049s] Level 1:colcon.colcon_core.environment:checking '/home/alan/colcon_ws/install/cv_basics/lib'
[3.049s] Level 1:colcon.colcon_core.environment:checking '/home/alan/colcon_ws/install/cv_basics/bin'
[3.049s] Level 1:colcon.colcon_core.environment:checking '/home/alan/colcon_ws/install/cv_basics/lib/pkgconfig/cv_basics.pc'
[3.050s] Level 1:colcon.colcon_core.environment:checking '/home/alan/colcon_ws/install/cv_basics/lib/python3.8/site-packages'
[3.050s] Level 1:colcon.colcon_core.shell:create_environment_hook('cv_basics', 'pythonpath')
[3.074s] INFO:colcon.colcon_core.shell:Creating environment hook '/home/alan/colcon_ws/install/cv_basics/share/cv_basics/hook/pythonpath.ps1'
[3.074s] INFO:colcon.colcon_core.shell:Creating environment descriptor '/home/alan/colcon_ws/install/cv_basics/share/cv_basics/hook/pythonpath.dsv'
[3.075s] INFO:colcon.colcon_core.shell:Creating environment hook '/home/alan/colcon_ws/install/cv_basics/share/cv_basics/hook/pythonpath.sh'
[3.075s] Level 1:colcon.colcon_core.environment:checking '/home/alan/colcon_ws/install/cv_basics/bin'
[3.075s] Level 1:colcon.colcon_core.environment:create_environment_scripts_only(cv_basics)
[3.101s] INFO:colcon.colcon_core.shell:Creating package script '/home/alan/colcon_ws/install/cv_basics/share/cv_basics/package.ps1'
[3.102s] INFO:colcon.colcon_core.shell:Creating package descriptor '/home/alan/colcon_ws/install/cv_basics/share/cv_basics/package.dsv'
[3.102s] INFO:colcon.colcon_core.shell:Creating package script '/home/alan/colcon_ws/install/cv_basics/share/cv_basics/package.sh'
[3.103s] INFO:colcon.colcon_core.shell:Creating package script '/home/alan/colcon_ws/install/cv_basics/share/cv_basics/package.bash'
[3.104s] INFO:colcon.colcon_core.shell:Creating package script '/home/alan/colcon_ws/install/cv_basics/share/cv_basics/package.zsh'
[3.104s] Level 1:colcon.colcon_core.environment:create_file_with_runtime_dependencies(/home/alan/colcon_ws/install/cv_basics/share/colcon-core/packages/cv_basics)
[3.746s] DEBUG:colcon.colcon_core.event_handler.log_command:Invoked command in '/home/alan/colcon_ws/build/wall_follower' returned '0': CMAKE_PREFIX_PATH=${CMAKE_PREFIX_PATH}:/home/alan/colcon_ws/install/cv_basics:/opt/ros/foxy /bin/cmake /home/alan/colcon_ws/src/wall_follower -DAMENT_CMAKE_SYMLINK_INSTALL=1 -DCMAKE_INSTALL_PREFIX=/home/alan/colcon_ws/install/wall_follower
[3.749s] DEBUG:colcon.colcon_core.event_handler.log_command:Invoking command in '/home/alan/colcon_ws/build/wall_follower': CMAKE_PREFIX_PATH=${CMAKE_PREFIX_PATH}:/home/alan/colcon_ws/install/cv_basics:/opt/ros/foxy /bin/cmake --build /home/alan/colcon_ws/build/wall_follower -- -j8 -l8
[9.331s] DEBUG:colcon.colcon_core.event_handler.log_command:Invoked command in '/home/alan/colcon_ws/build/wall_follower' returned '0': CMAKE_PREFIX_PATH=${CMAKE_PREFIX_PATH}:/home/alan/colcon_ws/install/cv_basics:/opt/ros/foxy /bin/cmake --build /home/alan/colcon_ws/build/wall_follower -- -j8 -l8
[9.370s] DEBUG:colcon.colcon_core.event_handler.log_command:Invoking command in '/home/alan/colcon_ws/build/wall_follower': CMAKE_PREFIX_PATH=${CMAKE_PREFIX_PATH}:/home/alan/colcon_ws/install/cv_basics:/opt/ros/foxy /bin/cmake --install /home/alan/colcon_ws/build/wall_follower
[9.568s] Level 1:colcon.colcon_core.environment:create_environment_scripts_only(wall_follower)
[9.568s] DEBUG:colcon.colcon_core.event_handler.log_command:Invoked command in '/home/alan/colcon_ws/build/wall_follower' returned '0': CMAKE_PREFIX_PATH=${CMAKE_PREFIX_PATH}:/home/alan/colcon_ws/install/cv_basics:/opt/ros/foxy /bin/cmake --install /home/alan/colcon_ws/build/wall_follower
[9.602s] Level 1:colcon.colcon_core.environment:checking '/home/alan/colcon_ws/install/wall_follower' for CMake module files
[9.602s] Level 1:colcon.colcon_core.environment:checking '/home/alan/colcon_ws/install/wall_follower' for CMake config files
[9.603s] Level 1:colcon.colcon_core.shell:create_environment_hook('wall_follower', 'cmake_prefix_path')
[9.637s] INFO:colcon.colcon_core.shell:Creating environment hook '/home/alan/colcon_ws/install/wall_follower/share/wall_follower/hook/cmake_prefix_path.ps1'
[9.638s] INFO:colcon.colcon_core.shell:Creating environment descriptor '/home/alan/colcon_ws/install/wall_follower/share/wall_follower/hook/cmake_prefix_path.dsv'
[9.639s] INFO:colcon.colcon_core.shell:Creating environment hook '/home/alan/colcon_ws/install/wall_follower/share/wall_follower/hook/cmake_prefix_path.sh'
[9.639s] Level 1:colcon.colcon_core.environment:checking '/home/alan/colcon_ws/install/wall_follower/lib'
[9.639s] Level 1:colcon.colcon_core.environment:checking '/home/alan/colcon_ws/install/wall_follower/bin'
[9.639s] Level 1:colcon.colcon_core.environment:checking '/home/alan/colcon_ws/install/wall_follower/lib/pkgconfig/wall_follower.pc'
[9.639s] Level 1:colcon.colcon_core.environment:checking '/home/alan/colcon_ws/install/wall_follower/lib/python3.8/site-packages'
[9.640s] Level 1:colcon.colcon_core.environment:checking '/home/alan/colcon_ws/install/wall_follower/bin'
[9.675s] INFO:colcon.colcon_core.shell:Creating package script '/home/alan/colcon_ws/install/wall_follower/share/wall_follower/package.ps1'
[9.675s] INFO:colcon.colcon_core.shell:Creating package descriptor '/home/alan/colcon_ws/install/wall_follower/share/wall_follower/package.dsv'
[9.676s] INFO:colcon.colcon_core.shell:Creating package script '/home/alan/colcon_ws/install/wall_follower/share/wall_follower/package.sh'
[9.676s] INFO:colcon.colcon_core.shell:Creating package script '/home/alan/colcon_ws/install/wall_follower/share/wall_follower/package.bash'
[9.676s] INFO:colcon.colcon_core.shell:Creating package script '/home/alan/colcon_ws/install/wall_follower/share/wall_follower/package.zsh'
[9.676s] Level 1:colcon.colcon_core.environment:create_file_with_runtime_dependencies(/home/alan/colcon_ws/install/wall_follower/share/colcon-core/packages/wall_follower)
[9.737s] Level 1:colcon.colcon_core.environment:create_environment_scripts_only(wall_follower)
[9.761s] Level 1:colcon.colcon_core.environment:checking '/home/alan/colcon_ws/install/wall_follower' for CMake module files
[9.762s] Level 1:colcon.colcon_core.environment:checking '/home/alan/colcon_ws/install/wall_follower' for CMake config files
[9.762s] Level 1:colcon.colcon_core.shell:create_environment_hook('wall_follower', 'cmake_prefix_path')
[9.789s] INFO:colcon.colcon_core.shell:Creating environment hook '/home/alan/colcon_ws/install/wall_follower/share/wall_follower/hook/cmake_prefix_path.ps1'
[9.790s] INFO:colcon.colcon_core.shell:Creating environment descriptor '/home/alan/colcon_ws/install/wall_follower/share/wall_follower/hook/cmake_prefix_path.dsv'
[9.790s] INFO:colcon.colcon_core.shell:Creating environment hook '/home/alan/colcon_ws/install/wall_follower/share/wall_follower/hook/cmake_prefix_path.sh'
[9.790s] Level 1:colcon.colcon_core.environment:checking '/home/alan/colcon_ws/install/wall_follower/lib'
[9.790s] Level 1:colcon.colcon_core.environment:checking '/home/alan/colcon_ws/install/wall_follower/bin'
[9.791s] Level 1:colcon.colcon_core.environment:checking '/home/alan/colcon_ws/install/wall_follower/lib/pkgconfig/wall_follower.pc'
[9.791s] Level 1:colcon.colcon_core.environment:checking '/home/alan/colcon_ws/install/wall_follower/lib/python3.8/site-packages'
[9.791s] Level 1:colcon.colcon_core.environment:checking '/home/alan/colcon_ws/install/wall_follower/bin'
[9.816s] INFO:colcon.colcon_core.shell:Creating package script '/home/alan/colcon_ws/install/wall_follower/share/wall_follower/package.ps1'
[9.817s] INFO:colcon.colcon_core.shell:Creating package descriptor '/home/alan/colcon_ws/install/wall_follower/share/wall_follower/package.dsv'
[9.817s] INFO:colcon.colcon_core.shell:Creating package script '/home/alan/colcon_ws/install/wall_follower/share/wall_follower/package.sh'
[9.817s] INFO:colcon.colcon_core.shell:Creating package script '/home/alan/colcon_ws/install/wall_follower/share/wall_follower/package.bash'
[9.818s] INFO:colcon.colcon_core.shell:Creating package script '/home/alan/colcon_ws/install/wall_follower/share/wall_follower/package.zsh'
[9.818s] Level 1:colcon.colcon_core.environment:create_file_with_runtime_dependencies(/home/alan/colcon_ws/install/wall_follower/share/colcon-core/packages/wall_follower)
[9.818s] DEBUG:colcon.colcon_parallel_executor.executor.parallel:closing loop
[9.819s] DEBUG:colcon.colcon_parallel_executor.executor.parallel:loop closed
[9.819s] DEBUG:colcon.colcon_parallel_executor.executor.parallel:run_until_complete finished with '0'
[9.819s] DEBUG:colcon.colcon_core.event_reactor:joining thread
[9.847s] INFO:colcon.colcon_core.plugin_system:Skipping extension 'colcon_notification.desktop_notification.terminal_notifier': Not used on non-Darwin systems
[9.847s] INFO:colcon.colcon_core.plugin_system:Skipping extension 'colcon_notification.desktop_notification.win32': Not used on non-Windows systems
[9.847s] INFO:colcon.colcon_notification.desktop_notification:Sending desktop notification using 'notify2'
[9.863s] DEBUG:colcon.colcon_core.event_reactor:joined thread
[9.892s] INFO:colcon.colcon_core.shell:Creating prefix script '/home/alan/colcon_ws/install/local_setup.ps1'
[9.893s] INFO:colcon.colcon_core.shell:Creating prefix util module '/home/alan/colcon_ws/install/_local_setup_util_ps1.py'
[9.893s] INFO:colcon.colcon_core.shell:Creating prefix chain script '/home/alan/colcon_ws/install/setup.ps1'
[9.917s] INFO:colcon.colcon_core.shell:Creating prefix script '/home/alan/colcon_ws/install/local_setup.sh'
[9.918s] INFO:colcon.colcon_core.shell:Creating prefix util module '/home/alan/colcon_ws/install/_local_setup_util_sh.py'
[9.918s] INFO:colcon.colcon_core.shell:Creating prefix chain script '/home/alan/colcon_ws/install/setup.sh'
[9.945s] INFO:colcon.colcon_core.shell:Creating prefix script '/home/alan/colcon_ws/install/local_setup.bash'
[9.945s] INFO:colcon.colcon_core.shell:Creating prefix chain script '/home/alan/colcon_ws/install/setup.bash'
[9.994s] INFO:colcon.colcon_core.shell:Creating prefix script '/home/alan/colcon_ws/install/local_setup.zsh'
[9.995s] INFO:colcon.colcon_core.shell:Creating prefix chain script '/home/alan/colcon_ws/install/setup.zsh'
