[1.953s] DEBUG:colcon:Command line arguments: ['/bin/colcon', 'list', '-p', '--base-paths', '/home/alan/colcon_ws']
[1.953s] DEBUG:colcon:Parsed command line arguments: Namespace(allow_overriding=[], base_paths=['/home/alan/colcon_ws'], build_base='build', ignore_user_meta=False, log_base=None, log_level=None, main=<bound method ListVerb.main of <colcon_package_information.verb.list.ListVerb object at 0x7f4c407ebe20>>, metas=['./colcon.meta'], names_only=False, packages_above=None, packages_above_and_dependencies=None, packages_above_depth=None, packages_end=None, packages_ignore=None, packages_ignore_regex=None, packages_select=None, packages_select_build_failed=False, packages_select_by_dep=None, packages_select_regex=None, packages_select_test_failures=False, packages_skip=None, packages_skip_build_finished=False, packages_skip_by_dep=None, packages_skip_regex=None, packages_skip_test_passed=False, packages_skip_up_to=None, packages_start=None, packages_up_to=None, packages_up_to_regex=None, paths=None, paths_only=True, topological_graph=False, topological_graph_density=False, topological_graph_dot=False, topological_graph_dot_cluster=False, topological_graph_dot_include_skipped=False, topological_graph_legend=False, topological_order=False, verb_extension=<colcon_package_information.verb.list.ListVerb object at 0x7f4c407ebe20>, verb_name='list', verb_parser=<colcon_defaults.argument_parser.defaults.DefaultArgumentsDecorator object at 0x7f4c407f4d30>)
[2.073s] Level 1:colcon.colcon_core.package_discovery:discover_packages(colcon_meta) check parameters
[2.073s] Level 1:colcon.colcon_core.package_discovery:discover_packages(recursive) check parameters
[2.073s] Level 1:colcon.colcon_core.package_discovery:discover_packages(ignore) check parameters
[2.073s] Level 1:colcon.colcon_core.package_discovery:discover_packages(path) check parameters
[2.073s] Level 1:colcon.colcon_core.package_discovery:discover_packages(recursive) discover
[2.073s] INFO:colcon.colcon_core.package_discovery:Crawling recursively for packages in '/home/alan/colcon_ws'
[2.073s] Level 1:colcon.colcon_core.package_identification:_identify(/home/alan/colcon_ws) by extensions ['ignore', 'ignore_ament_install']
[2.073s] Level 1:colcon.colcon_core.package_identification:_identify(/home/alan/colcon_ws) by extension 'ignore'
[2.073s] Level 1:colcon.colcon_core.package_identification:_identify(/home/alan/colcon_ws) by extension 'ignore_ament_install'
[2.073s] Level 1:colcon.colcon_core.package_identification:_identify(/home/alan/colcon_ws) by extensions ['colcon_pkg']
[2.073s] Level 1:colcon.colcon_core.package_identification:_identify(/home/alan/colcon_ws) by extension 'colcon_pkg'
[2.073s] Level 1:colcon.colcon_core.package_identification:_identify(/home/alan/colcon_ws) by extensions ['colcon_meta']
[2.073s] Level 1:colcon.colcon_core.package_identification:_identify(/home/alan/colcon_ws) by extension 'colcon_meta'
[2.074s] Level 1:colcon.colcon_core.package_identification:_identify(/home/alan/colcon_ws) by extensions ['ros']
[2.074s] Level 1:colcon.colcon_core.package_identification:_identify(/home/alan/colcon_ws) by extension 'ros'
[2.087s] Level 1:colcon.colcon_core.package_identification:_identify(/home/alan/colcon_ws) by extensions ['cmake', 'python']
[2.087s] Level 1:colcon.colcon_core.package_identification:_identify(/home/alan/colcon_ws) by extension 'cmake'
[2.087s] Level 1:colcon.colcon_core.package_identification:_identify(/home/alan/colcon_ws) by extension 'python'
[2.087s] Level 1:colcon.colcon_core.package_identification:_identify(/home/alan/colcon_ws) by extensions ['python_setup_py']
[2.087s] Level 1:colcon.colcon_core.package_identification:_identify(/home/alan/colcon_ws) by extension 'python_setup_py'
[2.088s] Level 1:colcon.colcon_core.package_identification:_identify(/home/alan/colcon_ws/build) by extensions ['ignore', 'ignore_ament_install']
[2.088s] Level 1:colcon.colcon_core.package_identification:_identify(/home/alan/colcon_ws/build) by extension 'ignore'
[2.088s] Level 1:colcon.colcon_core.package_identification:_identify(/home/alan/colcon_ws/build) ignored
[2.088s] Level 1:colcon.colcon_core.package_identification:_identify(/home/alan/colcon_ws/install) by extensions ['ignore', 'ignore_ament_install']
[2.088s] Level 1:colcon.colcon_core.package_identification:_identify(/home/alan/colcon_ws/install) by extension 'ignore'
[2.088s] Level 1:colcon.colcon_core.package_identification:_identify(/home/alan/colcon_ws/install) ignored
[2.089s] Level 1:colcon.colcon_core.package_identification:_identify(/home/alan/colcon_ws/log) by extensions ['ignore', 'ignore_ament_install']
[2.089s] Level 1:colcon.colcon_core.package_identification:_identify(/home/alan/colcon_ws/log) by extension 'ignore'
[2.089s] Level 1:colcon.colcon_core.package_identification:_identify(/home/alan/colcon_ws/log) ignored
[2.089s] Level 1:colcon.colcon_core.package_identification:_identify(/home/alan/colcon_ws/src) by extensions ['ignore', 'ignore_ament_install']
[2.089s] Level 1:colcon.colcon_core.package_identification:_identify(/home/alan/colcon_ws/src) by extension 'ignore'
[2.089s] Level 1:colcon.colcon_core.package_identification:_identify(/home/alan/colcon_ws/src) by extension 'ignore_ament_install'
[2.089s] Level 1:colcon.colcon_core.package_identification:_identify(/home/alan/colcon_ws/src) by extensions ['colcon_pkg']
[2.089s] Level 1:colcon.colcon_core.package_identification:_identify(/home/alan/colcon_ws/src) by extension 'colcon_pkg'
[2.089s] Level 1:colcon.colcon_core.package_identification:_identify(/home/alan/colcon_ws/src) by extensions ['colcon_meta']
[2.089s] Level 1:colcon.colcon_core.package_identification:_identify(/home/alan/colcon_ws/src) by extension 'colcon_meta'
[2.089s] Level 1:colcon.colcon_core.package_identification:_identify(/home/alan/colcon_ws/src) by extensions ['ros']
[2.089s] Level 1:colcon.colcon_core.package_identification:_identify(/home/alan/colcon_ws/src) by extension 'ros'
[2.090s] Level 1:colcon.colcon_core.package_identification:_identify(/home/alan/colcon_ws/src) by extensions ['cmake', 'python']
[2.090s] Level 1:colcon.colcon_core.package_identification:_identify(/home/alan/colcon_ws/src) by extension 'cmake'
[2.090s] Level 1:colcon.colcon_core.package_identification:_identify(/home/alan/colcon_ws/src) by extension 'python'
[2.090s] Level 1:colcon.colcon_core.package_identification:_identify(/home/alan/colcon_ws/src) by extensions ['python_setup_py']
[2.090s] Level 1:colcon.colcon_core.package_identification:_identify(/home/alan/colcon_ws/src) by extension 'python_setup_py'
[2.090s] Level 1:colcon.colcon_core.package_identification:_identify(/home/alan/colcon_ws/src/cv_basics) by extensions ['ignore', 'ignore_ament_install']
[2.090s] Level 1:colcon.colcon_core.package_identification:_identify(/home/alan/colcon_ws/src/cv_basics) by extension 'ignore'
[2.090s] Level 1:colcon.colcon_core.package_identification:_identify(/home/alan/colcon_ws/src/cv_basics) by extension 'ignore_ament_install'
[2.090s] Level 1:colcon.colcon_core.package_identification:_identify(/home/alan/colcon_ws/src/cv_basics) by extensions ['colcon_pkg']
[2.090s] Level 1:colcon.colcon_core.package_identification:_identify(/home/alan/colcon_ws/src/cv_basics) by extension 'colcon_pkg'
[2.090s] Level 1:colcon.colcon_core.package_identification:_identify(/home/alan/colcon_ws/src/cv_basics) by extensions ['colcon_meta']
[2.090s] Level 1:colcon.colcon_core.package_identification:_identify(/home/alan/colcon_ws/src/cv_basics) by extension 'colcon_meta'
[2.090s] Level 1:colcon.colcon_core.package_identification:_identify(/home/alan/colcon_ws/src/cv_basics) by extensions ['ros']
[2.090s] Level 1:colcon.colcon_core.package_identification:_identify(/home/alan/colcon_ws/src/cv_basics) by extension 'ros'
[2.096s] DEBUG:colcon.colcon_core.package_identification:Package '/home/alan/colcon_ws/src/cv_basics' with type 'ros.ament_python' and name 'cv_basics'
[2.097s] Level 1:colcon.colcon_core.package_identification:_identify(/home/alan/colcon_ws/src/turtlebot3_simulations) by extensions ['ignore', 'ignore_ament_install']
[2.097s] Level 1:colcon.colcon_core.package_identification:_identify(/home/alan/colcon_ws/src/turtlebot3_simulations) by extension 'ignore'
[2.097s] Level 1:colcon.colcon_core.package_identification:_identify(/home/alan/colcon_ws/src/turtlebot3_simulations) by extension 'ignore_ament_install'
[2.097s] Level 1:colcon.colcon_core.package_identification:_identify(/home/alan/colcon_ws/src/turtlebot3_simulations) by extensions ['colcon_pkg']
[2.097s] Level 1:colcon.colcon_core.package_identification:_identify(/home/alan/colcon_ws/src/turtlebot3_simulations) by extension 'colcon_pkg'
[2.097s] Level 1:colcon.colcon_core.package_identification:_identify(/home/alan/colcon_ws/src/turtlebot3_simulations) by extensions ['colcon_meta']
[2.097s] Level 1:colcon.colcon_core.package_identification:_identify(/home/alan/colcon_ws/src/turtlebot3_simulations) by extension 'colcon_meta'
[2.097s] Level 1:colcon.colcon_core.package_identification:_identify(/home/alan/colcon_ws/src/turtlebot3_simulations) by extensions ['ros']
[2.097s] Level 1:colcon.colcon_core.package_identification:_identify(/home/alan/colcon_ws/src/turtlebot3_simulations) by extension 'ros'
[2.097s] Level 1:colcon.colcon_core.package_identification:_identify(/home/alan/colcon_ws/src/turtlebot3_simulations) by extensions ['cmake', 'python']
[2.098s] Level 1:colcon.colcon_core.package_identification:_identify(/home/alan/colcon_ws/src/turtlebot3_simulations) by extension 'cmake'
[2.098s] Level 1:colcon.colcon_core.package_identification:_identify(/home/alan/colcon_ws/src/turtlebot3_simulations) by extension 'python'
[2.098s] Level 1:colcon.colcon_core.package_identification:_identify(/home/alan/colcon_ws/src/turtlebot3_simulations) by extensions ['python_setup_py']
[2.098s] Level 1:colcon.colcon_core.package_identification:_identify(/home/alan/colcon_ws/src/turtlebot3_simulations) by extension 'python_setup_py'
[2.098s] Level 1:colcon.colcon_core.package_identification:_identify(/home/alan/colcon_ws/src/wall_follower) by extensions ['ignore', 'ignore_ament_install']
[2.098s] Level 1:colcon.colcon_core.package_identification:_identify(/home/alan/colcon_ws/src/wall_follower) by extension 'ignore'
[2.098s] Level 1:colcon.colcon_core.package_identification:_identify(/home/alan/colcon_ws/src/wall_follower) by extension 'ignore_ament_install'
[2.098s] Level 1:colcon.colcon_core.package_identification:_identify(/home/alan/colcon_ws/src/wall_follower) by extensions ['colcon_pkg']
[2.098s] Level 1:colcon.colcon_core.package_identification:_identify(/home/alan/colcon_ws/src/wall_follower) by extension 'colcon_pkg'
[2.098s] Level 1:colcon.colcon_core.package_identification:_identify(/home/alan/colcon_ws/src/wall_follower) by extensions ['colcon_meta']
[2.098s] Level 1:colcon.colcon_core.package_identification:_identify(/home/alan/colcon_ws/src/wall_follower) by extension 'colcon_meta'
[2.098s] Level 1:colcon.colcon_core.package_identification:_identify(/home/alan/colcon_ws/src/wall_follower) by extensions ['ros']
[2.098s] Level 1:colcon.colcon_core.package_identification:_identify(/home/alan/colcon_ws/src/wall_follower) by extension 'ros'
[2.099s] DEBUG:colcon.colcon_core.package_identification:Package '/home/alan/colcon_ws/src/wall_follower' with type 'ros.ament_cmake' and name 'wall_follower'
[2.099s] Level 1:colcon.colcon_core.package_discovery:discover_packages(recursive) using defaults
