[0.337s] DEBUG:colcon:Command line arguments: ['/usr/bin/colcon', 'build', '--packages-select', 'learning_tf2_cpp']
[0.337s] DEBUG:colcon:Parsed command line arguments: Namespace(allow_overriding=[], ament_cmake_args=None, base_paths=['.'], build_base='build', catkin_cmake_args=None, catkin_skip_building_tests=False, cmake_args=None, cmake_clean_cache=False, cmake_clean_first=False, cmake_force_configure=False, cmake_target=None, cmake_target_skip_unavailable=False, continue_on_error=False, event_handlers=None, executor='parallel', ignore_user_meta=False, install_base='install', log_base=None, log_level=None, main=<bound method BuildVerb.main of <colcon_core.verb.build.BuildVerb object at 0x7f817f203130>>, merge_install=False, metas=['./colcon.meta'], packages_above=None, packages_above_and_dependencies=None, packages_above_depth=None, packages_end=None, packages_ignore=None, packages_ignore_regex=None, packages_select=['learning_tf2_cpp'], packages_select_build_failed=False, packages_select_by_dep=None, packages_select_regex=None, packages_select_test_failures=False, packages_skip=None, packages_skip_build_finished=False, packages_skip_by_dep=None, packages_skip_regex=None, packages_skip_test_passed=False, packages_skip_up_to=None, packages_start=None, packages_up_to=None, packages_up_to_regex=None, parallel_workers=16, paths=None, symlink_install=False, test_result_base=None, verb_extension=<colcon_core.verb.build.BuildVerb object at 0x7f817f203130>, verb_name='build', verb_parser=<colcon_defaults.argument_parser.defaults.DefaultArgumentsDecorator object at 0x7f817f203670>)
[0.389s] Level 1:colcon.colcon_core.package_discovery:discover_packages(colcon_meta) check parameters
[0.389s] Level 1:colcon.colcon_core.package_discovery:discover_packages(recursive) check parameters
[0.389s] Level 1:colcon.colcon_core.package_discovery:discover_packages(ignore) check parameters
[0.389s] Level 1:colcon.colcon_core.package_discovery:discover_packages(path) check parameters
[0.389s] Level 1:colcon.colcon_core.package_discovery:discover_packages(colcon_meta) discover
[0.389s] Level 1:colcon.colcon_core.package_discovery:discover_packages(recursive) discover
[0.389s] INFO:colcon.colcon_core.package_discovery:Crawling recursively for packages in '/home/rsa/colcon_ws/src/learning_tf2_cpp'
[0.389s] Level 1:colcon.colcon_core.package_identification:_identify(.) by extensions ['ignore', 'ignore_ament_install']
[0.389s] Level 1:colcon.colcon_core.package_identification:_identify(.) by extension 'ignore'
[0.389s] Level 1:colcon.colcon_core.package_identification:_identify(.) by extension 'ignore_ament_install'
[0.389s] Level 1:colcon.colcon_core.package_identification:_identify(.) by extensions ['colcon_pkg']
[0.389s] Level 1:colcon.colcon_core.package_identification:_identify(.) by extension 'colcon_pkg'
[0.389s] Level 1:colcon.colcon_core.package_identification:_identify(.) by extensions ['colcon_meta']
[0.389s] Level 1:colcon.colcon_core.package_identification:_identify(.) by extension 'colcon_meta'
[0.390s] Level 1:colcon.colcon_core.package_identification:_identify(.) by extensions ['ros']
[0.390s] Level 1:colcon.colcon_core.package_identification:_identify(.) by extension 'ros'
[0.402s] DEBUG:colcon.colcon_core.package_identification:Package '.' with type 'ros.ament_cmake' and name 'learning_tf2_cpp'
[0.402s] Level 1:colcon.colcon_core.package_discovery:discover_packages(recursive) using defaults
[0.402s] Level 1:colcon.colcon_core.package_discovery:discover_packages(ignore) discover
[0.402s] Level 1:colcon.colcon_core.package_discovery:discover_packages(ignore) using defaults
[0.402s] Level 1:colcon.colcon_core.package_discovery:discover_packages(path) discover
[0.402s] Level 1:colcon.colcon_core.package_discovery:discover_packages(path) using defaults
[0.444s] Level 1:colcon.colcon_core.package_discovery:discover_packages(prefix_path) check parameters
[0.445s] Level 1:colcon.colcon_core.package_discovery:discover_packages(prefix_path) discover
[0.456s] DEBUG:colcon.colcon_installed_package_information.package_discovery:Found 6 installed packages in /home/rsa/colcon_ws/install
[0.458s] DEBUG:colcon.colcon_installed_package_information.package_discovery:Found 334 installed packages in /opt/ros/foxy
[0.459s] Level 1:colcon.colcon_core.package_discovery:discover_packages(prefix_path) using defaults
[0.568s] Level 5:colcon.colcon_core.verb:set package 'learning_tf2_cpp' build argument 'cmake_args' from command line to 'None'
[0.568s] Level 5:colcon.colcon_core.verb:set package 'learning_tf2_cpp' build argument 'cmake_target' from command line to 'None'
[0.568s] Level 5:colcon.colcon_core.verb:set package 'learning_tf2_cpp' build argument 'cmake_target_skip_unavailable' from command line to 'False'
[0.568s] Level 5:colcon.colcon_core.verb:set package 'learning_tf2_cpp' build argument 'cmake_clean_cache' from command line to 'False'
[0.568s] Level 5:colcon.colcon_core.verb:set package 'learning_tf2_cpp' build argument 'cmake_clean_first' from command line to 'False'
[0.568s] Level 5:colcon.colcon_core.verb:set package 'learning_tf2_cpp' build argument 'cmake_force_configure' from command line to 'False'
[0.568s] Level 5:colcon.colcon_core.verb:set package 'learning_tf2_cpp' build argument 'ament_cmake_args' from command line to 'None'
[0.568s] Level 5:colcon.colcon_core.verb:set package 'learning_tf2_cpp' build argument 'catkin_cmake_args' from command line to 'None'
[0.568s] Level 5:colcon.colcon_core.verb:set package 'learning_tf2_cpp' build argument 'catkin_skip_building_tests' from command line to 'False'
[0.569s] DEBUG:colcon.colcon_core.verb:Building package 'learning_tf2_cpp' with the following arguments: {'ament_cmake_args': None, 'build_base': '/home/rsa/colcon_ws/src/learning_tf2_cpp/build/learning_tf2_cpp', 'catkin_cmake_args': None, 'catkin_skip_building_tests': False, 'cmake_args': None, 'cmake_clean_cache': False, 'cmake_clean_first': False, 'cmake_force_configure': False, 'cmake_target': None, 'cmake_target_skip_unavailable': False, 'install_base': '/home/rsa/colcon_ws/src/learning_tf2_cpp/install/learning_tf2_cpp', 'merge_install': False, 'path': '/home/rsa/colcon_ws/src/learning_tf2_cpp', 'symlink_install': False, 'test_result_base': None}
[0.569s] INFO:colcon.colcon_core.executor:Executing jobs using 'parallel' executor
[0.573s] DEBUG:colcon.colcon_parallel_executor.executor.parallel:run_until_complete
[0.573s] INFO:colcon.colcon_ros.task.ament_cmake.build:Building ROS package in '/home/rsa/colcon_ws/src/learning_tf2_cpp' with build type 'ament_cmake'
[0.573s] INFO:colcon.colcon_cmake.task.cmake.build:Building CMake package in '/home/rsa/colcon_ws/src/learning_tf2_cpp'
[0.583s] INFO:colcon.colcon_core.plugin_system:Skipping extension 'colcon_core.shell.bat': Not used on non-Windows systems
[0.583s] INFO:colcon.colcon_core.shell:Skip shell extension 'powershell' for command environment: Not usable outside of PowerShell
[0.583s] DEBUG:colcon.colcon_core.shell:Skip shell extension 'dsv' for command environment
[0.595s] DEBUG:colcon.colcon_core.event_handler.log_command:Invoking command in '/home/rsa/colcon_ws/src/learning_tf2_cpp/build/learning_tf2_cpp': CMAKE_PREFIX_PATH=${CMAKE_PREFIX_PATH}:/home/rsa/colcon_ws/install/cv_basics:/opt/ros/foxy /usr/bin/cmake /home/rsa/colcon_ws/src/learning_tf2_cpp -DCMAKE_INSTALL_PREFIX=/home/rsa/colcon_ws/src/learning_tf2_cpp/install/learning_tf2_cpp
[4.868s] DEBUG:colcon.colcon_core.event_handler.log_command:Invoked command in '/home/rsa/colcon_ws/src/learning_tf2_cpp/build/learning_tf2_cpp' returned '0': CMAKE_PREFIX_PATH=${CMAKE_PREFIX_PATH}:/home/rsa/colcon_ws/install/cv_basics:/opt/ros/foxy /usr/bin/cmake /home/rsa/colcon_ws/src/learning_tf2_cpp -DCMAKE_INSTALL_PREFIX=/home/rsa/colcon_ws/src/learning_tf2_cpp/install/learning_tf2_cpp
[4.873s] DEBUG:colcon.colcon_core.event_handler.log_command:Invoking command in '/home/rsa/colcon_ws/src/learning_tf2_cpp/build/learning_tf2_cpp': CMAKE_PREFIX_PATH=${CMAKE_PREFIX_PATH}:/home/rsa/colcon_ws/install/cv_basics:/opt/ros/foxy /usr/bin/cmake --build /home/rsa/colcon_ws/src/learning_tf2_cpp/build/learning_tf2_cpp -- -j16 -l16
[10.053s] DEBUG:colcon.colcon_core.event_handler.log_command:Invoked command in '/home/rsa/colcon_ws/src/learning_tf2_cpp/build/learning_tf2_cpp' returned '0': CMAKE_PREFIX_PATH=${CMAKE_PREFIX_PATH}:/home/rsa/colcon_ws/install/cv_basics:/opt/ros/foxy /usr/bin/cmake --build /home/rsa/colcon_ws/src/learning_tf2_cpp/build/learning_tf2_cpp -- -j16 -l16
[10.114s] DEBUG:colcon.colcon_core.event_handler.log_command:Invoking command in '/home/rsa/colcon_ws/src/learning_tf2_cpp/build/learning_tf2_cpp': CMAKE_PREFIX_PATH=${CMAKE_PREFIX_PATH}:/home/rsa/colcon_ws/install/cv_basics:/opt/ros/foxy /usr/bin/cmake --install /home/rsa/colcon_ws/src/learning_tf2_cpp/build/learning_tf2_cpp
[10.143s] Level 1:colcon.colcon_core.environment:create_environment_scripts_only(learning_tf2_cpp)
[10.145s] DEBUG:colcon.colcon_core.event_handler.log_command:Invoked command in '/home/rsa/colcon_ws/src/learning_tf2_cpp/build/learning_tf2_cpp' returned '0': CMAKE_PREFIX_PATH=${CMAKE_PREFIX_PATH}:/home/rsa/colcon_ws/install/cv_basics:/opt/ros/foxy /usr/bin/cmake --install /home/rsa/colcon_ws/src/learning_tf2_cpp/build/learning_tf2_cpp
[10.171s] Level 1:colcon.colcon_core.environment:checking '/home/rsa/colcon_ws/src/learning_tf2_cpp/install/learning_tf2_cpp' for CMake module files
[10.171s] Level 1:colcon.colcon_core.environment:checking '/home/rsa/colcon_ws/src/learning_tf2_cpp/install/learning_tf2_cpp' for CMake config files
[10.172s] Level 1:colcon.colcon_core.shell:create_environment_hook('learning_tf2_cpp', 'cmake_prefix_path')
[10.173s] INFO:colcon.colcon_core.shell:Creating environment hook '/home/rsa/colcon_ws/src/learning_tf2_cpp/install/learning_tf2_cpp/share/learning_tf2_cpp/hook/cmake_prefix_path.ps1'
[10.175s] INFO:colcon.colcon_core.shell:Creating environment descriptor '/home/rsa/colcon_ws/src/learning_tf2_cpp/install/learning_tf2_cpp/share/learning_tf2_cpp/hook/cmake_prefix_path.dsv'
[10.176s] INFO:colcon.colcon_core.shell:Creating environment hook '/home/rsa/colcon_ws/src/learning_tf2_cpp/install/learning_tf2_cpp/share/learning_tf2_cpp/hook/cmake_prefix_path.sh'
[10.178s] Level 1:colcon.colcon_core.environment:checking '/home/rsa/colcon_ws/src/learning_tf2_cpp/install/learning_tf2_cpp/lib'
[10.178s] Level 1:colcon.colcon_core.environment:checking '/home/rsa/colcon_ws/src/learning_tf2_cpp/install/learning_tf2_cpp/bin'
[10.178s] Level 1:colcon.colcon_core.environment:checking '/home/rsa/colcon_ws/src/learning_tf2_cpp/install/learning_tf2_cpp/lib/pkgconfig/learning_tf2_cpp.pc'
[10.178s] Level 1:colcon.colcon_core.environment:checking '/home/rsa/colcon_ws/src/learning_tf2_cpp/install/learning_tf2_cpp/lib/python3.8/site-packages'
[10.179s] Level 1:colcon.colcon_core.environment:checking '/home/rsa/colcon_ws/src/learning_tf2_cpp/install/learning_tf2_cpp/bin'
[10.182s] INFO:colcon.colcon_core.shell:Creating package script '/home/rsa/colcon_ws/src/learning_tf2_cpp/install/learning_tf2_cpp/share/learning_tf2_cpp/package.ps1'
[10.184s] INFO:colcon.colcon_core.shell:Creating package descriptor '/home/rsa/colcon_ws/src/learning_tf2_cpp/install/learning_tf2_cpp/share/learning_tf2_cpp/package.dsv'
[10.187s] INFO:colcon.colcon_core.shell:Creating package script '/home/rsa/colcon_ws/src/learning_tf2_cpp/install/learning_tf2_cpp/share/learning_tf2_cpp/package.sh'
[10.188s] INFO:colcon.colcon_core.shell:Creating package script '/home/rsa/colcon_ws/src/learning_tf2_cpp/install/learning_tf2_cpp/share/learning_tf2_cpp/package.bash'
[10.191s] INFO:colcon.colcon_core.shell:Creating package script '/home/rsa/colcon_ws/src/learning_tf2_cpp/install/learning_tf2_cpp/share/learning_tf2_cpp/package.zsh'
[10.193s] Level 1:colcon.colcon_core.environment:create_file_with_runtime_dependencies(/home/rsa/colcon_ws/src/learning_tf2_cpp/install/learning_tf2_cpp/share/colcon-core/packages/learning_tf2_cpp)
[10.225s] Level 1:colcon.colcon_core.environment:create_environment_scripts_only(learning_tf2_cpp)
[10.228s] Level 1:colcon.colcon_core.environment:checking '/home/rsa/colcon_ws/src/learning_tf2_cpp/install/learning_tf2_cpp' for CMake module files
[10.229s] Level 1:colcon.colcon_core.environment:checking '/home/rsa/colcon_ws/src/learning_tf2_cpp/install/learning_tf2_cpp' for CMake config files
[10.230s] Level 1:colcon.colcon_core.shell:create_environment_hook('learning_tf2_cpp', 'cmake_prefix_path')
[10.232s] INFO:colcon.colcon_core.shell:Creating environment hook '/home/rsa/colcon_ws/src/learning_tf2_cpp/install/learning_tf2_cpp/share/learning_tf2_cpp/hook/cmake_prefix_path.ps1'
[10.232s] INFO:colcon.colcon_core.shell:Creating environment descriptor '/home/rsa/colcon_ws/src/learning_tf2_cpp/install/learning_tf2_cpp/share/learning_tf2_cpp/hook/cmake_prefix_path.dsv'
[10.233s] INFO:colcon.colcon_core.shell:Creating environment hook '/home/rsa/colcon_ws/src/learning_tf2_cpp/install/learning_tf2_cpp/share/learning_tf2_cpp/hook/cmake_prefix_path.sh'
[10.234s] Level 1:colcon.colcon_core.environment:checking '/home/rsa/colcon_ws/src/learning_tf2_cpp/install/learning_tf2_cpp/lib'
[10.234s] Level 1:colcon.colcon_core.environment:checking '/home/rsa/colcon_ws/src/learning_tf2_cpp/install/learning_tf2_cpp/bin'
[10.234s] Level 1:colcon.colcon_core.environment:checking '/home/rsa/colcon_ws/src/learning_tf2_cpp/install/learning_tf2_cpp/lib/pkgconfig/learning_tf2_cpp.pc'
[10.234s] Level 1:colcon.colcon_core.environment:checking '/home/rsa/colcon_ws/src/learning_tf2_cpp/install/learning_tf2_cpp/lib/python3.8/site-packages'
[10.234s] Level 1:colcon.colcon_core.environment:checking '/home/rsa/colcon_ws/src/learning_tf2_cpp/install/learning_tf2_cpp/bin'
[10.237s] INFO:colcon.colcon_core.shell:Creating package script '/home/rsa/colcon_ws/src/learning_tf2_cpp/install/learning_tf2_cpp/share/learning_tf2_cpp/package.ps1'
[10.237s] INFO:colcon.colcon_core.shell:Creating package descriptor '/home/rsa/colcon_ws/src/learning_tf2_cpp/install/learning_tf2_cpp/share/learning_tf2_cpp/package.dsv'
[10.238s] INFO:colcon.colcon_core.shell:Creating package script '/home/rsa/colcon_ws/src/learning_tf2_cpp/install/learning_tf2_cpp/share/learning_tf2_cpp/package.sh'
[10.239s] INFO:colcon.colcon_core.shell:Creating package script '/home/rsa/colcon_ws/src/learning_tf2_cpp/install/learning_tf2_cpp/share/learning_tf2_cpp/package.bash'
[10.239s] INFO:colcon.colcon_core.shell:Creating package script '/home/rsa/colcon_ws/src/learning_tf2_cpp/install/learning_tf2_cpp/share/learning_tf2_cpp/package.zsh'
[10.240s] Level 1:colcon.colcon_core.environment:create_file_with_runtime_dependencies(/home/rsa/colcon_ws/src/learning_tf2_cpp/install/learning_tf2_cpp/share/colcon-core/packages/learning_tf2_cpp)
[10.240s] DEBUG:colcon.colcon_parallel_executor.executor.parallel:closing loop
[10.241s] DEBUG:colcon.colcon_parallel_executor.executor.parallel:loop closed
[10.241s] DEBUG:colcon.colcon_parallel_executor.executor.parallel:run_until_complete finished with '0'
[10.242s] DEBUG:colcon.colcon_core.event_reactor:joining thread
[10.256s] INFO:colcon.colcon_core.plugin_system:Skipping extension 'colcon_notification.desktop_notification.terminal_notifier': Not used on non-Darwin systems
[10.256s] INFO:colcon.colcon_core.plugin_system:Skipping extension 'colcon_notification.desktop_notification.win32': Not used on non-Windows systems
[10.256s] INFO:colcon.colcon_notification.desktop_notification:Sending desktop notification using 'notify2'
[10.343s] DEBUG:colcon.colcon_core.event_reactor:joined thread
[10.345s] INFO:colcon.colcon_core.shell:Creating prefix script '/home/rsa/colcon_ws/src/learning_tf2_cpp/install/local_setup.ps1'
[10.347s] INFO:colcon.colcon_core.shell:Creating prefix util module '/home/rsa/colcon_ws/src/learning_tf2_cpp/install/_local_setup_util_ps1.py'
[10.349s] INFO:colcon.colcon_core.shell:Creating prefix chain script '/home/rsa/colcon_ws/src/learning_tf2_cpp/install/setup.ps1'
[10.352s] INFO:colcon.colcon_core.shell:Creating prefix script '/home/rsa/colcon_ws/src/learning_tf2_cpp/install/local_setup.sh'
[10.354s] INFO:colcon.colcon_core.shell:Creating prefix util module '/home/rsa/colcon_ws/src/learning_tf2_cpp/install/_local_setup_util_sh.py'
[10.355s] INFO:colcon.colcon_core.shell:Creating prefix chain script '/home/rsa/colcon_ws/src/learning_tf2_cpp/install/setup.sh'
[10.358s] INFO:colcon.colcon_core.shell:Creating prefix script '/home/rsa/colcon_ws/src/learning_tf2_cpp/install/local_setup.bash'
[10.359s] INFO:colcon.colcon_core.shell:Creating prefix chain script '/home/rsa/colcon_ws/src/learning_tf2_cpp/install/setup.bash'
[10.361s] INFO:colcon.colcon_core.shell:Creating prefix script '/home/rsa/colcon_ws/src/learning_tf2_cpp/install/local_setup.zsh'
[10.362s] INFO:colcon.colcon_core.shell:Creating prefix chain script '/home/rsa/colcon_ws/src/learning_tf2_cpp/install/setup.zsh'
