[0.109s] Invoking command in '/home/rsa/colcon_ws/src/build/wall_follower': CMAKE_PREFIX_PATH=${CMAKE_PREFIX_PATH}:/home/rsa/colcon_ws/install/cv_basics:/opt/ros/foxy PS1=\u@\h \[\e[32m\]\w \[\e[91m\]$(parse_git_branch)\[\e[00m\]$ /bin/cmake /home/rsa/colcon_ws/src/wall_follower -DCMAKE_INSTALL_PREFIX=/home/rsa/colcon_ws/src/install/wall_follower
[0.152s] -- The C compiler identification is GNU 9.4.0
[0.200s] -- The CXX compiler identification is GNU 9.4.0
[0.205s] -- Check for working C compiler: /bin/cc
[0.267s] -- Check for working C compiler: /bin/cc -- works
[0.267s] -- Detecting C compiler ABI info
[0.324s] -- Detecting C compiler ABI info - done
[0.331s] -- Detecting C compile features
[0.331s] -- Detecting C compile features - done
[0.333s] -- Check for working CXX compiler: /bin/c++
[0.399s] -- Check for working CXX compiler: /bin/c++ -- works
[0.400s] -- Detecting CXX compiler ABI info
[0.466s] -- Detecting CXX compiler ABI info - done
[0.476s] -- Detecting CXX compile features
[0.476s] -- Detecting CXX compile features - done
[0.478s] -- Found ament_cmake: 0.9.12 (/opt/ros/foxy/share/ament_cmake/cmake)
[0.502s] -- Found PythonInterp: /bin/python3 (found suitable version "3.8.10", minimum required is "3") 
[0.502s] -- Using PYTHON_EXECUTABLE: /bin/python3
[0.639s] -- Found geometry_msgs: 2.0.5 (/opt/ros/foxy/share/geometry_msgs/cmake)
[0.688s] -- Using all available rosidl_typesupport_c: rosidl_typesupport_fastrtps_c;rosidl_typesupport_introspection_c
[0.699s] -- Found rosidl_adapter: 1.3.1 (/opt/ros/foxy/share/rosidl_adapter/cmake)
[0.797s] -- Found OpenSSL: /usr/lib/x86_64-linux-gnu/libcrypto.so (found version "1.1.1f")  
[0.834s] -- Found FastRTPS: /opt/ros/foxy/include  
[0.921s] -- Using all available rosidl_typesupport_cpp: rosidl_typesupport_fastrtps_cpp;rosidl_typesupport_introspection_cpp
[1.001s] -- Found nav_msgs: 2.0.5 (/opt/ros/foxy/share/nav_msgs/cmake)
[1.060s] -- Found rclcpp: 2.4.3 (/opt/ros/foxy/share/rclcpp/cmake)
[1.117s] -- Found rmw_implementation_cmake: 1.0.4 (/opt/ros/foxy/share/rmw_implementation_cmake/cmake)
[1.119s] -- Using RMW implementation 'rmw_fastrtps_cpp' as default
[1.121s] -- Looking for pthread.h
[1.185s] -- Looking for pthread.h - found
[1.185s] -- Performing Test CMAKE_HAVE_LIBC_PTHREAD
[1.249s] -- Performing Test CMAKE_HAVE_LIBC_PTHREAD - Failed
[1.249s] -- Looking for pthread_create in pthreads
[1.302s] -- Looking for pthread_create in pthreads - not found
[1.302s] -- Looking for pthread_create in pthread
[1.366s] -- Looking for pthread_create in pthread - found
[1.367s] -- Found Threads: TRUE  
[1.507s] -- Found sensor_msgs: 2.0.5 (/opt/ros/foxy/share/sensor_msgs/cmake)
[1.589s] -- Found tf2: 0.13.14 (/opt/ros/foxy/share/tf2/cmake)
[1.661s] -- Configuring done
[1.669s] -- Generating done
[1.671s] -- Build files have been written to: /home/rsa/colcon_ws/src/build/wall_follower
[1.679s] Invoked command in '/home/rsa/colcon_ws/src/build/wall_follower' returned '0': CMAKE_PREFIX_PATH=${CMAKE_PREFIX_PATH}:/home/rsa/colcon_ws/install/cv_basics:/opt/ros/foxy PS1=\u@\h \[\e[32m\]\w \[\e[91m\]$(parse_git_branch)\[\e[00m\]$ /bin/cmake /home/rsa/colcon_ws/src/wall_follower -DCMAKE_INSTALL_PREFIX=/home/rsa/colcon_ws/src/install/wall_follower
[1.683s] Invoking command in '/home/rsa/colcon_ws/src/build/wall_follower': CMAKE_PREFIX_PATH=${CMAKE_PREFIX_PATH}:/home/rsa/colcon_ws/install/cv_basics:/opt/ros/foxy PS1=\u@\h \[\e[32m\]\w \[\e[91m\]$(parse_git_branch)\[\e[00m\]$ /bin/cmake --build /home/rsa/colcon_ws/src/build/wall_follower -- -j16 -l16
[1.725s] [35m[1mScanning dependencies of target wall_follower[0m
[1.756s] [ 50%] [32mBuilding CXX object CMakeFiles/wall_follower.dir/src/wall_follower.cpp.o[0m
[7.411s] [100%] [32m[1mLinking CXX executable wall_follower[0m
[7.662s] [100%] Built target wall_follower
[7.674s] Invoked command in '/home/rsa/colcon_ws/src/build/wall_follower' returned '0': CMAKE_PREFIX_PATH=${CMAKE_PREFIX_PATH}:/home/rsa/colcon_ws/install/cv_basics:/opt/ros/foxy PS1=\u@\h \[\e[32m\]\w \[\e[91m\]$(parse_git_branch)\[\e[00m\]$ /bin/cmake --build /home/rsa/colcon_ws/src/build/wall_follower -- -j16 -l16
[7.706s] Invoking command in '/home/rsa/colcon_ws/src/build/wall_follower': CMAKE_PREFIX_PATH=${CMAKE_PREFIX_PATH}:/home/rsa/colcon_ws/install/cv_basics:/opt/ros/foxy PS1=\u@\h \[\e[32m\]\w \[\e[91m\]$(parse_git_branch)\[\e[00m\]$ /bin/cmake --install /home/rsa/colcon_ws/src/build/wall_follower
[7.712s] -- Install configuration: ""
[7.712s] -- Installing: /home/rsa/colcon_ws/src/install/wall_follower/lib/wall_follower/wall_follower
[7.714s] -- Set runtime path of "/home/rsa/colcon_ws/src/install/wall_follower/lib/wall_follower/wall_follower" to ""
[7.714s] -- Installing: /home/rsa/colcon_ws/src/install/wall_follower/share/wall_follower//launch
[7.714s] -- Installing: /home/rsa/colcon_ws/src/install/wall_follower/include/
[7.714s] -- Installing: /home/rsa/colcon_ws/src/install/wall_follower/include//wall_follower
[7.714s] -- Installing: /home/rsa/colcon_ws/src/install/wall_follower/include//wall_follower/wall_follower.hpp
[7.715s] -- Installing: /home/rsa/colcon_ws/src/install/wall_follower/share/ament_index/resource_index/package_run_dependencies/wall_follower
[7.715s] -- Installing: /home/rsa/colcon_ws/src/install/wall_follower/share/ament_index/resource_index/parent_prefix_path/wall_follower
[7.715s] -- Installing: /home/rsa/colcon_ws/src/install/wall_follower/share/wall_follower/environment/ament_prefix_path.sh
[7.715s] -- Installing: /home/rsa/colcon_ws/src/install/wall_follower/share/wall_follower/environment/ament_prefix_path.dsv
[7.716s] -- Installing: /home/rsa/colcon_ws/src/install/wall_follower/share/wall_follower/environment/path.sh
[7.716s] -- Installing: /home/rsa/colcon_ws/src/install/wall_follower/share/wall_follower/environment/path.dsv
[7.716s] -- Installing: /home/rsa/colcon_ws/src/install/wall_follower/share/wall_follower/local_setup.bash
[7.716s] -- Installing: /home/rsa/colcon_ws/src/install/wall_follower/share/wall_follower/local_setup.sh
[7.716s] -- Installing: /home/rsa/colcon_ws/src/install/wall_follower/share/wall_follower/local_setup.zsh
[7.716s] -- Installing: /home/rsa/colcon_ws/src/install/wall_follower/share/wall_follower/local_setup.dsv
[7.716s] -- Installing: /home/rsa/colcon_ws/src/install/wall_follower/share/wall_follower/package.dsv
[7.716s] -- Installing: /home/rsa/colcon_ws/src/install/wall_follower/share/ament_index/resource_index/packages/wall_follower
[7.716s] -- Installing: /home/rsa/colcon_ws/src/install/wall_follower/share/wall_follower/cmake/ament_cmake_export_include_directories-extras.cmake
[7.716s] -- Installing: /home/rsa/colcon_ws/src/install/wall_follower/share/wall_follower/cmake/ament_cmake_export_dependencies-extras.cmake
[7.716s] -- Installing: /home/rsa/colcon_ws/src/install/wall_follower/share/wall_follower/cmake/wall_followerConfig.cmake
[7.716s] -- Installing: /home/rsa/colcon_ws/src/install/wall_follower/share/wall_follower/cmake/wall_followerConfig-version.cmake
[7.717s] -- Installing: /home/rsa/colcon_ws/src/install/wall_follower/share/wall_follower/package.xml
[7.718s] Invoked command in '/home/rsa/colcon_ws/src/build/wall_follower' returned '0': CMAKE_PREFIX_PATH=${CMAKE_PREFIX_PATH}:/home/rsa/colcon_ws/install/cv_basics:/opt/ros/foxy PS1=\u@\h \[\e[32m\]\w \[\e[91m\]$(parse_git_branch)\[\e[00m\]$ /bin/cmake --install /home/rsa/colcon_ws/src/build/wall_follower
