[0.186s] DEBUG:colcon:Command line arguments: ['/usr/bin/colcon', 'build', '--symlink-install']
[0.187s] DEBUG:colcon:Parsed command line arguments: Namespace(allow_overriding=[], ament_cmake_args=None, base_paths=['.'], build_base='build', catkin_cmake_args=None, catkin_skip_building_tests=False, cmake_args=None, cmake_clean_cache=False, cmake_clean_first=False, cmake_force_configure=False, cmake_target=None, cmake_target_skip_unavailable=False, continue_on_error=False, event_handlers=None, executor='parallel', ignore_user_meta=False, install_base='install', log_base=None, log_level=None, main=<bound method BuildVerb.main of <colcon_core.verb.build.BuildVerb object at 0x7fc3cf4e9c10>>, merge_install=False, metas=['./colcon.meta'], packages_above=None, packages_above_and_dependencies=None, packages_above_depth=None, packages_end=None, packages_ignore=None, packages_ignore_regex=None, packages_select=None, packages_select_build_failed=False, packages_select_by_dep=None, packages_select_regex=None, packages_select_test_failures=False, packages_skip=None, packages_skip_build_finished=False, packages_skip_by_dep=None, packages_skip_regex=None, packages_skip_test_passed=False, packages_skip_up_to=None, packages_start=None, packages_up_to=None, packages_up_to_regex=None, parallel_workers=16, paths=None, symlink_install=True, test_result_base=None, verb_extension=<colcon_core.verb.build.BuildVerb object at 0x7fc3cf4e9c10>, verb_name='build', verb_parser=<colcon_defaults.argument_parser.defaults.DefaultArgumentsDecorator object at 0x7fc3cf4731c0>)
[0.216s] Level 1:colcon.colcon_core.package_discovery:discover_packages(colcon_meta) check parameters
[0.216s] Level 1:colcon.colcon_core.package_discovery:discover_packages(recursive) check parameters
[0.216s] Level 1:colcon.colcon_core.package_discovery:discover_packages(ignore) check parameters
[0.216s] Level 1:colcon.colcon_core.package_discovery:discover_packages(path) check parameters
[0.216s] Level 1:colcon.colcon_core.package_discovery:discover_packages(colcon_meta) discover
[0.217s] Level 1:colcon.colcon_core.package_discovery:discover_packages(recursive) discover
[0.217s] INFO:colcon.colcon_core.package_discovery:Crawling recursively for packages in '/home/rsa/colcon_ws'
[0.217s] Level 1:colcon.colcon_core.package_identification:_identify(.) by extensions ['ignore', 'ignore_ament_install']
[0.217s] Level 1:colcon.colcon_core.package_identification:_identify(.) by extension 'ignore'
[0.217s] Level 1:colcon.colcon_core.package_identification:_identify(.) by extension 'ignore_ament_install'
[0.217s] Level 1:colcon.colcon_core.package_identification:_identify(.) by extensions ['colcon_pkg']
[0.217s] Level 1:colcon.colcon_core.package_identification:_identify(.) by extension 'colcon_pkg'
[0.217s] Level 1:colcon.colcon_core.package_identification:_identify(.) by extensions ['colcon_meta']
[0.217s] Level 1:colcon.colcon_core.package_identification:_identify(.) by extension 'colcon_meta'
[0.217s] Level 1:colcon.colcon_core.package_identification:_identify(.) by extensions ['ros']
[0.217s] Level 1:colcon.colcon_core.package_identification:_identify(.) by extension 'ros'
[0.229s] Level 1:colcon.colcon_core.package_identification:_identify(.) by extensions ['cmake', 'python']
[0.229s] Level 1:colcon.colcon_core.package_identification:_identify(.) by extension 'cmake'
[0.229s] Level 1:colcon.colcon_core.package_identification:_identify(.) by extension 'python'
[0.229s] Level 1:colcon.colcon_core.package_identification:_identify(.) by extensions ['python_setup_py']
[0.229s] Level 1:colcon.colcon_core.package_identification:_identify(.) by extension 'python_setup_py'
[0.230s] Level 1:colcon.colcon_core.package_identification:_identify(build) by extensions ['ignore', 'ignore_ament_install']
[0.230s] Level 1:colcon.colcon_core.package_identification:_identify(build) by extension 'ignore'
[0.230s] Level 1:colcon.colcon_core.package_identification:_identify(build) ignored
[0.230s] Level 1:colcon.colcon_core.package_identification:_identify(install) by extensions ['ignore', 'ignore_ament_install']
[0.230s] Level 1:colcon.colcon_core.package_identification:_identify(install) by extension 'ignore'
[0.230s] Level 1:colcon.colcon_core.package_identification:_identify(install) ignored
[0.230s] Level 1:colcon.colcon_core.package_identification:_identify(log) by extensions ['ignore', 'ignore_ament_install']
[0.230s] Level 1:colcon.colcon_core.package_identification:_identify(log) by extension 'ignore'
[0.230s] Level 1:colcon.colcon_core.package_identification:_identify(log) ignored
[0.230s] Level 1:colcon.colcon_core.package_identification:_identify(src) by extensions ['ignore', 'ignore_ament_install']
[0.231s] Level 1:colcon.colcon_core.package_identification:_identify(src) by extension 'ignore'
[0.231s] Level 1:colcon.colcon_core.package_identification:_identify(src) by extension 'ignore_ament_install'
[0.231s] Level 1:colcon.colcon_core.package_identification:_identify(src) by extensions ['colcon_pkg']
[0.231s] Level 1:colcon.colcon_core.package_identification:_identify(src) by extension 'colcon_pkg'
[0.231s] Level 1:colcon.colcon_core.package_identification:_identify(src) by extensions ['colcon_meta']
[0.231s] Level 1:colcon.colcon_core.package_identification:_identify(src) by extension 'colcon_meta'
[0.231s] Level 1:colcon.colcon_core.package_identification:_identify(src) by extensions ['ros']
[0.231s] Level 1:colcon.colcon_core.package_identification:_identify(src) by extension 'ros'
[0.231s] Level 1:colcon.colcon_core.package_identification:_identify(src) by extensions ['cmake', 'python']
[0.231s] Level 1:colcon.colcon_core.package_identification:_identify(src) by extension 'cmake'
[0.231s] Level 1:colcon.colcon_core.package_identification:_identify(src) by extension 'python'
[0.231s] Level 1:colcon.colcon_core.package_identification:_identify(src) by extensions ['python_setup_py']
[0.232s] Level 1:colcon.colcon_core.package_identification:_identify(src) by extension 'python_setup_py'
[0.232s] Level 1:colcon.colcon_core.package_identification:_identify(src/cv_basics) by extensions ['ignore', 'ignore_ament_install']
[0.232s] Level 1:colcon.colcon_core.package_identification:_identify(src/cv_basics) by extension 'ignore'
[0.232s] Level 1:colcon.colcon_core.package_identification:_identify(src/cv_basics) by extension 'ignore_ament_install'
[0.232s] Level 1:colcon.colcon_core.package_identification:_identify(src/cv_basics) by extensions ['colcon_pkg']
[0.232s] Level 1:colcon.colcon_core.package_identification:_identify(src/cv_basics) by extension 'colcon_pkg'
[0.232s] Level 1:colcon.colcon_core.package_identification:_identify(src/cv_basics) by extensions ['colcon_meta']
[0.232s] Level 1:colcon.colcon_core.package_identification:_identify(src/cv_basics) by extension 'colcon_meta'
[0.232s] Level 1:colcon.colcon_core.package_identification:_identify(src/cv_basics) by extensions ['ros']
[0.232s] Level 1:colcon.colcon_core.package_identification:_identify(src/cv_basics) by extension 'ros'
[0.236s] DEBUG:colcon.colcon_core.package_identification:Package 'src/cv_basics' with type 'ros.ament_python' and name 'cv_basics'
[0.237s] Level 1:colcon.colcon_core.package_identification:_identify(src/turtlebot3_simulations) by extensions ['ignore', 'ignore_ament_install']
[0.237s] Level 1:colcon.colcon_core.package_identification:_identify(src/turtlebot3_simulations) by extension 'ignore'
[0.237s] Level 1:colcon.colcon_core.package_identification:_identify(src/turtlebot3_simulations) by extension 'ignore_ament_install'
[0.237s] Level 1:colcon.colcon_core.package_identification:_identify(src/turtlebot3_simulations) by extensions ['colcon_pkg']
[0.237s] Level 1:colcon.colcon_core.package_identification:_identify(src/turtlebot3_simulations) by extension 'colcon_pkg'
[0.237s] Level 1:colcon.colcon_core.package_identification:_identify(src/turtlebot3_simulations) by extensions ['colcon_meta']
[0.237s] Level 1:colcon.colcon_core.package_identification:_identify(src/turtlebot3_simulations) by extension 'colcon_meta'
[0.237s] Level 1:colcon.colcon_core.package_identification:_identify(src/turtlebot3_simulations) by extensions ['ros']
[0.237s] Level 1:colcon.colcon_core.package_identification:_identify(src/turtlebot3_simulations) by extension 'ros'
[0.237s] Level 1:colcon.colcon_core.package_identification:_identify(src/turtlebot3_simulations) by extensions ['cmake', 'python']
[0.237s] Level 1:colcon.colcon_core.package_identification:_identify(src/turtlebot3_simulations) by extension 'cmake'
[0.237s] Level 1:colcon.colcon_core.package_identification:_identify(src/turtlebot3_simulations) by extension 'python'
[0.237s] Level 1:colcon.colcon_core.package_identification:_identify(src/turtlebot3_simulations) by extensions ['python_setup_py']
[0.237s] Level 1:colcon.colcon_core.package_identification:_identify(src/turtlebot3_simulations) by extension 'python_setup_py'
[0.237s] Level 1:colcon.colcon_core.package_identification:_identify(src/turtlebot3_simulations/turtlebot3_fake_node) by extensions ['ignore', 'ignore_ament_install']
[0.237s] Level 1:colcon.colcon_core.package_identification:_identify(src/turtlebot3_simulations/turtlebot3_fake_node) by extension 'ignore'
[0.237s] Level 1:colcon.colcon_core.package_identification:_identify(src/turtlebot3_simulations/turtlebot3_fake_node) by extension 'ignore_ament_install'
[0.238s] Level 1:colcon.colcon_core.package_identification:_identify(src/turtlebot3_simulations/turtlebot3_fake_node) by extensions ['colcon_pkg']
[0.238s] Level 1:colcon.colcon_core.package_identification:_identify(src/turtlebot3_simulations/turtlebot3_fake_node) by extension 'colcon_pkg'
[0.238s] Level 1:colcon.colcon_core.package_identification:_identify(src/turtlebot3_simulations/turtlebot3_fake_node) by extensions ['colcon_meta']
[0.238s] Level 1:colcon.colcon_core.package_identification:_identify(src/turtlebot3_simulations/turtlebot3_fake_node) by extension 'colcon_meta'
[0.238s] Level 1:colcon.colcon_core.package_identification:_identify(src/turtlebot3_simulations/turtlebot3_fake_node) by extensions ['ros']
[0.238s] Level 1:colcon.colcon_core.package_identification:_identify(src/turtlebot3_simulations/turtlebot3_fake_node) by extension 'ros'
[0.240s] DEBUG:colcon.colcon_core.package_identification:Package 'src/turtlebot3_simulations/turtlebot3_fake_node' with type 'ros.ament_cmake' and name 'turtlebot3_fake_node'
[0.241s] Level 1:colcon.colcon_core.package_identification:_identify(src/turtlebot3_simulations/turtlebot3_gazebo) by extensions ['ignore', 'ignore_ament_install']
[0.241s] Level 1:colcon.colcon_core.package_identification:_identify(src/turtlebot3_simulations/turtlebot3_gazebo) by extension 'ignore'
[0.241s] Level 1:colcon.colcon_core.package_identification:_identify(src/turtlebot3_simulations/turtlebot3_gazebo) by extension 'ignore_ament_install'
[0.241s] Level 1:colcon.colcon_core.package_identification:_identify(src/turtlebot3_simulations/turtlebot3_gazebo) by extensions ['colcon_pkg']
[0.241s] Level 1:colcon.colcon_core.package_identification:_identify(src/turtlebot3_simulations/turtlebot3_gazebo) by extension 'colcon_pkg'
[0.241s] Level 1:colcon.colcon_core.package_identification:_identify(src/turtlebot3_simulations/turtlebot3_gazebo) by extensions ['colcon_meta']
[0.241s] Level 1:colcon.colcon_core.package_identification:_identify(src/turtlebot3_simulations/turtlebot3_gazebo) by extension 'colcon_meta'
[0.241s] Level 1:colcon.colcon_core.package_identification:_identify(src/turtlebot3_simulations/turtlebot3_gazebo) by extensions ['ros']
[0.241s] Level 1:colcon.colcon_core.package_identification:_identify(src/turtlebot3_simulations/turtlebot3_gazebo) by extension 'ros'
[0.242s] DEBUG:colcon.colcon_core.package_identification:Package 'src/turtlebot3_simulations/turtlebot3_gazebo' with type 'ros.ament_cmake' and name 'turtlebot3_gazebo'
[0.242s] Level 1:colcon.colcon_core.package_identification:_identify(src/turtlebot3_simulations/turtlebot3_simulations) by extensions ['ignore', 'ignore_ament_install']
[0.242s] Level 1:colcon.colcon_core.package_identification:_identify(src/turtlebot3_simulations/turtlebot3_simulations) by extension 'ignore'
[0.242s] Level 1:colcon.colcon_core.package_identification:_identify(src/turtlebot3_simulations/turtlebot3_simulations) by extension 'ignore_ament_install'
[0.242s] Level 1:colcon.colcon_core.package_identification:_identify(src/turtlebot3_simulations/turtlebot3_simulations) by extensions ['colcon_pkg']
[0.242s] Level 1:colcon.colcon_core.package_identification:_identify(src/turtlebot3_simulations/turtlebot3_simulations) by extension 'colcon_pkg'
[0.242s] Level 1:colcon.colcon_core.package_identification:_identify(src/turtlebot3_simulations/turtlebot3_simulations) by extensions ['colcon_meta']
[0.242s] Level 1:colcon.colcon_core.package_identification:_identify(src/turtlebot3_simulations/turtlebot3_simulations) by extension 'colcon_meta'
[0.242s] Level 1:colcon.colcon_core.package_identification:_identify(src/turtlebot3_simulations/turtlebot3_simulations) by extensions ['ros']
[0.242s] Level 1:colcon.colcon_core.package_identification:_identify(src/turtlebot3_simulations/turtlebot3_simulations) by extension 'ros'
[0.243s] DEBUG:colcon.colcon_core.package_identification:Package 'src/turtlebot3_simulations/turtlebot3_simulations' with type 'ros.ament_cmake' and name 'turtlebot3_simulations'
[0.243s] Level 1:colcon.colcon_core.package_identification:_identify(src/wall_follower) by extensions ['ignore', 'ignore_ament_install']
[0.243s] Level 1:colcon.colcon_core.package_identification:_identify(src/wall_follower) by extension 'ignore'
[0.243s] Level 1:colcon.colcon_core.package_identification:_identify(src/wall_follower) by extension 'ignore_ament_install'
[0.243s] Level 1:colcon.colcon_core.package_identification:_identify(src/wall_follower) by extensions ['colcon_pkg']
[0.243s] Level 1:colcon.colcon_core.package_identification:_identify(src/wall_follower) by extension 'colcon_pkg'
[0.243s] Level 1:colcon.colcon_core.package_identification:_identify(src/wall_follower) by extensions ['colcon_meta']
[0.243s] Level 1:colcon.colcon_core.package_identification:_identify(src/wall_follower) by extension 'colcon_meta'
[0.243s] Level 1:colcon.colcon_core.package_identification:_identify(src/wall_follower) by extensions ['ros']
[0.243s] Level 1:colcon.colcon_core.package_identification:_identify(src/wall_follower) by extension 'ros'
[0.244s] DEBUG:colcon.colcon_core.package_identification:Package 'src/wall_follower' with type 'ros.ament_cmake' and name 'wall_follower'
[0.244s] Level 1:colcon.colcon_core.package_discovery:discover_packages(recursive) using defaults
[0.244s] Level 1:colcon.colcon_core.package_discovery:discover_packages(ignore) discover
[0.244s] Level 1:colcon.colcon_core.package_discovery:discover_packages(ignore) using defaults
[0.244s] Level 1:colcon.colcon_core.package_discovery:discover_packages(path) discover
[0.244s] Level 1:colcon.colcon_core.package_discovery:discover_packages(path) using defaults
[0.276s] Level 1:colcon.colcon_core.package_discovery:discover_packages(prefix_path) check parameters
[0.276s] Level 1:colcon.colcon_core.package_discovery:discover_packages(prefix_path) discover
[0.278s] DEBUG:colcon.colcon_installed_package_information.package_discovery:Found 5 installed packages in /home/rsa/colcon_ws/install
[0.280s] DEBUG:colcon.colcon_installed_package_information.package_discovery:Found 332 installed packages in /opt/ros/foxy
[0.282s] Level 1:colcon.colcon_core.package_discovery:discover_packages(prefix_path) using defaults
[0.365s] Level 5:colcon.colcon_core.verb:set package 'cv_basics' build argument 'cmake_args' from command line to 'None'
[0.365s] Level 5:colcon.colcon_core.verb:set package 'cv_basics' build argument 'cmake_target' from command line to 'None'
[0.365s] Level 5:colcon.colcon_core.verb:set package 'cv_basics' build argument 'cmake_target_skip_unavailable' from command line to 'False'
[0.365s] Level 5:colcon.colcon_core.verb:set package 'cv_basics' build argument 'cmake_clean_cache' from command line to 'False'
[0.366s] Level 5:colcon.colcon_core.verb:set package 'cv_basics' build argument 'cmake_clean_first' from command line to 'False'
[0.366s] Level 5:colcon.colcon_core.verb:set package 'cv_basics' build argument 'cmake_force_configure' from command line to 'False'
[0.366s] Level 5:colcon.colcon_core.verb:set package 'cv_basics' build argument 'ament_cmake_args' from command line to 'None'
[0.366s] Level 5:colcon.colcon_core.verb:set package 'cv_basics' build argument 'catkin_cmake_args' from command line to 'None'
[0.366s] Level 5:colcon.colcon_core.verb:set package 'cv_basics' build argument 'catkin_skip_building_tests' from command line to 'False'
[0.366s] DEBUG:colcon.colcon_core.verb:Building package 'cv_basics' with the following arguments: {'ament_cmake_args': None, 'build_base': '/home/rsa/colcon_ws/build/cv_basics', 'catkin_cmake_args': None, 'catkin_skip_building_tests': False, 'cmake_args': None, 'cmake_clean_cache': False, 'cmake_clean_first': False, 'cmake_force_configure': False, 'cmake_target': None, 'cmake_target_skip_unavailable': False, 'install_base': '/home/rsa/colcon_ws/install/cv_basics', 'merge_install': False, 'path': '/home/rsa/colcon_ws/src/cv_basics', 'symlink_install': True, 'test_result_base': None}
[0.368s] Level 5:colcon.colcon_core.verb:set package 'turtlebot3_fake_node' build argument 'cmake_args' from command line to 'None'
[0.368s] Level 5:colcon.colcon_core.verb:set package 'turtlebot3_fake_node' build argument 'cmake_target' from command line to 'None'
[0.368s] Level 5:colcon.colcon_core.verb:set package 'turtlebot3_fake_node' build argument 'cmake_target_skip_unavailable' from command line to 'False'
[0.368s] Level 5:colcon.colcon_core.verb:set package 'turtlebot3_fake_node' build argument 'cmake_clean_cache' from command line to 'False'
[0.368s] Level 5:colcon.colcon_core.verb:set package 'turtlebot3_fake_node' build argument 'cmake_clean_first' from command line to 'False'
[0.368s] Level 5:colcon.colcon_core.verb:set package 'turtlebot3_fake_node' build argument 'cmake_force_configure' from command line to 'False'
[0.368s] Level 5:colcon.colcon_core.verb:set package 'turtlebot3_fake_node' build argument 'ament_cmake_args' from command line to 'None'
[0.368s] Level 5:colcon.colcon_core.verb:set package 'turtlebot3_fake_node' build argument 'catkin_cmake_args' from command line to 'None'
[0.368s] Level 5:colcon.colcon_core.verb:set package 'turtlebot3_fake_node' build argument 'catkin_skip_building_tests' from command line to 'False'
[0.368s] DEBUG:colcon.colcon_core.verb:Building package 'turtlebot3_fake_node' with the following arguments: {'ament_cmake_args': None, 'build_base': '/home/rsa/colcon_ws/build/turtlebot3_fake_node', 'catkin_cmake_args': None, 'catkin_skip_building_tests': False, 'cmake_args': None, 'cmake_clean_cache': False, 'cmake_clean_first': False, 'cmake_force_configure': False, 'cmake_target': None, 'cmake_target_skip_unavailable': False, 'install_base': '/home/rsa/colcon_ws/install/turtlebot3_fake_node', 'merge_install': False, 'path': '/home/rsa/colcon_ws/src/turtlebot3_simulations/turtlebot3_fake_node', 'symlink_install': True, 'test_result_base': None}
[0.369s] Level 5:colcon.colcon_core.verb:set package 'turtlebot3_gazebo' build argument 'cmake_args' from command line to 'None'
[0.369s] Level 5:colcon.colcon_core.verb:set package 'turtlebot3_gazebo' build argument 'cmake_target' from command line to 'None'
[0.369s] Level 5:colcon.colcon_core.verb:set package 'turtlebot3_gazebo' build argument 'cmake_target_skip_unavailable' from command line to 'False'
[0.369s] Level 5:colcon.colcon_core.verb:set package 'turtlebot3_gazebo' build argument 'cmake_clean_cache' from command line to 'False'
[0.369s] Level 5:colcon.colcon_core.verb:set package 'turtlebot3_gazebo' build argument 'cmake_clean_first' from command line to 'False'
[0.369s] Level 5:colcon.colcon_core.verb:set package 'turtlebot3_gazebo' build argument 'cmake_force_configure' from command line to 'False'
[0.369s] Level 5:colcon.colcon_core.verb:set package 'turtlebot3_gazebo' build argument 'ament_cmake_args' from command line to 'None'
[0.369s] Level 5:colcon.colcon_core.verb:set package 'turtlebot3_gazebo' build argument 'catkin_cmake_args' from command line to 'None'
[0.369s] Level 5:colcon.colcon_core.verb:set package 'turtlebot3_gazebo' build argument 'catkin_skip_building_tests' from command line to 'False'
[0.369s] DEBUG:colcon.colcon_core.verb:Building package 'turtlebot3_gazebo' with the following arguments: {'ament_cmake_args': None, 'build_base': '/home/rsa/colcon_ws/build/turtlebot3_gazebo', 'catkin_cmake_args': None, 'catkin_skip_building_tests': False, 'cmake_args': None, 'cmake_clean_cache': False, 'cmake_clean_first': False, 'cmake_force_configure': False, 'cmake_target': None, 'cmake_target_skip_unavailable': False, 'install_base': '/home/rsa/colcon_ws/install/turtlebot3_gazebo', 'merge_install': False, 'path': '/home/rsa/colcon_ws/src/turtlebot3_simulations/turtlebot3_gazebo', 'symlink_install': True, 'test_result_base': None}
[0.371s] Level 5:colcon.colcon_core.verb:set package 'wall_follower' build argument 'cmake_args' from command line to 'None'
[0.371s] Level 5:colcon.colcon_core.verb:set package 'wall_follower' build argument 'cmake_target' from command line to 'None'
[0.371s] Level 5:colcon.colcon_core.verb:set package 'wall_follower' build argument 'cmake_target_skip_unavailable' from command line to 'False'
[0.371s] Level 5:colcon.colcon_core.verb:set package 'wall_follower' build argument 'cmake_clean_cache' from command line to 'False'
[0.371s] Level 5:colcon.colcon_core.verb:set package 'wall_follower' build argument 'cmake_clean_first' from command line to 'False'
[0.371s] Level 5:colcon.colcon_core.verb:set package 'wall_follower' build argument 'cmake_force_configure' from command line to 'False'
[0.371s] Level 5:colcon.colcon_core.verb:set package 'wall_follower' build argument 'ament_cmake_args' from command line to 'None'
[0.371s] Level 5:colcon.colcon_core.verb:set package 'wall_follower' build argument 'catkin_cmake_args' from command line to 'None'
[0.371s] Level 5:colcon.colcon_core.verb:set package 'wall_follower' build argument 'catkin_skip_building_tests' from command line to 'False'
[0.371s] DEBUG:colcon.colcon_core.verb:Building package 'wall_follower' with the following arguments: {'ament_cmake_args': None, 'build_base': '/home/rsa/colcon_ws/build/wall_follower', 'catkin_cmake_args': None, 'catkin_skip_building_tests': False, 'cmake_args': None, 'cmake_clean_cache': False, 'cmake_clean_first': False, 'cmake_force_configure': False, 'cmake_target': None, 'cmake_target_skip_unavailable': False, 'install_base': '/home/rsa/colcon_ws/install/wall_follower', 'merge_install': False, 'path': '/home/rsa/colcon_ws/src/wall_follower', 'symlink_install': True, 'test_result_base': None}
[0.372s] Level 5:colcon.colcon_core.verb:set package 'turtlebot3_simulations' build argument 'cmake_args' from command line to 'None'
[0.372s] Level 5:colcon.colcon_core.verb:set package 'turtlebot3_simulations' build argument 'cmake_target' from command line to 'None'
[0.372s] Level 5:colcon.colcon_core.verb:set package 'turtlebot3_simulations' build argument 'cmake_target_skip_unavailable' from command line to 'False'
[0.372s] Level 5:colcon.colcon_core.verb:set package 'turtlebot3_simulations' build argument 'cmake_clean_cache' from command line to 'False'
[0.372s] Level 5:colcon.colcon_core.verb:set package 'turtlebot3_simulations' build argument 'cmake_clean_first' from command line to 'False'
[0.372s] Level 5:colcon.colcon_core.verb:set package 'turtlebot3_simulations' build argument 'cmake_force_configure' from command line to 'False'
[0.373s] Level 5:colcon.colcon_core.verb:set package 'turtlebot3_simulations' build argument 'ament_cmake_args' from command line to 'None'
[0.373s] Level 5:colcon.colcon_core.verb:set package 'turtlebot3_simulations' build argument 'catkin_cmake_args' from command line to 'None'
[0.373s] Level 5:colcon.colcon_core.verb:set package 'turtlebot3_simulations' build argument 'catkin_skip_building_tests' from command line to 'False'
[0.373s] DEBUG:colcon.colcon_core.verb:Building package 'turtlebot3_simulations' with the following arguments: {'ament_cmake_args': None, 'build_base': '/home/rsa/colcon_ws/build/turtlebot3_simulations', 'catkin_cmake_args': None, 'catkin_skip_building_tests': False, 'cmake_args': None, 'cmake_clean_cache': False, 'cmake_clean_first': False, 'cmake_force_configure': False, 'cmake_target': None, 'cmake_target_skip_unavailable': False, 'install_base': '/home/rsa/colcon_ws/install/turtlebot3_simulations', 'merge_install': False, 'path': '/home/rsa/colcon_ws/src/turtlebot3_simulations/turtlebot3_simulations', 'symlink_install': True, 'test_result_base': None}
[0.373s] INFO:colcon.colcon_core.executor:Executing jobs using 'parallel' executor
[0.377s] DEBUG:colcon.colcon_parallel_executor.executor.parallel:run_until_complete
[0.378s] INFO:colcon.colcon_ros.task.ament_cmake.build:Building ROS package in '/home/rsa/colcon_ws/src/turtlebot3_simulations/turtlebot3_fake_node' with build type 'ament_cmake'
[0.378s] INFO:colcon.colcon_cmake.task.cmake.build:Building CMake package in '/home/rsa/colcon_ws/src/turtlebot3_simulations/turtlebot3_fake_node'
[0.383s] INFO:colcon.colcon_core.plugin_system:Skipping extension 'colcon_core.shell.bat': Not used on non-Windows systems
[0.384s] INFO:colcon.colcon_core.shell:Skip shell extension 'powershell' for command environment: Not usable outside of PowerShell
[0.384s] DEBUG:colcon.colcon_core.shell:Skip shell extension 'dsv' for command environment
[0.392s] INFO:colcon.colcon_ros.task.ament_cmake.build:Building ROS package in '/home/rsa/colcon_ws/src/turtlebot3_simulations/turtlebot3_gazebo' with build type 'ament_cmake'
[0.393s] INFO:colcon.colcon_cmake.task.cmake.build:Building CMake package in '/home/rsa/colcon_ws/src/turtlebot3_simulations/turtlebot3_gazebo'
[0.395s] INFO:colcon.colcon_core.shell:Skip shell extension 'powershell' for command environment: Not usable outside of PowerShell
[0.399s] DEBUG:colcon.colcon_core.shell:Skip shell extension 'dsv' for command environment
[0.407s] INFO:colcon.colcon_ros.task.ament_python.build:Building ROS package in '/home/rsa/colcon_ws/src/cv_basics' with build type 'ament_python'
[0.407s] Level 1:colcon.colcon_core.shell:create_environment_hook('cv_basics', 'ament_prefix_path')
[0.409s] INFO:colcon.colcon_core.shell:Creating environment hook '/home/rsa/colcon_ws/install/cv_basics/share/cv_basics/hook/ament_prefix_path.ps1'
[0.410s] INFO:colcon.colcon_core.shell:Creating environment descriptor '/home/rsa/colcon_ws/install/cv_basics/share/cv_basics/hook/ament_prefix_path.dsv'
[0.411s] INFO:colcon.colcon_core.shell:Creating environment hook '/home/rsa/colcon_ws/install/cv_basics/share/cv_basics/hook/ament_prefix_path.sh'
[0.413s] INFO:colcon.colcon_core.shell:Skip shell extension 'powershell' for command environment: Not usable outside of PowerShell
[0.414s] DEBUG:colcon.colcon_core.shell:Skip shell extension 'dsv' for command environment
[0.421s] INFO:colcon.colcon_ros.task.ament_cmake.build:Building ROS package in '/home/rsa/colcon_ws/src/wall_follower' with build type 'ament_cmake'
[0.423s] INFO:colcon.colcon_cmake.task.cmake.build:Building CMake package in '/home/rsa/colcon_ws/src/wall_follower'
[0.426s] INFO:colcon.colcon_core.shell:Skip shell extension 'powershell' for command environment: Not usable outside of PowerShell
[0.426s] DEBUG:colcon.colcon_core.shell:Skip shell extension 'dsv' for command environment
[0.446s] DEBUG:colcon.colcon_core.event_handler.log_command:Invoking command in '/home/rsa/colcon_ws/build/turtlebot3_fake_node': CMAKE_PREFIX_PATH=${CMAKE_PREFIX_PATH}:/home/rsa/colcon_ws/install/cv_basics:/opt/ros/foxy /usr/bin/cmake --build /home/rsa/colcon_ws/build/turtlebot3_fake_node -- -j16 -l16
[0.456s] DEBUG:colcon.colcon_core.event_handler.log_command:Invoking command in '/home/rsa/colcon_ws/build/turtlebot3_gazebo': CMAKE_PREFIX_PATH=${CMAKE_PREFIX_PATH}:/home/rsa/colcon_ws/install/cv_basics:/opt/ros/foxy /usr/bin/cmake --build /home/rsa/colcon_ws/build/turtlebot3_gazebo -- -j16 -l16
[0.701s] INFO:colcon.colcon_core.task.python.build:Building Python package in '/home/rsa/colcon_ws/src/cv_basics'
[0.703s] INFO:colcon.colcon_core.shell:Skip shell extension 'powershell' for command environment: Not usable outside of PowerShell
[0.703s] DEBUG:colcon.colcon_core.shell:Skip shell extension 'dsv' for command environment
[0.734s] DEBUG:colcon.colcon_core.event_handler.log_command:Invoking command in '/home/rsa/colcon_ws/build/wall_follower': CMAKE_PREFIX_PATH=${CMAKE_PREFIX_PATH}:/home/rsa/colcon_ws/install/cv_basics:/opt/ros/foxy /usr/bin/cmake --build /home/rsa/colcon_ws/build/wall_follower -- -j16 -l16
[0.739s] DEBUG:colcon.colcon_core.event_handler.log_command:Invoked command in '/home/rsa/colcon_ws/build/turtlebot3_fake_node' returned '0': CMAKE_PREFIX_PATH=${CMAKE_PREFIX_PATH}:/home/rsa/colcon_ws/install/cv_basics:/opt/ros/foxy /usr/bin/cmake --build /home/rsa/colcon_ws/build/turtlebot3_fake_node -- -j16 -l16
[0.741s] DEBUG:colcon.colcon_core.event_handler.log_command:Invoked command in '/home/rsa/colcon_ws/build/turtlebot3_gazebo' returned '0': CMAKE_PREFIX_PATH=${CMAKE_PREFIX_PATH}:/home/rsa/colcon_ws/install/cv_basics:/opt/ros/foxy /usr/bin/cmake --build /home/rsa/colcon_ws/build/turtlebot3_gazebo -- -j16 -l16
[0.779s] DEBUG:colcon.colcon_core.event_handler.log_command:Invoking command in '/home/rsa/colcon_ws/build/turtlebot3_fake_node': CMAKE_PREFIX_PATH=${CMAKE_PREFIX_PATH}:/home/rsa/colcon_ws/install/cv_basics:/opt/ros/foxy /usr/bin/cmake --install /home/rsa/colcon_ws/build/turtlebot3_fake_node
[0.796s] DEBUG:colcon.colcon_core.event_handler.log_command:Invoking command in '/home/rsa/colcon_ws/build/turtlebot3_gazebo': CMAKE_PREFIX_PATH=${CMAKE_PREFIX_PATH}:/home/rsa/colcon_ws/install/cv_basics:/opt/ros/foxy /usr/bin/cmake --install /home/rsa/colcon_ws/build/turtlebot3_gazebo
[0.821s] Level 1:colcon.colcon_core.environment:create_environment_scripts_only(turtlebot3_fake_node)
[0.830s] DEBUG:colcon.colcon_core.event_handler.log_command:Invoked command in '/home/rsa/colcon_ws/build/turtlebot3_fake_node' returned '0': CMAKE_PREFIX_PATH=${CMAKE_PREFIX_PATH}:/home/rsa/colcon_ws/install/cv_basics:/opt/ros/foxy /usr/bin/cmake --install /home/rsa/colcon_ws/build/turtlebot3_fake_node
[0.862s] Level 1:colcon.colcon_core.environment:checking '/home/rsa/colcon_ws/install/turtlebot3_fake_node' for CMake module files
[0.863s] Level 1:colcon.colcon_core.environment:checking '/home/rsa/colcon_ws/install/turtlebot3_fake_node' for CMake config files
[0.864s] Level 1:colcon.colcon_core.shell:create_environment_hook('turtlebot3_fake_node', 'cmake_prefix_path')
[0.865s] INFO:colcon.colcon_core.shell:Creating environment hook '/home/rsa/colcon_ws/install/turtlebot3_fake_node/share/turtlebot3_fake_node/hook/cmake_prefix_path.ps1'
[0.866s] INFO:colcon.colcon_core.shell:Creating environment descriptor '/home/rsa/colcon_ws/install/turtlebot3_fake_node/share/turtlebot3_fake_node/hook/cmake_prefix_path.dsv'
[0.866s] INFO:colcon.colcon_core.shell:Creating environment hook '/home/rsa/colcon_ws/install/turtlebot3_fake_node/share/turtlebot3_fake_node/hook/cmake_prefix_path.sh'
[0.868s] Level 1:colcon.colcon_core.environment:checking '/home/rsa/colcon_ws/install/turtlebot3_fake_node/lib'
[0.868s] Level 1:colcon.colcon_core.environment:checking '/home/rsa/colcon_ws/install/turtlebot3_fake_node/bin'
[0.868s] Level 1:colcon.colcon_core.environment:checking '/home/rsa/colcon_ws/install/turtlebot3_fake_node/lib/pkgconfig/turtlebot3_fake_node.pc'
[0.869s] Level 1:colcon.colcon_core.environment:checking '/home/rsa/colcon_ws/install/turtlebot3_fake_node/lib/python3.8/site-packages'
[0.869s] Level 1:colcon.colcon_core.environment:checking '/home/rsa/colcon_ws/install/turtlebot3_fake_node/bin'
[0.871s] INFO:colcon.colcon_core.shell:Creating package script '/home/rsa/colcon_ws/install/turtlebot3_fake_node/share/turtlebot3_fake_node/package.ps1'
[0.873s] INFO:colcon.colcon_core.shell:Creating package descriptor '/home/rsa/colcon_ws/install/turtlebot3_fake_node/share/turtlebot3_fake_node/package.dsv'
[0.874s] INFO:colcon.colcon_core.shell:Creating package script '/home/rsa/colcon_ws/install/turtlebot3_fake_node/share/turtlebot3_fake_node/package.sh'
[0.875s] INFO:colcon.colcon_core.shell:Creating package script '/home/rsa/colcon_ws/install/turtlebot3_fake_node/share/turtlebot3_fake_node/package.bash'
[0.876s] INFO:colcon.colcon_core.shell:Creating package script '/home/rsa/colcon_ws/install/turtlebot3_fake_node/share/turtlebot3_fake_node/package.zsh'
[0.877s] Level 1:colcon.colcon_core.environment:create_file_with_runtime_dependencies(/home/rsa/colcon_ws/install/turtlebot3_fake_node/share/colcon-core/packages/turtlebot3_fake_node)
[0.883s] Level 1:colcon.colcon_core.environment:create_environment_scripts_only(turtlebot3_gazebo)
[0.887s] Level 1:colcon.colcon_core.environment:checking '/home/rsa/colcon_ws/install/turtlebot3_gazebo' for CMake module files
[0.888s] Level 1:colcon.colcon_core.environment:checking '/home/rsa/colcon_ws/install/turtlebot3_gazebo' for CMake config files
[0.888s] Level 1:colcon.colcon_core.shell:create_environment_hook('turtlebot3_gazebo', 'cmake_prefix_path')
[0.890s] INFO:colcon.colcon_core.shell:Creating environment hook '/home/rsa/colcon_ws/install/turtlebot3_gazebo/share/turtlebot3_gazebo/hook/cmake_prefix_path.ps1'
[0.891s] DEBUG:colcon.colcon_core.event_handler.log_command:Invoked command in '/home/rsa/colcon_ws/build/turtlebot3_gazebo' returned '0': CMAKE_PREFIX_PATH=${CMAKE_PREFIX_PATH}:/home/rsa/colcon_ws/install/cv_basics:/opt/ros/foxy /usr/bin/cmake --install /home/rsa/colcon_ws/build/turtlebot3_gazebo
[0.892s] INFO:colcon.colcon_core.shell:Creating environment descriptor '/home/rsa/colcon_ws/install/turtlebot3_gazebo/share/turtlebot3_gazebo/hook/cmake_prefix_path.dsv'
[0.892s] INFO:colcon.colcon_core.shell:Creating environment hook '/home/rsa/colcon_ws/install/turtlebot3_gazebo/share/turtlebot3_gazebo/hook/cmake_prefix_path.sh'
[0.893s] Level 1:colcon.colcon_core.environment:checking '/home/rsa/colcon_ws/install/turtlebot3_gazebo/lib'
[0.893s] Level 1:colcon.colcon_core.environment:checking '/home/rsa/colcon_ws/install/turtlebot3_gazebo/bin'
[0.893s] Level 1:colcon.colcon_core.environment:checking '/home/rsa/colcon_ws/install/turtlebot3_gazebo/lib/pkgconfig/turtlebot3_gazebo.pc'
[0.893s] Level 1:colcon.colcon_core.environment:checking '/home/rsa/colcon_ws/install/turtlebot3_gazebo/lib/python3.8/site-packages'
[0.893s] Level 1:colcon.colcon_core.environment:checking '/home/rsa/colcon_ws/install/turtlebot3_gazebo/bin'
[0.895s] INFO:colcon.colcon_core.shell:Creating package script '/home/rsa/colcon_ws/install/turtlebot3_gazebo/share/turtlebot3_gazebo/package.ps1'
[0.895s] INFO:colcon.colcon_core.shell:Creating package descriptor '/home/rsa/colcon_ws/install/turtlebot3_gazebo/share/turtlebot3_gazebo/package.dsv'
[0.895s] INFO:colcon.colcon_core.shell:Creating package script '/home/rsa/colcon_ws/install/turtlebot3_gazebo/share/turtlebot3_gazebo/package.sh'
[0.896s] INFO:colcon.colcon_core.shell:Creating package script '/home/rsa/colcon_ws/install/turtlebot3_gazebo/share/turtlebot3_gazebo/package.bash'
[0.896s] INFO:colcon.colcon_core.shell:Creating package script '/home/rsa/colcon_ws/install/turtlebot3_gazebo/share/turtlebot3_gazebo/package.zsh'
[0.897s] Level 1:colcon.colcon_core.environment:create_file_with_runtime_dependencies(/home/rsa/colcon_ws/install/turtlebot3_gazebo/share/colcon-core/packages/turtlebot3_gazebo)
[0.925s] Level 1:colcon.colcon_core.environment:create_environment_scripts_only(turtlebot3_fake_node)
[0.928s] Level 1:colcon.colcon_core.environment:checking '/home/rsa/colcon_ws/install/turtlebot3_fake_node' for CMake module files
[0.929s] Level 1:colcon.colcon_core.environment:checking '/home/rsa/colcon_ws/install/turtlebot3_fake_node' for CMake config files
[0.929s] Level 1:colcon.colcon_core.shell:create_environment_hook('turtlebot3_fake_node', 'cmake_prefix_path')
[0.932s] INFO:colcon.colcon_core.shell:Creating environment hook '/home/rsa/colcon_ws/install/turtlebot3_fake_node/share/turtlebot3_fake_node/hook/cmake_prefix_path.ps1'
[0.933s] INFO:colcon.colcon_core.shell:Creating environment descriptor '/home/rsa/colcon_ws/install/turtlebot3_fake_node/share/turtlebot3_fake_node/hook/cmake_prefix_path.dsv'
[0.934s] INFO:colcon.colcon_core.shell:Creating environment hook '/home/rsa/colcon_ws/install/turtlebot3_fake_node/share/turtlebot3_fake_node/hook/cmake_prefix_path.sh'
[0.934s] Level 1:colcon.colcon_core.environment:checking '/home/rsa/colcon_ws/install/turtlebot3_fake_node/lib'
[0.935s] Level 1:colcon.colcon_core.environment:checking '/home/rsa/colcon_ws/install/turtlebot3_fake_node/bin'
[0.935s] Level 1:colcon.colcon_core.environment:checking '/home/rsa/colcon_ws/install/turtlebot3_fake_node/lib/pkgconfig/turtlebot3_fake_node.pc'
[0.935s] Level 1:colcon.colcon_core.environment:checking '/home/rsa/colcon_ws/install/turtlebot3_fake_node/lib/python3.8/site-packages'
[0.935s] Level 1:colcon.colcon_core.environment:checking '/home/rsa/colcon_ws/install/turtlebot3_fake_node/bin'
[0.938s] INFO:colcon.colcon_core.shell:Creating package script '/home/rsa/colcon_ws/install/turtlebot3_fake_node/share/turtlebot3_fake_node/package.ps1'
[0.939s] INFO:colcon.colcon_core.shell:Creating package descriptor '/home/rsa/colcon_ws/install/turtlebot3_fake_node/share/turtlebot3_fake_node/package.dsv'
[0.940s] INFO:colcon.colcon_core.shell:Creating package script '/home/rsa/colcon_ws/install/turtlebot3_fake_node/share/turtlebot3_fake_node/package.sh'
[0.940s] INFO:colcon.colcon_core.shell:Creating package script '/home/rsa/colcon_ws/install/turtlebot3_fake_node/share/turtlebot3_fake_node/package.bash'
[0.941s] INFO:colcon.colcon_core.shell:Creating package script '/home/rsa/colcon_ws/install/turtlebot3_fake_node/share/turtlebot3_fake_node/package.zsh'
[0.941s] Level 1:colcon.colcon_core.environment:create_file_with_runtime_dependencies(/home/rsa/colcon_ws/install/turtlebot3_fake_node/share/colcon-core/packages/turtlebot3_fake_node)
[0.949s] Level 1:colcon.colcon_core.environment:create_environment_scripts_only(turtlebot3_gazebo)
[0.952s] Level 1:colcon.colcon_core.environment:checking '/home/rsa/colcon_ws/install/turtlebot3_gazebo' for CMake module files
[0.953s] Level 1:colcon.colcon_core.environment:checking '/home/rsa/colcon_ws/install/turtlebot3_gazebo' for CMake config files
[0.953s] Level 1:colcon.colcon_core.shell:create_environment_hook('turtlebot3_gazebo', 'cmake_prefix_path')
[0.955s] INFO:colcon.colcon_core.shell:Creating environment hook '/home/rsa/colcon_ws/install/turtlebot3_gazebo/share/turtlebot3_gazebo/hook/cmake_prefix_path.ps1'
[0.956s] INFO:colcon.colcon_core.shell:Creating environment descriptor '/home/rsa/colcon_ws/install/turtlebot3_gazebo/share/turtlebot3_gazebo/hook/cmake_prefix_path.dsv'
[0.956s] INFO:colcon.colcon_core.shell:Creating environment hook '/home/rsa/colcon_ws/install/turtlebot3_gazebo/share/turtlebot3_gazebo/hook/cmake_prefix_path.sh'
[0.957s] Level 1:colcon.colcon_core.environment:checking '/home/rsa/colcon_ws/install/turtlebot3_gazebo/lib'
[0.957s] Level 1:colcon.colcon_core.environment:checking '/home/rsa/colcon_ws/install/turtlebot3_gazebo/bin'
[0.957s] Level 1:colcon.colcon_core.environment:checking '/home/rsa/colcon_ws/install/turtlebot3_gazebo/lib/pkgconfig/turtlebot3_gazebo.pc'
[0.957s] Level 1:colcon.colcon_core.environment:checking '/home/rsa/colcon_ws/install/turtlebot3_gazebo/lib/python3.8/site-packages'
[0.957s] Level 1:colcon.colcon_core.environment:checking '/home/rsa/colcon_ws/install/turtlebot3_gazebo/bin'
[0.959s] INFO:colcon.colcon_core.shell:Creating package script '/home/rsa/colcon_ws/install/turtlebot3_gazebo/share/turtlebot3_gazebo/package.ps1'
[0.959s] INFO:colcon.colcon_core.shell:Creating package descriptor '/home/rsa/colcon_ws/install/turtlebot3_gazebo/share/turtlebot3_gazebo/package.dsv'
[0.960s] INFO:colcon.colcon_core.shell:Creating package script '/home/rsa/colcon_ws/install/turtlebot3_gazebo/share/turtlebot3_gazebo/package.sh'
[0.961s] INFO:colcon.colcon_core.shell:Creating package script '/home/rsa/colcon_ws/install/turtlebot3_gazebo/share/turtlebot3_gazebo/package.bash'
[0.965s] INFO:colcon.colcon_core.shell:Creating package script '/home/rsa/colcon_ws/install/turtlebot3_gazebo/share/turtlebot3_gazebo/package.zsh'
[0.965s] Level 1:colcon.colcon_core.environment:create_file_with_runtime_dependencies(/home/rsa/colcon_ws/install/turtlebot3_gazebo/share/colcon-core/packages/turtlebot3_gazebo)
[0.966s] INFO:colcon.colcon_ros.task.ament_cmake.build:Building ROS package in '/home/rsa/colcon_ws/src/turtlebot3_simulations/turtlebot3_simulations' with build type 'ament_cmake'
[0.967s] INFO:colcon.colcon_cmake.task.cmake.build:Building CMake package in '/home/rsa/colcon_ws/src/turtlebot3_simulations/turtlebot3_simulations'
[0.968s] INFO:colcon.colcon_core.shell:Skip shell extension 'powershell' for command environment: Not usable outside of PowerShell
[0.968s] DEBUG:colcon.colcon_core.shell:Skip shell extension 'dsv' for command environment
[0.986s] DEBUG:colcon.colcon_core.event_handler.log_command:Invoking command in '/home/rsa/colcon_ws/build/turtlebot3_simulations': CMAKE_PREFIX_PATH=/home/rsa/colcon_ws/install/turtlebot3_gazebo:/home/rsa/colcon_ws/install/turtlebot3_fake_node:/home/rsa/colcon_ws/install/wall_follower:/home/rsa/colcon_ws/install/turtlebot3_simulations:/home/rsa/colcon_ws/install/cv_basics:/opt/ros/foxy /usr/bin/cmake --build /home/rsa/colcon_ws/build/turtlebot3_simulations -- -j16 -l16
[1.047s] DEBUG:colcon.colcon_core.event_handler.log_command:Invoked command in '/home/rsa/colcon_ws/build/turtlebot3_simulations' returned '0': CMAKE_PREFIX_PATH=/home/rsa/colcon_ws/install/turtlebot3_gazebo:/home/rsa/colcon_ws/install/turtlebot3_fake_node:/home/rsa/colcon_ws/install/wall_follower:/home/rsa/colcon_ws/install/turtlebot3_simulations:/home/rsa/colcon_ws/install/cv_basics:/opt/ros/foxy /usr/bin/cmake --build /home/rsa/colcon_ws/build/turtlebot3_simulations -- -j16 -l16
[1.079s] DEBUG:colcon.colcon_core.event_handler.log_command:Invoking command in '/home/rsa/colcon_ws/build/turtlebot3_simulations': CMAKE_PREFIX_PATH=/home/rsa/colcon_ws/install/turtlebot3_gazebo:/home/rsa/colcon_ws/install/turtlebot3_fake_node:/home/rsa/colcon_ws/install/wall_follower:/home/rsa/colcon_ws/install/turtlebot3_simulations:/home/rsa/colcon_ws/install/cv_basics:/opt/ros/foxy /usr/bin/cmake --install /home/rsa/colcon_ws/build/turtlebot3_simulations
[1.127s] Level 1:colcon.colcon_core.environment:create_environment_scripts_only(turtlebot3_simulations)
[1.131s] Level 1:colcon.colcon_core.environment:checking '/home/rsa/colcon_ws/install/turtlebot3_simulations' for CMake module files
[1.133s] DEBUG:colcon.colcon_core.event_handler.log_command:Invoked command in '/home/rsa/colcon_ws/build/turtlebot3_simulations' returned '0': CMAKE_PREFIX_PATH=/home/rsa/colcon_ws/install/turtlebot3_gazebo:/home/rsa/colcon_ws/install/turtlebot3_fake_node:/home/rsa/colcon_ws/install/wall_follower:/home/rsa/colcon_ws/install/turtlebot3_simulations:/home/rsa/colcon_ws/install/cv_basics:/opt/ros/foxy /usr/bin/cmake --install /home/rsa/colcon_ws/build/turtlebot3_simulations
[1.133s] Level 1:colcon.colcon_core.environment:checking '/home/rsa/colcon_ws/install/turtlebot3_simulations' for CMake config files
[1.133s] Level 1:colcon.colcon_core.shell:create_environment_hook('turtlebot3_simulations', 'cmake_prefix_path')
[1.135s] INFO:colcon.colcon_core.shell:Creating environment hook '/home/rsa/colcon_ws/install/turtlebot3_simulations/share/turtlebot3_simulations/hook/cmake_prefix_path.ps1'
[1.136s] INFO:colcon.colcon_core.shell:Creating environment descriptor '/home/rsa/colcon_ws/install/turtlebot3_simulations/share/turtlebot3_simulations/hook/cmake_prefix_path.dsv'
[1.137s] INFO:colcon.colcon_core.shell:Creating environment hook '/home/rsa/colcon_ws/install/turtlebot3_simulations/share/turtlebot3_simulations/hook/cmake_prefix_path.sh'
[1.137s] Level 1:colcon.colcon_core.environment:checking '/home/rsa/colcon_ws/install/turtlebot3_simulations/bin'
[1.138s] Level 1:colcon.colcon_core.environment:checking '/home/rsa/colcon_ws/install/turtlebot3_simulations/lib/pkgconfig/turtlebot3_simulations.pc'
[1.138s] Level 1:colcon.colcon_core.environment:checking '/home/rsa/colcon_ws/install/turtlebot3_simulations/lib/python3.8/site-packages'
[1.138s] Level 1:colcon.colcon_core.environment:checking '/home/rsa/colcon_ws/install/turtlebot3_simulations/bin'
[1.140s] INFO:colcon.colcon_core.shell:Creating package script '/home/rsa/colcon_ws/install/turtlebot3_simulations/share/turtlebot3_simulations/package.ps1'
[1.141s] INFO:colcon.colcon_core.shell:Creating package descriptor '/home/rsa/colcon_ws/install/turtlebot3_simulations/share/turtlebot3_simulations/package.dsv'
[1.141s] INFO:colcon.colcon_core.shell:Creating package script '/home/rsa/colcon_ws/install/turtlebot3_simulations/share/turtlebot3_simulations/package.sh'
[1.142s] INFO:colcon.colcon_core.shell:Creating package script '/home/rsa/colcon_ws/install/turtlebot3_simulations/share/turtlebot3_simulations/package.bash'
[1.142s] INFO:colcon.colcon_core.shell:Creating package script '/home/rsa/colcon_ws/install/turtlebot3_simulations/share/turtlebot3_simulations/package.zsh'
[1.142s] Level 1:colcon.colcon_core.environment:create_file_with_runtime_dependencies(/home/rsa/colcon_ws/install/turtlebot3_simulations/share/colcon-core/packages/turtlebot3_simulations)
[1.185s] Level 1:colcon.colcon_core.environment:create_environment_scripts_only(turtlebot3_simulations)
[1.188s] Level 1:colcon.colcon_core.environment:checking '/home/rsa/colcon_ws/install/turtlebot3_simulations' for CMake module files
[1.190s] Level 1:colcon.colcon_core.environment:checking '/home/rsa/colcon_ws/install/turtlebot3_simulations' for CMake config files
[1.190s] Level 1:colcon.colcon_core.shell:create_environment_hook('turtlebot3_simulations', 'cmake_prefix_path')
[1.192s] INFO:colcon.colcon_core.shell:Creating environment hook '/home/rsa/colcon_ws/install/turtlebot3_simulations/share/turtlebot3_simulations/hook/cmake_prefix_path.ps1'
[1.193s] INFO:colcon.colcon_core.shell:Creating environment descriptor '/home/rsa/colcon_ws/install/turtlebot3_simulations/share/turtlebot3_simulations/hook/cmake_prefix_path.dsv'
[1.194s] INFO:colcon.colcon_core.shell:Creating environment hook '/home/rsa/colcon_ws/install/turtlebot3_simulations/share/turtlebot3_simulations/hook/cmake_prefix_path.sh'
[1.194s] Level 1:colcon.colcon_core.environment:checking '/home/rsa/colcon_ws/install/turtlebot3_simulations/bin'
[1.194s] Level 1:colcon.colcon_core.environment:checking '/home/rsa/colcon_ws/install/turtlebot3_simulations/lib/pkgconfig/turtlebot3_simulations.pc'
[1.195s] Level 1:colcon.colcon_core.environment:checking '/home/rsa/colcon_ws/install/turtlebot3_simulations/lib/python3.8/site-packages'
[1.195s] Level 1:colcon.colcon_core.environment:checking '/home/rsa/colcon_ws/install/turtlebot3_simulations/bin'
[1.197s] INFO:colcon.colcon_core.shell:Creating package script '/home/rsa/colcon_ws/install/turtlebot3_simulations/share/turtlebot3_simulations/package.ps1'
[1.198s] INFO:colcon.colcon_core.shell:Creating package descriptor '/home/rsa/colcon_ws/install/turtlebot3_simulations/share/turtlebot3_simulations/package.dsv'
[1.198s] INFO:colcon.colcon_core.shell:Creating package script '/home/rsa/colcon_ws/install/turtlebot3_simulations/share/turtlebot3_simulations/package.sh'
[1.199s] INFO:colcon.colcon_core.shell:Creating package script '/home/rsa/colcon_ws/install/turtlebot3_simulations/share/turtlebot3_simulations/package.bash'
[1.200s] INFO:colcon.colcon_core.shell:Creating package script '/home/rsa/colcon_ws/install/turtlebot3_simulations/share/turtlebot3_simulations/package.zsh'
[1.200s] Level 1:colcon.colcon_core.environment:create_file_with_runtime_dependencies(/home/rsa/colcon_ws/install/turtlebot3_simulations/share/colcon-core/packages/turtlebot3_simulations)
[1.242s] DEBUG:colcon.colcon_core.event_handler.log_command:Invoking command in '/home/rsa/colcon_ws/build/cv_basics': PYTHONPATH=/home/rsa/colcon_ws/install/cv_basics/lib/python3.8/site-packages:${PYTHONPATH} /usr/bin/python3 setup.py develop --prefix /home/rsa/colcon_ws/install/cv_basics --editable --build-directory /home/rsa/colcon_ws/build/cv_basics/build --no-deps install_data --install-dir /home/rsa/colcon_ws/install/cv_basics
[1.750s] Level 1:colcon.colcon_core.shell:create_environment_hook('cv_basics', 'pythonpath_develop')
[1.753s] INFO:colcon.colcon_core.shell:Creating environment hook '/home/rsa/colcon_ws/build/cv_basics/share/cv_basics/hook/pythonpath_develop.ps1'
[1.755s] DEBUG:colcon.colcon_core.event_handler.log_command:Invoked command in '/home/rsa/colcon_ws/build/cv_basics' returned '0': PYTHONPATH=/home/rsa/colcon_ws/install/cv_basics/lib/python3.8/site-packages:${PYTHONPATH} /usr/bin/python3 setup.py develop --prefix /home/rsa/colcon_ws/install/cv_basics --editable --build-directory /home/rsa/colcon_ws/build/cv_basics/build --no-deps install_data --install-dir /home/rsa/colcon_ws/install/cv_basics
[1.755s] INFO:colcon.colcon_core.shell:Creating environment descriptor '/home/rsa/colcon_ws/build/cv_basics/share/cv_basics/hook/pythonpath_develop.dsv'
[1.756s] INFO:colcon.colcon_core.shell:Creating environment hook '/home/rsa/colcon_ws/build/cv_basics/share/cv_basics/hook/pythonpath_develop.sh'
[1.759s] Level 1:colcon.colcon_core.environment:checking '/home/rsa/colcon_ws/install/cv_basics' for CMake module files
[1.759s] Level 1:colcon.colcon_core.environment:checking '/home/rsa/colcon_ws/install/cv_basics' for CMake config files
[1.760s] Level 1:colcon.colcon_core.environment:checking '/home/rsa/colcon_ws/install/cv_basics/lib'
[1.760s] Level 1:colcon.colcon_core.environment:checking '/home/rsa/colcon_ws/install/cv_basics/bin'
[1.760s] Level 1:colcon.colcon_core.environment:checking '/home/rsa/colcon_ws/install/cv_basics/lib/pkgconfig/cv_basics.pc'
[1.760s] Level 1:colcon.colcon_core.environment:checking '/home/rsa/colcon_ws/install/cv_basics/lib/python3.8/site-packages'
[1.761s] Level 1:colcon.colcon_core.shell:create_environment_hook('cv_basics', 'pythonpath')
[1.762s] INFO:colcon.colcon_core.shell:Creating environment hook '/home/rsa/colcon_ws/install/cv_basics/share/cv_basics/hook/pythonpath.ps1'
[1.762s] INFO:colcon.colcon_core.shell:Creating environment descriptor '/home/rsa/colcon_ws/install/cv_basics/share/cv_basics/hook/pythonpath.dsv'
[1.763s] INFO:colcon.colcon_core.shell:Creating environment hook '/home/rsa/colcon_ws/install/cv_basics/share/cv_basics/hook/pythonpath.sh'
[1.764s] Level 1:colcon.colcon_core.environment:checking '/home/rsa/colcon_ws/install/cv_basics/bin'
[1.764s] Level 1:colcon.colcon_core.environment:create_environment_scripts_only(cv_basics)
[1.765s] INFO:colcon.colcon_core.shell:Creating package script '/home/rsa/colcon_ws/install/cv_basics/share/cv_basics/package.ps1'
[1.766s] INFO:colcon.colcon_core.shell:Creating package descriptor '/home/rsa/colcon_ws/install/cv_basics/share/cv_basics/package.dsv'
[1.767s] INFO:colcon.colcon_core.shell:Creating package script '/home/rsa/colcon_ws/install/cv_basics/share/cv_basics/package.sh'
[1.767s] INFO:colcon.colcon_core.shell:Creating package script '/home/rsa/colcon_ws/install/cv_basics/share/cv_basics/package.bash'
[1.768s] INFO:colcon.colcon_core.shell:Creating package script '/home/rsa/colcon_ws/install/cv_basics/share/cv_basics/package.zsh'
[1.768s] Level 1:colcon.colcon_core.environment:create_file_with_runtime_dependencies(/home/rsa/colcon_ws/install/cv_basics/share/colcon-core/packages/cv_basics)
[9.677s] DEBUG:colcon.colcon_core.event_handler.log_command:Invoked command in '/home/rsa/colcon_ws/build/wall_follower' returned '0': CMAKE_PREFIX_PATH=${CMAKE_PREFIX_PATH}:/home/rsa/colcon_ws/install/cv_basics:/opt/ros/foxy /usr/bin/cmake --build /home/rsa/colcon_ws/build/wall_follower -- -j16 -l16
[9.707s] DEBUG:colcon.colcon_core.event_handler.log_command:Invoking command in '/home/rsa/colcon_ws/build/wall_follower': CMAKE_PREFIX_PATH=${CMAKE_PREFIX_PATH}:/home/rsa/colcon_ws/install/cv_basics:/opt/ros/foxy /usr/bin/cmake --install /home/rsa/colcon_ws/build/wall_follower
[9.740s] Level 1:colcon.colcon_core.environment:create_environment_scripts_only(wall_follower)
[9.742s] Level 1:colcon.colcon_core.environment:checking '/home/rsa/colcon_ws/install/wall_follower' for CMake module files
[9.743s] DEBUG:colcon.colcon_core.event_handler.log_command:Invoked command in '/home/rsa/colcon_ws/build/wall_follower' returned '0': CMAKE_PREFIX_PATH=${CMAKE_PREFIX_PATH}:/home/rsa/colcon_ws/install/cv_basics:/opt/ros/foxy /usr/bin/cmake --install /home/rsa/colcon_ws/build/wall_follower
[9.744s] Level 1:colcon.colcon_core.environment:checking '/home/rsa/colcon_ws/install/wall_follower' for CMake config files
[9.744s] Level 1:colcon.colcon_core.shell:create_environment_hook('wall_follower', 'cmake_prefix_path')
[9.745s] INFO:colcon.colcon_core.shell:Creating environment hook '/home/rsa/colcon_ws/install/wall_follower/share/wall_follower/hook/cmake_prefix_path.ps1'
[9.746s] INFO:colcon.colcon_core.shell:Creating environment descriptor '/home/rsa/colcon_ws/install/wall_follower/share/wall_follower/hook/cmake_prefix_path.dsv'
[9.747s] INFO:colcon.colcon_core.shell:Creating environment hook '/home/rsa/colcon_ws/install/wall_follower/share/wall_follower/hook/cmake_prefix_path.sh'
[9.747s] Level 1:colcon.colcon_core.environment:checking '/home/rsa/colcon_ws/install/wall_follower/lib'
[9.748s] Level 1:colcon.colcon_core.environment:checking '/home/rsa/colcon_ws/install/wall_follower/bin'
[9.748s] Level 1:colcon.colcon_core.environment:checking '/home/rsa/colcon_ws/install/wall_follower/lib/pkgconfig/wall_follower.pc'
[9.748s] Level 1:colcon.colcon_core.environment:checking '/home/rsa/colcon_ws/install/wall_follower/lib/python3.8/site-packages'
[9.748s] Level 1:colcon.colcon_core.environment:checking '/home/rsa/colcon_ws/install/wall_follower/bin'
[9.750s] INFO:colcon.colcon_core.shell:Creating package script '/home/rsa/colcon_ws/install/wall_follower/share/wall_follower/package.ps1'
[9.752s] INFO:colcon.colcon_core.shell:Creating package descriptor '/home/rsa/colcon_ws/install/wall_follower/share/wall_follower/package.dsv'
[9.752s] INFO:colcon.colcon_core.shell:Creating package script '/home/rsa/colcon_ws/install/wall_follower/share/wall_follower/package.sh'
[9.753s] INFO:colcon.colcon_core.shell:Creating package script '/home/rsa/colcon_ws/install/wall_follower/share/wall_follower/package.bash'
[9.753s] INFO:colcon.colcon_core.shell:Creating package script '/home/rsa/colcon_ws/install/wall_follower/share/wall_follower/package.zsh'
[9.754s] Level 1:colcon.colcon_core.environment:create_file_with_runtime_dependencies(/home/rsa/colcon_ws/install/wall_follower/share/colcon-core/packages/wall_follower)
[9.789s] Level 1:colcon.colcon_core.environment:create_environment_scripts_only(wall_follower)
[9.792s] Level 1:colcon.colcon_core.environment:checking '/home/rsa/colcon_ws/install/wall_follower' for CMake module files
[9.793s] Level 1:colcon.colcon_core.environment:checking '/home/rsa/colcon_ws/install/wall_follower' for CMake config files
[9.793s] Level 1:colcon.colcon_core.shell:create_environment_hook('wall_follower', 'cmake_prefix_path')
[9.795s] INFO:colcon.colcon_core.shell:Creating environment hook '/home/rsa/colcon_ws/install/wall_follower/share/wall_follower/hook/cmake_prefix_path.ps1'
[9.796s] INFO:colcon.colcon_core.shell:Creating environment descriptor '/home/rsa/colcon_ws/install/wall_follower/share/wall_follower/hook/cmake_prefix_path.dsv'
[9.796s] INFO:colcon.colcon_core.shell:Creating environment hook '/home/rsa/colcon_ws/install/wall_follower/share/wall_follower/hook/cmake_prefix_path.sh'
[9.797s] Level 1:colcon.colcon_core.environment:checking '/home/rsa/colcon_ws/install/wall_follower/lib'
[9.797s] Level 1:colcon.colcon_core.environment:checking '/home/rsa/colcon_ws/install/wall_follower/bin'
[9.797s] Level 1:colcon.colcon_core.environment:checking '/home/rsa/colcon_ws/install/wall_follower/lib/pkgconfig/wall_follower.pc'
[9.797s] Level 1:colcon.colcon_core.environment:checking '/home/rsa/colcon_ws/install/wall_follower/lib/python3.8/site-packages'
[9.798s] Level 1:colcon.colcon_core.environment:checking '/home/rsa/colcon_ws/install/wall_follower/bin'
[9.801s] INFO:colcon.colcon_core.shell:Creating package script '/home/rsa/colcon_ws/install/wall_follower/share/wall_follower/package.ps1'
[9.802s] INFO:colcon.colcon_core.shell:Creating package descriptor '/home/rsa/colcon_ws/install/wall_follower/share/wall_follower/package.dsv'
[9.803s] INFO:colcon.colcon_core.shell:Creating package script '/home/rsa/colcon_ws/install/wall_follower/share/wall_follower/package.sh'
[9.803s] INFO:colcon.colcon_core.shell:Creating package script '/home/rsa/colcon_ws/install/wall_follower/share/wall_follower/package.bash'
[9.804s] INFO:colcon.colcon_core.shell:Creating package script '/home/rsa/colcon_ws/install/wall_follower/share/wall_follower/package.zsh'
[9.804s] Level 1:colcon.colcon_core.environment:create_file_with_runtime_dependencies(/home/rsa/colcon_ws/install/wall_follower/share/colcon-core/packages/wall_follower)
[9.805s] DEBUG:colcon.colcon_parallel_executor.executor.parallel:closing loop
[9.806s] DEBUG:colcon.colcon_parallel_executor.executor.parallel:loop closed
[9.806s] DEBUG:colcon.colcon_parallel_executor.executor.parallel:run_until_complete finished with '0'
[9.806s] DEBUG:colcon.colcon_core.event_reactor:joining thread
[9.817s] INFO:colcon.colcon_core.plugin_system:Skipping extension 'colcon_notification.desktop_notification.terminal_notifier': Not used on non-Darwin systems
[9.817s] INFO:colcon.colcon_core.plugin_system:Skipping extension 'colcon_notification.desktop_notification.win32': Not used on non-Windows systems
[9.817s] INFO:colcon.colcon_notification.desktop_notification:Sending desktop notification using 'notify2'
[9.829s] DEBUG:colcon.colcon_core.event_reactor:joined thread
[9.831s] INFO:colcon.colcon_core.shell:Creating prefix script '/home/rsa/colcon_ws/install/local_setup.ps1'
[9.833s] INFO:colcon.colcon_core.shell:Creating prefix util module '/home/rsa/colcon_ws/install/_local_setup_util_ps1.py'
[9.835s] INFO:colcon.colcon_core.shell:Creating prefix chain script '/home/rsa/colcon_ws/install/setup.ps1'
[9.837s] INFO:colcon.colcon_core.shell:Creating prefix script '/home/rsa/colcon_ws/install/local_setup.sh'
[9.838s] INFO:colcon.colcon_core.shell:Creating prefix util module '/home/rsa/colcon_ws/install/_local_setup_util_sh.py'
[9.838s] INFO:colcon.colcon_core.shell:Creating prefix chain script '/home/rsa/colcon_ws/install/setup.sh'
[9.840s] INFO:colcon.colcon_core.shell:Creating prefix script '/home/rsa/colcon_ws/install/local_setup.bash'
[9.840s] INFO:colcon.colcon_core.shell:Creating prefix chain script '/home/rsa/colcon_ws/install/setup.bash'
[9.842s] INFO:colcon.colcon_core.shell:Creating prefix script '/home/rsa/colcon_ws/install/local_setup.zsh'
[9.843s] INFO:colcon.colcon_core.shell:Creating prefix chain script '/home/rsa/colcon_ws/install/setup.zsh'
