[0.169s] DEBUG:colcon:Command line arguments: ['/usr/bin/colcon', 'build', '--symlink-install']
[0.169s] DEBUG:colcon:Parsed command line arguments: Namespace(allow_overriding=[], ament_cmake_args=None, base_paths=['.'], build_base='build', catkin_cmake_args=None, catkin_skip_building_tests=False, cmake_args=None, cmake_clean_cache=False, cmake_clean_first=False, cmake_force_configure=False, cmake_target=None, cmake_target_skip_unavailable=False, continue_on_error=False, event_handlers=None, executor='parallel', ignore_user_meta=False, install_base='install', log_base=None, log_level=None, main=<bound method BuildVerb.main of <colcon_core.verb.build.BuildVerb object at 0x7f23e8d3cca0>>, merge_install=False, metas=['./colcon.meta'], packages_above=None, packages_above_and_dependencies=None, packages_above_depth=None, packages_end=None, packages_ignore=None, packages_ignore_regex=None, packages_select=None, packages_select_build_failed=False, packages_select_by_dep=None, packages_select_regex=None, packages_select_test_failures=False, packages_skip=None, packages_skip_build_finished=False, packages_skip_by_dep=None, packages_skip_regex=None, packages_skip_test_passed=False, packages_skip_up_to=None, packages_start=None, packages_up_to=None, packages_up_to_regex=None, parallel_workers=16, paths=None, symlink_install=True, test_result_base=None, verb_extension=<colcon_core.verb.build.BuildVerb object at 0x7f23e8d3cca0>, verb_name='build', verb_parser=<colcon_defaults.argument_parser.defaults.DefaultArgumentsDecorator object at 0x7f23e8cc6250>)
[0.198s] Level 1:colcon.colcon_core.package_discovery:discover_packages(colcon_meta) check parameters
[0.198s] Level 1:colcon.colcon_core.package_discovery:discover_packages(recursive) check parameters
[0.199s] Level 1:colcon.colcon_core.package_discovery:discover_packages(ignore) check parameters
[0.199s] Level 1:colcon.colcon_core.package_discovery:discover_packages(path) check parameters
[0.199s] Level 1:colcon.colcon_core.package_discovery:discover_packages(colcon_meta) discover
[0.199s] Level 1:colcon.colcon_core.package_discovery:discover_packages(recursive) discover
[0.199s] INFO:colcon.colcon_core.package_discovery:Crawling recursively for packages in '/home/rsa/colcon_ws'
[0.199s] Level 1:colcon.colcon_core.package_identification:_identify(.) by extensions ['ignore', 'ignore_ament_install']
[0.199s] Level 1:colcon.colcon_core.package_identification:_identify(.) by extension 'ignore'
[0.199s] Level 1:colcon.colcon_core.package_identification:_identify(.) by extension 'ignore_ament_install'
[0.199s] Level 1:colcon.colcon_core.package_identification:_identify(.) by extensions ['colcon_pkg']
[0.199s] Level 1:colcon.colcon_core.package_identification:_identify(.) by extension 'colcon_pkg'
[0.199s] Level 1:colcon.colcon_core.package_identification:_identify(.) by extensions ['colcon_meta']
[0.199s] Level 1:colcon.colcon_core.package_identification:_identify(.) by extension 'colcon_meta'
[0.199s] Level 1:colcon.colcon_core.package_identification:_identify(.) by extensions ['ros']
[0.199s] Level 1:colcon.colcon_core.package_identification:_identify(.) by extension 'ros'
[0.211s] Level 1:colcon.colcon_core.package_identification:_identify(.) by extensions ['cmake', 'python']
[0.211s] Level 1:colcon.colcon_core.package_identification:_identify(.) by extension 'cmake'
[0.211s] Level 1:colcon.colcon_core.package_identification:_identify(.) by extension 'python'
[0.211s] Level 1:colcon.colcon_core.package_identification:_identify(.) by extensions ['python_setup_py']
[0.211s] Level 1:colcon.colcon_core.package_identification:_identify(.) by extension 'python_setup_py'
[0.211s] Level 1:colcon.colcon_core.package_identification:_identify(build) by extensions ['ignore', 'ignore_ament_install']
[0.212s] Level 1:colcon.colcon_core.package_identification:_identify(build) by extension 'ignore'
[0.212s] Level 1:colcon.colcon_core.package_identification:_identify(build) ignored
[0.212s] Level 1:colcon.colcon_core.package_identification:_identify(install) by extensions ['ignore', 'ignore_ament_install']
[0.212s] Level 1:colcon.colcon_core.package_identification:_identify(install) by extension 'ignore'
[0.212s] Level 1:colcon.colcon_core.package_identification:_identify(install) ignored
[0.212s] Level 1:colcon.colcon_core.package_identification:_identify(log) by extensions ['ignore', 'ignore_ament_install']
[0.213s] Level 1:colcon.colcon_core.package_identification:_identify(log) by extension 'ignore'
[0.213s] Level 1:colcon.colcon_core.package_identification:_identify(log) ignored
[0.213s] Level 1:colcon.colcon_core.package_identification:_identify(src) by extensions ['ignore', 'ignore_ament_install']
[0.213s] Level 1:colcon.colcon_core.package_identification:_identify(src) by extension 'ignore'
[0.213s] Level 1:colcon.colcon_core.package_identification:_identify(src) by extension 'ignore_ament_install'
[0.213s] Level 1:colcon.colcon_core.package_identification:_identify(src) by extensions ['colcon_pkg']
[0.213s] Level 1:colcon.colcon_core.package_identification:_identify(src) by extension 'colcon_pkg'
[0.213s] Level 1:colcon.colcon_core.package_identification:_identify(src) by extensions ['colcon_meta']
[0.213s] Level 1:colcon.colcon_core.package_identification:_identify(src) by extension 'colcon_meta'
[0.213s] Level 1:colcon.colcon_core.package_identification:_identify(src) by extensions ['ros']
[0.213s] Level 1:colcon.colcon_core.package_identification:_identify(src) by extension 'ros'
[0.213s] Level 1:colcon.colcon_core.package_identification:_identify(src) by extensions ['cmake', 'python']
[0.214s] Level 1:colcon.colcon_core.package_identification:_identify(src) by extension 'cmake'
[0.214s] Level 1:colcon.colcon_core.package_identification:_identify(src) by extension 'python'
[0.214s] Level 1:colcon.colcon_core.package_identification:_identify(src) by extensions ['python_setup_py']
[0.214s] Level 1:colcon.colcon_core.package_identification:_identify(src) by extension 'python_setup_py'
[0.214s] Level 1:colcon.colcon_core.package_identification:_identify(src/cv_basics) by extensions ['ignore', 'ignore_ament_install']
[0.214s] Level 1:colcon.colcon_core.package_identification:_identify(src/cv_basics) by extension 'ignore'
[0.214s] Level 1:colcon.colcon_core.package_identification:_identify(src/cv_basics) by extension 'ignore_ament_install'
[0.214s] Level 1:colcon.colcon_core.package_identification:_identify(src/cv_basics) by extensions ['colcon_pkg']
[0.214s] Level 1:colcon.colcon_core.package_identification:_identify(src/cv_basics) by extension 'colcon_pkg'
[0.214s] Level 1:colcon.colcon_core.package_identification:_identify(src/cv_basics) by extensions ['colcon_meta']
[0.214s] Level 1:colcon.colcon_core.package_identification:_identify(src/cv_basics) by extension 'colcon_meta'
[0.214s] Level 1:colcon.colcon_core.package_identification:_identify(src/cv_basics) by extensions ['ros']
[0.214s] Level 1:colcon.colcon_core.package_identification:_identify(src/cv_basics) by extension 'ros'
[0.219s] DEBUG:colcon.colcon_core.package_identification:Package 'src/cv_basics' with type 'ros.ament_python' and name 'cv_basics'
[0.219s] Level 1:colcon.colcon_core.package_identification:_identify(src/turtlebot3_simulations) by extensions ['ignore', 'ignore_ament_install']
[0.219s] Level 1:colcon.colcon_core.package_identification:_identify(src/turtlebot3_simulations) by extension 'ignore'
[0.219s] Level 1:colcon.colcon_core.package_identification:_identify(src/turtlebot3_simulations) by extension 'ignore_ament_install'
[0.219s] Level 1:colcon.colcon_core.package_identification:_identify(src/turtlebot3_simulations) by extensions ['colcon_pkg']
[0.220s] Level 1:colcon.colcon_core.package_identification:_identify(src/turtlebot3_simulations) by extension 'colcon_pkg'
[0.220s] Level 1:colcon.colcon_core.package_identification:_identify(src/turtlebot3_simulations) by extensions ['colcon_meta']
[0.220s] Level 1:colcon.colcon_core.package_identification:_identify(src/turtlebot3_simulations) by extension 'colcon_meta'
[0.220s] Level 1:colcon.colcon_core.package_identification:_identify(src/turtlebot3_simulations) by extensions ['ros']
[0.220s] Level 1:colcon.colcon_core.package_identification:_identify(src/turtlebot3_simulations) by extension 'ros'
[0.220s] Level 1:colcon.colcon_core.package_identification:_identify(src/turtlebot3_simulations) by extensions ['cmake', 'python']
[0.220s] Level 1:colcon.colcon_core.package_identification:_identify(src/turtlebot3_simulations) by extension 'cmake'
[0.220s] Level 1:colcon.colcon_core.package_identification:_identify(src/turtlebot3_simulations) by extension 'python'
[0.220s] Level 1:colcon.colcon_core.package_identification:_identify(src/turtlebot3_simulations) by extensions ['python_setup_py']
[0.220s] Level 1:colcon.colcon_core.package_identification:_identify(src/turtlebot3_simulations) by extension 'python_setup_py'
[0.220s] Level 1:colcon.colcon_core.package_identification:_identify(src/turtlebot3_simulations/turtlebot3_fake_node) by extensions ['ignore', 'ignore_ament_install']
[0.220s] Level 1:colcon.colcon_core.package_identification:_identify(src/turtlebot3_simulations/turtlebot3_fake_node) by extension 'ignore'
[0.220s] Level 1:colcon.colcon_core.package_identification:_identify(src/turtlebot3_simulations/turtlebot3_fake_node) by extension 'ignore_ament_install'
[0.220s] Level 1:colcon.colcon_core.package_identification:_identify(src/turtlebot3_simulations/turtlebot3_fake_node) by extensions ['colcon_pkg']
[0.221s] Level 1:colcon.colcon_core.package_identification:_identify(src/turtlebot3_simulations/turtlebot3_fake_node) by extension 'colcon_pkg'
[0.221s] Level 1:colcon.colcon_core.package_identification:_identify(src/turtlebot3_simulations/turtlebot3_fake_node) by extensions ['colcon_meta']
[0.221s] Level 1:colcon.colcon_core.package_identification:_identify(src/turtlebot3_simulations/turtlebot3_fake_node) by extension 'colcon_meta'
[0.221s] Level 1:colcon.colcon_core.package_identification:_identify(src/turtlebot3_simulations/turtlebot3_fake_node) by extensions ['ros']
[0.221s] Level 1:colcon.colcon_core.package_identification:_identify(src/turtlebot3_simulations/turtlebot3_fake_node) by extension 'ros'
[0.224s] DEBUG:colcon.colcon_core.package_identification:Package 'src/turtlebot3_simulations/turtlebot3_fake_node' with type 'ros.ament_cmake' and name 'turtlebot3_fake_node'
[0.224s] Level 1:colcon.colcon_core.package_identification:_identify(src/turtlebot3_simulations/turtlebot3_gazebo) by extensions ['ignore', 'ignore_ament_install']
[0.224s] Level 1:colcon.colcon_core.package_identification:_identify(src/turtlebot3_simulations/turtlebot3_gazebo) by extension 'ignore'
[0.224s] Level 1:colcon.colcon_core.package_identification:_identify(src/turtlebot3_simulations/turtlebot3_gazebo) by extension 'ignore_ament_install'
[0.224s] Level 1:colcon.colcon_core.package_identification:_identify(src/turtlebot3_simulations/turtlebot3_gazebo) by extensions ['colcon_pkg']
[0.224s] Level 1:colcon.colcon_core.package_identification:_identify(src/turtlebot3_simulations/turtlebot3_gazebo) by extension 'colcon_pkg'
[0.224s] Level 1:colcon.colcon_core.package_identification:_identify(src/turtlebot3_simulations/turtlebot3_gazebo) by extensions ['colcon_meta']
[0.224s] Level 1:colcon.colcon_core.package_identification:_identify(src/turtlebot3_simulations/turtlebot3_gazebo) by extension 'colcon_meta'
[0.225s] Level 1:colcon.colcon_core.package_identification:_identify(src/turtlebot3_simulations/turtlebot3_gazebo) by extensions ['ros']
[0.225s] Level 1:colcon.colcon_core.package_identification:_identify(src/turtlebot3_simulations/turtlebot3_gazebo) by extension 'ros'
[0.226s] DEBUG:colcon.colcon_core.package_identification:Package 'src/turtlebot3_simulations/turtlebot3_gazebo' with type 'ros.ament_cmake' and name 'turtlebot3_gazebo'
[0.226s] Level 1:colcon.colcon_core.package_identification:_identify(src/turtlebot3_simulations/turtlebot3_simulations) by extensions ['ignore', 'ignore_ament_install']
[0.226s] Level 1:colcon.colcon_core.package_identification:_identify(src/turtlebot3_simulations/turtlebot3_simulations) by extension 'ignore'
[0.226s] Level 1:colcon.colcon_core.package_identification:_identify(src/turtlebot3_simulations/turtlebot3_simulations) by extension 'ignore_ament_install'
[0.227s] Level 1:colcon.colcon_core.package_identification:_identify(src/turtlebot3_simulations/turtlebot3_simulations) by extensions ['colcon_pkg']
[0.227s] Level 1:colcon.colcon_core.package_identification:_identify(src/turtlebot3_simulations/turtlebot3_simulations) by extension 'colcon_pkg'
[0.227s] Level 1:colcon.colcon_core.package_identification:_identify(src/turtlebot3_simulations/turtlebot3_simulations) by extensions ['colcon_meta']
[0.227s] Level 1:colcon.colcon_core.package_identification:_identify(src/turtlebot3_simulations/turtlebot3_simulations) by extension 'colcon_meta'
[0.227s] Level 1:colcon.colcon_core.package_identification:_identify(src/turtlebot3_simulations/turtlebot3_simulations) by extensions ['ros']
[0.227s] Level 1:colcon.colcon_core.package_identification:_identify(src/turtlebot3_simulations/turtlebot3_simulations) by extension 'ros'
[0.227s] DEBUG:colcon.colcon_core.package_identification:Package 'src/turtlebot3_simulations/turtlebot3_simulations' with type 'ros.ament_cmake' and name 'turtlebot3_simulations'
[0.227s] Level 1:colcon.colcon_core.package_identification:_identify(src/wall_follower) by extensions ['ignore', 'ignore_ament_install']
[0.227s] Level 1:colcon.colcon_core.package_identification:_identify(src/wall_follower) by extension 'ignore'
[0.227s] Level 1:colcon.colcon_core.package_identification:_identify(src/wall_follower) by extension 'ignore_ament_install'
[0.228s] Level 1:colcon.colcon_core.package_identification:_identify(src/wall_follower) by extensions ['colcon_pkg']
[0.228s] Level 1:colcon.colcon_core.package_identification:_identify(src/wall_follower) by extension 'colcon_pkg'
[0.228s] Level 1:colcon.colcon_core.package_identification:_identify(src/wall_follower) by extensions ['colcon_meta']
[0.228s] Level 1:colcon.colcon_core.package_identification:_identify(src/wall_follower) by extension 'colcon_meta'
[0.228s] Level 1:colcon.colcon_core.package_identification:_identify(src/wall_follower) by extensions ['ros']
[0.228s] Level 1:colcon.colcon_core.package_identification:_identify(src/wall_follower) by extension 'ros'
[0.228s] DEBUG:colcon.colcon_core.package_identification:Package 'src/wall_follower' with type 'ros.ament_cmake' and name 'wall_follower'
[0.229s] Level 1:colcon.colcon_core.package_discovery:discover_packages(recursive) using defaults
[0.229s] Level 1:colcon.colcon_core.package_discovery:discover_packages(ignore) discover
[0.229s] Level 1:colcon.colcon_core.package_discovery:discover_packages(ignore) using defaults
[0.229s] Level 1:colcon.colcon_core.package_discovery:discover_packages(path) discover
[0.229s] Level 1:colcon.colcon_core.package_discovery:discover_packages(path) using defaults
[0.260s] Level 1:colcon.colcon_core.package_discovery:discover_packages(prefix_path) check parameters
[0.261s] Level 1:colcon.colcon_core.package_discovery:discover_packages(prefix_path) discover
[0.263s] DEBUG:colcon.colcon_installed_package_information.package_discovery:Found 5 installed packages in /home/rsa/colcon_ws/install
[0.266s] DEBUG:colcon.colcon_installed_package_information.package_discovery:Found 332 installed packages in /opt/ros/foxy
[0.268s] Level 1:colcon.colcon_core.package_discovery:discover_packages(prefix_path) using defaults
[0.351s] Level 5:colcon.colcon_core.verb:set package 'cv_basics' build argument 'cmake_args' from command line to 'None'
[0.351s] Level 5:colcon.colcon_core.verb:set package 'cv_basics' build argument 'cmake_target' from command line to 'None'
[0.351s] Level 5:colcon.colcon_core.verb:set package 'cv_basics' build argument 'cmake_target_skip_unavailable' from command line to 'False'
[0.351s] Level 5:colcon.colcon_core.verb:set package 'cv_basics' build argument 'cmake_clean_cache' from command line to 'False'
[0.351s] Level 5:colcon.colcon_core.verb:set package 'cv_basics' build argument 'cmake_clean_first' from command line to 'False'
[0.351s] Level 5:colcon.colcon_core.verb:set package 'cv_basics' build argument 'cmake_force_configure' from command line to 'False'
[0.351s] Level 5:colcon.colcon_core.verb:set package 'cv_basics' build argument 'ament_cmake_args' from command line to 'None'
[0.351s] Level 5:colcon.colcon_core.verb:set package 'cv_basics' build argument 'catkin_cmake_args' from command line to 'None'
[0.351s] Level 5:colcon.colcon_core.verb:set package 'cv_basics' build argument 'catkin_skip_building_tests' from command line to 'False'
[0.352s] DEBUG:colcon.colcon_core.verb:Building package 'cv_basics' with the following arguments: {'ament_cmake_args': None, 'build_base': '/home/rsa/colcon_ws/build/cv_basics', 'catkin_cmake_args': None, 'catkin_skip_building_tests': False, 'cmake_args': None, 'cmake_clean_cache': False, 'cmake_clean_first': False, 'cmake_force_configure': False, 'cmake_target': None, 'cmake_target_skip_unavailable': False, 'install_base': '/home/rsa/colcon_ws/install/cv_basics', 'merge_install': False, 'path': '/home/rsa/colcon_ws/src/cv_basics', 'symlink_install': True, 'test_result_base': None}
[0.353s] Level 5:colcon.colcon_core.verb:set package 'turtlebot3_fake_node' build argument 'cmake_args' from command line to 'None'
[0.353s] Level 5:colcon.colcon_core.verb:set package 'turtlebot3_fake_node' build argument 'cmake_target' from command line to 'None'
[0.353s] Level 5:colcon.colcon_core.verb:set package 'turtlebot3_fake_node' build argument 'cmake_target_skip_unavailable' from command line to 'False'
[0.353s] Level 5:colcon.colcon_core.verb:set package 'turtlebot3_fake_node' build argument 'cmake_clean_cache' from command line to 'False'
[0.353s] Level 5:colcon.colcon_core.verb:set package 'turtlebot3_fake_node' build argument 'cmake_clean_first' from command line to 'False'
[0.353s] Level 5:colcon.colcon_core.verb:set package 'turtlebot3_fake_node' build argument 'cmake_force_configure' from command line to 'False'
[0.353s] Level 5:colcon.colcon_core.verb:set package 'turtlebot3_fake_node' build argument 'ament_cmake_args' from command line to 'None'
[0.353s] Level 5:colcon.colcon_core.verb:set package 'turtlebot3_fake_node' build argument 'catkin_cmake_args' from command line to 'None'
[0.353s] Level 5:colcon.colcon_core.verb:set package 'turtlebot3_fake_node' build argument 'catkin_skip_building_tests' from command line to 'False'
[0.353s] DEBUG:colcon.colcon_core.verb:Building package 'turtlebot3_fake_node' with the following arguments: {'ament_cmake_args': None, 'build_base': '/home/rsa/colcon_ws/build/turtlebot3_fake_node', 'catkin_cmake_args': None, 'catkin_skip_building_tests': False, 'cmake_args': None, 'cmake_clean_cache': False, 'cmake_clean_first': False, 'cmake_force_configure': False, 'cmake_target': None, 'cmake_target_skip_unavailable': False, 'install_base': '/home/rsa/colcon_ws/install/turtlebot3_fake_node', 'merge_install': False, 'path': '/home/rsa/colcon_ws/src/turtlebot3_simulations/turtlebot3_fake_node', 'symlink_install': True, 'test_result_base': None}
[0.354s] Level 5:colcon.colcon_core.verb:set package 'turtlebot3_gazebo' build argument 'cmake_args' from command line to 'None'
[0.354s] Level 5:colcon.colcon_core.verb:set package 'turtlebot3_gazebo' build argument 'cmake_target' from command line to 'None'
[0.354s] Level 5:colcon.colcon_core.verb:set package 'turtlebot3_gazebo' build argument 'cmake_target_skip_unavailable' from command line to 'False'
[0.354s] Level 5:colcon.colcon_core.verb:set package 'turtlebot3_gazebo' build argument 'cmake_clean_cache' from command line to 'False'
[0.354s] Level 5:colcon.colcon_core.verb:set package 'turtlebot3_gazebo' build argument 'cmake_clean_first' from command line to 'False'
[0.354s] Level 5:colcon.colcon_core.verb:set package 'turtlebot3_gazebo' build argument 'cmake_force_configure' from command line to 'False'
[0.354s] Level 5:colcon.colcon_core.verb:set package 'turtlebot3_gazebo' build argument 'ament_cmake_args' from command line to 'None'
[0.354s] Level 5:colcon.colcon_core.verb:set package 'turtlebot3_gazebo' build argument 'catkin_cmake_args' from command line to 'None'
[0.354s] Level 5:colcon.colcon_core.verb:set package 'turtlebot3_gazebo' build argument 'catkin_skip_building_tests' from command line to 'False'
[0.354s] DEBUG:colcon.colcon_core.verb:Building package 'turtlebot3_gazebo' with the following arguments: {'ament_cmake_args': None, 'build_base': '/home/rsa/colcon_ws/build/turtlebot3_gazebo', 'catkin_cmake_args': None, 'catkin_skip_building_tests': False, 'cmake_args': None, 'cmake_clean_cache': False, 'cmake_clean_first': False, 'cmake_force_configure': False, 'cmake_target': None, 'cmake_target_skip_unavailable': False, 'install_base': '/home/rsa/colcon_ws/install/turtlebot3_gazebo', 'merge_install': False, 'path': '/home/rsa/colcon_ws/src/turtlebot3_simulations/turtlebot3_gazebo', 'symlink_install': True, 'test_result_base': None}
[0.355s] Level 5:colcon.colcon_core.verb:set package 'wall_follower' build argument 'cmake_args' from command line to 'None'
[0.355s] Level 5:colcon.colcon_core.verb:set package 'wall_follower' build argument 'cmake_target' from command line to 'None'
[0.355s] Level 5:colcon.colcon_core.verb:set package 'wall_follower' build argument 'cmake_target_skip_unavailable' from command line to 'False'
[0.355s] Level 5:colcon.colcon_core.verb:set package 'wall_follower' build argument 'cmake_clean_cache' from command line to 'False'
[0.355s] Level 5:colcon.colcon_core.verb:set package 'wall_follower' build argument 'cmake_clean_first' from command line to 'False'
[0.355s] Level 5:colcon.colcon_core.verb:set package 'wall_follower' build argument 'cmake_force_configure' from command line to 'False'
[0.355s] Level 5:colcon.colcon_core.verb:set package 'wall_follower' build argument 'ament_cmake_args' from command line to 'None'
[0.355s] Level 5:colcon.colcon_core.verb:set package 'wall_follower' build argument 'catkin_cmake_args' from command line to 'None'
[0.356s] Level 5:colcon.colcon_core.verb:set package 'wall_follower' build argument 'catkin_skip_building_tests' from command line to 'False'
[0.356s] DEBUG:colcon.colcon_core.verb:Building package 'wall_follower' with the following arguments: {'ament_cmake_args': None, 'build_base': '/home/rsa/colcon_ws/build/wall_follower', 'catkin_cmake_args': None, 'catkin_skip_building_tests': False, 'cmake_args': None, 'cmake_clean_cache': False, 'cmake_clean_first': False, 'cmake_force_configure': False, 'cmake_target': None, 'cmake_target_skip_unavailable': False, 'install_base': '/home/rsa/colcon_ws/install/wall_follower', 'merge_install': False, 'path': '/home/rsa/colcon_ws/src/wall_follower', 'symlink_install': True, 'test_result_base': None}
[0.356s] Level 5:colcon.colcon_core.verb:set package 'turtlebot3_simulations' build argument 'cmake_args' from command line to 'None'
[0.356s] Level 5:colcon.colcon_core.verb:set package 'turtlebot3_simulations' build argument 'cmake_target' from command line to 'None'
[0.356s] Level 5:colcon.colcon_core.verb:set package 'turtlebot3_simulations' build argument 'cmake_target_skip_unavailable' from command line to 'False'
[0.357s] Level 5:colcon.colcon_core.verb:set package 'turtlebot3_simulations' build argument 'cmake_clean_cache' from command line to 'False'
[0.357s] Level 5:colcon.colcon_core.verb:set package 'turtlebot3_simulations' build argument 'cmake_clean_first' from command line to 'False'
[0.357s] Level 5:colcon.colcon_core.verb:set package 'turtlebot3_simulations' build argument 'cmake_force_configure' from command line to 'False'
[0.357s] Level 5:colcon.colcon_core.verb:set package 'turtlebot3_simulations' build argument 'ament_cmake_args' from command line to 'None'
[0.357s] Level 5:colcon.colcon_core.verb:set package 'turtlebot3_simulations' build argument 'catkin_cmake_args' from command line to 'None'
[0.357s] Level 5:colcon.colcon_core.verb:set package 'turtlebot3_simulations' build argument 'catkin_skip_building_tests' from command line to 'False'
[0.357s] DEBUG:colcon.colcon_core.verb:Building package 'turtlebot3_simulations' with the following arguments: {'ament_cmake_args': None, 'build_base': '/home/rsa/colcon_ws/build/turtlebot3_simulations', 'catkin_cmake_args': None, 'catkin_skip_building_tests': False, 'cmake_args': None, 'cmake_clean_cache': False, 'cmake_clean_first': False, 'cmake_force_configure': False, 'cmake_target': None, 'cmake_target_skip_unavailable': False, 'install_base': '/home/rsa/colcon_ws/install/turtlebot3_simulations', 'merge_install': False, 'path': '/home/rsa/colcon_ws/src/turtlebot3_simulations/turtlebot3_simulations', 'symlink_install': True, 'test_result_base': None}
[0.358s] INFO:colcon.colcon_core.executor:Executing jobs using 'parallel' executor
[0.362s] DEBUG:colcon.colcon_parallel_executor.executor.parallel:run_until_complete
[0.362s] INFO:colcon.colcon_ros.task.ament_cmake.build:Building ROS package in '/home/rsa/colcon_ws/src/turtlebot3_simulations/turtlebot3_fake_node' with build type 'ament_cmake'
[0.363s] INFO:colcon.colcon_cmake.task.cmake.build:Building CMake package in '/home/rsa/colcon_ws/src/turtlebot3_simulations/turtlebot3_fake_node'
[0.369s] INFO:colcon.colcon_core.plugin_system:Skipping extension 'colcon_core.shell.bat': Not used on non-Windows systems
[0.369s] INFO:colcon.colcon_core.shell:Skip shell extension 'powershell' for command environment: Not usable outside of PowerShell
[0.369s] DEBUG:colcon.colcon_core.shell:Skip shell extension 'dsv' for command environment
[0.381s] INFO:colcon.colcon_ros.task.ament_cmake.build:Building ROS package in '/home/rsa/colcon_ws/src/turtlebot3_simulations/turtlebot3_gazebo' with build type 'ament_cmake'
[0.381s] INFO:colcon.colcon_cmake.task.cmake.build:Building CMake package in '/home/rsa/colcon_ws/src/turtlebot3_simulations/turtlebot3_gazebo'
[0.391s] INFO:colcon.colcon_core.shell:Skip shell extension 'powershell' for command environment: Not usable outside of PowerShell
[0.391s] DEBUG:colcon.colcon_core.shell:Skip shell extension 'dsv' for command environment
[0.400s] INFO:colcon.colcon_ros.task.ament_python.build:Building ROS package in '/home/rsa/colcon_ws/src/cv_basics' with build type 'ament_python'
[0.401s] Level 1:colcon.colcon_core.shell:create_environment_hook('cv_basics', 'ament_prefix_path')
[0.404s] INFO:colcon.colcon_core.shell:Creating environment hook '/home/rsa/colcon_ws/install/cv_basics/share/cv_basics/hook/ament_prefix_path.ps1'
[0.405s] INFO:colcon.colcon_core.shell:Creating environment descriptor '/home/rsa/colcon_ws/install/cv_basics/share/cv_basics/hook/ament_prefix_path.dsv'
[0.406s] INFO:colcon.colcon_core.shell:Creating environment hook '/home/rsa/colcon_ws/install/cv_basics/share/cv_basics/hook/ament_prefix_path.sh'
[0.410s] INFO:colcon.colcon_core.shell:Skip shell extension 'powershell' for command environment: Not usable outside of PowerShell
[0.410s] DEBUG:colcon.colcon_core.shell:Skip shell extension 'dsv' for command environment
[0.418s] INFO:colcon.colcon_ros.task.ament_cmake.build:Building ROS package in '/home/rsa/colcon_ws/src/wall_follower' with build type 'ament_cmake'
[0.419s] INFO:colcon.colcon_cmake.task.cmake.build:Building CMake package in '/home/rsa/colcon_ws/src/wall_follower'
[0.421s] INFO:colcon.colcon_core.shell:Skip shell extension 'powershell' for command environment: Not usable outside of PowerShell
[0.422s] DEBUG:colcon.colcon_core.shell:Skip shell extension 'dsv' for command environment
[0.443s] DEBUG:colcon.colcon_core.event_handler.log_command:Invoking command in '/home/rsa/colcon_ws/build/turtlebot3_fake_node': CMAKE_PREFIX_PATH=${CMAKE_PREFIX_PATH}:/home/rsa/colcon_ws/install/cv_basics:/opt/ros/foxy /usr/bin/cmake --build /home/rsa/colcon_ws/build/turtlebot3_fake_node -- -j16 -l16
[0.451s] DEBUG:colcon.colcon_core.event_handler.log_command:Invoking command in '/home/rsa/colcon_ws/build/turtlebot3_gazebo': CMAKE_PREFIX_PATH=${CMAKE_PREFIX_PATH}:/home/rsa/colcon_ws/install/cv_basics:/opt/ros/foxy /usr/bin/cmake --build /home/rsa/colcon_ws/build/turtlebot3_gazebo -- -j16 -l16
[0.707s] INFO:colcon.colcon_core.task.python.build:Building Python package in '/home/rsa/colcon_ws/src/cv_basics'
[0.709s] INFO:colcon.colcon_core.shell:Skip shell extension 'powershell' for command environment: Not usable outside of PowerShell
[0.709s] DEBUG:colcon.colcon_core.shell:Skip shell extension 'dsv' for command environment
[0.727s] DEBUG:colcon.colcon_core.event_handler.log_command:Invoking command in '/home/rsa/colcon_ws/build/wall_follower': CMAKE_PREFIX_PATH=${CMAKE_PREFIX_PATH}:/home/rsa/colcon_ws/install/cv_basics:/opt/ros/foxy /usr/bin/cmake --build /home/rsa/colcon_ws/build/wall_follower -- -j16 -l16
[0.741s] DEBUG:colcon.colcon_core.event_handler.log_command:Invoked command in '/home/rsa/colcon_ws/build/turtlebot3_fake_node' returned '0': CMAKE_PREFIX_PATH=${CMAKE_PREFIX_PATH}:/home/rsa/colcon_ws/install/cv_basics:/opt/ros/foxy /usr/bin/cmake --build /home/rsa/colcon_ws/build/turtlebot3_fake_node -- -j16 -l16
[0.751s] DEBUG:colcon.colcon_core.event_handler.log_command:Invoked command in '/home/rsa/colcon_ws/build/turtlebot3_gazebo' returned '0': CMAKE_PREFIX_PATH=${CMAKE_PREFIX_PATH}:/home/rsa/colcon_ws/install/cv_basics:/opt/ros/foxy /usr/bin/cmake --build /home/rsa/colcon_ws/build/turtlebot3_gazebo -- -j16 -l16
[0.802s] DEBUG:colcon.colcon_core.event_handler.log_command:Invoking command in '/home/rsa/colcon_ws/build/turtlebot3_fake_node': CMAKE_PREFIX_PATH=${CMAKE_PREFIX_PATH}:/home/rsa/colcon_ws/install/cv_basics:/opt/ros/foxy /usr/bin/cmake --install /home/rsa/colcon_ws/build/turtlebot3_fake_node
[0.813s] DEBUG:colcon.colcon_core.event_handler.log_command:Invoking command in '/home/rsa/colcon_ws/build/turtlebot3_gazebo': CMAKE_PREFIX_PATH=${CMAKE_PREFIX_PATH}:/home/rsa/colcon_ws/install/cv_basics:/opt/ros/foxy /usr/bin/cmake --install /home/rsa/colcon_ws/build/turtlebot3_gazebo
[0.841s] Level 1:colcon.colcon_core.environment:create_environment_scripts_only(turtlebot3_fake_node)
[0.856s] DEBUG:colcon.colcon_core.event_handler.log_command:Invoked command in '/home/rsa/colcon_ws/build/turtlebot3_fake_node' returned '0': CMAKE_PREFIX_PATH=${CMAKE_PREFIX_PATH}:/home/rsa/colcon_ws/install/cv_basics:/opt/ros/foxy /usr/bin/cmake --install /home/rsa/colcon_ws/build/turtlebot3_fake_node
[0.860s] Level 1:colcon.colcon_core.environment:checking '/home/rsa/colcon_ws/install/turtlebot3_fake_node' for CMake module files
[0.868s] Level 1:colcon.colcon_core.environment:checking '/home/rsa/colcon_ws/install/turtlebot3_fake_node' for CMake config files
[0.869s] Level 1:colcon.colcon_core.shell:create_environment_hook('turtlebot3_fake_node', 'cmake_prefix_path')
[0.870s] INFO:colcon.colcon_core.shell:Creating environment hook '/home/rsa/colcon_ws/install/turtlebot3_fake_node/share/turtlebot3_fake_node/hook/cmake_prefix_path.ps1'
[0.871s] INFO:colcon.colcon_core.shell:Creating environment descriptor '/home/rsa/colcon_ws/install/turtlebot3_fake_node/share/turtlebot3_fake_node/hook/cmake_prefix_path.dsv'
[0.871s] INFO:colcon.colcon_core.shell:Creating environment hook '/home/rsa/colcon_ws/install/turtlebot3_fake_node/share/turtlebot3_fake_node/hook/cmake_prefix_path.sh'
[0.873s] Level 1:colcon.colcon_core.environment:checking '/home/rsa/colcon_ws/install/turtlebot3_fake_node/lib'
[0.876s] Level 1:colcon.colcon_core.environment:checking '/home/rsa/colcon_ws/install/turtlebot3_fake_node/bin'
[0.877s] Level 1:colcon.colcon_core.environment:checking '/home/rsa/colcon_ws/install/turtlebot3_fake_node/lib/pkgconfig/turtlebot3_fake_node.pc'
[0.878s] Level 1:colcon.colcon_core.environment:checking '/home/rsa/colcon_ws/install/turtlebot3_fake_node/lib/python3.8/site-packages'
[0.878s] Level 1:colcon.colcon_core.environment:checking '/home/rsa/colcon_ws/install/turtlebot3_fake_node/bin'
[0.881s] INFO:colcon.colcon_core.shell:Creating package script '/home/rsa/colcon_ws/install/turtlebot3_fake_node/share/turtlebot3_fake_node/package.ps1'
[0.882s] INFO:colcon.colcon_core.shell:Creating package descriptor '/home/rsa/colcon_ws/install/turtlebot3_fake_node/share/turtlebot3_fake_node/package.dsv'
[0.883s] INFO:colcon.colcon_core.shell:Creating package script '/home/rsa/colcon_ws/install/turtlebot3_fake_node/share/turtlebot3_fake_node/package.sh'
[0.884s] INFO:colcon.colcon_core.shell:Creating package script '/home/rsa/colcon_ws/install/turtlebot3_fake_node/share/turtlebot3_fake_node/package.bash'
[0.885s] INFO:colcon.colcon_core.shell:Creating package script '/home/rsa/colcon_ws/install/turtlebot3_fake_node/share/turtlebot3_fake_node/package.zsh'
[0.885s] Level 1:colcon.colcon_core.environment:create_file_with_runtime_dependencies(/home/rsa/colcon_ws/install/turtlebot3_fake_node/share/colcon-core/packages/turtlebot3_fake_node)
[0.894s] Level 1:colcon.colcon_core.environment:create_environment_scripts_only(turtlebot3_gazebo)
[0.895s] DEBUG:colcon.colcon_core.event_handler.log_command:Invoked command in '/home/rsa/colcon_ws/build/turtlebot3_gazebo' returned '0': CMAKE_PREFIX_PATH=${CMAKE_PREFIX_PATH}:/home/rsa/colcon_ws/install/cv_basics:/opt/ros/foxy /usr/bin/cmake --install /home/rsa/colcon_ws/build/turtlebot3_gazebo
[0.898s] Level 1:colcon.colcon_core.environment:checking '/home/rsa/colcon_ws/install/turtlebot3_gazebo' for CMake module files
[0.900s] Level 1:colcon.colcon_core.environment:checking '/home/rsa/colcon_ws/install/turtlebot3_gazebo' for CMake config files
[0.901s] Level 1:colcon.colcon_core.shell:create_environment_hook('turtlebot3_gazebo', 'cmake_prefix_path')
[0.903s] INFO:colcon.colcon_core.shell:Creating environment hook '/home/rsa/colcon_ws/install/turtlebot3_gazebo/share/turtlebot3_gazebo/hook/cmake_prefix_path.ps1'
[0.903s] INFO:colcon.colcon_core.shell:Creating environment descriptor '/home/rsa/colcon_ws/install/turtlebot3_gazebo/share/turtlebot3_gazebo/hook/cmake_prefix_path.dsv'
[0.904s] INFO:colcon.colcon_core.shell:Creating environment hook '/home/rsa/colcon_ws/install/turtlebot3_gazebo/share/turtlebot3_gazebo/hook/cmake_prefix_path.sh'
[0.905s] Level 1:colcon.colcon_core.environment:checking '/home/rsa/colcon_ws/install/turtlebot3_gazebo/lib'
[0.905s] Level 1:colcon.colcon_core.environment:checking '/home/rsa/colcon_ws/install/turtlebot3_gazebo/bin'
[0.905s] Level 1:colcon.colcon_core.environment:checking '/home/rsa/colcon_ws/install/turtlebot3_gazebo/lib/pkgconfig/turtlebot3_gazebo.pc'
[0.905s] Level 1:colcon.colcon_core.environment:checking '/home/rsa/colcon_ws/install/turtlebot3_gazebo/lib/python3.8/site-packages'
[0.905s] Level 1:colcon.colcon_core.environment:checking '/home/rsa/colcon_ws/install/turtlebot3_gazebo/bin'
[0.909s] INFO:colcon.colcon_core.shell:Creating package script '/home/rsa/colcon_ws/install/turtlebot3_gazebo/share/turtlebot3_gazebo/package.ps1'
[0.910s] INFO:colcon.colcon_core.shell:Creating package descriptor '/home/rsa/colcon_ws/install/turtlebot3_gazebo/share/turtlebot3_gazebo/package.dsv'
[0.910s] INFO:colcon.colcon_core.shell:Creating package script '/home/rsa/colcon_ws/install/turtlebot3_gazebo/share/turtlebot3_gazebo/package.sh'
[0.911s] INFO:colcon.colcon_core.shell:Creating package script '/home/rsa/colcon_ws/install/turtlebot3_gazebo/share/turtlebot3_gazebo/package.bash'
[0.911s] INFO:colcon.colcon_core.shell:Creating package script '/home/rsa/colcon_ws/install/turtlebot3_gazebo/share/turtlebot3_gazebo/package.zsh'
[0.912s] Level 1:colcon.colcon_core.environment:create_file_with_runtime_dependencies(/home/rsa/colcon_ws/install/turtlebot3_gazebo/share/colcon-core/packages/turtlebot3_gazebo)
[0.930s] Level 1:colcon.colcon_core.environment:create_environment_scripts_only(turtlebot3_fake_node)
[0.933s] Level 1:colcon.colcon_core.environment:checking '/home/rsa/colcon_ws/install/turtlebot3_fake_node' for CMake module files
[0.934s] Level 1:colcon.colcon_core.environment:checking '/home/rsa/colcon_ws/install/turtlebot3_fake_node' for CMake config files
[0.934s] Level 1:colcon.colcon_core.shell:create_environment_hook('turtlebot3_fake_node', 'cmake_prefix_path')
[0.936s] INFO:colcon.colcon_core.shell:Creating environment hook '/home/rsa/colcon_ws/install/turtlebot3_fake_node/share/turtlebot3_fake_node/hook/cmake_prefix_path.ps1'
[0.937s] INFO:colcon.colcon_core.shell:Creating environment descriptor '/home/rsa/colcon_ws/install/turtlebot3_fake_node/share/turtlebot3_fake_node/hook/cmake_prefix_path.dsv'
[0.937s] INFO:colcon.colcon_core.shell:Creating environment hook '/home/rsa/colcon_ws/install/turtlebot3_fake_node/share/turtlebot3_fake_node/hook/cmake_prefix_path.sh'
[0.938s] Level 1:colcon.colcon_core.environment:checking '/home/rsa/colcon_ws/install/turtlebot3_fake_node/lib'
[0.938s] Level 1:colcon.colcon_core.environment:checking '/home/rsa/colcon_ws/install/turtlebot3_fake_node/bin'
[0.938s] Level 1:colcon.colcon_core.environment:checking '/home/rsa/colcon_ws/install/turtlebot3_fake_node/lib/pkgconfig/turtlebot3_fake_node.pc'
[0.938s] Level 1:colcon.colcon_core.environment:checking '/home/rsa/colcon_ws/install/turtlebot3_fake_node/lib/python3.8/site-packages'
[0.938s] Level 1:colcon.colcon_core.environment:checking '/home/rsa/colcon_ws/install/turtlebot3_fake_node/bin'
[0.940s] INFO:colcon.colcon_core.shell:Creating package script '/home/rsa/colcon_ws/install/turtlebot3_fake_node/share/turtlebot3_fake_node/package.ps1'
[0.941s] INFO:colcon.colcon_core.shell:Creating package descriptor '/home/rsa/colcon_ws/install/turtlebot3_fake_node/share/turtlebot3_fake_node/package.dsv'
[0.941s] INFO:colcon.colcon_core.shell:Creating package script '/home/rsa/colcon_ws/install/turtlebot3_fake_node/share/turtlebot3_fake_node/package.sh'
[0.942s] INFO:colcon.colcon_core.shell:Creating package script '/home/rsa/colcon_ws/install/turtlebot3_fake_node/share/turtlebot3_fake_node/package.bash'
[0.943s] INFO:colcon.colcon_core.shell:Creating package script '/home/rsa/colcon_ws/install/turtlebot3_fake_node/share/turtlebot3_fake_node/package.zsh'
[0.943s] Level 1:colcon.colcon_core.environment:create_file_with_runtime_dependencies(/home/rsa/colcon_ws/install/turtlebot3_fake_node/share/colcon-core/packages/turtlebot3_fake_node)
[0.986s] Level 1:colcon.colcon_core.environment:create_environment_scripts_only(turtlebot3_gazebo)
[0.989s] Level 1:colcon.colcon_core.environment:checking '/home/rsa/colcon_ws/install/turtlebot3_gazebo' for CMake module files
[0.990s] Level 1:colcon.colcon_core.environment:checking '/home/rsa/colcon_ws/install/turtlebot3_gazebo' for CMake config files
[0.990s] Level 1:colcon.colcon_core.shell:create_environment_hook('turtlebot3_gazebo', 'cmake_prefix_path')
[0.992s] INFO:colcon.colcon_core.shell:Creating environment hook '/home/rsa/colcon_ws/install/turtlebot3_gazebo/share/turtlebot3_gazebo/hook/cmake_prefix_path.ps1'
[0.992s] INFO:colcon.colcon_core.shell:Creating environment descriptor '/home/rsa/colcon_ws/install/turtlebot3_gazebo/share/turtlebot3_gazebo/hook/cmake_prefix_path.dsv'
[0.993s] INFO:colcon.colcon_core.shell:Creating environment hook '/home/rsa/colcon_ws/install/turtlebot3_gazebo/share/turtlebot3_gazebo/hook/cmake_prefix_path.sh'
[0.993s] Level 1:colcon.colcon_core.environment:checking '/home/rsa/colcon_ws/install/turtlebot3_gazebo/lib'
[0.993s] Level 1:colcon.colcon_core.environment:checking '/home/rsa/colcon_ws/install/turtlebot3_gazebo/bin'
[0.993s] Level 1:colcon.colcon_core.environment:checking '/home/rsa/colcon_ws/install/turtlebot3_gazebo/lib/pkgconfig/turtlebot3_gazebo.pc'
[0.994s] Level 1:colcon.colcon_core.environment:checking '/home/rsa/colcon_ws/install/turtlebot3_gazebo/lib/python3.8/site-packages'
[0.994s] Level 1:colcon.colcon_core.environment:checking '/home/rsa/colcon_ws/install/turtlebot3_gazebo/bin'
[0.996s] INFO:colcon.colcon_core.shell:Creating package script '/home/rsa/colcon_ws/install/turtlebot3_gazebo/share/turtlebot3_gazebo/package.ps1'
[0.996s] INFO:colcon.colcon_core.shell:Creating package descriptor '/home/rsa/colcon_ws/install/turtlebot3_gazebo/share/turtlebot3_gazebo/package.dsv'
[0.997s] INFO:colcon.colcon_core.shell:Creating package script '/home/rsa/colcon_ws/install/turtlebot3_gazebo/share/turtlebot3_gazebo/package.sh'
[0.998s] INFO:colcon.colcon_core.shell:Creating package script '/home/rsa/colcon_ws/install/turtlebot3_gazebo/share/turtlebot3_gazebo/package.bash'
[0.998s] INFO:colcon.colcon_core.shell:Creating package script '/home/rsa/colcon_ws/install/turtlebot3_gazebo/share/turtlebot3_gazebo/package.zsh'
[0.999s] Level 1:colcon.colcon_core.environment:create_file_with_runtime_dependencies(/home/rsa/colcon_ws/install/turtlebot3_gazebo/share/colcon-core/packages/turtlebot3_gazebo)
[0.999s] INFO:colcon.colcon_ros.task.ament_cmake.build:Building ROS package in '/home/rsa/colcon_ws/src/turtlebot3_simulations/turtlebot3_simulations' with build type 'ament_cmake'
[1.000s] INFO:colcon.colcon_cmake.task.cmake.build:Building CMake package in '/home/rsa/colcon_ws/src/turtlebot3_simulations/turtlebot3_simulations'
[1.001s] INFO:colcon.colcon_core.shell:Skip shell extension 'powershell' for command environment: Not usable outside of PowerShell
[1.002s] DEBUG:colcon.colcon_core.shell:Skip shell extension 'dsv' for command environment
[1.018s] DEBUG:colcon.colcon_core.event_handler.log_command:Invoking command in '/home/rsa/colcon_ws/build/turtlebot3_simulations': CMAKE_PREFIX_PATH=/home/rsa/colcon_ws/install/turtlebot3_gazebo:/home/rsa/colcon_ws/install/turtlebot3_fake_node:/home/rsa/colcon_ws/install/wall_follower:/home/rsa/colcon_ws/install/turtlebot3_simulations:/home/rsa/colcon_ws/install/cv_basics:/opt/ros/foxy /usr/bin/cmake --build /home/rsa/colcon_ws/build/turtlebot3_simulations -- -j16 -l16
[1.084s] DEBUG:colcon.colcon_core.event_handler.log_command:Invoked command in '/home/rsa/colcon_ws/build/turtlebot3_simulations' returned '0': CMAKE_PREFIX_PATH=/home/rsa/colcon_ws/install/turtlebot3_gazebo:/home/rsa/colcon_ws/install/turtlebot3_fake_node:/home/rsa/colcon_ws/install/wall_follower:/home/rsa/colcon_ws/install/turtlebot3_simulations:/home/rsa/colcon_ws/install/cv_basics:/opt/ros/foxy /usr/bin/cmake --build /home/rsa/colcon_ws/build/turtlebot3_simulations -- -j16 -l16
[1.124s] DEBUG:colcon.colcon_core.event_handler.log_command:Invoking command in '/home/rsa/colcon_ws/build/turtlebot3_simulations': CMAKE_PREFIX_PATH=/home/rsa/colcon_ws/install/turtlebot3_gazebo:/home/rsa/colcon_ws/install/turtlebot3_fake_node:/home/rsa/colcon_ws/install/wall_follower:/home/rsa/colcon_ws/install/turtlebot3_simulations:/home/rsa/colcon_ws/install/cv_basics:/opt/ros/foxy /usr/bin/cmake --install /home/rsa/colcon_ws/build/turtlebot3_simulations
[1.154s] Level 1:colcon.colcon_core.environment:create_environment_scripts_only(turtlebot3_simulations)
[1.157s] Level 1:colcon.colcon_core.environment:checking '/home/rsa/colcon_ws/install/turtlebot3_simulations' for CMake module files
[1.158s] DEBUG:colcon.colcon_core.event_handler.log_command:Invoked command in '/home/rsa/colcon_ws/build/turtlebot3_simulations' returned '0': CMAKE_PREFIX_PATH=/home/rsa/colcon_ws/install/turtlebot3_gazebo:/home/rsa/colcon_ws/install/turtlebot3_fake_node:/home/rsa/colcon_ws/install/wall_follower:/home/rsa/colcon_ws/install/turtlebot3_simulations:/home/rsa/colcon_ws/install/cv_basics:/opt/ros/foxy /usr/bin/cmake --install /home/rsa/colcon_ws/build/turtlebot3_simulations
[1.159s] Level 1:colcon.colcon_core.environment:checking '/home/rsa/colcon_ws/install/turtlebot3_simulations' for CMake config files
[1.159s] Level 1:colcon.colcon_core.shell:create_environment_hook('turtlebot3_simulations', 'cmake_prefix_path')
[1.162s] INFO:colcon.colcon_core.shell:Creating environment hook '/home/rsa/colcon_ws/install/turtlebot3_simulations/share/turtlebot3_simulations/hook/cmake_prefix_path.ps1'
[1.162s] INFO:colcon.colcon_core.shell:Creating environment descriptor '/home/rsa/colcon_ws/install/turtlebot3_simulations/share/turtlebot3_simulations/hook/cmake_prefix_path.dsv'
[1.163s] INFO:colcon.colcon_core.shell:Creating environment hook '/home/rsa/colcon_ws/install/turtlebot3_simulations/share/turtlebot3_simulations/hook/cmake_prefix_path.sh'
[1.163s] Level 1:colcon.colcon_core.environment:checking '/home/rsa/colcon_ws/install/turtlebot3_simulations/bin'
[1.163s] Level 1:colcon.colcon_core.environment:checking '/home/rsa/colcon_ws/install/turtlebot3_simulations/lib/pkgconfig/turtlebot3_simulations.pc'
[1.164s] Level 1:colcon.colcon_core.environment:checking '/home/rsa/colcon_ws/install/turtlebot3_simulations/lib/python3.8/site-packages'
[1.164s] Level 1:colcon.colcon_core.environment:checking '/home/rsa/colcon_ws/install/turtlebot3_simulations/bin'
[1.165s] INFO:colcon.colcon_core.shell:Creating package script '/home/rsa/colcon_ws/install/turtlebot3_simulations/share/turtlebot3_simulations/package.ps1'
[1.166s] INFO:colcon.colcon_core.shell:Creating package descriptor '/home/rsa/colcon_ws/install/turtlebot3_simulations/share/turtlebot3_simulations/package.dsv'
[1.167s] INFO:colcon.colcon_core.shell:Creating package script '/home/rsa/colcon_ws/install/turtlebot3_simulations/share/turtlebot3_simulations/package.sh'
[1.168s] INFO:colcon.colcon_core.shell:Creating package script '/home/rsa/colcon_ws/install/turtlebot3_simulations/share/turtlebot3_simulations/package.bash'
[1.168s] INFO:colcon.colcon_core.shell:Creating package script '/home/rsa/colcon_ws/install/turtlebot3_simulations/share/turtlebot3_simulations/package.zsh'
[1.169s] Level 1:colcon.colcon_core.environment:create_file_with_runtime_dependencies(/home/rsa/colcon_ws/install/turtlebot3_simulations/share/colcon-core/packages/turtlebot3_simulations)
[1.201s] Level 1:colcon.colcon_core.environment:create_environment_scripts_only(turtlebot3_simulations)
[1.206s] Level 1:colcon.colcon_core.environment:checking '/home/rsa/colcon_ws/install/turtlebot3_simulations' for CMake module files
[1.207s] Level 1:colcon.colcon_core.environment:checking '/home/rsa/colcon_ws/install/turtlebot3_simulations' for CMake config files
[1.207s] Level 1:colcon.colcon_core.shell:create_environment_hook('turtlebot3_simulations', 'cmake_prefix_path')
[1.209s] INFO:colcon.colcon_core.shell:Creating environment hook '/home/rsa/colcon_ws/install/turtlebot3_simulations/share/turtlebot3_simulations/hook/cmake_prefix_path.ps1'
[1.210s] INFO:colcon.colcon_core.shell:Creating environment descriptor '/home/rsa/colcon_ws/install/turtlebot3_simulations/share/turtlebot3_simulations/hook/cmake_prefix_path.dsv'
[1.210s] INFO:colcon.colcon_core.shell:Creating environment hook '/home/rsa/colcon_ws/install/turtlebot3_simulations/share/turtlebot3_simulations/hook/cmake_prefix_path.sh'
[1.211s] Level 1:colcon.colcon_core.environment:checking '/home/rsa/colcon_ws/install/turtlebot3_simulations/bin'
[1.212s] Level 1:colcon.colcon_core.environment:checking '/home/rsa/colcon_ws/install/turtlebot3_simulations/lib/pkgconfig/turtlebot3_simulations.pc'
[1.212s] Level 1:colcon.colcon_core.environment:checking '/home/rsa/colcon_ws/install/turtlebot3_simulations/lib/python3.8/site-packages'
[1.212s] Level 1:colcon.colcon_core.environment:checking '/home/rsa/colcon_ws/install/turtlebot3_simulations/bin'
[1.214s] INFO:colcon.colcon_core.shell:Creating package script '/home/rsa/colcon_ws/install/turtlebot3_simulations/share/turtlebot3_simulations/package.ps1'
[1.215s] INFO:colcon.colcon_core.shell:Creating package descriptor '/home/rsa/colcon_ws/install/turtlebot3_simulations/share/turtlebot3_simulations/package.dsv'
[1.216s] INFO:colcon.colcon_core.shell:Creating package script '/home/rsa/colcon_ws/install/turtlebot3_simulations/share/turtlebot3_simulations/package.sh'
[1.216s] INFO:colcon.colcon_core.shell:Creating package script '/home/rsa/colcon_ws/install/turtlebot3_simulations/share/turtlebot3_simulations/package.bash'
[1.217s] INFO:colcon.colcon_core.shell:Creating package script '/home/rsa/colcon_ws/install/turtlebot3_simulations/share/turtlebot3_simulations/package.zsh'
[1.218s] Level 1:colcon.colcon_core.environment:create_file_with_runtime_dependencies(/home/rsa/colcon_ws/install/turtlebot3_simulations/share/colcon-core/packages/turtlebot3_simulations)
[1.265s] DEBUG:colcon.colcon_core.event_handler.log_command:Invoking command in '/home/rsa/colcon_ws/build/cv_basics': PYTHONPATH=/home/rsa/colcon_ws/install/cv_basics/lib/python3.8/site-packages:${PYTHONPATH} /usr/bin/python3 setup.py develop --prefix /home/rsa/colcon_ws/install/cv_basics --editable --build-directory /home/rsa/colcon_ws/build/cv_basics/build --no-deps install_data --install-dir /home/rsa/colcon_ws/install/cv_basics
[1.784s] Level 1:colcon.colcon_core.shell:create_environment_hook('cv_basics', 'pythonpath_develop')
[1.789s] INFO:colcon.colcon_core.shell:Creating environment hook '/home/rsa/colcon_ws/build/cv_basics/share/cv_basics/hook/pythonpath_develop.ps1'
[1.791s] DEBUG:colcon.colcon_core.event_handler.log_command:Invoked command in '/home/rsa/colcon_ws/build/cv_basics' returned '0': PYTHONPATH=/home/rsa/colcon_ws/install/cv_basics/lib/python3.8/site-packages:${PYTHONPATH} /usr/bin/python3 setup.py develop --prefix /home/rsa/colcon_ws/install/cv_basics --editable --build-directory /home/rsa/colcon_ws/build/cv_basics/build --no-deps install_data --install-dir /home/rsa/colcon_ws/install/cv_basics
[1.791s] INFO:colcon.colcon_core.shell:Creating environment descriptor '/home/rsa/colcon_ws/build/cv_basics/share/cv_basics/hook/pythonpath_develop.dsv'
[1.792s] INFO:colcon.colcon_core.shell:Creating environment hook '/home/rsa/colcon_ws/build/cv_basics/share/cv_basics/hook/pythonpath_develop.sh'
[1.795s] Level 1:colcon.colcon_core.environment:checking '/home/rsa/colcon_ws/install/cv_basics' for CMake module files
[1.796s] Level 1:colcon.colcon_core.environment:checking '/home/rsa/colcon_ws/install/cv_basics' for CMake config files
[1.796s] Level 1:colcon.colcon_core.environment:checking '/home/rsa/colcon_ws/install/cv_basics/lib'
[1.796s] Level 1:colcon.colcon_core.environment:checking '/home/rsa/colcon_ws/install/cv_basics/bin'
[1.796s] Level 1:colcon.colcon_core.environment:checking '/home/rsa/colcon_ws/install/cv_basics/lib/pkgconfig/cv_basics.pc'
[1.797s] Level 1:colcon.colcon_core.environment:checking '/home/rsa/colcon_ws/install/cv_basics/lib/python3.8/site-packages'
[1.797s] Level 1:colcon.colcon_core.shell:create_environment_hook('cv_basics', 'pythonpath')
[1.799s] INFO:colcon.colcon_core.shell:Creating environment hook '/home/rsa/colcon_ws/install/cv_basics/share/cv_basics/hook/pythonpath.ps1'
[1.800s] INFO:colcon.colcon_core.shell:Creating environment descriptor '/home/rsa/colcon_ws/install/cv_basics/share/cv_basics/hook/pythonpath.dsv'
[1.801s] INFO:colcon.colcon_core.shell:Creating environment hook '/home/rsa/colcon_ws/install/cv_basics/share/cv_basics/hook/pythonpath.sh'
[1.802s] Level 1:colcon.colcon_core.environment:checking '/home/rsa/colcon_ws/install/cv_basics/bin'
[1.802s] Level 1:colcon.colcon_core.environment:create_environment_scripts_only(cv_basics)
[1.804s] INFO:colcon.colcon_core.shell:Creating package script '/home/rsa/colcon_ws/install/cv_basics/share/cv_basics/package.ps1'
[1.805s] INFO:colcon.colcon_core.shell:Creating package descriptor '/home/rsa/colcon_ws/install/cv_basics/share/cv_basics/package.dsv'
[1.806s] INFO:colcon.colcon_core.shell:Creating package script '/home/rsa/colcon_ws/install/cv_basics/share/cv_basics/package.sh'
[1.806s] INFO:colcon.colcon_core.shell:Creating package script '/home/rsa/colcon_ws/install/cv_basics/share/cv_basics/package.bash'
[1.807s] INFO:colcon.colcon_core.shell:Creating package script '/home/rsa/colcon_ws/install/cv_basics/share/cv_basics/package.zsh'
[1.807s] Level 1:colcon.colcon_core.environment:create_file_with_runtime_dependencies(/home/rsa/colcon_ws/install/cv_basics/share/colcon-core/packages/cv_basics)
[9.712s] DEBUG:colcon.colcon_core.event_handler.log_command:Invoked command in '/home/rsa/colcon_ws/build/wall_follower' returned '0': CMAKE_PREFIX_PATH=${CMAKE_PREFIX_PATH}:/home/rsa/colcon_ws/install/cv_basics:/opt/ros/foxy /usr/bin/cmake --build /home/rsa/colcon_ws/build/wall_follower -- -j16 -l16
[9.743s] DEBUG:colcon.colcon_core.event_handler.log_command:Invoking command in '/home/rsa/colcon_ws/build/wall_follower': CMAKE_PREFIX_PATH=${CMAKE_PREFIX_PATH}:/home/rsa/colcon_ws/install/cv_basics:/opt/ros/foxy /usr/bin/cmake --install /home/rsa/colcon_ws/build/wall_follower
[9.772s] Level 1:colcon.colcon_core.environment:create_environment_scripts_only(wall_follower)
[9.774s] Level 1:colcon.colcon_core.environment:checking '/home/rsa/colcon_ws/install/wall_follower' for CMake module files
[9.775s] DEBUG:colcon.colcon_core.event_handler.log_command:Invoked command in '/home/rsa/colcon_ws/build/wall_follower' returned '0': CMAKE_PREFIX_PATH=${CMAKE_PREFIX_PATH}:/home/rsa/colcon_ws/install/cv_basics:/opt/ros/foxy /usr/bin/cmake --install /home/rsa/colcon_ws/build/wall_follower
[9.775s] Level 1:colcon.colcon_core.environment:checking '/home/rsa/colcon_ws/install/wall_follower' for CMake config files
[9.776s] Level 1:colcon.colcon_core.shell:create_environment_hook('wall_follower', 'cmake_prefix_path')
[9.777s] INFO:colcon.colcon_core.shell:Creating environment hook '/home/rsa/colcon_ws/install/wall_follower/share/wall_follower/hook/cmake_prefix_path.ps1'
[9.778s] INFO:colcon.colcon_core.shell:Creating environment descriptor '/home/rsa/colcon_ws/install/wall_follower/share/wall_follower/hook/cmake_prefix_path.dsv'
[9.778s] INFO:colcon.colcon_core.shell:Creating environment hook '/home/rsa/colcon_ws/install/wall_follower/share/wall_follower/hook/cmake_prefix_path.sh'
[9.779s] Level 1:colcon.colcon_core.environment:checking '/home/rsa/colcon_ws/install/wall_follower/lib'
[9.779s] Level 1:colcon.colcon_core.environment:checking '/home/rsa/colcon_ws/install/wall_follower/bin'
[9.779s] Level 1:colcon.colcon_core.environment:checking '/home/rsa/colcon_ws/install/wall_follower/lib/pkgconfig/wall_follower.pc'
[9.779s] Level 1:colcon.colcon_core.environment:checking '/home/rsa/colcon_ws/install/wall_follower/lib/python3.8/site-packages'
[9.779s] Level 1:colcon.colcon_core.environment:checking '/home/rsa/colcon_ws/install/wall_follower/bin'
[9.781s] INFO:colcon.colcon_core.shell:Creating package script '/home/rsa/colcon_ws/install/wall_follower/share/wall_follower/package.ps1'
[9.782s] INFO:colcon.colcon_core.shell:Creating package descriptor '/home/rsa/colcon_ws/install/wall_follower/share/wall_follower/package.dsv'
[9.782s] INFO:colcon.colcon_core.shell:Creating package script '/home/rsa/colcon_ws/install/wall_follower/share/wall_follower/package.sh'
[9.783s] INFO:colcon.colcon_core.shell:Creating package script '/home/rsa/colcon_ws/install/wall_follower/share/wall_follower/package.bash'
[9.783s] INFO:colcon.colcon_core.shell:Creating package script '/home/rsa/colcon_ws/install/wall_follower/share/wall_follower/package.zsh'
[9.783s] Level 1:colcon.colcon_core.environment:create_file_with_runtime_dependencies(/home/rsa/colcon_ws/install/wall_follower/share/colcon-core/packages/wall_follower)
[9.817s] Level 1:colcon.colcon_core.environment:create_environment_scripts_only(wall_follower)
[9.819s] Level 1:colcon.colcon_core.environment:checking '/home/rsa/colcon_ws/install/wall_follower' for CMake module files
[9.820s] Level 1:colcon.colcon_core.environment:checking '/home/rsa/colcon_ws/install/wall_follower' for CMake config files
[9.820s] Level 1:colcon.colcon_core.shell:create_environment_hook('wall_follower', 'cmake_prefix_path')
[9.821s] INFO:colcon.colcon_core.shell:Creating environment hook '/home/rsa/colcon_ws/install/wall_follower/share/wall_follower/hook/cmake_prefix_path.ps1'
[9.822s] INFO:colcon.colcon_core.shell:Creating environment descriptor '/home/rsa/colcon_ws/install/wall_follower/share/wall_follower/hook/cmake_prefix_path.dsv'
[9.822s] INFO:colcon.colcon_core.shell:Creating environment hook '/home/rsa/colcon_ws/install/wall_follower/share/wall_follower/hook/cmake_prefix_path.sh'
[9.823s] Level 1:colcon.colcon_core.environment:checking '/home/rsa/colcon_ws/install/wall_follower/lib'
[9.823s] Level 1:colcon.colcon_core.environment:checking '/home/rsa/colcon_ws/install/wall_follower/bin'
[9.823s] Level 1:colcon.colcon_core.environment:checking '/home/rsa/colcon_ws/install/wall_follower/lib/pkgconfig/wall_follower.pc'
[9.823s] Level 1:colcon.colcon_core.environment:checking '/home/rsa/colcon_ws/install/wall_follower/lib/python3.8/site-packages'
[9.823s] Level 1:colcon.colcon_core.environment:checking '/home/rsa/colcon_ws/install/wall_follower/bin'
[9.825s] INFO:colcon.colcon_core.shell:Creating package script '/home/rsa/colcon_ws/install/wall_follower/share/wall_follower/package.ps1'
[9.826s] INFO:colcon.colcon_core.shell:Creating package descriptor '/home/rsa/colcon_ws/install/wall_follower/share/wall_follower/package.dsv'
[9.826s] INFO:colcon.colcon_core.shell:Creating package script '/home/rsa/colcon_ws/install/wall_follower/share/wall_follower/package.sh'
[9.826s] INFO:colcon.colcon_core.shell:Creating package script '/home/rsa/colcon_ws/install/wall_follower/share/wall_follower/package.bash'
[9.827s] INFO:colcon.colcon_core.shell:Creating package script '/home/rsa/colcon_ws/install/wall_follower/share/wall_follower/package.zsh'
[9.827s] Level 1:colcon.colcon_core.environment:create_file_with_runtime_dependencies(/home/rsa/colcon_ws/install/wall_follower/share/colcon-core/packages/wall_follower)
[9.828s] DEBUG:colcon.colcon_parallel_executor.executor.parallel:closing loop
[9.828s] DEBUG:colcon.colcon_parallel_executor.executor.parallel:loop closed
[9.829s] DEBUG:colcon.colcon_parallel_executor.executor.parallel:run_until_complete finished with '0'
[9.829s] DEBUG:colcon.colcon_core.event_reactor:joining thread
[9.838s] INFO:colcon.colcon_core.plugin_system:Skipping extension 'colcon_notification.desktop_notification.terminal_notifier': Not used on non-Darwin systems
[9.838s] INFO:colcon.colcon_core.plugin_system:Skipping extension 'colcon_notification.desktop_notification.win32': Not used on non-Windows systems
[9.838s] INFO:colcon.colcon_notification.desktop_notification:Sending desktop notification using 'notify2'
[9.844s] DEBUG:colcon.colcon_core.event_reactor:joined thread
[9.846s] INFO:colcon.colcon_core.shell:Creating prefix script '/home/rsa/colcon_ws/install/local_setup.ps1'
[9.847s] INFO:colcon.colcon_core.shell:Creating prefix util module '/home/rsa/colcon_ws/install/_local_setup_util_ps1.py'
[9.848s] INFO:colcon.colcon_core.shell:Creating prefix chain script '/home/rsa/colcon_ws/install/setup.ps1'
[9.850s] INFO:colcon.colcon_core.shell:Creating prefix script '/home/rsa/colcon_ws/install/local_setup.sh'
[9.850s] INFO:colcon.colcon_core.shell:Creating prefix util module '/home/rsa/colcon_ws/install/_local_setup_util_sh.py'
[9.850s] INFO:colcon.colcon_core.shell:Creating prefix chain script '/home/rsa/colcon_ws/install/setup.sh'
[9.852s] INFO:colcon.colcon_core.shell:Creating prefix script '/home/rsa/colcon_ws/install/local_setup.bash'
[9.852s] INFO:colcon.colcon_core.shell:Creating prefix chain script '/home/rsa/colcon_ws/install/setup.bash'
[9.854s] INFO:colcon.colcon_core.shell:Creating prefix script '/home/rsa/colcon_ws/install/local_setup.zsh'
[9.855s] INFO:colcon.colcon_core.shell:Creating prefix chain script '/home/rsa/colcon_ws/install/setup.zsh'
