[0.099s] DEBUG:colcon:Command line arguments: ['/usr/bin/colcon', 'build', '--symlink-install']
[0.099s] DEBUG:colcon:Parsed command line arguments: Namespace(allow_overriding=[], ament_cmake_args=None, base_paths=['.'], build_base='build', catkin_cmake_args=None, catkin_skip_building_tests=False, cmake_args=None, cmake_clean_cache=False, cmake_clean_first=False, cmake_force_configure=False, cmake_target=None, cmake_target_skip_unavailable=False, continue_on_error=False, event_handlers=None, executor='parallel', ignore_user_meta=False, install_base='install', log_base=None, log_level=None, main=<bound method BuildVerb.main of <colcon_core.verb.build.BuildVerb object at 0x7ffb42940d30>>, merge_install=False, metas=['./colcon.meta'], packages_above=None, packages_above_and_dependencies=None, packages_above_depth=None, packages_end=None, packages_ignore=None, packages_ignore_regex=None, packages_select=None, packages_select_build_failed=False, packages_select_by_dep=None, packages_select_regex=None, packages_select_test_failures=False, packages_skip=None, packages_skip_build_finished=False, packages_skip_by_dep=None, packages_skip_regex=None, packages_skip_test_passed=False, packages_skip_up_to=None, packages_start=None, packages_up_to=None, packages_up_to_regex=None, parallel_workers=8, paths=None, symlink_install=True, test_result_base=None, verb_extension=<colcon_core.verb.build.BuildVerb object at 0x7ffb42940d30>, verb_name='build', verb_parser=<colcon_defaults.argument_parser.defaults.DefaultArgumentsDecorator object at 0x7ffb429462e0>)
[0.116s] Level 1:colcon.colcon_core.package_discovery:discover_packages(colcon_meta) check parameters
[0.116s] Level 1:colcon.colcon_core.package_discovery:discover_packages(recursive) check parameters
[0.116s] Level 1:colcon.colcon_core.package_discovery:discover_packages(ignore) check parameters
[0.116s] Level 1:colcon.colcon_core.package_discovery:discover_packages(path) check parameters
[0.116s] Level 1:colcon.colcon_core.package_discovery:discover_packages(colcon_meta) discover
[0.116s] Level 1:colcon.colcon_core.package_discovery:discover_packages(recursive) discover
[0.116s] INFO:colcon.colcon_core.package_discovery:Crawling recursively for packages in '/home/rsa/colcon_ws'
[0.117s] Level 1:colcon.colcon_core.package_identification:_identify(.) by extensions ['ignore', 'ignore_ament_install']
[0.117s] Level 1:colcon.colcon_core.package_identification:_identify(.) by extension 'ignore'
[0.117s] Level 1:colcon.colcon_core.package_identification:_identify(.) by extension 'ignore_ament_install'
[0.117s] Level 1:colcon.colcon_core.package_identification:_identify(.) by extensions ['colcon_pkg']
[0.117s] Level 1:colcon.colcon_core.package_identification:_identify(.) by extension 'colcon_pkg'
[0.117s] Level 1:colcon.colcon_core.package_identification:_identify(.) by extensions ['colcon_meta']
[0.117s] Level 1:colcon.colcon_core.package_identification:_identify(.) by extension 'colcon_meta'
[0.117s] Level 1:colcon.colcon_core.package_identification:_identify(.) by extensions ['ros']
[0.117s] Level 1:colcon.colcon_core.package_identification:_identify(.) by extension 'ros'
[0.125s] Level 1:colcon.colcon_core.package_identification:_identify(.) by extensions ['cmake', 'python']
[0.125s] Level 1:colcon.colcon_core.package_identification:_identify(.) by extension 'cmake'
[0.125s] Level 1:colcon.colcon_core.package_identification:_identify(.) by extension 'python'
[0.125s] Level 1:colcon.colcon_core.package_identification:_identify(.) by extensions ['python_setup_py']
[0.125s] Level 1:colcon.colcon_core.package_identification:_identify(.) by extension 'python_setup_py'
[0.125s] Level 1:colcon.colcon_core.package_identification:_identify(build) by extensions ['ignore', 'ignore_ament_install']
[0.125s] Level 1:colcon.colcon_core.package_identification:_identify(build) by extension 'ignore'
[0.125s] Level 1:colcon.colcon_core.package_identification:_identify(build) ignored
[0.125s] Level 1:colcon.colcon_core.package_identification:_identify(install) by extensions ['ignore', 'ignore_ament_install']
[0.125s] Level 1:colcon.colcon_core.package_identification:_identify(install) by extension 'ignore'
[0.125s] Level 1:colcon.colcon_core.package_identification:_identify(install) ignored
[0.125s] Level 1:colcon.colcon_core.package_identification:_identify(log) by extensions ['ignore', 'ignore_ament_install']
[0.125s] Level 1:colcon.colcon_core.package_identification:_identify(log) by extension 'ignore'
[0.125s] Level 1:colcon.colcon_core.package_identification:_identify(log) ignored
[0.125s] Level 1:colcon.colcon_core.package_identification:_identify(src) by extensions ['ignore', 'ignore_ament_install']
[0.125s] Level 1:colcon.colcon_core.package_identification:_identify(src) by extension 'ignore'
[0.125s] Level 1:colcon.colcon_core.package_identification:_identify(src) by extension 'ignore_ament_install'
[0.126s] Level 1:colcon.colcon_core.package_identification:_identify(src) by extensions ['colcon_pkg']
[0.126s] Level 1:colcon.colcon_core.package_identification:_identify(src) by extension 'colcon_pkg'
[0.126s] Level 1:colcon.colcon_core.package_identification:_identify(src) by extensions ['colcon_meta']
[0.126s] Level 1:colcon.colcon_core.package_identification:_identify(src) by extension 'colcon_meta'
[0.126s] Level 1:colcon.colcon_core.package_identification:_identify(src) by extensions ['ros']
[0.126s] Level 1:colcon.colcon_core.package_identification:_identify(src) by extension 'ros'
[0.126s] Level 1:colcon.colcon_core.package_identification:_identify(src) by extensions ['cmake', 'python']
[0.126s] Level 1:colcon.colcon_core.package_identification:_identify(src) by extension 'cmake'
[0.126s] Level 1:colcon.colcon_core.package_identification:_identify(src) by extension 'python'
[0.126s] Level 1:colcon.colcon_core.package_identification:_identify(src) by extensions ['python_setup_py']
[0.126s] Level 1:colcon.colcon_core.package_identification:_identify(src) by extension 'python_setup_py'
[0.126s] Level 1:colcon.colcon_core.package_identification:_identify(src/turtlebot3_simulations) by extensions ['ignore', 'ignore_ament_install']
[0.126s] Level 1:colcon.colcon_core.package_identification:_identify(src/turtlebot3_simulations) by extension 'ignore'
[0.126s] Level 1:colcon.colcon_core.package_identification:_identify(src/turtlebot3_simulations) by extension 'ignore_ament_install'
[0.126s] Level 1:colcon.colcon_core.package_identification:_identify(src/turtlebot3_simulations) by extensions ['colcon_pkg']
[0.126s] Level 1:colcon.colcon_core.package_identification:_identify(src/turtlebot3_simulations) by extension 'colcon_pkg'
[0.126s] Level 1:colcon.colcon_core.package_identification:_identify(src/turtlebot3_simulations) by extensions ['colcon_meta']
[0.126s] Level 1:colcon.colcon_core.package_identification:_identify(src/turtlebot3_simulations) by extension 'colcon_meta'
[0.126s] Level 1:colcon.colcon_core.package_identification:_identify(src/turtlebot3_simulations) by extensions ['ros']
[0.126s] Level 1:colcon.colcon_core.package_identification:_identify(src/turtlebot3_simulations) by extension 'ros'
[0.126s] Level 1:colcon.colcon_core.package_identification:_identify(src/turtlebot3_simulations) by extensions ['cmake', 'python']
[0.126s] Level 1:colcon.colcon_core.package_identification:_identify(src/turtlebot3_simulations) by extension 'cmake'
[0.126s] Level 1:colcon.colcon_core.package_identification:_identify(src/turtlebot3_simulations) by extension 'python'
[0.126s] Level 1:colcon.colcon_core.package_identification:_identify(src/turtlebot3_simulations) by extensions ['python_setup_py']
[0.126s] Level 1:colcon.colcon_core.package_identification:_identify(src/turtlebot3_simulations) by extension 'python_setup_py'
[0.126s] Level 1:colcon.colcon_core.package_identification:_identify(src/turtlebot3_simulations/turtlebot3_fake_node) by extensions ['ignore', 'ignore_ament_install']
[0.126s] Level 1:colcon.colcon_core.package_identification:_identify(src/turtlebot3_simulations/turtlebot3_fake_node) by extension 'ignore'
[0.126s] Level 1:colcon.colcon_core.package_identification:_identify(src/turtlebot3_simulations/turtlebot3_fake_node) by extension 'ignore_ament_install'
[0.127s] Level 1:colcon.colcon_core.package_identification:_identify(src/turtlebot3_simulations/turtlebot3_fake_node) by extensions ['colcon_pkg']
[0.127s] Level 1:colcon.colcon_core.package_identification:_identify(src/turtlebot3_simulations/turtlebot3_fake_node) by extension 'colcon_pkg'
[0.127s] Level 1:colcon.colcon_core.package_identification:_identify(src/turtlebot3_simulations/turtlebot3_fake_node) by extensions ['colcon_meta']
[0.127s] Level 1:colcon.colcon_core.package_identification:_identify(src/turtlebot3_simulations/turtlebot3_fake_node) by extension 'colcon_meta'
[0.127s] Level 1:colcon.colcon_core.package_identification:_identify(src/turtlebot3_simulations/turtlebot3_fake_node) by extensions ['ros']
[0.127s] Level 1:colcon.colcon_core.package_identification:_identify(src/turtlebot3_simulations/turtlebot3_fake_node) by extension 'ros'
[0.129s] DEBUG:colcon.colcon_core.package_identification:Package 'src/turtlebot3_simulations/turtlebot3_fake_node' with type 'ros.ament_cmake' and name 'turtlebot3_fake_node'
[0.129s] Level 1:colcon.colcon_core.package_identification:_identify(src/turtlebot3_simulations/turtlebot3_gazebo) by extensions ['ignore', 'ignore_ament_install']
[0.129s] Level 1:colcon.colcon_core.package_identification:_identify(src/turtlebot3_simulations/turtlebot3_gazebo) by extension 'ignore'
[0.129s] Level 1:colcon.colcon_core.package_identification:_identify(src/turtlebot3_simulations/turtlebot3_gazebo) by extension 'ignore_ament_install'
[0.129s] Level 1:colcon.colcon_core.package_identification:_identify(src/turtlebot3_simulations/turtlebot3_gazebo) by extensions ['colcon_pkg']
[0.129s] Level 1:colcon.colcon_core.package_identification:_identify(src/turtlebot3_simulations/turtlebot3_gazebo) by extension 'colcon_pkg'
[0.129s] Level 1:colcon.colcon_core.package_identification:_identify(src/turtlebot3_simulations/turtlebot3_gazebo) by extensions ['colcon_meta']
[0.129s] Level 1:colcon.colcon_core.package_identification:_identify(src/turtlebot3_simulations/turtlebot3_gazebo) by extension 'colcon_meta'
[0.129s] Level 1:colcon.colcon_core.package_identification:_identify(src/turtlebot3_simulations/turtlebot3_gazebo) by extensions ['ros']
[0.129s] Level 1:colcon.colcon_core.package_identification:_identify(src/turtlebot3_simulations/turtlebot3_gazebo) by extension 'ros'
[0.130s] DEBUG:colcon.colcon_core.package_identification:Package 'src/turtlebot3_simulations/turtlebot3_gazebo' with type 'ros.ament_cmake' and name 'turtlebot3_gazebo'
[0.130s] Level 1:colcon.colcon_core.package_identification:_identify(src/turtlebot3_simulations/turtlebot3_simulations) by extensions ['ignore', 'ignore_ament_install']
[0.130s] Level 1:colcon.colcon_core.package_identification:_identify(src/turtlebot3_simulations/turtlebot3_simulations) by extension 'ignore'
[0.130s] Level 1:colcon.colcon_core.package_identification:_identify(src/turtlebot3_simulations/turtlebot3_simulations) by extension 'ignore_ament_install'
[0.130s] Level 1:colcon.colcon_core.package_identification:_identify(src/turtlebot3_simulations/turtlebot3_simulations) by extensions ['colcon_pkg']
[0.130s] Level 1:colcon.colcon_core.package_identification:_identify(src/turtlebot3_simulations/turtlebot3_simulations) by extension 'colcon_pkg'
[0.130s] Level 1:colcon.colcon_core.package_identification:_identify(src/turtlebot3_simulations/turtlebot3_simulations) by extensions ['colcon_meta']
[0.130s] Level 1:colcon.colcon_core.package_identification:_identify(src/turtlebot3_simulations/turtlebot3_simulations) by extension 'colcon_meta'
[0.130s] Level 1:colcon.colcon_core.package_identification:_identify(src/turtlebot3_simulations/turtlebot3_simulations) by extensions ['ros']
[0.130s] Level 1:colcon.colcon_core.package_identification:_identify(src/turtlebot3_simulations/turtlebot3_simulations) by extension 'ros'
[0.131s] DEBUG:colcon.colcon_core.package_identification:Package 'src/turtlebot3_simulations/turtlebot3_simulations' with type 'ros.ament_cmake' and name 'turtlebot3_simulations'
[0.131s] Level 1:colcon.colcon_core.package_identification:_identify(src/wall_follower) by extensions ['ignore', 'ignore_ament_install']
[0.131s] Level 1:colcon.colcon_core.package_identification:_identify(src/wall_follower) by extension 'ignore'
[0.131s] Level 1:colcon.colcon_core.package_identification:_identify(src/wall_follower) by extension 'ignore_ament_install'
[0.131s] Level 1:colcon.colcon_core.package_identification:_identify(src/wall_follower) by extensions ['colcon_pkg']
[0.131s] Level 1:colcon.colcon_core.package_identification:_identify(src/wall_follower) by extension 'colcon_pkg'
[0.131s] Level 1:colcon.colcon_core.package_identification:_identify(src/wall_follower) by extensions ['colcon_meta']
[0.131s] Level 1:colcon.colcon_core.package_identification:_identify(src/wall_follower) by extension 'colcon_meta'
[0.131s] Level 1:colcon.colcon_core.package_identification:_identify(src/wall_follower) by extensions ['ros']
[0.131s] Level 1:colcon.colcon_core.package_identification:_identify(src/wall_follower) by extension 'ros'
[0.132s] DEBUG:colcon.colcon_core.package_identification:Package 'src/wall_follower' with type 'ros.ament_cmake' and name 'wall_follower'
[0.132s] Level 1:colcon.colcon_core.package_discovery:discover_packages(recursive) using defaults
[0.132s] Level 1:colcon.colcon_core.package_discovery:discover_packages(ignore) discover
[0.132s] Level 1:colcon.colcon_core.package_discovery:discover_packages(ignore) using defaults
[0.132s] Level 1:colcon.colcon_core.package_discovery:discover_packages(path) discover
[0.132s] Level 1:colcon.colcon_core.package_discovery:discover_packages(path) using defaults
[0.153s] Level 1:colcon.colcon_core.package_discovery:discover_packages(prefix_path) check parameters
[0.153s] Level 1:colcon.colcon_core.package_discovery:discover_packages(prefix_path) discover
[0.155s] DEBUG:colcon.colcon_installed_package_information.package_discovery:Found 4 installed packages in /home/rsa/colcon_ws/install
[0.156s] DEBUG:colcon.colcon_installed_package_information.package_discovery:Found 332 installed packages in /opt/ros/foxy
[0.158s] Level 1:colcon.colcon_core.package_discovery:discover_packages(prefix_path) using defaults
[0.209s] Level 5:colcon.colcon_core.verb:set package 'turtlebot3_fake_node' build argument 'cmake_args' from command line to 'None'
[0.209s] Level 5:colcon.colcon_core.verb:set package 'turtlebot3_fake_node' build argument 'cmake_target' from command line to 'None'
[0.209s] Level 5:colcon.colcon_core.verb:set package 'turtlebot3_fake_node' build argument 'cmake_target_skip_unavailable' from command line to 'False'
[0.209s] Level 5:colcon.colcon_core.verb:set package 'turtlebot3_fake_node' build argument 'cmake_clean_cache' from command line to 'False'
[0.209s] Level 5:colcon.colcon_core.verb:set package 'turtlebot3_fake_node' build argument 'cmake_clean_first' from command line to 'False'
[0.209s] Level 5:colcon.colcon_core.verb:set package 'turtlebot3_fake_node' build argument 'cmake_force_configure' from command line to 'False'
[0.209s] Level 5:colcon.colcon_core.verb:set package 'turtlebot3_fake_node' build argument 'ament_cmake_args' from command line to 'None'
[0.209s] Level 5:colcon.colcon_core.verb:set package 'turtlebot3_fake_node' build argument 'catkin_cmake_args' from command line to 'None'
[0.209s] Level 5:colcon.colcon_core.verb:set package 'turtlebot3_fake_node' build argument 'catkin_skip_building_tests' from command line to 'False'
[0.209s] DEBUG:colcon.colcon_core.verb:Building package 'turtlebot3_fake_node' with the following arguments: {'ament_cmake_args': None, 'build_base': '/home/rsa/colcon_ws/build/turtlebot3_fake_node', 'catkin_cmake_args': None, 'catkin_skip_building_tests': False, 'cmake_args': None, 'cmake_clean_cache': False, 'cmake_clean_first': False, 'cmake_force_configure': False, 'cmake_target': None, 'cmake_target_skip_unavailable': False, 'install_base': '/home/rsa/colcon_ws/install/turtlebot3_fake_node', 'merge_install': False, 'path': '/home/rsa/colcon_ws/src/turtlebot3_simulations/turtlebot3_fake_node', 'symlink_install': True, 'test_result_base': None}
[0.210s] Level 5:colcon.colcon_core.verb:set package 'turtlebot3_gazebo' build argument 'cmake_args' from command line to 'None'
[0.210s] Level 5:colcon.colcon_core.verb:set package 'turtlebot3_gazebo' build argument 'cmake_target' from command line to 'None'
[0.210s] Level 5:colcon.colcon_core.verb:set package 'turtlebot3_gazebo' build argument 'cmake_target_skip_unavailable' from command line to 'False'
[0.210s] Level 5:colcon.colcon_core.verb:set package 'turtlebot3_gazebo' build argument 'cmake_clean_cache' from command line to 'False'
[0.210s] Level 5:colcon.colcon_core.verb:set package 'turtlebot3_gazebo' build argument 'cmake_clean_first' from command line to 'False'
[0.210s] Level 5:colcon.colcon_core.verb:set package 'turtlebot3_gazebo' build argument 'cmake_force_configure' from command line to 'False'
[0.210s] Level 5:colcon.colcon_core.verb:set package 'turtlebot3_gazebo' build argument 'ament_cmake_args' from command line to 'None'
[0.210s] Level 5:colcon.colcon_core.verb:set package 'turtlebot3_gazebo' build argument 'catkin_cmake_args' from command line to 'None'
[0.210s] Level 5:colcon.colcon_core.verb:set package 'turtlebot3_gazebo' build argument 'catkin_skip_building_tests' from command line to 'False'
[0.210s] DEBUG:colcon.colcon_core.verb:Building package 'turtlebot3_gazebo' with the following arguments: {'ament_cmake_args': None, 'build_base': '/home/rsa/colcon_ws/build/turtlebot3_gazebo', 'catkin_cmake_args': None, 'catkin_skip_building_tests': False, 'cmake_args': None, 'cmake_clean_cache': False, 'cmake_clean_first': False, 'cmake_force_configure': False, 'cmake_target': None, 'cmake_target_skip_unavailable': False, 'install_base': '/home/rsa/colcon_ws/install/turtlebot3_gazebo', 'merge_install': False, 'path': '/home/rsa/colcon_ws/src/turtlebot3_simulations/turtlebot3_gazebo', 'symlink_install': True, 'test_result_base': None}
[0.211s] Level 5:colcon.colcon_core.verb:set package 'wall_follower' build argument 'cmake_args' from command line to 'None'
[0.211s] Level 5:colcon.colcon_core.verb:set package 'wall_follower' build argument 'cmake_target' from command line to 'None'
[0.211s] Level 5:colcon.colcon_core.verb:set package 'wall_follower' build argument 'cmake_target_skip_unavailable' from command line to 'False'
[0.211s] Level 5:colcon.colcon_core.verb:set package 'wall_follower' build argument 'cmake_clean_cache' from command line to 'False'
[0.211s] Level 5:colcon.colcon_core.verb:set package 'wall_follower' build argument 'cmake_clean_first' from command line to 'False'
[0.211s] Level 5:colcon.colcon_core.verb:set package 'wall_follower' build argument 'cmake_force_configure' from command line to 'False'
[0.211s] Level 5:colcon.colcon_core.verb:set package 'wall_follower' build argument 'ament_cmake_args' from command line to 'None'
[0.211s] Level 5:colcon.colcon_core.verb:set package 'wall_follower' build argument 'catkin_cmake_args' from command line to 'None'
[0.211s] Level 5:colcon.colcon_core.verb:set package 'wall_follower' build argument 'catkin_skip_building_tests' from command line to 'False'
[0.212s] DEBUG:colcon.colcon_core.verb:Building package 'wall_follower' with the following arguments: {'ament_cmake_args': None, 'build_base': '/home/rsa/colcon_ws/build/wall_follower', 'catkin_cmake_args': None, 'catkin_skip_building_tests': False, 'cmake_args': None, 'cmake_clean_cache': False, 'cmake_clean_first': False, 'cmake_force_configure': False, 'cmake_target': None, 'cmake_target_skip_unavailable': False, 'install_base': '/home/rsa/colcon_ws/install/wall_follower', 'merge_install': False, 'path': '/home/rsa/colcon_ws/src/wall_follower', 'symlink_install': True, 'test_result_base': None}
[0.212s] Level 5:colcon.colcon_core.verb:set package 'turtlebot3_simulations' build argument 'cmake_args' from command line to 'None'
[0.212s] Level 5:colcon.colcon_core.verb:set package 'turtlebot3_simulations' build argument 'cmake_target' from command line to 'None'
[0.212s] Level 5:colcon.colcon_core.verb:set package 'turtlebot3_simulations' build argument 'cmake_target_skip_unavailable' from command line to 'False'
[0.212s] Level 5:colcon.colcon_core.verb:set package 'turtlebot3_simulations' build argument 'cmake_clean_cache' from command line to 'False'
[0.212s] Level 5:colcon.colcon_core.verb:set package 'turtlebot3_simulations' build argument 'cmake_clean_first' from command line to 'False'
[0.212s] Level 5:colcon.colcon_core.verb:set package 'turtlebot3_simulations' build argument 'cmake_force_configure' from command line to 'False'
[0.212s] Level 5:colcon.colcon_core.verb:set package 'turtlebot3_simulations' build argument 'ament_cmake_args' from command line to 'None'
[0.212s] Level 5:colcon.colcon_core.verb:set package 'turtlebot3_simulations' build argument 'catkin_cmake_args' from command line to 'None'
[0.212s] Level 5:colcon.colcon_core.verb:set package 'turtlebot3_simulations' build argument 'catkin_skip_building_tests' from command line to 'False'
[0.212s] DEBUG:colcon.colcon_core.verb:Building package 'turtlebot3_simulations' with the following arguments: {'ament_cmake_args': None, 'build_base': '/home/rsa/colcon_ws/build/turtlebot3_simulations', 'catkin_cmake_args': None, 'catkin_skip_building_tests': False, 'cmake_args': None, 'cmake_clean_cache': False, 'cmake_clean_first': False, 'cmake_force_configure': False, 'cmake_target': None, 'cmake_target_skip_unavailable': False, 'install_base': '/home/rsa/colcon_ws/install/turtlebot3_simulations', 'merge_install': False, 'path': '/home/rsa/colcon_ws/src/turtlebot3_simulations/turtlebot3_simulations', 'symlink_install': True, 'test_result_base': None}
[0.213s] INFO:colcon.colcon_core.executor:Executing jobs using 'parallel' executor
[0.216s] DEBUG:colcon.colcon_parallel_executor.executor.parallel:run_until_complete
[0.217s] INFO:colcon.colcon_ros.task.ament_cmake.build:Building ROS package in '/home/rsa/colcon_ws/src/turtlebot3_simulations/turtlebot3_fake_node' with build type 'ament_cmake'
[0.217s] INFO:colcon.colcon_cmake.task.cmake.build:Building CMake package in '/home/rsa/colcon_ws/src/turtlebot3_simulations/turtlebot3_fake_node'
[0.220s] INFO:colcon.colcon_core.plugin_system:Skipping extension 'colcon_core.shell.bat': Not used on non-Windows systems
[0.221s] INFO:colcon.colcon_core.shell:Skip shell extension 'powershell' for command environment: Not usable outside of PowerShell
[0.221s] DEBUG:colcon.colcon_core.shell:Skip shell extension 'dsv' for command environment
[0.226s] INFO:colcon.colcon_ros.task.ament_cmake.build:Building ROS package in '/home/rsa/colcon_ws/src/turtlebot3_simulations/turtlebot3_gazebo' with build type 'ament_cmake'
[0.226s] INFO:colcon.colcon_cmake.task.cmake.build:Building CMake package in '/home/rsa/colcon_ws/src/turtlebot3_simulations/turtlebot3_gazebo'
[0.227s] INFO:colcon.colcon_core.shell:Skip shell extension 'powershell' for command environment: Not usable outside of PowerShell
[0.227s] DEBUG:colcon.colcon_core.shell:Skip shell extension 'dsv' for command environment
[0.234s] INFO:colcon.colcon_ros.task.ament_cmake.build:Building ROS package in '/home/rsa/colcon_ws/src/wall_follower' with build type 'ament_cmake'
[0.235s] INFO:colcon.colcon_cmake.task.cmake.build:Building CMake package in '/home/rsa/colcon_ws/src/wall_follower'
[0.236s] INFO:colcon.colcon_core.shell:Skip shell extension 'powershell' for command environment: Not usable outside of PowerShell
[0.236s] DEBUG:colcon.colcon_core.shell:Skip shell extension 'dsv' for command environment
[0.249s] DEBUG:colcon.colcon_core.event_handler.log_command:Invoking command in '/home/rsa/colcon_ws/build/turtlebot3_fake_node': CMAKE_PREFIX_PATH=${CMAKE_PREFIX_PATH}:/opt/ros/foxy /usr/bin/cmake --build /home/rsa/colcon_ws/build/turtlebot3_fake_node -- -j8 -l8
[0.255s] DEBUG:colcon.colcon_core.event_handler.log_command:Invoking command in '/home/rsa/colcon_ws/build/turtlebot3_gazebo': CMAKE_PREFIX_PATH=${CMAKE_PREFIX_PATH}:/opt/ros/foxy /usr/bin/cmake --build /home/rsa/colcon_ws/build/turtlebot3_gazebo -- -j8 -l8
[0.261s] DEBUG:colcon.colcon_core.event_handler.log_command:Invoking command in '/home/rsa/colcon_ws/build/wall_follower': CMAKE_PREFIX_PATH=${CMAKE_PREFIX_PATH}:/opt/ros/foxy /usr/bin/cmake --build /home/rsa/colcon_ws/build/wall_follower -- -j8 -l8
[0.322s] DEBUG:colcon.colcon_core.event_handler.log_command:Invoked command in '/home/rsa/colcon_ws/build/turtlebot3_fake_node' returned '0': CMAKE_PREFIX_PATH=${CMAKE_PREFIX_PATH}:/opt/ros/foxy /usr/bin/cmake --build /home/rsa/colcon_ws/build/turtlebot3_fake_node -- -j8 -l8
[0.329s] DEBUG:colcon.colcon_core.event_handler.log_command:Invoked command in '/home/rsa/colcon_ws/build/wall_follower' returned '0': CMAKE_PREFIX_PATH=${CMAKE_PREFIX_PATH}:/opt/ros/foxy /usr/bin/cmake --build /home/rsa/colcon_ws/build/wall_follower -- -j8 -l8
[0.334s] DEBUG:colcon.colcon_core.event_handler.log_command:Invoked command in '/home/rsa/colcon_ws/build/turtlebot3_gazebo' returned '0': CMAKE_PREFIX_PATH=${CMAKE_PREFIX_PATH}:/opt/ros/foxy /usr/bin/cmake --build /home/rsa/colcon_ws/build/turtlebot3_gazebo -- -j8 -l8
[0.360s] DEBUG:colcon.colcon_core.event_handler.log_command:Invoking command in '/home/rsa/colcon_ws/build/turtlebot3_fake_node': CMAKE_PREFIX_PATH=${CMAKE_PREFIX_PATH}:/opt/ros/foxy /usr/bin/cmake --install /home/rsa/colcon_ws/build/turtlebot3_fake_node
[0.365s] DEBUG:colcon.colcon_core.event_handler.log_command:Invoking command in '/home/rsa/colcon_ws/build/wall_follower': CMAKE_PREFIX_PATH=${CMAKE_PREFIX_PATH}:/opt/ros/foxy /usr/bin/cmake --install /home/rsa/colcon_ws/build/wall_follower
[0.373s] DEBUG:colcon.colcon_core.event_handler.log_command:Invoking command in '/home/rsa/colcon_ws/build/turtlebot3_gazebo': CMAKE_PREFIX_PATH=${CMAKE_PREFIX_PATH}:/opt/ros/foxy /usr/bin/cmake --install /home/rsa/colcon_ws/build/turtlebot3_gazebo
[0.389s] Level 1:colcon.colcon_core.environment:create_environment_scripts_only(turtlebot3_fake_node)
[0.394s] DEBUG:colcon.colcon_core.event_handler.log_command:Invoked command in '/home/rsa/colcon_ws/build/turtlebot3_fake_node' returned '0': CMAKE_PREFIX_PATH=${CMAKE_PREFIX_PATH}:/opt/ros/foxy /usr/bin/cmake --install /home/rsa/colcon_ws/build/turtlebot3_fake_node
[0.420s] Level 1:colcon.colcon_core.environment:checking '/home/rsa/colcon_ws/install/turtlebot3_fake_node' for CMake module files
[0.421s] Level 1:colcon.colcon_core.environment:checking '/home/rsa/colcon_ws/install/turtlebot3_fake_node' for CMake config files
[0.421s] Level 1:colcon.colcon_core.shell:create_environment_hook('turtlebot3_fake_node', 'cmake_prefix_path')
[0.422s] INFO:colcon.colcon_core.shell:Creating environment hook '/home/rsa/colcon_ws/install/turtlebot3_fake_node/share/turtlebot3_fake_node/hook/cmake_prefix_path.ps1'
[0.423s] INFO:colcon.colcon_core.shell:Creating environment descriptor '/home/rsa/colcon_ws/install/turtlebot3_fake_node/share/turtlebot3_fake_node/hook/cmake_prefix_path.dsv'
[0.423s] INFO:colcon.colcon_core.shell:Creating environment hook '/home/rsa/colcon_ws/install/turtlebot3_fake_node/share/turtlebot3_fake_node/hook/cmake_prefix_path.sh'
[0.424s] Level 1:colcon.colcon_core.environment:checking '/home/rsa/colcon_ws/install/turtlebot3_fake_node/lib'
[0.424s] Level 1:colcon.colcon_core.environment:checking '/home/rsa/colcon_ws/install/turtlebot3_fake_node/bin'
[0.425s] Level 1:colcon.colcon_core.environment:checking '/home/rsa/colcon_ws/install/turtlebot3_fake_node/lib/pkgconfig/turtlebot3_fake_node.pc'
[0.425s] Level 1:colcon.colcon_core.environment:checking '/home/rsa/colcon_ws/install/turtlebot3_fake_node/lib/python3.8/site-packages'
[0.425s] Level 1:colcon.colcon_core.environment:checking '/home/rsa/colcon_ws/install/turtlebot3_fake_node/bin'
[0.426s] INFO:colcon.colcon_core.shell:Creating package script '/home/rsa/colcon_ws/install/turtlebot3_fake_node/share/turtlebot3_fake_node/package.ps1'
[0.427s] INFO:colcon.colcon_core.shell:Creating package descriptor '/home/rsa/colcon_ws/install/turtlebot3_fake_node/share/turtlebot3_fake_node/package.dsv'
[0.427s] INFO:colcon.colcon_core.shell:Creating package script '/home/rsa/colcon_ws/install/turtlebot3_fake_node/share/turtlebot3_fake_node/package.sh'
[0.428s] INFO:colcon.colcon_core.shell:Creating package script '/home/rsa/colcon_ws/install/turtlebot3_fake_node/share/turtlebot3_fake_node/package.bash'
[0.428s] INFO:colcon.colcon_core.shell:Creating package script '/home/rsa/colcon_ws/install/turtlebot3_fake_node/share/turtlebot3_fake_node/package.zsh'
[0.429s] Level 1:colcon.colcon_core.environment:create_file_with_runtime_dependencies(/home/rsa/colcon_ws/install/turtlebot3_fake_node/share/colcon-core/packages/turtlebot3_fake_node)
[0.434s] Level 1:colcon.colcon_core.environment:create_environment_scripts_only(turtlebot3_gazebo)
[0.437s] Level 1:colcon.colcon_core.environment:checking '/home/rsa/colcon_ws/install/turtlebot3_gazebo' for CMake module files
[0.438s] DEBUG:colcon.colcon_core.event_handler.log_command:Invoked command in '/home/rsa/colcon_ws/build/turtlebot3_gazebo' returned '0': CMAKE_PREFIX_PATH=${CMAKE_PREFIX_PATH}:/opt/ros/foxy /usr/bin/cmake --install /home/rsa/colcon_ws/build/turtlebot3_gazebo
[0.439s] Level 1:colcon.colcon_core.environment:checking '/home/rsa/colcon_ws/install/turtlebot3_gazebo' for CMake config files
[0.439s] Level 1:colcon.colcon_core.shell:create_environment_hook('turtlebot3_gazebo', 'cmake_prefix_path')
[0.440s] INFO:colcon.colcon_core.shell:Creating environment hook '/home/rsa/colcon_ws/install/turtlebot3_gazebo/share/turtlebot3_gazebo/hook/cmake_prefix_path.ps1'
[0.441s] INFO:colcon.colcon_core.shell:Creating environment descriptor '/home/rsa/colcon_ws/install/turtlebot3_gazebo/share/turtlebot3_gazebo/hook/cmake_prefix_path.dsv'
[0.441s] INFO:colcon.colcon_core.shell:Creating environment hook '/home/rsa/colcon_ws/install/turtlebot3_gazebo/share/turtlebot3_gazebo/hook/cmake_prefix_path.sh'
[0.441s] Level 1:colcon.colcon_core.environment:checking '/home/rsa/colcon_ws/install/turtlebot3_gazebo/lib'
[0.441s] Level 1:colcon.colcon_core.environment:checking '/home/rsa/colcon_ws/install/turtlebot3_gazebo/bin'
[0.441s] Level 1:colcon.colcon_core.environment:checking '/home/rsa/colcon_ws/install/turtlebot3_gazebo/lib/pkgconfig/turtlebot3_gazebo.pc'
[0.442s] Level 1:colcon.colcon_core.environment:checking '/home/rsa/colcon_ws/install/turtlebot3_gazebo/lib/python3.8/site-packages'
[0.442s] Level 1:colcon.colcon_core.environment:checking '/home/rsa/colcon_ws/install/turtlebot3_gazebo/bin'
[0.443s] INFO:colcon.colcon_core.shell:Creating package script '/home/rsa/colcon_ws/install/turtlebot3_gazebo/share/turtlebot3_gazebo/package.ps1'
[0.443s] INFO:colcon.colcon_core.shell:Creating package descriptor '/home/rsa/colcon_ws/install/turtlebot3_gazebo/share/turtlebot3_gazebo/package.dsv'
[0.444s] INFO:colcon.colcon_core.shell:Creating package script '/home/rsa/colcon_ws/install/turtlebot3_gazebo/share/turtlebot3_gazebo/package.sh'
[0.444s] INFO:colcon.colcon_core.shell:Creating package script '/home/rsa/colcon_ws/install/turtlebot3_gazebo/share/turtlebot3_gazebo/package.bash'
[0.444s] INFO:colcon.colcon_core.shell:Creating package script '/home/rsa/colcon_ws/install/turtlebot3_gazebo/share/turtlebot3_gazebo/package.zsh'
[0.444s] Level 1:colcon.colcon_core.environment:create_file_with_runtime_dependencies(/home/rsa/colcon_ws/install/turtlebot3_gazebo/share/colcon-core/packages/turtlebot3_gazebo)
[0.447s] Level 1:colcon.colcon_core.environment:create_environment_scripts_only(wall_follower)
[0.449s] Level 1:colcon.colcon_core.environment:checking '/home/rsa/colcon_ws/install/wall_follower' for CMake module files
[0.450s] DEBUG:colcon.colcon_core.event_handler.log_command:Invoked command in '/home/rsa/colcon_ws/build/wall_follower' returned '0': CMAKE_PREFIX_PATH=${CMAKE_PREFIX_PATH}:/opt/ros/foxy /usr/bin/cmake --install /home/rsa/colcon_ws/build/wall_follower
[0.450s] Level 1:colcon.colcon_core.environment:checking '/home/rsa/colcon_ws/install/wall_follower' for CMake config files
[0.451s] Level 1:colcon.colcon_core.shell:create_environment_hook('wall_follower', 'cmake_prefix_path')
[0.452s] INFO:colcon.colcon_core.shell:Creating environment hook '/home/rsa/colcon_ws/install/wall_follower/share/wall_follower/hook/cmake_prefix_path.ps1'
[0.452s] INFO:colcon.colcon_core.shell:Creating environment descriptor '/home/rsa/colcon_ws/install/wall_follower/share/wall_follower/hook/cmake_prefix_path.dsv'
[0.452s] INFO:colcon.colcon_core.shell:Creating environment hook '/home/rsa/colcon_ws/install/wall_follower/share/wall_follower/hook/cmake_prefix_path.sh'
[0.453s] Level 1:colcon.colcon_core.environment:checking '/home/rsa/colcon_ws/install/wall_follower/lib'
[0.453s] Level 1:colcon.colcon_core.environment:checking '/home/rsa/colcon_ws/install/wall_follower/bin'
[0.453s] Level 1:colcon.colcon_core.environment:checking '/home/rsa/colcon_ws/install/wall_follower/lib/pkgconfig/wall_follower.pc'
[0.453s] Level 1:colcon.colcon_core.environment:checking '/home/rsa/colcon_ws/install/wall_follower/lib/python3.8/site-packages'
[0.453s] Level 1:colcon.colcon_core.environment:checking '/home/rsa/colcon_ws/install/wall_follower/bin'
[0.454s] INFO:colcon.colcon_core.shell:Creating package script '/home/rsa/colcon_ws/install/wall_follower/share/wall_follower/package.ps1'
[0.455s] INFO:colcon.colcon_core.shell:Creating package descriptor '/home/rsa/colcon_ws/install/wall_follower/share/wall_follower/package.dsv'
[0.455s] INFO:colcon.colcon_core.shell:Creating package script '/home/rsa/colcon_ws/install/wall_follower/share/wall_follower/package.sh'
[0.456s] INFO:colcon.colcon_core.shell:Creating package script '/home/rsa/colcon_ws/install/wall_follower/share/wall_follower/package.bash'
[0.456s] INFO:colcon.colcon_core.shell:Creating package script '/home/rsa/colcon_ws/install/wall_follower/share/wall_follower/package.zsh'
[0.456s] Level 1:colcon.colcon_core.environment:create_file_with_runtime_dependencies(/home/rsa/colcon_ws/install/wall_follower/share/colcon-core/packages/wall_follower)
[0.461s] Level 1:colcon.colcon_core.environment:create_environment_scripts_only(turtlebot3_fake_node)
[0.463s] Level 1:colcon.colcon_core.environment:checking '/home/rsa/colcon_ws/install/turtlebot3_fake_node' for CMake module files
[0.463s] Level 1:colcon.colcon_core.environment:checking '/home/rsa/colcon_ws/install/turtlebot3_fake_node' for CMake config files
[0.463s] Level 1:colcon.colcon_core.shell:create_environment_hook('turtlebot3_fake_node', 'cmake_prefix_path')
[0.464s] INFO:colcon.colcon_core.shell:Creating environment hook '/home/rsa/colcon_ws/install/turtlebot3_fake_node/share/turtlebot3_fake_node/hook/cmake_prefix_path.ps1'
[0.465s] INFO:colcon.colcon_core.shell:Creating environment descriptor '/home/rsa/colcon_ws/install/turtlebot3_fake_node/share/turtlebot3_fake_node/hook/cmake_prefix_path.dsv'
[0.465s] INFO:colcon.colcon_core.shell:Creating environment hook '/home/rsa/colcon_ws/install/turtlebot3_fake_node/share/turtlebot3_fake_node/hook/cmake_prefix_path.sh'
[0.465s] Level 1:colcon.colcon_core.environment:checking '/home/rsa/colcon_ws/install/turtlebot3_fake_node/lib'
[0.465s] Level 1:colcon.colcon_core.environment:checking '/home/rsa/colcon_ws/install/turtlebot3_fake_node/bin'
[0.465s] Level 1:colcon.colcon_core.environment:checking '/home/rsa/colcon_ws/install/turtlebot3_fake_node/lib/pkgconfig/turtlebot3_fake_node.pc'
[0.466s] Level 1:colcon.colcon_core.environment:checking '/home/rsa/colcon_ws/install/turtlebot3_fake_node/lib/python3.8/site-packages'
[0.466s] Level 1:colcon.colcon_core.environment:checking '/home/rsa/colcon_ws/install/turtlebot3_fake_node/bin'
[0.467s] INFO:colcon.colcon_core.shell:Creating package script '/home/rsa/colcon_ws/install/turtlebot3_fake_node/share/turtlebot3_fake_node/package.ps1'
[0.467s] INFO:colcon.colcon_core.shell:Creating package descriptor '/home/rsa/colcon_ws/install/turtlebot3_fake_node/share/turtlebot3_fake_node/package.dsv'
[0.468s] INFO:colcon.colcon_core.shell:Creating package script '/home/rsa/colcon_ws/install/turtlebot3_fake_node/share/turtlebot3_fake_node/package.sh'
[0.468s] INFO:colcon.colcon_core.shell:Creating package script '/home/rsa/colcon_ws/install/turtlebot3_fake_node/share/turtlebot3_fake_node/package.bash'
[0.468s] INFO:colcon.colcon_core.shell:Creating package script '/home/rsa/colcon_ws/install/turtlebot3_fake_node/share/turtlebot3_fake_node/package.zsh'
[0.469s] Level 1:colcon.colcon_core.environment:create_file_with_runtime_dependencies(/home/rsa/colcon_ws/install/turtlebot3_fake_node/share/colcon-core/packages/turtlebot3_fake_node)
[0.478s] Level 1:colcon.colcon_core.environment:create_environment_scripts_only(turtlebot3_gazebo)
[0.479s] Level 1:colcon.colcon_core.environment:checking '/home/rsa/colcon_ws/install/turtlebot3_gazebo' for CMake module files
[0.479s] Level 1:colcon.colcon_core.environment:checking '/home/rsa/colcon_ws/install/turtlebot3_gazebo' for CMake config files
[0.480s] Level 1:colcon.colcon_core.shell:create_environment_hook('turtlebot3_gazebo', 'cmake_prefix_path')
[0.481s] INFO:colcon.colcon_core.shell:Creating environment hook '/home/rsa/colcon_ws/install/turtlebot3_gazebo/share/turtlebot3_gazebo/hook/cmake_prefix_path.ps1'
[0.481s] INFO:colcon.colcon_core.shell:Creating environment descriptor '/home/rsa/colcon_ws/install/turtlebot3_gazebo/share/turtlebot3_gazebo/hook/cmake_prefix_path.dsv'
[0.481s] INFO:colcon.colcon_core.shell:Creating environment hook '/home/rsa/colcon_ws/install/turtlebot3_gazebo/share/turtlebot3_gazebo/hook/cmake_prefix_path.sh'
[0.482s] Level 1:colcon.colcon_core.environment:checking '/home/rsa/colcon_ws/install/turtlebot3_gazebo/lib'
[0.482s] Level 1:colcon.colcon_core.environment:checking '/home/rsa/colcon_ws/install/turtlebot3_gazebo/bin'
[0.482s] Level 1:colcon.colcon_core.environment:checking '/home/rsa/colcon_ws/install/turtlebot3_gazebo/lib/pkgconfig/turtlebot3_gazebo.pc'
[0.482s] Level 1:colcon.colcon_core.environment:checking '/home/rsa/colcon_ws/install/turtlebot3_gazebo/lib/python3.8/site-packages'
[0.482s] Level 1:colcon.colcon_core.environment:checking '/home/rsa/colcon_ws/install/turtlebot3_gazebo/bin'
[0.483s] INFO:colcon.colcon_core.shell:Creating package script '/home/rsa/colcon_ws/install/turtlebot3_gazebo/share/turtlebot3_gazebo/package.ps1'
[0.484s] INFO:colcon.colcon_core.shell:Creating package descriptor '/home/rsa/colcon_ws/install/turtlebot3_gazebo/share/turtlebot3_gazebo/package.dsv'
[0.484s] INFO:colcon.colcon_core.shell:Creating package script '/home/rsa/colcon_ws/install/turtlebot3_gazebo/share/turtlebot3_gazebo/package.sh'
[0.484s] INFO:colcon.colcon_core.shell:Creating package script '/home/rsa/colcon_ws/install/turtlebot3_gazebo/share/turtlebot3_gazebo/package.bash'
[0.485s] INFO:colcon.colcon_core.shell:Creating package script '/home/rsa/colcon_ws/install/turtlebot3_gazebo/share/turtlebot3_gazebo/package.zsh'
[0.485s] Level 1:colcon.colcon_core.environment:create_file_with_runtime_dependencies(/home/rsa/colcon_ws/install/turtlebot3_gazebo/share/colcon-core/packages/turtlebot3_gazebo)
[0.486s] INFO:colcon.colcon_ros.task.ament_cmake.build:Building ROS package in '/home/rsa/colcon_ws/src/turtlebot3_simulations/turtlebot3_simulations' with build type 'ament_cmake'
[0.486s] INFO:colcon.colcon_cmake.task.cmake.build:Building CMake package in '/home/rsa/colcon_ws/src/turtlebot3_simulations/turtlebot3_simulations'
[0.487s] INFO:colcon.colcon_core.shell:Skip shell extension 'powershell' for command environment: Not usable outside of PowerShell
[0.487s] DEBUG:colcon.colcon_core.shell:Skip shell extension 'dsv' for command environment
[0.496s] Level 1:colcon.colcon_core.environment:create_environment_scripts_only(wall_follower)
[0.498s] Level 1:colcon.colcon_core.environment:checking '/home/rsa/colcon_ws/install/wall_follower' for CMake module files
[0.498s] Level 1:colcon.colcon_core.environment:checking '/home/rsa/colcon_ws/install/wall_follower' for CMake config files
[0.499s] Level 1:colcon.colcon_core.shell:create_environment_hook('wall_follower', 'cmake_prefix_path')
[0.500s] INFO:colcon.colcon_core.shell:Creating environment hook '/home/rsa/colcon_ws/install/wall_follower/share/wall_follower/hook/cmake_prefix_path.ps1'
[0.500s] INFO:colcon.colcon_core.shell:Creating environment descriptor '/home/rsa/colcon_ws/install/wall_follower/share/wall_follower/hook/cmake_prefix_path.dsv'
[0.500s] INFO:colcon.colcon_core.shell:Creating environment hook '/home/rsa/colcon_ws/install/wall_follower/share/wall_follower/hook/cmake_prefix_path.sh'
[0.501s] Level 1:colcon.colcon_core.environment:checking '/home/rsa/colcon_ws/install/wall_follower/lib'
[0.501s] Level 1:colcon.colcon_core.environment:checking '/home/rsa/colcon_ws/install/wall_follower/bin'
[0.501s] Level 1:colcon.colcon_core.environment:checking '/home/rsa/colcon_ws/install/wall_follower/lib/pkgconfig/wall_follower.pc'
[0.501s] Level 1:colcon.colcon_core.environment:checking '/home/rsa/colcon_ws/install/wall_follower/lib/python3.8/site-packages'
[0.501s] Level 1:colcon.colcon_core.environment:checking '/home/rsa/colcon_ws/install/wall_follower/bin'
[0.502s] INFO:colcon.colcon_core.shell:Creating package script '/home/rsa/colcon_ws/install/wall_follower/share/wall_follower/package.ps1'
[0.503s] INFO:colcon.colcon_core.shell:Creating package descriptor '/home/rsa/colcon_ws/install/wall_follower/share/wall_follower/package.dsv'
[0.503s] INFO:colcon.colcon_core.shell:Creating package script '/home/rsa/colcon_ws/install/wall_follower/share/wall_follower/package.sh'
[0.503s] INFO:colcon.colcon_core.shell:Creating package script '/home/rsa/colcon_ws/install/wall_follower/share/wall_follower/package.bash'
[0.504s] INFO:colcon.colcon_core.shell:Creating package script '/home/rsa/colcon_ws/install/wall_follower/share/wall_follower/package.zsh'
[0.504s] Level 1:colcon.colcon_core.environment:create_file_with_runtime_dependencies(/home/rsa/colcon_ws/install/wall_follower/share/colcon-core/packages/wall_follower)
[0.511s] DEBUG:colcon.colcon_core.event_handler.log_command:Invoking command in '/home/rsa/colcon_ws/build/turtlebot3_simulations': CMAKE_PREFIX_PATH=/home/rsa/colcon_ws/install/turtlebot3_gazebo:/home/rsa/colcon_ws/install/turtlebot3_fake_node:/home/rsa/colcon_ws/install/wall_follower:/home/rsa/colcon_ws/install/turtlebot3_simulations:/opt/ros/foxy /usr/bin/cmake --build /home/rsa/colcon_ws/build/turtlebot3_simulations -- -j8 -l8
[0.545s] DEBUG:colcon.colcon_core.event_handler.log_command:Invoked command in '/home/rsa/colcon_ws/build/turtlebot3_simulations' returned '0': CMAKE_PREFIX_PATH=/home/rsa/colcon_ws/install/turtlebot3_gazebo:/home/rsa/colcon_ws/install/turtlebot3_fake_node:/home/rsa/colcon_ws/install/wall_follower:/home/rsa/colcon_ws/install/turtlebot3_simulations:/opt/ros/foxy /usr/bin/cmake --build /home/rsa/colcon_ws/build/turtlebot3_simulations -- -j8 -l8
[0.573s] DEBUG:colcon.colcon_core.event_handler.log_command:Invoking command in '/home/rsa/colcon_ws/build/turtlebot3_simulations': CMAKE_PREFIX_PATH=/home/rsa/colcon_ws/install/turtlebot3_gazebo:/home/rsa/colcon_ws/install/turtlebot3_fake_node:/home/rsa/colcon_ws/install/wall_follower:/home/rsa/colcon_ws/install/turtlebot3_simulations:/opt/ros/foxy /usr/bin/cmake --install /home/rsa/colcon_ws/build/turtlebot3_simulations
[0.593s] Level 1:colcon.colcon_core.environment:create_environment_scripts_only(turtlebot3_simulations)
[0.595s] Level 1:colcon.colcon_core.environment:checking '/home/rsa/colcon_ws/install/turtlebot3_simulations' for CMake module files
[0.596s] DEBUG:colcon.colcon_core.event_handler.log_command:Invoked command in '/home/rsa/colcon_ws/build/turtlebot3_simulations' returned '0': CMAKE_PREFIX_PATH=/home/rsa/colcon_ws/install/turtlebot3_gazebo:/home/rsa/colcon_ws/install/turtlebot3_fake_node:/home/rsa/colcon_ws/install/wall_follower:/home/rsa/colcon_ws/install/turtlebot3_simulations:/opt/ros/foxy /usr/bin/cmake --install /home/rsa/colcon_ws/build/turtlebot3_simulations
[0.596s] Level 1:colcon.colcon_core.environment:checking '/home/rsa/colcon_ws/install/turtlebot3_simulations' for CMake config files
[0.597s] Level 1:colcon.colcon_core.shell:create_environment_hook('turtlebot3_simulations', 'cmake_prefix_path')
[0.598s] INFO:colcon.colcon_core.shell:Creating environment hook '/home/rsa/colcon_ws/install/turtlebot3_simulations/share/turtlebot3_simulations/hook/cmake_prefix_path.ps1'
[0.598s] INFO:colcon.colcon_core.shell:Creating environment descriptor '/home/rsa/colcon_ws/install/turtlebot3_simulations/share/turtlebot3_simulations/hook/cmake_prefix_path.dsv'
[0.599s] INFO:colcon.colcon_core.shell:Creating environment hook '/home/rsa/colcon_ws/install/turtlebot3_simulations/share/turtlebot3_simulations/hook/cmake_prefix_path.sh'
[0.599s] Level 1:colcon.colcon_core.environment:checking '/home/rsa/colcon_ws/install/turtlebot3_simulations/bin'
[0.599s] Level 1:colcon.colcon_core.environment:checking '/home/rsa/colcon_ws/install/turtlebot3_simulations/lib/pkgconfig/turtlebot3_simulations.pc'
[0.600s] Level 1:colcon.colcon_core.environment:checking '/home/rsa/colcon_ws/install/turtlebot3_simulations/lib/python3.8/site-packages'
[0.600s] Level 1:colcon.colcon_core.environment:checking '/home/rsa/colcon_ws/install/turtlebot3_simulations/bin'
[0.601s] INFO:colcon.colcon_core.shell:Creating package script '/home/rsa/colcon_ws/install/turtlebot3_simulations/share/turtlebot3_simulations/package.ps1'
[0.601s] INFO:colcon.colcon_core.shell:Creating package descriptor '/home/rsa/colcon_ws/install/turtlebot3_simulations/share/turtlebot3_simulations/package.dsv'
[0.601s] INFO:colcon.colcon_core.shell:Creating package script '/home/rsa/colcon_ws/install/turtlebot3_simulations/share/turtlebot3_simulations/package.sh'
[0.602s] INFO:colcon.colcon_core.shell:Creating package script '/home/rsa/colcon_ws/install/turtlebot3_simulations/share/turtlebot3_simulations/package.bash'
[0.602s] INFO:colcon.colcon_core.shell:Creating package script '/home/rsa/colcon_ws/install/turtlebot3_simulations/share/turtlebot3_simulations/package.zsh'
[0.602s] Level 1:colcon.colcon_core.environment:create_file_with_runtime_dependencies(/home/rsa/colcon_ws/install/turtlebot3_simulations/share/colcon-core/packages/turtlebot3_simulations)
[0.626s] Level 1:colcon.colcon_core.environment:create_environment_scripts_only(turtlebot3_simulations)
[0.628s] Level 1:colcon.colcon_core.environment:checking '/home/rsa/colcon_ws/install/turtlebot3_simulations' for CMake module files
[0.629s] Level 1:colcon.colcon_core.environment:checking '/home/rsa/colcon_ws/install/turtlebot3_simulations' for CMake config files
[0.629s] Level 1:colcon.colcon_core.shell:create_environment_hook('turtlebot3_simulations', 'cmake_prefix_path')
[0.630s] INFO:colcon.colcon_core.shell:Creating environment hook '/home/rsa/colcon_ws/install/turtlebot3_simulations/share/turtlebot3_simulations/hook/cmake_prefix_path.ps1'
[0.631s] INFO:colcon.colcon_core.shell:Creating environment descriptor '/home/rsa/colcon_ws/install/turtlebot3_simulations/share/turtlebot3_simulations/hook/cmake_prefix_path.dsv'
[0.631s] INFO:colcon.colcon_core.shell:Creating environment hook '/home/rsa/colcon_ws/install/turtlebot3_simulations/share/turtlebot3_simulations/hook/cmake_prefix_path.sh'
[0.632s] Level 1:colcon.colcon_core.environment:checking '/home/rsa/colcon_ws/install/turtlebot3_simulations/bin'
[0.632s] Level 1:colcon.colcon_core.environment:checking '/home/rsa/colcon_ws/install/turtlebot3_simulations/lib/pkgconfig/turtlebot3_simulations.pc'
[0.632s] Level 1:colcon.colcon_core.environment:checking '/home/rsa/colcon_ws/install/turtlebot3_simulations/lib/python3.8/site-packages'
[0.632s] Level 1:colcon.colcon_core.environment:checking '/home/rsa/colcon_ws/install/turtlebot3_simulations/bin'
[0.633s] INFO:colcon.colcon_core.shell:Creating package script '/home/rsa/colcon_ws/install/turtlebot3_simulations/share/turtlebot3_simulations/package.ps1'
[0.634s] INFO:colcon.colcon_core.shell:Creating package descriptor '/home/rsa/colcon_ws/install/turtlebot3_simulations/share/turtlebot3_simulations/package.dsv'
[0.634s] INFO:colcon.colcon_core.shell:Creating package script '/home/rsa/colcon_ws/install/turtlebot3_simulations/share/turtlebot3_simulations/package.sh'
[0.635s] INFO:colcon.colcon_core.shell:Creating package script '/home/rsa/colcon_ws/install/turtlebot3_simulations/share/turtlebot3_simulations/package.bash'
[0.635s] INFO:colcon.colcon_core.shell:Creating package script '/home/rsa/colcon_ws/install/turtlebot3_simulations/share/turtlebot3_simulations/package.zsh'
[0.635s] Level 1:colcon.colcon_core.environment:create_file_with_runtime_dependencies(/home/rsa/colcon_ws/install/turtlebot3_simulations/share/colcon-core/packages/turtlebot3_simulations)
[0.635s] DEBUG:colcon.colcon_parallel_executor.executor.parallel:closing loop
[0.637s] DEBUG:colcon.colcon_parallel_executor.executor.parallel:loop closed
[0.637s] DEBUG:colcon.colcon_parallel_executor.executor.parallel:run_until_complete finished with '0'
[0.637s] DEBUG:colcon.colcon_core.event_reactor:joining thread
[0.644s] INFO:colcon.colcon_core.plugin_system:Skipping extension 'colcon_notification.desktop_notification.terminal_notifier': Not used on non-Darwin systems
[0.644s] INFO:colcon.colcon_core.plugin_system:Skipping extension 'colcon_notification.desktop_notification.win32': Not used on non-Windows systems
[0.644s] INFO:colcon.colcon_notification.desktop_notification:Sending desktop notification using 'notify2'
[0.653s] DEBUG:colcon.colcon_core.event_reactor:joined thread
[0.655s] INFO:colcon.colcon_core.shell:Creating prefix script '/home/rsa/colcon_ws/install/local_setup.ps1'
[0.656s] INFO:colcon.colcon_core.shell:Creating prefix util module '/home/rsa/colcon_ws/install/_local_setup_util_ps1.py'
[0.657s] INFO:colcon.colcon_core.shell:Creating prefix chain script '/home/rsa/colcon_ws/install/setup.ps1'
[0.658s] INFO:colcon.colcon_core.shell:Creating prefix script '/home/rsa/colcon_ws/install/local_setup.sh'
[0.658s] INFO:colcon.colcon_core.shell:Creating prefix util module '/home/rsa/colcon_ws/install/_local_setup_util_sh.py'
[0.658s] INFO:colcon.colcon_core.shell:Creating prefix chain script '/home/rsa/colcon_ws/install/setup.sh'
[0.659s] INFO:colcon.colcon_core.shell:Creating prefix script '/home/rsa/colcon_ws/install/local_setup.bash'
[0.659s] INFO:colcon.colcon_core.shell:Creating prefix chain script '/home/rsa/colcon_ws/install/setup.bash'
[0.660s] INFO:colcon.colcon_core.shell:Creating prefix script '/home/rsa/colcon_ws/install/local_setup.zsh'
[0.661s] INFO:colcon.colcon_core.shell:Creating prefix chain script '/home/rsa/colcon_ws/install/setup.zsh'
