[0.335s] Invoking command in '/home/rsa/colcon_ws/build/wall_follower': CMAKE_PREFIX_PATH=${CMAKE_PREFIX_PATH}:/home/rsa/colcon_ws/install/cv_basics:/opt/ros/foxy /usr/bin/cmake --build /home/rsa/colcon_ws/build/wall_follower -- -j16 -l16
[0.397s] [35m[1mScanning dependencies of target wall_follower[0m
[0.443s] [ 50%] [32mBuilding CXX object CMakeFiles/wall_follower.dir/src/wall_follower.cpp.o[0m
[9.493s] [100%] [32m[1mLinking CXX executable wall_follower[0m
[9.908s] [100%] Built target wall_follower
[9.928s] Invoked command in '/home/rsa/colcon_ws/build/wall_follower' returned '0': CMAKE_PREFIX_PATH=${CMAKE_PREFIX_PATH}:/home/rsa/colcon_ws/install/cv_basics:/opt/ros/foxy /usr/bin/cmake --build /home/rsa/colcon_ws/build/wall_follower -- -j16 -l16
[9.968s] Invoking command in '/home/rsa/colcon_ws/build/wall_follower': CMAKE_PREFIX_PATH=${CMAKE_PREFIX_PATH}:/home/rsa/colcon_ws/install/cv_basics:/opt/ros/foxy /usr/bin/cmake --install /home/rsa/colcon_ws/build/wall_follower
[9.980s] -- Install configuration: ""
[9.980s] -- Execute custom install script
[9.981s] -- Up-to-date symlink: /home/rsa/colcon_ws/install/wall_follower/lib/wall_follower/wall_follower
[9.982s] -- Up-to-date symlink: /home/rsa/colcon_ws/install/wall_follower/include//wall_follower/wall_follower.hpp
[9.982s] -- Up-to-date symlink: /home/rsa/colcon_ws/install/wall_follower/share/ament_index/resource_index/package_run_dependencies/wall_follower
[9.983s] -- Up-to-date symlink: /home/rsa/colcon_ws/install/wall_follower/share/ament_index/resource_index/parent_prefix_path/wall_follower
[9.983s] -- Up-to-date symlink: /home/rsa/colcon_ws/install/wall_follower/share/wall_follower/environment/ament_prefix_path.sh
[9.984s] -- Up-to-date symlink: /home/rsa/colcon_ws/install/wall_follower/share/wall_follower/environment/ament_prefix_path.dsv
[9.984s] -- Up-to-date symlink: /home/rsa/colcon_ws/install/wall_follower/share/wall_follower/environment/path.sh
[9.985s] -- Up-to-date symlink: /home/rsa/colcon_ws/install/wall_follower/share/wall_follower/environment/path.dsv
[9.985s] -- Up-to-date symlink: /home/rsa/colcon_ws/install/wall_follower/share/wall_follower/local_setup.bash
[9.985s] -- Up-to-date symlink: /home/rsa/colcon_ws/install/wall_follower/share/wall_follower/local_setup.sh
[9.986s] -- Up-to-date symlink: /home/rsa/colcon_ws/install/wall_follower/share/wall_follower/local_setup.zsh
[9.986s] -- Up-to-date symlink: /home/rsa/colcon_ws/install/wall_follower/share/wall_follower/local_setup.dsv
[9.987s] -- Symlinking: /home/rsa/colcon_ws/install/wall_follower/share/wall_follower/package.dsv
[10.003s] -- Up-to-date symlink: /home/rsa/colcon_ws/install/wall_follower/share/ament_index/resource_index/packages/wall_follower
[10.003s] -- Up-to-date symlink: /home/rsa/colcon_ws/install/wall_follower/share/wall_follower/cmake/ament_cmake_export_include_directories-extras.cmake
[10.003s] -- Up-to-date symlink: /home/rsa/colcon_ws/install/wall_follower/share/wall_follower/cmake/ament_cmake_export_dependencies-extras.cmake
[10.003s] -- Up-to-date symlink: /home/rsa/colcon_ws/install/wall_follower/share/wall_follower/cmake/wall_followerConfig.cmake
[10.004s] -- Up-to-date symlink: /home/rsa/colcon_ws/install/wall_follower/share/wall_follower/cmake/wall_followerConfig-version.cmake
[10.004s] -- Up-to-date symlink: /home/rsa/colcon_ws/install/wall_follower/share/wall_follower/package.xml
[10.011s] Invoked command in '/home/rsa/colcon_ws/build/wall_follower' returned '0': CMAKE_PREFIX_PATH=${CMAKE_PREFIX_PATH}:/home/rsa/colcon_ws/install/cv_basics:/opt/ros/foxy /usr/bin/cmake --install /home/rsa/colcon_ws/build/wall_follower
