[0.371s] Invoking command in '/home/alan/colcon_ws/build/wall_follower': CMAKE_PREFIX_PATH=${CMAKE_PREFIX_PATH}:/home/alan/colcon_ws/install/cv_basics:/opt/ros/foxy /bin/cmake /home/alan/colcon_ws/src/wall_follower -DAMENT_CMAKE_SYMLINK_INSTALL=1 -DCMAKE_INSTALL_PREFIX=/home/alan/colcon_ws/install/wall_follower
[0.421s] -- The C compiler identification is GNU 9.4.0
[0.471s] -- The CXX compiler identification is GNU 9.4.0
[0.474s] -- Check for working C compiler: /bin/cc
[0.537s] -- Check for working C compiler: /bin/cc -- works
[0.537s] -- Detecting C compiler ABI info
[0.599s] -- Detecting C compiler ABI info - done
[0.607s] -- Detecting C compile features
[0.608s] -- Detecting C compile features - done
[0.609s] -- Check for working CXX compiler: /bin/c++
[0.683s] -- Check for working CXX compiler: /bin/c++ -- works
[0.683s] -- Detecting CXX compiler ABI info
[0.755s] -- Detecting CXX compiler ABI info - done
[0.764s] -- Detecting CXX compile features
[0.764s] -- Detecting CXX compile features - done
[0.765s] -- Found ament_cmake: 0.9.12 (/opt/ros/foxy/share/ament_cmake/cmake)
[0.785s] -- Found PythonInterp: /bin/python3 (found suitable version "3.8.10", minimum required is "3") 
[0.785s] -- Using PYTHON_EXECUTABLE: /bin/python3
[0.920s] -- Override CMake install command with custom implementation using symlinks instead of copying resources
[0.940s] -- Found geometry_msgs: 2.0.5 (/opt/ros/foxy/share/geometry_msgs/cmake)
[0.967s] -- Using all available rosidl_typesupport_c: rosidl_typesupport_fastrtps_c;rosidl_typesupport_introspection_c
[0.975s] -- Found rosidl_adapter: 1.3.1 (/opt/ros/foxy/share/rosidl_adapter/cmake)
[1.050s] -- Found OpenSSL: /usr/lib/x86_64-linux-gnu/libcrypto.so (found version "1.1.1f")  
[1.079s] -- Found FastRTPS: /opt/ros/foxy/include  
[1.140s] -- Using all available rosidl_typesupport_cpp: rosidl_typesupport_fastrtps_cpp;rosidl_typesupport_introspection_cpp
[1.217s] -- Found nav_msgs: 2.0.5 (/opt/ros/foxy/share/nav_msgs/cmake)
[1.274s] -- Found rclcpp: 2.4.3 (/opt/ros/foxy/share/rclcpp/cmake)
[1.306s] -- Found rmw_implementation_cmake: 1.0.4 (/opt/ros/foxy/share/rmw_implementation_cmake/cmake)
[1.306s] -- Using RMW implementation 'rmw_fastrtps_cpp' as default
[1.308s] -- Looking for pthread.h
[1.372s] -- Looking for pthread.h - found
[1.373s] -- Performing Test CMAKE_HAVE_LIBC_PTHREAD
[1.436s] -- Performing Test CMAKE_HAVE_LIBC_PTHREAD - Failed
[1.436s] -- Looking for pthread_create in pthreads
[1.487s] -- Looking for pthread_create in pthreads - not found
[1.487s] -- Looking for pthread_create in pthread
[1.547s] -- Looking for pthread_create in pthread - found
[1.548s] -- Found Threads: TRUE  
[1.655s] -- Found sensor_msgs: 2.0.5 (/opt/ros/foxy/share/sensor_msgs/cmake)
[1.708s] -- Found tf2: 0.13.14 (/opt/ros/foxy/share/tf2/cmake)
[1.768s] -- Configuring done
[1.775s] -- Generating done
[1.776s] -- Build files have been written to: /home/alan/colcon_ws/build/wall_follower
[1.783s] Invoked command in '/home/alan/colcon_ws/build/wall_follower' returned '0': CMAKE_PREFIX_PATH=${CMAKE_PREFIX_PATH}:/home/alan/colcon_ws/install/cv_basics:/opt/ros/foxy /bin/cmake /home/alan/colcon_ws/src/wall_follower -DAMENT_CMAKE_SYMLINK_INSTALL=1 -DCMAKE_INSTALL_PREFIX=/home/alan/colcon_ws/install/wall_follower
[1.786s] Invoking command in '/home/alan/colcon_ws/build/wall_follower': CMAKE_PREFIX_PATH=${CMAKE_PREFIX_PATH}:/home/alan/colcon_ws/install/cv_basics:/opt/ros/foxy /bin/cmake --build /home/alan/colcon_ws/build/wall_follower -- -j8 -l8
[1.819s] [35m[1mScanning dependencies of target wall_follower[0m
[1.848s] [ 50%] [32mBuilding CXX object CMakeFiles/wall_follower.dir/src/wall_follower.cpp.o[0m
[7.116s] [100%] [32m[1mLinking CXX executable wall_follower[0m
[7.355s] [100%] Built target wall_follower
[7.367s] Invoked command in '/home/alan/colcon_ws/build/wall_follower' returned '0': CMAKE_PREFIX_PATH=${CMAKE_PREFIX_PATH}:/home/alan/colcon_ws/install/cv_basics:/opt/ros/foxy /bin/cmake --build /home/alan/colcon_ws/build/wall_follower -- -j8 -l8
[7.406s] Invoking command in '/home/alan/colcon_ws/build/wall_follower': CMAKE_PREFIX_PATH=${CMAKE_PREFIX_PATH}:/home/alan/colcon_ws/install/cv_basics:/opt/ros/foxy /bin/cmake --install /home/alan/colcon_ws/build/wall_follower
[7.415s] -- Install configuration: ""
[7.415s] -- Execute custom install script
[7.416s] -- Symlinking: /home/alan/colcon_ws/install/wall_follower/lib/wall_follower/wall_follower
[7.425s] -- Symlinking: /home/alan/colcon_ws/install/wall_follower/include//wall_follower/wall_follower.hpp
[7.439s] -- Symlinking: /home/alan/colcon_ws/install/wall_follower/share/ament_index/resource_index/package_run_dependencies/wall_follower
[7.452s] -- Symlinking: /home/alan/colcon_ws/install/wall_follower/share/ament_index/resource_index/parent_prefix_path/wall_follower
[7.461s] -- Symlinking: /home/alan/colcon_ws/install/wall_follower/share/wall_follower/environment/ament_prefix_path.sh
[7.471s] -- Symlinking: /home/alan/colcon_ws/install/wall_follower/share/wall_follower/environment/ament_prefix_path.dsv
[7.480s] -- Symlinking: /home/alan/colcon_ws/install/wall_follower/share/wall_follower/environment/path.sh
[7.491s] -- Symlinking: /home/alan/colcon_ws/install/wall_follower/share/wall_follower/environment/path.dsv
[7.500s] -- Symlinking: /home/alan/colcon_ws/install/wall_follower/share/wall_follower/local_setup.bash
[7.511s] -- Symlinking: /home/alan/colcon_ws/install/wall_follower/share/wall_follower/local_setup.sh
[7.521s] -- Symlinking: /home/alan/colcon_ws/install/wall_follower/share/wall_follower/local_setup.zsh
[7.529s] -- Symlinking: /home/alan/colcon_ws/install/wall_follower/share/wall_follower/local_setup.dsv
[7.539s] -- Symlinking: /home/alan/colcon_ws/install/wall_follower/share/wall_follower/package.dsv
[7.548s] -- Symlinking: /home/alan/colcon_ws/install/wall_follower/share/ament_index/resource_index/packages/wall_follower
[7.560s] -- Symlinking: /home/alan/colcon_ws/install/wall_follower/share/wall_follower/cmake/ament_cmake_export_include_directories-extras.cmake
[7.569s] -- Symlinking: /home/alan/colcon_ws/install/wall_follower/share/wall_follower/cmake/ament_cmake_export_dependencies-extras.cmake
[7.578s] -- Symlinking: /home/alan/colcon_ws/install/wall_follower/share/wall_follower/cmake/wall_followerConfig.cmake
[7.587s] -- Symlinking: /home/alan/colcon_ws/install/wall_follower/share/wall_follower/cmake/wall_followerConfig-version.cmake
[7.595s] -- Symlinking: /home/alan/colcon_ws/install/wall_follower/share/wall_follower/package.xml
[7.605s] Invoked command in '/home/alan/colcon_ws/build/wall_follower' returned '0': CMAKE_PREFIX_PATH=${CMAKE_PREFIX_PATH}:/home/alan/colcon_ws/install/cv_basics:/opt/ros/foxy /bin/cmake --install /home/alan/colcon_ws/build/wall_follower
