[0.103s] DEBUG:colcon:Command line arguments: ['/usr/bin/colcon', 'build', '--symlink-install']
[0.103s] DEBUG:colcon:Parsed command line arguments: Namespace(allow_overriding=[], ament_cmake_args=None, base_paths=['.'], build_base='build', catkin_cmake_args=None, catkin_skip_building_tests=False, cmake_args=None, cmake_clean_cache=False, cmake_clean_first=False, cmake_force_configure=False, cmake_target=None, cmake_target_skip_unavailable=False, continue_on_error=False, event_handlers=None, executor='parallel', ignore_user_meta=False, install_base='install', log_base=None, log_level=None, main=<bound method BuildVerb.main of <colcon_core.verb.build.BuildVerb object at 0x7f8a1c98eca0>>, merge_install=False, metas=['./colcon.meta'], packages_above=None, packages_above_and_dependencies=None, packages_above_depth=None, packages_end=None, packages_ignore=None, packages_ignore_regex=None, packages_select=None, packages_select_build_failed=False, packages_select_by_dep=None, packages_select_regex=None, packages_select_test_failures=False, packages_skip=None, packages_skip_build_finished=False, packages_skip_by_dep=None, packages_skip_regex=None, packages_skip_test_passed=False, packages_skip_up_to=None, packages_start=None, packages_up_to=None, packages_up_to_regex=None, parallel_workers=16, paths=None, symlink_install=True, test_result_base=None, verb_extension=<colcon_core.verb.build.BuildVerb object at 0x7f8a1c98eca0>, verb_name='build', verb_parser=<colcon_defaults.argument_parser.defaults.DefaultArgumentsDecorator object at 0x7f8a1c9a1250>)
[0.123s] Level 1:colcon.colcon_core.package_discovery:discover_packages(colcon_meta) check parameters
[0.124s] Level 1:colcon.colcon_core.package_discovery:discover_packages(recursive) check parameters
[0.124s] Level 1:colcon.colcon_core.package_discovery:discover_packages(ignore) check parameters
[0.125s] Level 1:colcon.colcon_core.package_discovery:discover_packages(path) check parameters
[0.125s] Level 1:colcon.colcon_core.package_discovery:discover_packages(colcon_meta) discover
[0.125s] Level 1:colcon.colcon_core.package_discovery:discover_packages(recursive) discover
[0.125s] INFO:colcon.colcon_core.package_discovery:Crawling recursively for packages in '/home/rsa/colcon_ws'
[0.125s] Level 1:colcon.colcon_core.package_identification:_identify(.) by extensions ['ignore', 'ignore_ament_install']
[0.125s] Level 1:colcon.colcon_core.package_identification:_identify(.) by extension 'ignore'
[0.125s] Level 1:colcon.colcon_core.package_identification:_identify(.) by extension 'ignore_ament_install'
[0.125s] Level 1:colcon.colcon_core.package_identification:_identify(.) by extensions ['colcon_pkg']
[0.125s] Level 1:colcon.colcon_core.package_identification:_identify(.) by extension 'colcon_pkg'
[0.125s] Level 1:colcon.colcon_core.package_identification:_identify(.) by extensions ['colcon_meta']
[0.125s] Level 1:colcon.colcon_core.package_identification:_identify(.) by extension 'colcon_meta'
[0.126s] Level 1:colcon.colcon_core.package_identification:_identify(.) by extensions ['ros']
[0.126s] Level 1:colcon.colcon_core.package_identification:_identify(.) by extension 'ros'
[0.135s] Level 1:colcon.colcon_core.package_identification:_identify(.) by extensions ['cmake', 'python']
[0.135s] Level 1:colcon.colcon_core.package_identification:_identify(.) by extension 'cmake'
[0.135s] Level 1:colcon.colcon_core.package_identification:_identify(.) by extension 'python'
[0.135s] Level 1:colcon.colcon_core.package_identification:_identify(.) by extensions ['python_setup_py']
[0.135s] Level 1:colcon.colcon_core.package_identification:_identify(.) by extension 'python_setup_py'
[0.135s] Level 1:colcon.colcon_core.package_identification:_identify(build) by extensions ['ignore', 'ignore_ament_install']
[0.135s] Level 1:colcon.colcon_core.package_identification:_identify(build) by extension 'ignore'
[0.135s] Level 1:colcon.colcon_core.package_identification:_identify(build) ignored
[0.136s] Level 1:colcon.colcon_core.package_identification:_identify(install) by extensions ['ignore', 'ignore_ament_install']
[0.136s] Level 1:colcon.colcon_core.package_identification:_identify(install) by extension 'ignore'
[0.136s] Level 1:colcon.colcon_core.package_identification:_identify(install) ignored
[0.136s] Level 1:colcon.colcon_core.package_identification:_identify(log) by extensions ['ignore', 'ignore_ament_install']
[0.136s] Level 1:colcon.colcon_core.package_identification:_identify(log) by extension 'ignore'
[0.136s] Level 1:colcon.colcon_core.package_identification:_identify(log) ignored
[0.136s] Level 1:colcon.colcon_core.package_identification:_identify(src) by extensions ['ignore', 'ignore_ament_install']
[0.136s] Level 1:colcon.colcon_core.package_identification:_identify(src) by extension 'ignore'
[0.136s] Level 1:colcon.colcon_core.package_identification:_identify(src) by extension 'ignore_ament_install'
[0.136s] Level 1:colcon.colcon_core.package_identification:_identify(src) by extensions ['colcon_pkg']
[0.136s] Level 1:colcon.colcon_core.package_identification:_identify(src) by extension 'colcon_pkg'
[0.136s] Level 1:colcon.colcon_core.package_identification:_identify(src) by extensions ['colcon_meta']
[0.136s] Level 1:colcon.colcon_core.package_identification:_identify(src) by extension 'colcon_meta'
[0.136s] Level 1:colcon.colcon_core.package_identification:_identify(src) by extensions ['ros']
[0.136s] Level 1:colcon.colcon_core.package_identification:_identify(src) by extension 'ros'
[0.137s] Level 1:colcon.colcon_core.package_identification:_identify(src) by extensions ['cmake', 'python']
[0.137s] Level 1:colcon.colcon_core.package_identification:_identify(src) by extension 'cmake'
[0.137s] Level 1:colcon.colcon_core.package_identification:_identify(src) by extension 'python'
[0.137s] Level 1:colcon.colcon_core.package_identification:_identify(src) by extensions ['python_setup_py']
[0.137s] Level 1:colcon.colcon_core.package_identification:_identify(src) by extension 'python_setup_py'
[0.137s] Level 1:colcon.colcon_core.package_identification:_identify(src/cv_basics) by extensions ['ignore', 'ignore_ament_install']
[0.137s] Level 1:colcon.colcon_core.package_identification:_identify(src/cv_basics) by extension 'ignore'
[0.137s] Level 1:colcon.colcon_core.package_identification:_identify(src/cv_basics) by extension 'ignore_ament_install'
[0.137s] Level 1:colcon.colcon_core.package_identification:_identify(src/cv_basics) by extensions ['colcon_pkg']
[0.137s] Level 1:colcon.colcon_core.package_identification:_identify(src/cv_basics) by extension 'colcon_pkg'
[0.137s] Level 1:colcon.colcon_core.package_identification:_identify(src/cv_basics) by extensions ['colcon_meta']
[0.137s] Level 1:colcon.colcon_core.package_identification:_identify(src/cv_basics) by extension 'colcon_meta'
[0.137s] Level 1:colcon.colcon_core.package_identification:_identify(src/cv_basics) by extensions ['ros']
[0.137s] Level 1:colcon.colcon_core.package_identification:_identify(src/cv_basics) by extension 'ros'
[0.141s] DEBUG:colcon.colcon_core.package_identification:Package 'src/cv_basics' with type 'ros.ament_python' and name 'cv_basics'
[0.141s] Level 1:colcon.colcon_core.package_identification:_identify(src/learning_tf2_cpp) by extensions ['ignore', 'ignore_ament_install']
[0.141s] Level 1:colcon.colcon_core.package_identification:_identify(src/learning_tf2_cpp) by extension 'ignore'
[0.141s] Level 1:colcon.colcon_core.package_identification:_identify(src/learning_tf2_cpp) by extension 'ignore_ament_install'
[0.141s] Level 1:colcon.colcon_core.package_identification:_identify(src/learning_tf2_cpp) by extensions ['colcon_pkg']
[0.141s] Level 1:colcon.colcon_core.package_identification:_identify(src/learning_tf2_cpp) by extension 'colcon_pkg'
[0.141s] Level 1:colcon.colcon_core.package_identification:_identify(src/learning_tf2_cpp) by extensions ['colcon_meta']
[0.141s] Level 1:colcon.colcon_core.package_identification:_identify(src/learning_tf2_cpp) by extension 'colcon_meta'
[0.142s] Level 1:colcon.colcon_core.package_identification:_identify(src/learning_tf2_cpp) by extensions ['ros']
[0.142s] Level 1:colcon.colcon_core.package_identification:_identify(src/learning_tf2_cpp) by extension 'ros'
[0.144s] DEBUG:colcon.colcon_core.package_identification:Package 'src/learning_tf2_cpp' with type 'ros.ament_cmake' and name 'learning_tf2_cpp'
[0.144s] Level 1:colcon.colcon_core.package_identification:_identify(src/turtlebot3_simulations) by extensions ['ignore', 'ignore_ament_install']
[0.144s] Level 1:colcon.colcon_core.package_identification:_identify(src/turtlebot3_simulations) by extension 'ignore'
[0.144s] Level 1:colcon.colcon_core.package_identification:_identify(src/turtlebot3_simulations) by extension 'ignore_ament_install'
[0.144s] Level 1:colcon.colcon_core.package_identification:_identify(src/turtlebot3_simulations) by extensions ['colcon_pkg']
[0.144s] Level 1:colcon.colcon_core.package_identification:_identify(src/turtlebot3_simulations) by extension 'colcon_pkg'
[0.144s] Level 1:colcon.colcon_core.package_identification:_identify(src/turtlebot3_simulations) by extensions ['colcon_meta']
[0.144s] Level 1:colcon.colcon_core.package_identification:_identify(src/turtlebot3_simulations) by extension 'colcon_meta'
[0.144s] Level 1:colcon.colcon_core.package_identification:_identify(src/turtlebot3_simulations) by extensions ['ros']
[0.144s] Level 1:colcon.colcon_core.package_identification:_identify(src/turtlebot3_simulations) by extension 'ros'
[0.144s] Level 1:colcon.colcon_core.package_identification:_identify(src/turtlebot3_simulations) by extensions ['cmake', 'python']
[0.145s] Level 1:colcon.colcon_core.package_identification:_identify(src/turtlebot3_simulations) by extension 'cmake'
[0.145s] Level 1:colcon.colcon_core.package_identification:_identify(src/turtlebot3_simulations) by extension 'python'
[0.145s] Level 1:colcon.colcon_core.package_identification:_identify(src/turtlebot3_simulations) by extensions ['python_setup_py']
[0.145s] Level 1:colcon.colcon_core.package_identification:_identify(src/turtlebot3_simulations) by extension 'python_setup_py'
[0.145s] Level 1:colcon.colcon_core.package_identification:_identify(src/turtlebot3_simulations/turtlebot3_fake_node) by extensions ['ignore', 'ignore_ament_install']
[0.145s] Level 1:colcon.colcon_core.package_identification:_identify(src/turtlebot3_simulations/turtlebot3_fake_node) by extension 'ignore'
[0.145s] Level 1:colcon.colcon_core.package_identification:_identify(src/turtlebot3_simulations/turtlebot3_fake_node) by extension 'ignore_ament_install'
[0.145s] Level 1:colcon.colcon_core.package_identification:_identify(src/turtlebot3_simulations/turtlebot3_fake_node) by extensions ['colcon_pkg']
[0.145s] Level 1:colcon.colcon_core.package_identification:_identify(src/turtlebot3_simulations/turtlebot3_fake_node) by extension 'colcon_pkg'
[0.145s] Level 1:colcon.colcon_core.package_identification:_identify(src/turtlebot3_simulations/turtlebot3_fake_node) by extensions ['colcon_meta']
[0.145s] Level 1:colcon.colcon_core.package_identification:_identify(src/turtlebot3_simulations/turtlebot3_fake_node) by extension 'colcon_meta'
[0.145s] Level 1:colcon.colcon_core.package_identification:_identify(src/turtlebot3_simulations/turtlebot3_fake_node) by extensions ['ros']
[0.145s] Level 1:colcon.colcon_core.package_identification:_identify(src/turtlebot3_simulations/turtlebot3_fake_node) by extension 'ros'
[0.147s] DEBUG:colcon.colcon_core.package_identification:Package 'src/turtlebot3_simulations/turtlebot3_fake_node' with type 'ros.ament_cmake' and name 'turtlebot3_fake_node'
[0.147s] Level 1:colcon.colcon_core.package_identification:_identify(src/turtlebot3_simulations/turtlebot3_gazebo) by extensions ['ignore', 'ignore_ament_install']
[0.147s] Level 1:colcon.colcon_core.package_identification:_identify(src/turtlebot3_simulations/turtlebot3_gazebo) by extension 'ignore'
[0.147s] Level 1:colcon.colcon_core.package_identification:_identify(src/turtlebot3_simulations/turtlebot3_gazebo) by extension 'ignore_ament_install'
[0.147s] Level 1:colcon.colcon_core.package_identification:_identify(src/turtlebot3_simulations/turtlebot3_gazebo) by extensions ['colcon_pkg']
[0.147s] Level 1:colcon.colcon_core.package_identification:_identify(src/turtlebot3_simulations/turtlebot3_gazebo) by extension 'colcon_pkg'
[0.147s] Level 1:colcon.colcon_core.package_identification:_identify(src/turtlebot3_simulations/turtlebot3_gazebo) by extensions ['colcon_meta']
[0.147s] Level 1:colcon.colcon_core.package_identification:_identify(src/turtlebot3_simulations/turtlebot3_gazebo) by extension 'colcon_meta'
[0.147s] Level 1:colcon.colcon_core.package_identification:_identify(src/turtlebot3_simulations/turtlebot3_gazebo) by extensions ['ros']
[0.147s] Level 1:colcon.colcon_core.package_identification:_identify(src/turtlebot3_simulations/turtlebot3_gazebo) by extension 'ros'
[0.147s] DEBUG:colcon.colcon_core.package_identification:Package 'src/turtlebot3_simulations/turtlebot3_gazebo' with type 'ros.ament_cmake' and name 'turtlebot3_gazebo'
[0.148s] Level 1:colcon.colcon_core.package_identification:_identify(src/turtlebot3_simulations/turtlebot3_simulations) by extensions ['ignore', 'ignore_ament_install']
[0.148s] Level 1:colcon.colcon_core.package_identification:_identify(src/turtlebot3_simulations/turtlebot3_simulations) by extension 'ignore'
[0.148s] Level 1:colcon.colcon_core.package_identification:_identify(src/turtlebot3_simulations/turtlebot3_simulations) by extension 'ignore_ament_install'
[0.148s] Level 1:colcon.colcon_core.package_identification:_identify(src/turtlebot3_simulations/turtlebot3_simulations) by extensions ['colcon_pkg']
[0.148s] Level 1:colcon.colcon_core.package_identification:_identify(src/turtlebot3_simulations/turtlebot3_simulations) by extension 'colcon_pkg'
[0.148s] Level 1:colcon.colcon_core.package_identification:_identify(src/turtlebot3_simulations/turtlebot3_simulations) by extensions ['colcon_meta']
[0.148s] Level 1:colcon.colcon_core.package_identification:_identify(src/turtlebot3_simulations/turtlebot3_simulations) by extension 'colcon_meta'
[0.148s] Level 1:colcon.colcon_core.package_identification:_identify(src/turtlebot3_simulations/turtlebot3_simulations) by extensions ['ros']
[0.148s] Level 1:colcon.colcon_core.package_identification:_identify(src/turtlebot3_simulations/turtlebot3_simulations) by extension 'ros'
[0.155s] DEBUG:colcon.colcon_core.package_identification:Package 'src/turtlebot3_simulations/turtlebot3_simulations' with type 'ros.ament_cmake' and name 'turtlebot3_simulations'
[0.155s] Level 1:colcon.colcon_core.package_identification:_identify(src/wall_follower) by extensions ['ignore', 'ignore_ament_install']
[0.155s] Level 1:colcon.colcon_core.package_identification:_identify(src/wall_follower) by extension 'ignore'
[0.155s] Level 1:colcon.colcon_core.package_identification:_identify(src/wall_follower) by extension 'ignore_ament_install'
[0.155s] Level 1:colcon.colcon_core.package_identification:_identify(src/wall_follower) by extensions ['colcon_pkg']
[0.155s] Level 1:colcon.colcon_core.package_identification:_identify(src/wall_follower) by extension 'colcon_pkg'
[0.155s] Level 1:colcon.colcon_core.package_identification:_identify(src/wall_follower) by extensions ['colcon_meta']
[0.155s] Level 1:colcon.colcon_core.package_identification:_identify(src/wall_follower) by extension 'colcon_meta'
[0.155s] Level 1:colcon.colcon_core.package_identification:_identify(src/wall_follower) by extensions ['ros']
[0.155s] Level 1:colcon.colcon_core.package_identification:_identify(src/wall_follower) by extension 'ros'
[0.156s] DEBUG:colcon.colcon_core.package_identification:Package 'src/wall_follower' with type 'ros.ament_cmake' and name 'wall_follower'
[0.157s] Level 1:colcon.colcon_core.package_discovery:discover_packages(recursive) using defaults
[0.157s] Level 1:colcon.colcon_core.package_discovery:discover_packages(ignore) discover
[0.157s] Level 1:colcon.colcon_core.package_discovery:discover_packages(ignore) using defaults
[0.157s] Level 1:colcon.colcon_core.package_discovery:discover_packages(path) discover
[0.157s] Level 1:colcon.colcon_core.package_discovery:discover_packages(path) using defaults
[0.171s] Level 1:colcon.colcon_core.package_discovery:discover_packages(prefix_path) check parameters
[0.171s] Level 1:colcon.colcon_core.package_discovery:discover_packages(prefix_path) discover
[0.174s] DEBUG:colcon.colcon_installed_package_information.package_discovery:Found 6 installed packages in /home/rsa/colcon_ws/install
[0.175s] DEBUG:colcon.colcon_installed_package_information.package_discovery:Found 334 installed packages in /opt/ros/foxy
[0.176s] Level 1:colcon.colcon_core.package_discovery:discover_packages(prefix_path) using defaults
[0.225s] Level 5:colcon.colcon_core.verb:set package 'cv_basics' build argument 'cmake_args' from command line to 'None'
[0.225s] Level 5:colcon.colcon_core.verb:set package 'cv_basics' build argument 'cmake_target' from command line to 'None'
[0.225s] Level 5:colcon.colcon_core.verb:set package 'cv_basics' build argument 'cmake_target_skip_unavailable' from command line to 'False'
[0.225s] Level 5:colcon.colcon_core.verb:set package 'cv_basics' build argument 'cmake_clean_cache' from command line to 'False'
[0.225s] Level 5:colcon.colcon_core.verb:set package 'cv_basics' build argument 'cmake_clean_first' from command line to 'False'
[0.225s] Level 5:colcon.colcon_core.verb:set package 'cv_basics' build argument 'cmake_force_configure' from command line to 'False'
[0.225s] Level 5:colcon.colcon_core.verb:set package 'cv_basics' build argument 'ament_cmake_args' from command line to 'None'
[0.225s] Level 5:colcon.colcon_core.verb:set package 'cv_basics' build argument 'catkin_cmake_args' from command line to 'None'
[0.226s] Level 5:colcon.colcon_core.verb:set package 'cv_basics' build argument 'catkin_skip_building_tests' from command line to 'False'
[0.226s] DEBUG:colcon.colcon_core.verb:Building package 'cv_basics' with the following arguments: {'ament_cmake_args': None, 'build_base': '/home/rsa/colcon_ws/build/cv_basics', 'catkin_cmake_args': None, 'catkin_skip_building_tests': False, 'cmake_args': None, 'cmake_clean_cache': False, 'cmake_clean_first': False, 'cmake_force_configure': False, 'cmake_target': None, 'cmake_target_skip_unavailable': False, 'install_base': '/home/rsa/colcon_ws/install/cv_basics', 'merge_install': False, 'path': '/home/rsa/colcon_ws/src/cv_basics', 'symlink_install': True, 'test_result_base': None}
[0.226s] Level 5:colcon.colcon_core.verb:set package 'learning_tf2_cpp' build argument 'cmake_args' from command line to 'None'
[0.227s] Level 5:colcon.colcon_core.verb:set package 'learning_tf2_cpp' build argument 'cmake_target' from command line to 'None'
[0.227s] Level 5:colcon.colcon_core.verb:set package 'learning_tf2_cpp' build argument 'cmake_target_skip_unavailable' from command line to 'False'
[0.227s] Level 5:colcon.colcon_core.verb:set package 'learning_tf2_cpp' build argument 'cmake_clean_cache' from command line to 'False'
[0.227s] Level 5:colcon.colcon_core.verb:set package 'learning_tf2_cpp' build argument 'cmake_clean_first' from command line to 'False'
[0.227s] Level 5:colcon.colcon_core.verb:set package 'learning_tf2_cpp' build argument 'cmake_force_configure' from command line to 'False'
[0.227s] Level 5:colcon.colcon_core.verb:set package 'learning_tf2_cpp' build argument 'ament_cmake_args' from command line to 'None'
[0.227s] Level 5:colcon.colcon_core.verb:set package 'learning_tf2_cpp' build argument 'catkin_cmake_args' from command line to 'None'
[0.227s] Level 5:colcon.colcon_core.verb:set package 'learning_tf2_cpp' build argument 'catkin_skip_building_tests' from command line to 'False'
[0.227s] DEBUG:colcon.colcon_core.verb:Building package 'learning_tf2_cpp' with the following arguments: {'ament_cmake_args': None, 'build_base': '/home/rsa/colcon_ws/build/learning_tf2_cpp', 'catkin_cmake_args': None, 'catkin_skip_building_tests': False, 'cmake_args': None, 'cmake_clean_cache': False, 'cmake_clean_first': False, 'cmake_force_configure': False, 'cmake_target': None, 'cmake_target_skip_unavailable': False, 'install_base': '/home/rsa/colcon_ws/install/learning_tf2_cpp', 'merge_install': False, 'path': '/home/rsa/colcon_ws/src/learning_tf2_cpp', 'symlink_install': True, 'test_result_base': None}
[0.228s] Level 5:colcon.colcon_core.verb:set package 'turtlebot3_fake_node' build argument 'cmake_args' from command line to 'None'
[0.228s] Level 5:colcon.colcon_core.verb:set package 'turtlebot3_fake_node' build argument 'cmake_target' from command line to 'None'
[0.228s] Level 5:colcon.colcon_core.verb:set package 'turtlebot3_fake_node' build argument 'cmake_target_skip_unavailable' from command line to 'False'
[0.228s] Level 5:colcon.colcon_core.verb:set package 'turtlebot3_fake_node' build argument 'cmake_clean_cache' from command line to 'False'
[0.228s] Level 5:colcon.colcon_core.verb:set package 'turtlebot3_fake_node' build argument 'cmake_clean_first' from command line to 'False'
[0.228s] Level 5:colcon.colcon_core.verb:set package 'turtlebot3_fake_node' build argument 'cmake_force_configure' from command line to 'False'
[0.228s] Level 5:colcon.colcon_core.verb:set package 'turtlebot3_fake_node' build argument 'ament_cmake_args' from command line to 'None'
[0.228s] Level 5:colcon.colcon_core.verb:set package 'turtlebot3_fake_node' build argument 'catkin_cmake_args' from command line to 'None'
[0.228s] Level 5:colcon.colcon_core.verb:set package 'turtlebot3_fake_node' build argument 'catkin_skip_building_tests' from command line to 'False'
[0.228s] DEBUG:colcon.colcon_core.verb:Building package 'turtlebot3_fake_node' with the following arguments: {'ament_cmake_args': None, 'build_base': '/home/rsa/colcon_ws/build/turtlebot3_fake_node', 'catkin_cmake_args': None, 'catkin_skip_building_tests': False, 'cmake_args': None, 'cmake_clean_cache': False, 'cmake_clean_first': False, 'cmake_force_configure': False, 'cmake_target': None, 'cmake_target_skip_unavailable': False, 'install_base': '/home/rsa/colcon_ws/install/turtlebot3_fake_node', 'merge_install': False, 'path': '/home/rsa/colcon_ws/src/turtlebot3_simulations/turtlebot3_fake_node', 'symlink_install': True, 'test_result_base': None}
[0.229s] Level 5:colcon.colcon_core.verb:set package 'turtlebot3_gazebo' build argument 'cmake_args' from command line to 'None'
[0.229s] Level 5:colcon.colcon_core.verb:set package 'turtlebot3_gazebo' build argument 'cmake_target' from command line to 'None'
[0.229s] Level 5:colcon.colcon_core.verb:set package 'turtlebot3_gazebo' build argument 'cmake_target_skip_unavailable' from command line to 'False'
[0.229s] Level 5:colcon.colcon_core.verb:set package 'turtlebot3_gazebo' build argument 'cmake_clean_cache' from command line to 'False'
[0.229s] Level 5:colcon.colcon_core.verb:set package 'turtlebot3_gazebo' build argument 'cmake_clean_first' from command line to 'False'
[0.229s] Level 5:colcon.colcon_core.verb:set package 'turtlebot3_gazebo' build argument 'cmake_force_configure' from command line to 'False'
[0.229s] Level 5:colcon.colcon_core.verb:set package 'turtlebot3_gazebo' build argument 'ament_cmake_args' from command line to 'None'
[0.229s] Level 5:colcon.colcon_core.verb:set package 'turtlebot3_gazebo' build argument 'catkin_cmake_args' from command line to 'None'
[0.229s] Level 5:colcon.colcon_core.verb:set package 'turtlebot3_gazebo' build argument 'catkin_skip_building_tests' from command line to 'False'
[0.229s] DEBUG:colcon.colcon_core.verb:Building package 'turtlebot3_gazebo' with the following arguments: {'ament_cmake_args': None, 'build_base': '/home/rsa/colcon_ws/build/turtlebot3_gazebo', 'catkin_cmake_args': None, 'catkin_skip_building_tests': False, 'cmake_args': None, 'cmake_clean_cache': False, 'cmake_clean_first': False, 'cmake_force_configure': False, 'cmake_target': None, 'cmake_target_skip_unavailable': False, 'install_base': '/home/rsa/colcon_ws/install/turtlebot3_gazebo', 'merge_install': False, 'path': '/home/rsa/colcon_ws/src/turtlebot3_simulations/turtlebot3_gazebo', 'symlink_install': True, 'test_result_base': None}
[0.229s] Level 5:colcon.colcon_core.verb:set package 'wall_follower' build argument 'cmake_args' from command line to 'None'
[0.229s] Level 5:colcon.colcon_core.verb:set package 'wall_follower' build argument 'cmake_target' from command line to 'None'
[0.229s] Level 5:colcon.colcon_core.verb:set package 'wall_follower' build argument 'cmake_target_skip_unavailable' from command line to 'False'
[0.229s] Level 5:colcon.colcon_core.verb:set package 'wall_follower' build argument 'cmake_clean_cache' from command line to 'False'
[0.229s] Level 5:colcon.colcon_core.verb:set package 'wall_follower' build argument 'cmake_clean_first' from command line to 'False'
[0.229s] Level 5:colcon.colcon_core.verb:set package 'wall_follower' build argument 'cmake_force_configure' from command line to 'False'
[0.230s] Level 5:colcon.colcon_core.verb:set package 'wall_follower' build argument 'ament_cmake_args' from command line to 'None'
[0.230s] Level 5:colcon.colcon_core.verb:set package 'wall_follower' build argument 'catkin_cmake_args' from command line to 'None'
[0.230s] Level 5:colcon.colcon_core.verb:set package 'wall_follower' build argument 'catkin_skip_building_tests' from command line to 'False'
[0.230s] DEBUG:colcon.colcon_core.verb:Building package 'wall_follower' with the following arguments: {'ament_cmake_args': None, 'build_base': '/home/rsa/colcon_ws/build/wall_follower', 'catkin_cmake_args': None, 'catkin_skip_building_tests': False, 'cmake_args': None, 'cmake_clean_cache': False, 'cmake_clean_first': False, 'cmake_force_configure': False, 'cmake_target': None, 'cmake_target_skip_unavailable': False, 'install_base': '/home/rsa/colcon_ws/install/wall_follower', 'merge_install': False, 'path': '/home/rsa/colcon_ws/src/wall_follower', 'symlink_install': True, 'test_result_base': None}
[0.230s] Level 5:colcon.colcon_core.verb:set package 'turtlebot3_simulations' build argument 'cmake_args' from command line to 'None'
[0.230s] Level 5:colcon.colcon_core.verb:set package 'turtlebot3_simulations' build argument 'cmake_target' from command line to 'None'
[0.230s] Level 5:colcon.colcon_core.verb:set package 'turtlebot3_simulations' build argument 'cmake_target_skip_unavailable' from command line to 'False'
[0.230s] Level 5:colcon.colcon_core.verb:set package 'turtlebot3_simulations' build argument 'cmake_clean_cache' from command line to 'False'
[0.230s] Level 5:colcon.colcon_core.verb:set package 'turtlebot3_simulations' build argument 'cmake_clean_first' from command line to 'False'
[0.230s] Level 5:colcon.colcon_core.verb:set package 'turtlebot3_simulations' build argument 'cmake_force_configure' from command line to 'False'
[0.230s] Level 5:colcon.colcon_core.verb:set package 'turtlebot3_simulations' build argument 'ament_cmake_args' from command line to 'None'
[0.230s] Level 5:colcon.colcon_core.verb:set package 'turtlebot3_simulations' build argument 'catkin_cmake_args' from command line to 'None'
[0.230s] Level 5:colcon.colcon_core.verb:set package 'turtlebot3_simulations' build argument 'catkin_skip_building_tests' from command line to 'False'
[0.230s] DEBUG:colcon.colcon_core.verb:Building package 'turtlebot3_simulations' with the following arguments: {'ament_cmake_args': None, 'build_base': '/home/rsa/colcon_ws/build/turtlebot3_simulations', 'catkin_cmake_args': None, 'catkin_skip_building_tests': False, 'cmake_args': None, 'cmake_clean_cache': False, 'cmake_clean_first': False, 'cmake_force_configure': False, 'cmake_target': None, 'cmake_target_skip_unavailable': False, 'install_base': '/home/rsa/colcon_ws/install/turtlebot3_simulations', 'merge_install': False, 'path': '/home/rsa/colcon_ws/src/turtlebot3_simulations/turtlebot3_simulations', 'symlink_install': True, 'test_result_base': None}
[0.231s] INFO:colcon.colcon_core.executor:Executing jobs using 'parallel' executor
[0.236s] DEBUG:colcon.colcon_parallel_executor.executor.parallel:run_until_complete
[0.236s] INFO:colcon.colcon_ros.task.ament_cmake.build:Building ROS package in '/home/rsa/colcon_ws/src/turtlebot3_simulations/turtlebot3_fake_node' with build type 'ament_cmake'
[0.237s] INFO:colcon.colcon_cmake.task.cmake.build:Building CMake package in '/home/rsa/colcon_ws/src/turtlebot3_simulations/turtlebot3_fake_node'
[0.242s] INFO:colcon.colcon_core.plugin_system:Skipping extension 'colcon_core.shell.bat': Not used on non-Windows systems
[0.242s] INFO:colcon.colcon_core.shell:Skip shell extension 'powershell' for command environment: Not usable outside of PowerShell
[0.242s] DEBUG:colcon.colcon_core.shell:Skip shell extension 'dsv' for command environment
[0.249s] INFO:colcon.colcon_ros.task.ament_cmake.build:Building ROS package in '/home/rsa/colcon_ws/src/turtlebot3_simulations/turtlebot3_gazebo' with build type 'ament_cmake'
[0.250s] INFO:colcon.colcon_cmake.task.cmake.build:Building CMake package in '/home/rsa/colcon_ws/src/turtlebot3_simulations/turtlebot3_gazebo'
[0.252s] INFO:colcon.colcon_core.shell:Skip shell extension 'powershell' for command environment: Not usable outside of PowerShell
[0.252s] DEBUG:colcon.colcon_core.shell:Skip shell extension 'dsv' for command environment
[0.260s] INFO:colcon.colcon_ros.task.ament_python.build:Building ROS package in '/home/rsa/colcon_ws/src/cv_basics' with build type 'ament_python'
[0.261s] Level 1:colcon.colcon_core.shell:create_environment_hook('cv_basics', 'ament_prefix_path')
[0.262s] INFO:colcon.colcon_core.shell:Creating environment hook '/home/rsa/colcon_ws/install/cv_basics/share/cv_basics/hook/ament_prefix_path.ps1'
[0.264s] INFO:colcon.colcon_core.shell:Creating environment descriptor '/home/rsa/colcon_ws/install/cv_basics/share/cv_basics/hook/ament_prefix_path.dsv'
[0.265s] INFO:colcon.colcon_core.shell:Creating environment hook '/home/rsa/colcon_ws/install/cv_basics/share/cv_basics/hook/ament_prefix_path.sh'
[0.268s] INFO:colcon.colcon_core.shell:Skip shell extension 'powershell' for command environment: Not usable outside of PowerShell
[0.268s] DEBUG:colcon.colcon_core.shell:Skip shell extension 'dsv' for command environment
[0.275s] INFO:colcon.colcon_ros.task.ament_cmake.build:Building ROS package in '/home/rsa/colcon_ws/src/learning_tf2_cpp' with build type 'ament_cmake'
[0.276s] INFO:colcon.colcon_cmake.task.cmake.build:Building CMake package in '/home/rsa/colcon_ws/src/learning_tf2_cpp'
[0.277s] INFO:colcon.colcon_core.shell:Skip shell extension 'powershell' for command environment: Not usable outside of PowerShell
[0.277s] DEBUG:colcon.colcon_core.shell:Skip shell extension 'dsv' for command environment
[0.283s] INFO:colcon.colcon_ros.task.ament_cmake.build:Building ROS package in '/home/rsa/colcon_ws/src/wall_follower' with build type 'ament_cmake'
[0.283s] INFO:colcon.colcon_cmake.task.cmake.build:Building CMake package in '/home/rsa/colcon_ws/src/wall_follower'
[0.285s] INFO:colcon.colcon_core.shell:Skip shell extension 'powershell' for command environment: Not usable outside of PowerShell
[0.286s] DEBUG:colcon.colcon_core.shell:Skip shell extension 'dsv' for command environment
[0.306s] DEBUG:colcon.colcon_core.event_handler.log_command:Invoking command in '/home/rsa/colcon_ws/build/turtlebot3_fake_node': CMAKE_PREFIX_PATH=${CMAKE_PREFIX_PATH}:/home/rsa/colcon_ws/install/cv_basics:/opt/ros/foxy /usr/bin/cmake --build /home/rsa/colcon_ws/build/turtlebot3_fake_node -- -j16 -l16
[0.324s] DEBUG:colcon.colcon_core.event_handler.log_command:Invoking command in '/home/rsa/colcon_ws/build/turtlebot3_gazebo': CMAKE_PREFIX_PATH=${CMAKE_PREFIX_PATH}:/home/rsa/colcon_ws/install/cv_basics:/opt/ros/foxy /usr/bin/cmake --build /home/rsa/colcon_ws/build/turtlebot3_gazebo -- -j16 -l16
[0.492s] INFO:colcon.colcon_core.task.python.build:Building Python package in '/home/rsa/colcon_ws/src/cv_basics'
[0.494s] INFO:colcon.colcon_core.shell:Skip shell extension 'powershell' for command environment: Not usable outside of PowerShell
[0.494s] DEBUG:colcon.colcon_core.shell:Skip shell extension 'dsv' for command environment
[0.509s] DEBUG:colcon.colcon_core.event_handler.log_command:Invoking command in '/home/rsa/colcon_ws/build/learning_tf2_cpp': CMAKE_PREFIX_PATH=${CMAKE_PREFIX_PATH}:/home/rsa/colcon_ws/install/cv_basics:/opt/ros/foxy /usr/bin/cmake --build /home/rsa/colcon_ws/build/learning_tf2_cpp -- -j16 -l16
[0.518s] DEBUG:colcon.colcon_core.event_handler.log_command:Invoking command in '/home/rsa/colcon_ws/build/wall_follower': CMAKE_PREFIX_PATH=${CMAKE_PREFIX_PATH}:/home/rsa/colcon_ws/install/cv_basics:/opt/ros/foxy /usr/bin/cmake --build /home/rsa/colcon_ws/build/wall_follower -- -j16 -l16
[0.530s] DEBUG:colcon.colcon_core.event_handler.log_command:Invoked command in '/home/rsa/colcon_ws/build/turtlebot3_fake_node' returned '0': CMAKE_PREFIX_PATH=${CMAKE_PREFIX_PATH}:/home/rsa/colcon_ws/install/cv_basics:/opt/ros/foxy /usr/bin/cmake --build /home/rsa/colcon_ws/build/turtlebot3_fake_node -- -j16 -l16
[0.537s] DEBUG:colcon.colcon_core.event_handler.log_command:Invoked command in '/home/rsa/colcon_ws/build/turtlebot3_gazebo' returned '0': CMAKE_PREFIX_PATH=${CMAKE_PREFIX_PATH}:/home/rsa/colcon_ws/install/cv_basics:/opt/ros/foxy /usr/bin/cmake --build /home/rsa/colcon_ws/build/turtlebot3_gazebo -- -j16 -l16
[0.578s] DEBUG:colcon.colcon_core.event_handler.log_command:Invoking command in '/home/rsa/colcon_ws/build/turtlebot3_fake_node': CMAKE_PREFIX_PATH=${CMAKE_PREFIX_PATH}:/home/rsa/colcon_ws/install/cv_basics:/opt/ros/foxy /usr/bin/cmake --install /home/rsa/colcon_ws/build/turtlebot3_fake_node
[0.587s] DEBUG:colcon.colcon_core.event_handler.log_command:Invoking command in '/home/rsa/colcon_ws/build/turtlebot3_gazebo': CMAKE_PREFIX_PATH=${CMAKE_PREFIX_PATH}:/home/rsa/colcon_ws/install/cv_basics:/opt/ros/foxy /usr/bin/cmake --install /home/rsa/colcon_ws/build/turtlebot3_gazebo
[0.616s] DEBUG:colcon.colcon_core.event_handler.log_command:Invoked command in '/home/rsa/colcon_ws/build/learning_tf2_cpp' returned '0': CMAKE_PREFIX_PATH=${CMAKE_PREFIX_PATH}:/home/rsa/colcon_ws/install/cv_basics:/opt/ros/foxy /usr/bin/cmake --build /home/rsa/colcon_ws/build/learning_tf2_cpp -- -j16 -l16
[0.621s] Level 1:colcon.colcon_core.environment:create_environment_scripts_only(turtlebot3_fake_node)
[0.640s] Level 1:colcon.colcon_core.environment:checking '/home/rsa/colcon_ws/install/turtlebot3_fake_node' for CMake module files
[0.647s] DEBUG:colcon.colcon_core.event_handler.log_command:Invoked command in '/home/rsa/colcon_ws/build/turtlebot3_fake_node' returned '0': CMAKE_PREFIX_PATH=${CMAKE_PREFIX_PATH}:/home/rsa/colcon_ws/install/cv_basics:/opt/ros/foxy /usr/bin/cmake --install /home/rsa/colcon_ws/build/turtlebot3_fake_node
[0.649s] Level 1:colcon.colcon_core.environment:checking '/home/rsa/colcon_ws/install/turtlebot3_fake_node' for CMake config files
[0.650s] Level 1:colcon.colcon_core.shell:create_environment_hook('turtlebot3_fake_node', 'cmake_prefix_path')
[0.652s] INFO:colcon.colcon_core.shell:Creating environment hook '/home/rsa/colcon_ws/install/turtlebot3_fake_node/share/turtlebot3_fake_node/hook/cmake_prefix_path.ps1'
[0.652s] INFO:colcon.colcon_core.shell:Creating environment descriptor '/home/rsa/colcon_ws/install/turtlebot3_fake_node/share/turtlebot3_fake_node/hook/cmake_prefix_path.dsv'
[0.652s] INFO:colcon.colcon_core.shell:Creating environment hook '/home/rsa/colcon_ws/install/turtlebot3_fake_node/share/turtlebot3_fake_node/hook/cmake_prefix_path.sh'
[0.653s] Level 1:colcon.colcon_core.environment:checking '/home/rsa/colcon_ws/install/turtlebot3_fake_node/lib'
[0.653s] Level 1:colcon.colcon_core.environment:checking '/home/rsa/colcon_ws/install/turtlebot3_fake_node/bin'
[0.653s] Level 1:colcon.colcon_core.environment:checking '/home/rsa/colcon_ws/install/turtlebot3_fake_node/lib/pkgconfig/turtlebot3_fake_node.pc'
[0.653s] Level 1:colcon.colcon_core.environment:checking '/home/rsa/colcon_ws/install/turtlebot3_fake_node/lib/python3.8/site-packages'
[0.654s] Level 1:colcon.colcon_core.environment:checking '/home/rsa/colcon_ws/install/turtlebot3_fake_node/bin'
[0.655s] INFO:colcon.colcon_core.shell:Creating package script '/home/rsa/colcon_ws/install/turtlebot3_fake_node/share/turtlebot3_fake_node/package.ps1'
[0.655s] INFO:colcon.colcon_core.shell:Creating package descriptor '/home/rsa/colcon_ws/install/turtlebot3_fake_node/share/turtlebot3_fake_node/package.dsv'
[0.656s] INFO:colcon.colcon_core.shell:Creating package script '/home/rsa/colcon_ws/install/turtlebot3_fake_node/share/turtlebot3_fake_node/package.sh'
[0.656s] INFO:colcon.colcon_core.shell:Creating package script '/home/rsa/colcon_ws/install/turtlebot3_fake_node/share/turtlebot3_fake_node/package.bash'
[0.657s] INFO:colcon.colcon_core.shell:Creating package script '/home/rsa/colcon_ws/install/turtlebot3_fake_node/share/turtlebot3_fake_node/package.zsh'
[0.657s] Level 1:colcon.colcon_core.environment:create_file_with_runtime_dependencies(/home/rsa/colcon_ws/install/turtlebot3_fake_node/share/colcon-core/packages/turtlebot3_fake_node)
[0.667s] DEBUG:colcon.colcon_core.event_handler.log_command:Invoking command in '/home/rsa/colcon_ws/build/learning_tf2_cpp': CMAKE_PREFIX_PATH=${CMAKE_PREFIX_PATH}:/home/rsa/colcon_ws/install/cv_basics:/opt/ros/foxy /usr/bin/cmake --install /home/rsa/colcon_ws/build/learning_tf2_cpp
[0.668s] Level 1:colcon.colcon_core.environment:create_environment_scripts_only(turtlebot3_gazebo)
[0.668s] DEBUG:colcon.colcon_core.event_handler.log_command:Invoked command in '/home/rsa/colcon_ws/build/turtlebot3_gazebo' returned '0': CMAKE_PREFIX_PATH=${CMAKE_PREFIX_PATH}:/home/rsa/colcon_ws/install/cv_basics:/opt/ros/foxy /usr/bin/cmake --install /home/rsa/colcon_ws/build/turtlebot3_gazebo
[0.671s] Level 1:colcon.colcon_core.environment:checking '/home/rsa/colcon_ws/install/turtlebot3_gazebo' for CMake module files
[0.671s] Level 1:colcon.colcon_core.environment:checking '/home/rsa/colcon_ws/install/turtlebot3_gazebo' for CMake config files
[0.672s] Level 1:colcon.colcon_core.shell:create_environment_hook('turtlebot3_gazebo', 'cmake_prefix_path')
[0.673s] INFO:colcon.colcon_core.shell:Creating environment hook '/home/rsa/colcon_ws/install/turtlebot3_gazebo/share/turtlebot3_gazebo/hook/cmake_prefix_path.ps1'
[0.673s] INFO:colcon.colcon_core.shell:Creating environment descriptor '/home/rsa/colcon_ws/install/turtlebot3_gazebo/share/turtlebot3_gazebo/hook/cmake_prefix_path.dsv'
[0.674s] INFO:colcon.colcon_core.shell:Creating environment hook '/home/rsa/colcon_ws/install/turtlebot3_gazebo/share/turtlebot3_gazebo/hook/cmake_prefix_path.sh'
[0.674s] Level 1:colcon.colcon_core.environment:checking '/home/rsa/colcon_ws/install/turtlebot3_gazebo/lib'
[0.674s] Level 1:colcon.colcon_core.environment:checking '/home/rsa/colcon_ws/install/turtlebot3_gazebo/bin'
[0.674s] Level 1:colcon.colcon_core.environment:checking '/home/rsa/colcon_ws/install/turtlebot3_gazebo/lib/pkgconfig/turtlebot3_gazebo.pc'
[0.675s] Level 1:colcon.colcon_core.environment:checking '/home/rsa/colcon_ws/install/turtlebot3_gazebo/lib/python3.8/site-packages'
[0.675s] Level 1:colcon.colcon_core.environment:checking '/home/rsa/colcon_ws/install/turtlebot3_gazebo/bin'
[0.676s] INFO:colcon.colcon_core.shell:Creating package script '/home/rsa/colcon_ws/install/turtlebot3_gazebo/share/turtlebot3_gazebo/package.ps1'
[0.678s] INFO:colcon.colcon_core.shell:Creating package descriptor '/home/rsa/colcon_ws/install/turtlebot3_gazebo/share/turtlebot3_gazebo/package.dsv'
[0.680s] INFO:colcon.colcon_core.shell:Creating package script '/home/rsa/colcon_ws/install/turtlebot3_gazebo/share/turtlebot3_gazebo/package.sh'
[0.682s] INFO:colcon.colcon_core.shell:Creating package script '/home/rsa/colcon_ws/install/turtlebot3_gazebo/share/turtlebot3_gazebo/package.bash'
[0.683s] INFO:colcon.colcon_core.shell:Creating package script '/home/rsa/colcon_ws/install/turtlebot3_gazebo/share/turtlebot3_gazebo/package.zsh'
[0.684s] Level 1:colcon.colcon_core.environment:create_file_with_runtime_dependencies(/home/rsa/colcon_ws/install/turtlebot3_gazebo/share/colcon-core/packages/turtlebot3_gazebo)
[0.691s] Level 1:colcon.colcon_core.environment:create_environment_scripts_only(turtlebot3_fake_node)
[0.693s] Level 1:colcon.colcon_core.environment:checking '/home/rsa/colcon_ws/install/turtlebot3_fake_node' for CMake module files
[0.695s] Level 1:colcon.colcon_core.environment:checking '/home/rsa/colcon_ws/install/turtlebot3_fake_node' for CMake config files
[0.695s] Level 1:colcon.colcon_core.shell:create_environment_hook('turtlebot3_fake_node', 'cmake_prefix_path')
[0.696s] INFO:colcon.colcon_core.shell:Creating environment hook '/home/rsa/colcon_ws/install/turtlebot3_fake_node/share/turtlebot3_fake_node/hook/cmake_prefix_path.ps1'
[0.697s] INFO:colcon.colcon_core.shell:Creating environment descriptor '/home/rsa/colcon_ws/install/turtlebot3_fake_node/share/turtlebot3_fake_node/hook/cmake_prefix_path.dsv'
[0.697s] INFO:colcon.colcon_core.shell:Creating environment hook '/home/rsa/colcon_ws/install/turtlebot3_fake_node/share/turtlebot3_fake_node/hook/cmake_prefix_path.sh'
[0.698s] Level 1:colcon.colcon_core.environment:checking '/home/rsa/colcon_ws/install/turtlebot3_fake_node/lib'
[0.698s] Level 1:colcon.colcon_core.environment:checking '/home/rsa/colcon_ws/install/turtlebot3_fake_node/bin'
[0.698s] Level 1:colcon.colcon_core.environment:checking '/home/rsa/colcon_ws/install/turtlebot3_fake_node/lib/pkgconfig/turtlebot3_fake_node.pc'
[0.699s] Level 1:colcon.colcon_core.environment:checking '/home/rsa/colcon_ws/install/turtlebot3_fake_node/lib/python3.8/site-packages'
[0.699s] Level 1:colcon.colcon_core.environment:checking '/home/rsa/colcon_ws/install/turtlebot3_fake_node/bin'
[0.701s] INFO:colcon.colcon_core.shell:Creating package script '/home/rsa/colcon_ws/install/turtlebot3_fake_node/share/turtlebot3_fake_node/package.ps1'
[0.701s] INFO:colcon.colcon_core.shell:Creating package descriptor '/home/rsa/colcon_ws/install/turtlebot3_fake_node/share/turtlebot3_fake_node/package.dsv'
[0.702s] INFO:colcon.colcon_core.shell:Creating package script '/home/rsa/colcon_ws/install/turtlebot3_fake_node/share/turtlebot3_fake_node/package.sh'
[0.702s] INFO:colcon.colcon_core.shell:Creating package script '/home/rsa/colcon_ws/install/turtlebot3_fake_node/share/turtlebot3_fake_node/package.bash'
[0.703s] INFO:colcon.colcon_core.shell:Creating package script '/home/rsa/colcon_ws/install/turtlebot3_fake_node/share/turtlebot3_fake_node/package.zsh'
[0.703s] Level 1:colcon.colcon_core.environment:create_file_with_runtime_dependencies(/home/rsa/colcon_ws/install/turtlebot3_fake_node/share/colcon-core/packages/turtlebot3_fake_node)
[0.706s] Level 1:colcon.colcon_core.environment:create_environment_scripts_only(learning_tf2_cpp)
[0.708s] Level 1:colcon.colcon_core.environment:checking '/home/rsa/colcon_ws/install/learning_tf2_cpp' for CMake module files
[0.710s] Level 1:colcon.colcon_core.environment:checking '/home/rsa/colcon_ws/install/learning_tf2_cpp' for CMake config files
[0.711s] DEBUG:colcon.colcon_core.event_handler.log_command:Invoked command in '/home/rsa/colcon_ws/build/learning_tf2_cpp' returned '0': CMAKE_PREFIX_PATH=${CMAKE_PREFIX_PATH}:/home/rsa/colcon_ws/install/cv_basics:/opt/ros/foxy /usr/bin/cmake --install /home/rsa/colcon_ws/build/learning_tf2_cpp
[0.711s] Level 1:colcon.colcon_core.shell:create_environment_hook('learning_tf2_cpp', 'cmake_prefix_path')
[0.713s] INFO:colcon.colcon_core.shell:Creating environment hook '/home/rsa/colcon_ws/install/learning_tf2_cpp/share/learning_tf2_cpp/hook/cmake_prefix_path.ps1'
[0.713s] INFO:colcon.colcon_core.shell:Creating environment descriptor '/home/rsa/colcon_ws/install/learning_tf2_cpp/share/learning_tf2_cpp/hook/cmake_prefix_path.dsv'
[0.714s] INFO:colcon.colcon_core.shell:Creating environment hook '/home/rsa/colcon_ws/install/learning_tf2_cpp/share/learning_tf2_cpp/hook/cmake_prefix_path.sh'
[0.714s] Level 1:colcon.colcon_core.environment:checking '/home/rsa/colcon_ws/install/learning_tf2_cpp/lib'
[0.714s] Level 1:colcon.colcon_core.environment:checking '/home/rsa/colcon_ws/install/learning_tf2_cpp/bin'
[0.714s] Level 1:colcon.colcon_core.environment:checking '/home/rsa/colcon_ws/install/learning_tf2_cpp/lib/pkgconfig/learning_tf2_cpp.pc'
[0.714s] Level 1:colcon.colcon_core.environment:checking '/home/rsa/colcon_ws/install/learning_tf2_cpp/lib/python3.8/site-packages'
[0.715s] Level 1:colcon.colcon_core.environment:checking '/home/rsa/colcon_ws/install/learning_tf2_cpp/bin'
[0.716s] INFO:colcon.colcon_core.shell:Creating package script '/home/rsa/colcon_ws/install/learning_tf2_cpp/share/learning_tf2_cpp/package.ps1'
[0.716s] INFO:colcon.colcon_core.shell:Creating package descriptor '/home/rsa/colcon_ws/install/learning_tf2_cpp/share/learning_tf2_cpp/package.dsv'
[0.717s] INFO:colcon.colcon_core.shell:Creating package script '/home/rsa/colcon_ws/install/learning_tf2_cpp/share/learning_tf2_cpp/package.sh'
[0.717s] INFO:colcon.colcon_core.shell:Creating package script '/home/rsa/colcon_ws/install/learning_tf2_cpp/share/learning_tf2_cpp/package.bash'
[0.717s] INFO:colcon.colcon_core.shell:Creating package script '/home/rsa/colcon_ws/install/learning_tf2_cpp/share/learning_tf2_cpp/package.zsh'
[0.717s] Level 1:colcon.colcon_core.environment:create_file_with_runtime_dependencies(/home/rsa/colcon_ws/install/learning_tf2_cpp/share/colcon-core/packages/learning_tf2_cpp)
[0.725s] Level 1:colcon.colcon_core.environment:create_environment_scripts_only(turtlebot3_gazebo)
[0.726s] Level 1:colcon.colcon_core.environment:checking '/home/rsa/colcon_ws/install/turtlebot3_gazebo' for CMake module files
[0.727s] Level 1:colcon.colcon_core.environment:checking '/home/rsa/colcon_ws/install/turtlebot3_gazebo' for CMake config files
[0.727s] Level 1:colcon.colcon_core.shell:create_environment_hook('turtlebot3_gazebo', 'cmake_prefix_path')
[0.729s] INFO:colcon.colcon_core.shell:Creating environment hook '/home/rsa/colcon_ws/install/turtlebot3_gazebo/share/turtlebot3_gazebo/hook/cmake_prefix_path.ps1'
[0.729s] INFO:colcon.colcon_core.shell:Creating environment descriptor '/home/rsa/colcon_ws/install/turtlebot3_gazebo/share/turtlebot3_gazebo/hook/cmake_prefix_path.dsv'
[0.729s] INFO:colcon.colcon_core.shell:Creating environment hook '/home/rsa/colcon_ws/install/turtlebot3_gazebo/share/turtlebot3_gazebo/hook/cmake_prefix_path.sh'
[0.730s] Level 1:colcon.colcon_core.environment:checking '/home/rsa/colcon_ws/install/turtlebot3_gazebo/lib'
[0.730s] Level 1:colcon.colcon_core.environment:checking '/home/rsa/colcon_ws/install/turtlebot3_gazebo/bin'
[0.730s] Level 1:colcon.colcon_core.environment:checking '/home/rsa/colcon_ws/install/turtlebot3_gazebo/lib/pkgconfig/turtlebot3_gazebo.pc'
[0.730s] Level 1:colcon.colcon_core.environment:checking '/home/rsa/colcon_ws/install/turtlebot3_gazebo/lib/python3.8/site-packages'
[0.730s] Level 1:colcon.colcon_core.environment:checking '/home/rsa/colcon_ws/install/turtlebot3_gazebo/bin'
[0.732s] INFO:colcon.colcon_core.shell:Creating package script '/home/rsa/colcon_ws/install/turtlebot3_gazebo/share/turtlebot3_gazebo/package.ps1'
[0.733s] INFO:colcon.colcon_core.shell:Creating package descriptor '/home/rsa/colcon_ws/install/turtlebot3_gazebo/share/turtlebot3_gazebo/package.dsv'
[0.733s] INFO:colcon.colcon_core.shell:Creating package script '/home/rsa/colcon_ws/install/turtlebot3_gazebo/share/turtlebot3_gazebo/package.sh'
[0.734s] INFO:colcon.colcon_core.shell:Creating package script '/home/rsa/colcon_ws/install/turtlebot3_gazebo/share/turtlebot3_gazebo/package.bash'
[0.734s] INFO:colcon.colcon_core.shell:Creating package script '/home/rsa/colcon_ws/install/turtlebot3_gazebo/share/turtlebot3_gazebo/package.zsh'
[0.734s] Level 1:colcon.colcon_core.environment:create_file_with_runtime_dependencies(/home/rsa/colcon_ws/install/turtlebot3_gazebo/share/colcon-core/packages/turtlebot3_gazebo)
[0.735s] INFO:colcon.colcon_ros.task.ament_cmake.build:Building ROS package in '/home/rsa/colcon_ws/src/turtlebot3_simulations/turtlebot3_simulations' with build type 'ament_cmake'
[0.736s] INFO:colcon.colcon_cmake.task.cmake.build:Building CMake package in '/home/rsa/colcon_ws/src/turtlebot3_simulations/turtlebot3_simulations'
[0.738s] INFO:colcon.colcon_core.shell:Skip shell extension 'powershell' for command environment: Not usable outside of PowerShell
[0.738s] DEBUG:colcon.colcon_core.shell:Skip shell extension 'dsv' for command environment
[0.761s] Level 1:colcon.colcon_core.environment:create_environment_scripts_only(learning_tf2_cpp)
[0.763s] Level 1:colcon.colcon_core.environment:checking '/home/rsa/colcon_ws/install/learning_tf2_cpp' for CMake module files
[0.767s] DEBUG:colcon.colcon_core.event_handler.log_command:Invoking command in '/home/rsa/colcon_ws/build/turtlebot3_simulations': CMAKE_PREFIX_PATH=/home/rsa/colcon_ws/install/turtlebot3_gazebo:/home/rsa/colcon_ws/install/turtlebot3_fake_node:/home/rsa/colcon_ws/install/wall_follower:/home/rsa/colcon_ws/install/turtlebot3_simulations:/home/rsa/colcon_ws/install/learning_tf2_cpp:/home/rsa/colcon_ws/install/cv_basics:/opt/ros/foxy /usr/bin/cmake --build /home/rsa/colcon_ws/build/turtlebot3_simulations -- -j16 -l16
[0.767s] Level 1:colcon.colcon_core.environment:checking '/home/rsa/colcon_ws/install/learning_tf2_cpp' for CMake config files
[0.768s] Level 1:colcon.colcon_core.shell:create_environment_hook('learning_tf2_cpp', 'cmake_prefix_path')
[0.769s] INFO:colcon.colcon_core.shell:Creating environment hook '/home/rsa/colcon_ws/install/learning_tf2_cpp/share/learning_tf2_cpp/hook/cmake_prefix_path.ps1'
[0.771s] INFO:colcon.colcon_core.shell:Creating environment descriptor '/home/rsa/colcon_ws/install/learning_tf2_cpp/share/learning_tf2_cpp/hook/cmake_prefix_path.dsv'
[0.771s] INFO:colcon.colcon_core.shell:Creating environment hook '/home/rsa/colcon_ws/install/learning_tf2_cpp/share/learning_tf2_cpp/hook/cmake_prefix_path.sh'
[0.772s] Level 1:colcon.colcon_core.environment:checking '/home/rsa/colcon_ws/install/learning_tf2_cpp/lib'
[0.772s] Level 1:colcon.colcon_core.environment:checking '/home/rsa/colcon_ws/install/learning_tf2_cpp/bin'
[0.772s] Level 1:colcon.colcon_core.environment:checking '/home/rsa/colcon_ws/install/learning_tf2_cpp/lib/pkgconfig/learning_tf2_cpp.pc'
[0.773s] Level 1:colcon.colcon_core.environment:checking '/home/rsa/colcon_ws/install/learning_tf2_cpp/lib/python3.8/site-packages'
[0.773s] Level 1:colcon.colcon_core.environment:checking '/home/rsa/colcon_ws/install/learning_tf2_cpp/bin'
[0.775s] INFO:colcon.colcon_core.shell:Creating package script '/home/rsa/colcon_ws/install/learning_tf2_cpp/share/learning_tf2_cpp/package.ps1'
[0.776s] INFO:colcon.colcon_core.shell:Creating package descriptor '/home/rsa/colcon_ws/install/learning_tf2_cpp/share/learning_tf2_cpp/package.dsv'
[0.777s] INFO:colcon.colcon_core.shell:Creating package script '/home/rsa/colcon_ws/install/learning_tf2_cpp/share/learning_tf2_cpp/package.sh'
[0.777s] INFO:colcon.colcon_core.shell:Creating package script '/home/rsa/colcon_ws/install/learning_tf2_cpp/share/learning_tf2_cpp/package.bash'
[0.778s] INFO:colcon.colcon_core.shell:Creating package script '/home/rsa/colcon_ws/install/learning_tf2_cpp/share/learning_tf2_cpp/package.zsh'
[0.778s] Level 1:colcon.colcon_core.environment:create_file_with_runtime_dependencies(/home/rsa/colcon_ws/install/learning_tf2_cpp/share/colcon-core/packages/learning_tf2_cpp)
[0.806s] DEBUG:colcon.colcon_core.event_handler.log_command:Invoked command in '/home/rsa/colcon_ws/build/turtlebot3_simulations' returned '0': CMAKE_PREFIX_PATH=/home/rsa/colcon_ws/install/turtlebot3_gazebo:/home/rsa/colcon_ws/install/turtlebot3_fake_node:/home/rsa/colcon_ws/install/wall_follower:/home/rsa/colcon_ws/install/turtlebot3_simulations:/home/rsa/colcon_ws/install/learning_tf2_cpp:/home/rsa/colcon_ws/install/cv_basics:/opt/ros/foxy /usr/bin/cmake --build /home/rsa/colcon_ws/build/turtlebot3_simulations -- -j16 -l16
[0.831s] DEBUG:colcon.colcon_core.event_handler.log_command:Invoking command in '/home/rsa/colcon_ws/build/turtlebot3_simulations': CMAKE_PREFIX_PATH=/home/rsa/colcon_ws/install/turtlebot3_gazebo:/home/rsa/colcon_ws/install/turtlebot3_fake_node:/home/rsa/colcon_ws/install/wall_follower:/home/rsa/colcon_ws/install/turtlebot3_simulations:/home/rsa/colcon_ws/install/learning_tf2_cpp:/home/rsa/colcon_ws/install/cv_basics:/opt/ros/foxy /usr/bin/cmake --install /home/rsa/colcon_ws/build/turtlebot3_simulations
[0.856s] Level 1:colcon.colcon_core.environment:create_environment_scripts_only(turtlebot3_simulations)
[0.858s] Level 1:colcon.colcon_core.environment:checking '/home/rsa/colcon_ws/install/turtlebot3_simulations' for CMake module files
[0.859s] DEBUG:colcon.colcon_core.event_handler.log_command:Invoked command in '/home/rsa/colcon_ws/build/turtlebot3_simulations' returned '0': CMAKE_PREFIX_PATH=/home/rsa/colcon_ws/install/turtlebot3_gazebo:/home/rsa/colcon_ws/install/turtlebot3_fake_node:/home/rsa/colcon_ws/install/wall_follower:/home/rsa/colcon_ws/install/turtlebot3_simulations:/home/rsa/colcon_ws/install/learning_tf2_cpp:/home/rsa/colcon_ws/install/cv_basics:/opt/ros/foxy /usr/bin/cmake --install /home/rsa/colcon_ws/build/turtlebot3_simulations
[0.860s] Level 1:colcon.colcon_core.environment:checking '/home/rsa/colcon_ws/install/turtlebot3_simulations' for CMake config files
[0.861s] Level 1:colcon.colcon_core.shell:create_environment_hook('turtlebot3_simulations', 'cmake_prefix_path')
[0.863s] INFO:colcon.colcon_core.shell:Creating environment hook '/home/rsa/colcon_ws/install/turtlebot3_simulations/share/turtlebot3_simulations/hook/cmake_prefix_path.ps1'
[0.864s] INFO:colcon.colcon_core.shell:Creating environment descriptor '/home/rsa/colcon_ws/install/turtlebot3_simulations/share/turtlebot3_simulations/hook/cmake_prefix_path.dsv'
[0.864s] INFO:colcon.colcon_core.shell:Creating environment hook '/home/rsa/colcon_ws/install/turtlebot3_simulations/share/turtlebot3_simulations/hook/cmake_prefix_path.sh'
[0.865s] Level 1:colcon.colcon_core.environment:checking '/home/rsa/colcon_ws/install/turtlebot3_simulations/bin'
[0.865s] Level 1:colcon.colcon_core.environment:checking '/home/rsa/colcon_ws/install/turtlebot3_simulations/lib/pkgconfig/turtlebot3_simulations.pc'
[0.865s] Level 1:colcon.colcon_core.environment:checking '/home/rsa/colcon_ws/install/turtlebot3_simulations/lib/python3.8/site-packages'
[0.865s] Level 1:colcon.colcon_core.environment:checking '/home/rsa/colcon_ws/install/turtlebot3_simulations/bin'
[0.867s] INFO:colcon.colcon_core.shell:Creating package script '/home/rsa/colcon_ws/install/turtlebot3_simulations/share/turtlebot3_simulations/package.ps1'
[0.868s] INFO:colcon.colcon_core.shell:Creating package descriptor '/home/rsa/colcon_ws/install/turtlebot3_simulations/share/turtlebot3_simulations/package.dsv'
[0.868s] INFO:colcon.colcon_core.shell:Creating package script '/home/rsa/colcon_ws/install/turtlebot3_simulations/share/turtlebot3_simulations/package.sh'
[0.869s] INFO:colcon.colcon_core.shell:Creating package script '/home/rsa/colcon_ws/install/turtlebot3_simulations/share/turtlebot3_simulations/package.bash'
[0.869s] INFO:colcon.colcon_core.shell:Creating package script '/home/rsa/colcon_ws/install/turtlebot3_simulations/share/turtlebot3_simulations/package.zsh'
[0.870s] Level 1:colcon.colcon_core.environment:create_file_with_runtime_dependencies(/home/rsa/colcon_ws/install/turtlebot3_simulations/share/colcon-core/packages/turtlebot3_simulations)
[0.905s] Level 1:colcon.colcon_core.environment:create_environment_scripts_only(turtlebot3_simulations)
[0.906s] Level 1:colcon.colcon_core.environment:checking '/home/rsa/colcon_ws/install/turtlebot3_simulations' for CMake module files
[0.908s] Level 1:colcon.colcon_core.environment:checking '/home/rsa/colcon_ws/install/turtlebot3_simulations' for CMake config files
[0.910s] Level 1:colcon.colcon_core.shell:create_environment_hook('turtlebot3_simulations', 'cmake_prefix_path')
[0.911s] INFO:colcon.colcon_core.shell:Creating environment hook '/home/rsa/colcon_ws/install/turtlebot3_simulations/share/turtlebot3_simulations/hook/cmake_prefix_path.ps1'
[0.913s] INFO:colcon.colcon_core.shell:Creating environment descriptor '/home/rsa/colcon_ws/install/turtlebot3_simulations/share/turtlebot3_simulations/hook/cmake_prefix_path.dsv'
[0.913s] DEBUG:colcon.colcon_core.event_handler.log_command:Invoking command in '/home/rsa/colcon_ws/build/cv_basics': PYTHONPATH=/home/rsa/colcon_ws/install/cv_basics/lib/python3.8/site-packages:${PYTHONPATH} /usr/bin/python3 setup.py develop --prefix /home/rsa/colcon_ws/install/cv_basics --editable --build-directory /home/rsa/colcon_ws/build/cv_basics/build --no-deps install_data --install-dir /home/rsa/colcon_ws/install/cv_basics
[0.914s] INFO:colcon.colcon_core.shell:Creating environment hook '/home/rsa/colcon_ws/install/turtlebot3_simulations/share/turtlebot3_simulations/hook/cmake_prefix_path.sh'
[0.915s] Level 1:colcon.colcon_core.environment:checking '/home/rsa/colcon_ws/install/turtlebot3_simulations/bin'
[0.915s] Level 1:colcon.colcon_core.environment:checking '/home/rsa/colcon_ws/install/turtlebot3_simulations/lib/pkgconfig/turtlebot3_simulations.pc'
[0.916s] Level 1:colcon.colcon_core.environment:checking '/home/rsa/colcon_ws/install/turtlebot3_simulations/lib/python3.8/site-packages'
[0.916s] Level 1:colcon.colcon_core.environment:checking '/home/rsa/colcon_ws/install/turtlebot3_simulations/bin'
[0.918s] INFO:colcon.colcon_core.shell:Creating package script '/home/rsa/colcon_ws/install/turtlebot3_simulations/share/turtlebot3_simulations/package.ps1'
[0.919s] INFO:colcon.colcon_core.shell:Creating package descriptor '/home/rsa/colcon_ws/install/turtlebot3_simulations/share/turtlebot3_simulations/package.dsv'
[0.919s] INFO:colcon.colcon_core.shell:Creating package script '/home/rsa/colcon_ws/install/turtlebot3_simulations/share/turtlebot3_simulations/package.sh'
[0.920s] INFO:colcon.colcon_core.shell:Creating package script '/home/rsa/colcon_ws/install/turtlebot3_simulations/share/turtlebot3_simulations/package.bash'
[0.921s] INFO:colcon.colcon_core.shell:Creating package script '/home/rsa/colcon_ws/install/turtlebot3_simulations/share/turtlebot3_simulations/package.zsh'
[0.921s] Level 1:colcon.colcon_core.environment:create_file_with_runtime_dependencies(/home/rsa/colcon_ws/install/turtlebot3_simulations/share/colcon-core/packages/turtlebot3_simulations)
[1.269s] Level 1:colcon.colcon_core.shell:create_environment_hook('cv_basics', 'pythonpath_develop')
[1.271s] INFO:colcon.colcon_core.shell:Creating environment hook '/home/rsa/colcon_ws/build/cv_basics/share/cv_basics/hook/pythonpath_develop.ps1'
[1.272s] DEBUG:colcon.colcon_core.event_handler.log_command:Invoked command in '/home/rsa/colcon_ws/build/cv_basics' returned '0': PYTHONPATH=/home/rsa/colcon_ws/install/cv_basics/lib/python3.8/site-packages:${PYTHONPATH} /usr/bin/python3 setup.py develop --prefix /home/rsa/colcon_ws/install/cv_basics --editable --build-directory /home/rsa/colcon_ws/build/cv_basics/build --no-deps install_data --install-dir /home/rsa/colcon_ws/install/cv_basics
[1.273s] INFO:colcon.colcon_core.shell:Creating environment descriptor '/home/rsa/colcon_ws/build/cv_basics/share/cv_basics/hook/pythonpath_develop.dsv'
[1.274s] INFO:colcon.colcon_core.shell:Creating environment hook '/home/rsa/colcon_ws/build/cv_basics/share/cv_basics/hook/pythonpath_develop.sh'
[1.276s] Level 1:colcon.colcon_core.environment:checking '/home/rsa/colcon_ws/install/cv_basics' for CMake module files
[1.276s] Level 1:colcon.colcon_core.environment:checking '/home/rsa/colcon_ws/install/cv_basics' for CMake config files
[1.277s] Level 1:colcon.colcon_core.environment:checking '/home/rsa/colcon_ws/install/cv_basics/lib'
[1.277s] Level 1:colcon.colcon_core.environment:checking '/home/rsa/colcon_ws/install/cv_basics/bin'
[1.277s] Level 1:colcon.colcon_core.environment:checking '/home/rsa/colcon_ws/install/cv_basics/lib/pkgconfig/cv_basics.pc'
[1.277s] Level 1:colcon.colcon_core.environment:checking '/home/rsa/colcon_ws/install/cv_basics/lib/python3.8/site-packages'
[1.277s] Level 1:colcon.colcon_core.shell:create_environment_hook('cv_basics', 'pythonpath')
[1.278s] INFO:colcon.colcon_core.shell:Creating environment hook '/home/rsa/colcon_ws/install/cv_basics/share/cv_basics/hook/pythonpath.ps1'
[1.279s] INFO:colcon.colcon_core.shell:Creating environment descriptor '/home/rsa/colcon_ws/install/cv_basics/share/cv_basics/hook/pythonpath.dsv'
[1.279s] INFO:colcon.colcon_core.shell:Creating environment hook '/home/rsa/colcon_ws/install/cv_basics/share/cv_basics/hook/pythonpath.sh'
[1.279s] Level 1:colcon.colcon_core.environment:checking '/home/rsa/colcon_ws/install/cv_basics/bin'
[1.279s] Level 1:colcon.colcon_core.environment:create_environment_scripts_only(cv_basics)
[1.281s] INFO:colcon.colcon_core.shell:Creating package script '/home/rsa/colcon_ws/install/cv_basics/share/cv_basics/package.ps1'
[1.281s] INFO:colcon.colcon_core.shell:Creating package descriptor '/home/rsa/colcon_ws/install/cv_basics/share/cv_basics/package.dsv'
[1.282s] INFO:colcon.colcon_core.shell:Creating package script '/home/rsa/colcon_ws/install/cv_basics/share/cv_basics/package.sh'
[1.282s] INFO:colcon.colcon_core.shell:Creating package script '/home/rsa/colcon_ws/install/cv_basics/share/cv_basics/package.bash'
[1.282s] INFO:colcon.colcon_core.shell:Creating package script '/home/rsa/colcon_ws/install/cv_basics/share/cv_basics/package.zsh'
[1.282s] Level 1:colcon.colcon_core.environment:create_file_with_runtime_dependencies(/home/rsa/colcon_ws/install/cv_basics/share/colcon-core/packages/cv_basics)
[6.392s] DEBUG:colcon.colcon_core.event_handler.log_command:Invoked command in '/home/rsa/colcon_ws/build/wall_follower' returned '0': CMAKE_PREFIX_PATH=${CMAKE_PREFIX_PATH}:/home/rsa/colcon_ws/install/cv_basics:/opt/ros/foxy /usr/bin/cmake --build /home/rsa/colcon_ws/build/wall_follower -- -j16 -l16
[6.428s] DEBUG:colcon.colcon_core.event_handler.log_command:Invoking command in '/home/rsa/colcon_ws/build/wall_follower': CMAKE_PREFIX_PATH=${CMAKE_PREFIX_PATH}:/home/rsa/colcon_ws/install/cv_basics:/opt/ros/foxy /usr/bin/cmake --install /home/rsa/colcon_ws/build/wall_follower
[6.451s] Level 1:colcon.colcon_core.environment:create_environment_scripts_only(wall_follower)
[6.452s] Level 1:colcon.colcon_core.environment:checking '/home/rsa/colcon_ws/install/wall_follower' for CMake module files
[6.454s] DEBUG:colcon.colcon_core.event_handler.log_command:Invoked command in '/home/rsa/colcon_ws/build/wall_follower' returned '0': CMAKE_PREFIX_PATH=${CMAKE_PREFIX_PATH}:/home/rsa/colcon_ws/install/cv_basics:/opt/ros/foxy /usr/bin/cmake --install /home/rsa/colcon_ws/build/wall_follower
[6.456s] Level 1:colcon.colcon_core.environment:checking '/home/rsa/colcon_ws/install/wall_follower' for CMake config files
[6.456s] Level 1:colcon.colcon_core.shell:create_environment_hook('wall_follower', 'cmake_prefix_path')
[6.458s] INFO:colcon.colcon_core.shell:Creating environment hook '/home/rsa/colcon_ws/install/wall_follower/share/wall_follower/hook/cmake_prefix_path.ps1'
[6.459s] INFO:colcon.colcon_core.shell:Creating environment descriptor '/home/rsa/colcon_ws/install/wall_follower/share/wall_follower/hook/cmake_prefix_path.dsv'
[6.459s] INFO:colcon.colcon_core.shell:Creating environment hook '/home/rsa/colcon_ws/install/wall_follower/share/wall_follower/hook/cmake_prefix_path.sh'
[6.460s] Level 1:colcon.colcon_core.environment:checking '/home/rsa/colcon_ws/install/wall_follower/lib'
[6.460s] Level 1:colcon.colcon_core.environment:checking '/home/rsa/colcon_ws/install/wall_follower/bin'
[6.460s] Level 1:colcon.colcon_core.environment:checking '/home/rsa/colcon_ws/install/wall_follower/lib/pkgconfig/wall_follower.pc'
[6.460s] Level 1:colcon.colcon_core.environment:checking '/home/rsa/colcon_ws/install/wall_follower/lib/python3.8/site-packages'
[6.460s] Level 1:colcon.colcon_core.environment:checking '/home/rsa/colcon_ws/install/wall_follower/bin'
[6.462s] INFO:colcon.colcon_core.shell:Creating package script '/home/rsa/colcon_ws/install/wall_follower/share/wall_follower/package.ps1'
[6.462s] INFO:colcon.colcon_core.shell:Creating package descriptor '/home/rsa/colcon_ws/install/wall_follower/share/wall_follower/package.dsv'
[6.463s] INFO:colcon.colcon_core.shell:Creating package script '/home/rsa/colcon_ws/install/wall_follower/share/wall_follower/package.sh'
[6.463s] INFO:colcon.colcon_core.shell:Creating package script '/home/rsa/colcon_ws/install/wall_follower/share/wall_follower/package.bash'
[6.463s] INFO:colcon.colcon_core.shell:Creating package script '/home/rsa/colcon_ws/install/wall_follower/share/wall_follower/package.zsh'
[6.463s] Level 1:colcon.colcon_core.environment:create_file_with_runtime_dependencies(/home/rsa/colcon_ws/install/wall_follower/share/colcon-core/packages/wall_follower)
[6.502s] Level 1:colcon.colcon_core.environment:create_environment_scripts_only(wall_follower)
[6.503s] Level 1:colcon.colcon_core.environment:checking '/home/rsa/colcon_ws/install/wall_follower' for CMake module files
[6.504s] Level 1:colcon.colcon_core.environment:checking '/home/rsa/colcon_ws/install/wall_follower' for CMake config files
[6.504s] Level 1:colcon.colcon_core.shell:create_environment_hook('wall_follower', 'cmake_prefix_path')
[6.505s] INFO:colcon.colcon_core.shell:Creating environment hook '/home/rsa/colcon_ws/install/wall_follower/share/wall_follower/hook/cmake_prefix_path.ps1'
[6.506s] INFO:colcon.colcon_core.shell:Creating environment descriptor '/home/rsa/colcon_ws/install/wall_follower/share/wall_follower/hook/cmake_prefix_path.dsv'
[6.506s] INFO:colcon.colcon_core.shell:Creating environment hook '/home/rsa/colcon_ws/install/wall_follower/share/wall_follower/hook/cmake_prefix_path.sh'
[6.507s] Level 1:colcon.colcon_core.environment:checking '/home/rsa/colcon_ws/install/wall_follower/lib'
[6.507s] Level 1:colcon.colcon_core.environment:checking '/home/rsa/colcon_ws/install/wall_follower/bin'
[6.507s] Level 1:colcon.colcon_core.environment:checking '/home/rsa/colcon_ws/install/wall_follower/lib/pkgconfig/wall_follower.pc'
[6.507s] Level 1:colcon.colcon_core.environment:checking '/home/rsa/colcon_ws/install/wall_follower/lib/python3.8/site-packages'
[6.507s] Level 1:colcon.colcon_core.environment:checking '/home/rsa/colcon_ws/install/wall_follower/bin'
[6.509s] INFO:colcon.colcon_core.shell:Creating package script '/home/rsa/colcon_ws/install/wall_follower/share/wall_follower/package.ps1'
[6.509s] INFO:colcon.colcon_core.shell:Creating package descriptor '/home/rsa/colcon_ws/install/wall_follower/share/wall_follower/package.dsv'
[6.509s] INFO:colcon.colcon_core.shell:Creating package script '/home/rsa/colcon_ws/install/wall_follower/share/wall_follower/package.sh'
[6.510s] INFO:colcon.colcon_core.shell:Creating package script '/home/rsa/colcon_ws/install/wall_follower/share/wall_follower/package.bash'
[6.510s] INFO:colcon.colcon_core.shell:Creating package script '/home/rsa/colcon_ws/install/wall_follower/share/wall_follower/package.zsh'
[6.510s] Level 1:colcon.colcon_core.environment:create_file_with_runtime_dependencies(/home/rsa/colcon_ws/install/wall_follower/share/colcon-core/packages/wall_follower)
[6.511s] DEBUG:colcon.colcon_parallel_executor.executor.parallel:closing loop
[6.511s] DEBUG:colcon.colcon_parallel_executor.executor.parallel:loop closed
[6.512s] DEBUG:colcon.colcon_parallel_executor.executor.parallel:run_until_complete finished with '0'
[6.512s] DEBUG:colcon.colcon_core.event_reactor:joining thread
[6.520s] INFO:colcon.colcon_core.plugin_system:Skipping extension 'colcon_notification.desktop_notification.terminal_notifier': Not used on non-Darwin systems
[6.521s] INFO:colcon.colcon_core.plugin_system:Skipping extension 'colcon_notification.desktop_notification.win32': Not used on non-Windows systems
[6.521s] INFO:colcon.colcon_notification.desktop_notification:Sending desktop notification using 'notify2'
[6.538s] DEBUG:colcon.colcon_core.event_reactor:joined thread
[6.540s] INFO:colcon.colcon_core.shell:Creating prefix script '/home/rsa/colcon_ws/install/local_setup.ps1'
[6.542s] INFO:colcon.colcon_core.shell:Creating prefix util module '/home/rsa/colcon_ws/install/_local_setup_util_ps1.py'
[6.543s] INFO:colcon.colcon_core.shell:Creating prefix chain script '/home/rsa/colcon_ws/install/setup.ps1'
[6.546s] INFO:colcon.colcon_core.shell:Creating prefix script '/home/rsa/colcon_ws/install/local_setup.sh'
[6.546s] INFO:colcon.colcon_core.shell:Creating prefix util module '/home/rsa/colcon_ws/install/_local_setup_util_sh.py'
[6.547s] INFO:colcon.colcon_core.shell:Creating prefix chain script '/home/rsa/colcon_ws/install/setup.sh'
[6.550s] INFO:colcon.colcon_core.shell:Creating prefix script '/home/rsa/colcon_ws/install/local_setup.bash'
[6.551s] INFO:colcon.colcon_core.shell:Creating prefix chain script '/home/rsa/colcon_ws/install/setup.bash'
[6.553s] INFO:colcon.colcon_core.shell:Creating prefix script '/home/rsa/colcon_ws/install/local_setup.zsh'
[6.553s] INFO:colcon.colcon_core.shell:Creating prefix chain script '/home/rsa/colcon_ws/install/setup.zsh'
