[0.206s] Invoking command in '/home/rsa/colcon_ws/build/wall_follower': CMAKE_PREFIX_PATH=${CMAKE_PREFIX_PATH}:/home/rsa/colcon_ws/install/cv_basics:/opt/ros/foxy /usr/bin/cmake --build /home/rsa/colcon_ws/build/wall_follower -- -j16 -l16
[0.244s] [35m[1mScanning dependencies of target wall_follower[0m
[0.291s] [ 33%] [32mBuilding CXX object CMakeFiles/wall_follower.dir/src/wall_follower.cpp.o[0m
[5.669s] [ 66%] [32m[1mLinking CXX executable wall_follower[0m
[5.921s] [100%] Built target wall_follower
[5.933s] Invoked command in '/home/rsa/colcon_ws/build/wall_follower' returned '0': CMAKE_PREFIX_PATH=${CMAKE_PREFIX_PATH}:/home/rsa/colcon_ws/install/cv_basics:/opt/ros/foxy /usr/bin/cmake --build /home/rsa/colcon_ws/build/wall_follower -- -j16 -l16
[5.962s] Invoking command in '/home/rsa/colcon_ws/build/wall_follower': CMAKE_PREFIX_PATH=${CMAKE_PREFIX_PATH}:/home/rsa/colcon_ws/install/cv_basics:/opt/ros/foxy /usr/bin/cmake --install /home/rsa/colcon_ws/build/wall_follower
[5.969s] -- Install configuration: ""
[5.970s] -- Execute custom install script
[5.970s] -- Up-to-date symlink: /home/rsa/colcon_ws/install/wall_follower/lib/wall_follower/wall_follower
[5.971s] -- Up-to-date symlink: /home/rsa/colcon_ws/install/wall_follower/include//circle_model/circle_model.hpp
[5.971s] -- Up-to-date symlink: /home/rsa/colcon_ws/install/wall_follower/include//wall_follower/wall_follower.hpp
[5.971s] -- Up-to-date symlink: /home/rsa/colcon_ws/install/wall_follower/share/ament_index/resource_index/package_run_dependencies/wall_follower
[5.972s] -- Up-to-date symlink: /home/rsa/colcon_ws/install/wall_follower/share/ament_index/resource_index/parent_prefix_path/wall_follower
[5.972s] -- Up-to-date symlink: /home/rsa/colcon_ws/install/wall_follower/share/wall_follower/environment/ament_prefix_path.sh
[5.972s] -- Up-to-date symlink: /home/rsa/colcon_ws/install/wall_follower/share/wall_follower/environment/ament_prefix_path.dsv
[5.972s] -- Up-to-date symlink: /home/rsa/colcon_ws/install/wall_follower/share/wall_follower/environment/path.sh
[5.972s] -- Up-to-date symlink: /home/rsa/colcon_ws/install/wall_follower/share/wall_follower/environment/path.dsv
[5.973s] -- Up-to-date symlink: /home/rsa/colcon_ws/install/wall_follower/share/wall_follower/local_setup.bash
[5.973s] -- Up-to-date symlink: /home/rsa/colcon_ws/install/wall_follower/share/wall_follower/local_setup.sh
[5.973s] -- Up-to-date symlink: /home/rsa/colcon_ws/install/wall_follower/share/wall_follower/local_setup.zsh
[5.973s] -- Up-to-date symlink: /home/rsa/colcon_ws/install/wall_follower/share/wall_follower/local_setup.dsv
[5.974s] -- Symlinking: /home/rsa/colcon_ws/install/wall_follower/share/wall_follower/package.dsv
[5.985s] -- Up-to-date symlink: /home/rsa/colcon_ws/install/wall_follower/share/ament_index/resource_index/packages/wall_follower
[5.985s] -- Up-to-date symlink: /home/rsa/colcon_ws/install/wall_follower/share/wall_follower/cmake/ament_cmake_export_include_directories-extras.cmake
[5.985s] -- Up-to-date symlink: /home/rsa/colcon_ws/install/wall_follower/share/wall_follower/cmake/ament_cmake_export_dependencies-extras.cmake
[5.985s] -- Up-to-date symlink: /home/rsa/colcon_ws/install/wall_follower/share/wall_follower/cmake/wall_followerConfig.cmake
[5.985s] -- Up-to-date symlink: /home/rsa/colcon_ws/install/wall_follower/share/wall_follower/cmake/wall_followerConfig-version.cmake
[5.986s] -- Up-to-date symlink: /home/rsa/colcon_ws/install/wall_follower/share/wall_follower/package.xml
[5.990s] Invoked command in '/home/rsa/colcon_ws/build/wall_follower' returned '0': CMAKE_PREFIX_PATH=${CMAKE_PREFIX_PATH}:/home/rsa/colcon_ws/install/cv_basics:/opt/ros/foxy /usr/bin/cmake --install /home/rsa/colcon_ws/build/wall_follower
