[0.023s] Invoking command in '/home/rsa/colcon_ws/build/turtlebot3_simulations': CMAKE_PREFIX_PATH=/home/rsa/colcon_ws/install/turtlebot3_gazebo:/home/rsa/colcon_ws/install/turtlebot3_fake_node:/home/rsa/colcon_ws/install/wall_follower:/home/rsa/colcon_ws/install/turtlebot3_simulations:/opt/ros/foxy /usr/bin/cmake --build /home/rsa/colcon_ws/build/turtlebot3_simulations -- -j8 -l8
[0.057s] Invoked command in '/home/rsa/colcon_ws/build/turtlebot3_simulations' returned '0': CMAKE_PREFIX_PATH=/home/rsa/colcon_ws/install/turtlebot3_gazebo:/home/rsa/colcon_ws/install/turtlebot3_fake_node:/home/rsa/colcon_ws/install/wall_follower:/home/rsa/colcon_ws/install/turtlebot3_simulations:/opt/ros/foxy /usr/bin/cmake --build /home/rsa/colcon_ws/build/turtlebot3_simulations -- -j8 -l8
[0.084s] Invoking command in '/home/rsa/colcon_ws/build/turtlebot3_simulations': CMAKE_PREFIX_PATH=/home/rsa/colcon_ws/install/turtlebot3_gazebo:/home/rsa/colcon_ws/install/turtlebot3_fake_node:/home/rsa/colcon_ws/install/wall_follower:/home/rsa/colcon_ws/install/turtlebot3_simulations:/opt/ros/foxy /usr/bin/cmake --install /home/rsa/colcon_ws/build/turtlebot3_simulations
[0.091s] -- Install configuration: ""
[0.091s] -- Execute custom install script
[0.092s] -- Up-to-date symlink: /home/rsa/colcon_ws/install/turtlebot3_simulations/share/ament_index/resource_index/package_run_dependencies/turtlebot3_simulations
[0.092s] -- Up-to-date symlink: /home/rsa/colcon_ws/install/turtlebot3_simulations/share/ament_index/resource_index/parent_prefix_path/turtlebot3_simulations
[0.092s] -- Up-to-date symlink: /home/rsa/colcon_ws/install/turtlebot3_simulations/share/turtlebot3_simulations/environment/ament_prefix_path.sh
[0.093s] -- Up-to-date symlink: /home/rsa/colcon_ws/install/turtlebot3_simulations/share/turtlebot3_simulations/environment/ament_prefix_path.dsv
[0.093s] -- Up-to-date symlink: /home/rsa/colcon_ws/install/turtlebot3_simulations/share/turtlebot3_simulations/environment/path.sh
[0.093s] -- Up-to-date symlink: /home/rsa/colcon_ws/install/turtlebot3_simulations/share/turtlebot3_simulations/environment/path.dsv
[0.093s] -- Up-to-date symlink: /home/rsa/colcon_ws/install/turtlebot3_simulations/share/turtlebot3_simulations/local_setup.bash
[0.093s] -- Up-to-date symlink: /home/rsa/colcon_ws/install/turtlebot3_simulations/share/turtlebot3_simulations/local_setup.sh
[0.094s] -- Up-to-date symlink: /home/rsa/colcon_ws/install/turtlebot3_simulations/share/turtlebot3_simulations/local_setup.zsh
[0.094s] -- Up-to-date symlink: /home/rsa/colcon_ws/install/turtlebot3_simulations/share/turtlebot3_simulations/local_setup.dsv
[0.094s] -- Symlinking: /home/rsa/colcon_ws/install/turtlebot3_simulations/share/turtlebot3_simulations/package.dsv
[0.103s] -- Up-to-date symlink: /home/rsa/colcon_ws/install/turtlebot3_simulations/share/ament_index/resource_index/packages/turtlebot3_simulations
[0.103s] -- Up-to-date symlink: /home/rsa/colcon_ws/install/turtlebot3_simulations/share/turtlebot3_simulations/cmake/turtlebot3_simulationsConfig.cmake
[0.103s] -- Up-to-date symlink: /home/rsa/colcon_ws/install/turtlebot3_simulations/share/turtlebot3_simulations/cmake/turtlebot3_simulationsConfig-version.cmake
[0.103s] -- Up-to-date symlink: /home/rsa/colcon_ws/install/turtlebot3_simulations/share/turtlebot3_simulations/package.xml
[0.108s] Invoked command in '/home/rsa/colcon_ws/build/turtlebot3_simulations' returned '0': CMAKE_PREFIX_PATH=/home/rsa/colcon_ws/install/turtlebot3_gazebo:/home/rsa/colcon_ws/install/turtlebot3_fake_node:/home/rsa/colcon_ws/install/wall_follower:/home/rsa/colcon_ws/install/turtlebot3_simulations:/opt/ros/foxy /usr/bin/cmake --install /home/rsa/colcon_ws/build/turtlebot3_simulations
