[0.477s] Invoking command in '/home/rsa/colcon_ws/build/learning_tf2_cpp': CMAKE_PREFIX_PATH=${CMAKE_PREFIX_PATH}:/home/rsa/colcon_ws/install/cv_basics:/opt/ros/foxy /usr/bin/cmake --build /home/rsa/colcon_ws/build/learning_tf2_cpp -- -j16 -l16
[0.560s] [100%] Built target static_turtle_tf2_broadcaster
[0.597s] Invoked command in '/home/rsa/colcon_ws/build/learning_tf2_cpp' returned '0': CMAKE_PREFIX_PATH=${CMAKE_PREFIX_PATH}:/home/rsa/colcon_ws/install/cv_basics:/opt/ros/foxy /usr/bin/cmake --build /home/rsa/colcon_ws/build/learning_tf2_cpp -- -j16 -l16
[0.676s] Invoking command in '/home/rsa/colcon_ws/build/learning_tf2_cpp': CMAKE_PREFIX_PATH=${CMAKE_PREFIX_PATH}:/home/rsa/colcon_ws/install/cv_basics:/opt/ros/foxy /usr/bin/cmake --install /home/rsa/colcon_ws/build/learning_tf2_cpp
[0.683s] -- Install configuration: ""
[0.684s] -- Execute custom install script
[0.685s] -- Up-to-date symlink: /home/rsa/colcon_ws/install/learning_tf2_cpp/lib/learning_tf2_cpp/static_turtle_tf2_broadcaster
[0.685s] -- Up-to-date symlink: /home/rsa/colcon_ws/install/learning_tf2_cpp/share/ament_index/resource_index/package_run_dependencies/learning_tf2_cpp
[0.689s] -- Up-to-date symlink: /home/rsa/colcon_ws/install/learning_tf2_cpp/share/ament_index/resource_index/parent_prefix_path/learning_tf2_cpp
[0.689s] -- Up-to-date symlink: /home/rsa/colcon_ws/install/learning_tf2_cpp/share/learning_tf2_cpp/environment/ament_prefix_path.sh
[0.690s] -- Up-to-date symlink: /home/rsa/colcon_ws/install/learning_tf2_cpp/share/learning_tf2_cpp/environment/ament_prefix_path.dsv
[0.690s] -- Up-to-date symlink: /home/rsa/colcon_ws/install/learning_tf2_cpp/share/learning_tf2_cpp/environment/path.sh
[0.690s] -- Up-to-date symlink: /home/rsa/colcon_ws/install/learning_tf2_cpp/share/learning_tf2_cpp/environment/path.dsv
[0.691s] -- Up-to-date symlink: /home/rsa/colcon_ws/install/learning_tf2_cpp/share/learning_tf2_cpp/local_setup.bash
[0.691s] -- Up-to-date symlink: /home/rsa/colcon_ws/install/learning_tf2_cpp/share/learning_tf2_cpp/local_setup.sh
[0.691s] -- Up-to-date symlink: /home/rsa/colcon_ws/install/learning_tf2_cpp/share/learning_tf2_cpp/local_setup.zsh
[0.691s] -- Up-to-date symlink: /home/rsa/colcon_ws/install/learning_tf2_cpp/share/learning_tf2_cpp/local_setup.dsv
[0.691s] -- Symlinking: /home/rsa/colcon_ws/install/learning_tf2_cpp/share/learning_tf2_cpp/package.dsv
[0.701s] -- Up-to-date symlink: /home/rsa/colcon_ws/install/learning_tf2_cpp/share/ament_index/resource_index/packages/learning_tf2_cpp
[0.701s] -- Up-to-date symlink: /home/rsa/colcon_ws/install/learning_tf2_cpp/share/learning_tf2_cpp/cmake/learning_tf2_cppConfig.cmake
[0.704s] -- Up-to-date symlink: /home/rsa/colcon_ws/install/learning_tf2_cpp/share/learning_tf2_cpp/cmake/learning_tf2_cppConfig-version.cmake
[0.704s] -- Up-to-date symlink: /home/rsa/colcon_ws/install/learning_tf2_cpp/share/learning_tf2_cpp/package.xml
[0.710s] Invoked command in '/home/rsa/colcon_ws/build/learning_tf2_cpp' returned '0': CMAKE_PREFIX_PATH=${CMAKE_PREFIX_PATH}:/home/rsa/colcon_ws/install/cv_basics:/opt/ros/foxy /usr/bin/cmake --install /home/rsa/colcon_ws/build/learning_tf2_cpp
