[0.026s] Invoking command in '/home/rsa/colcon_ws/build/turtlebot3_gazebo': CMAKE_PREFIX_PATH=/opt/ros/foxy /usr/bin/cmake /home/rsa/colcon_ws/src/turtlebot3_simulations/turtlebot3_gazebo -DAMENT_CMAKE_SYMLINK_INSTALL=1 -DCMAKE_INSTALL_PREFIX=/home/rsa/colcon_ws/install/turtlebot3_gazebo
[0.232s] -- The C compiler identification is GNU 9.4.0
[0.389s] -- The CXX compiler identification is GNU 9.4.0
[0.400s] -- Check for working C compiler: /usr/bin/cc
[0.481s] -- Check for working C compiler: /usr/bin/cc -- works
[0.485s] -- Detecting C compiler ABI info
[0.562s] -- Detecting C compiler ABI info - done
[0.574s] -- Detecting C compile features
[0.574s] -- Detecting C compile features - done
[0.578s] -- Check for working CXX compiler: /usr/bin/c++
[0.664s] -- Check for working CXX compiler: /usr/bin/c++ -- works
[0.665s] -- Detecting CXX compiler ABI info
[0.749s] -- Detecting CXX compiler ABI info - done
[0.761s] -- Detecting CXX compile features
[0.761s] -- Detecting CXX compile features - done
[0.765s] -- Found ament_cmake: 0.9.9 (/opt/ros/foxy/share/ament_cmake/cmake)
[0.794s] -- Found PythonInterp: /usr/bin/python3 (found suitable version "3.8.10", minimum required is "3") 
[0.794s] -- Using PYTHON_EXECUTABLE: /usr/bin/python3
[0.947s] -- Override CMake install command with custom implementation using symlinks instead of copying resources
[0.991s] -- Found PkgConfig: /usr/bin/pkg-config (found version "0.29.1") 
[0.995s] -- Checking for module 'bullet>=2.82'
[1.013s] --   Found bullet, version 2.88
[1.151s] -- Found ccd: /usr/include (found suitable version "2.0", minimum required is "2.0") 
[1.226s] -- Found fcl: /usr/include (found suitable version "0.5.0", minimum required is "0.3.2") 
[1.306s] -- Found assimp: /usr/include (found version "5.0.0") 
[1.334s] -- Found DART: /usr/include (Required is at least version "6.6") found components: dart 
[1.716s] -- Found Boost: /usr/lib/x86_64-linux-gnu/cmake/Boost-1.71.0/BoostConfig.cmake (found suitable version "1.71.0", minimum required is "1.40.0") found components: thread system filesystem program_options regex iostreams date_time 
[1.750s] -- Found Protobuf: /usr/lib/x86_64-linux-gnu/libprotobuf.so;-lpthread (found version "3.6.1") 
[1.757s] -- Looking for ignition-math6 -- found version 6.13.0
[1.764s] -- Searching for dependencies of ignition-math6
[1.766s] -- Looking for OGRE...
[1.767s] -- OGRE_PREFIX_WATCH changed.
[1.772s] -- Checking for module 'OGRE'
[1.791s] --   Found OGRE, version 1.9.0
[1.839s] -- Found Ogre Ghadamon (1.9.0)
[1.848s] -- Found OGRE: optimized;/usr/lib/x86_64-linux-gnu/libOgreMain.so;debug;/usr/lib/x86_64-linux-gnu/libOgreMain.so
[1.859s] -- Looking for OGRE_Paging...
[1.865s] -- Found OGRE_Paging: optimized;/usr/lib/x86_64-linux-gnu/libOgrePaging.so;debug;/usr/lib/x86_64-linux-gnu/libOgrePaging.so
[1.865s] -- Looking for OGRE_Terrain...
[1.872s] -- Found OGRE_Terrain: optimized;/usr/lib/x86_64-linux-gnu/libOgreTerrain.so;debug;/usr/lib/x86_64-linux-gnu/libOgreTerrain.so
[1.872s] -- Looking for OGRE_Property...
[1.877s] -- Found OGRE_Property: optimized;/usr/lib/x86_64-linux-gnu/libOgreProperty.so;debug;/usr/lib/x86_64-linux-gnu/libOgreProperty.so
[1.877s] -- Looking for OGRE_RTShaderSystem...
[1.882s] -- Found OGRE_RTShaderSystem: optimized;/usr/lib/x86_64-linux-gnu/libOgreRTShaderSystem.so;debug;/usr/lib/x86_64-linux-gnu/libOgreRTShaderSystem.so
[1.882s] -- Looking for OGRE_Volume...
[1.887s] -- Found OGRE_Volume: optimized;/usr/lib/x86_64-linux-gnu/libOgreVolume.so;debug;/usr/lib/x86_64-linux-gnu/libOgreVolume.so
[1.887s] -- Looking for OGRE_Overlay...
[1.893s] -- Found OGRE_Overlay: optimized;/usr/lib/x86_64-linux-gnu/libOgreOverlay.so;debug;/usr/lib/x86_64-linux-gnu/libOgreOverlay.so
[2.012s] -- Looking for ignition-math6 -- found version 6.13.0
[2.014s] -- Looking for ignition-transport8 -- found version 8.3.0
[2.015s] -- Searching for dependencies of ignition-transport8
[2.033s] -- Found Protobuf: /usr/lib/x86_64-linux-gnu/libprotobuf.so;-lpthread (found suitable version "3.6.1", minimum required is "3") 
[2.044s] -- Config-file not installed for ZeroMQ -- checking for pkg-config
[2.049s] -- Checking for module 'libzmq >= 4'
[2.081s] --   Found libzmq , version 4.3.2
[2.133s] -- Found ZeroMQ: TRUE (Required is at least version "4") 
[2.140s] -- Checking for module 'uuid'
[2.161s] --   Found uuid, version 2.34.0
[2.208s] -- Found UUID: TRUE  
[2.210s] -- Looking for ignition-msgs5 -- found version 5.10.0
[2.210s] -- Searching for dependencies of ignition-msgs5
[2.229s] -- Looking for ignition-math6 -- found version 6.13.0
[2.235s] -- Checking for module 'tinyxml2'
[2.255s] --   Found tinyxml2, version 6.2.0
[2.305s] -- Looking for ignition-msgs5 -- found version 5.10.0
[2.307s] -- Looking for ignition-common3 -- found version 3.14.2
[2.308s] -- Searching for dependencies of ignition-common3
[2.308s] -- Looking for dlfcn.h - found
[2.309s] -- Looking for libdl - found
[2.311s] -- Found DL: TRUE  
[2.319s] -- Searching for <ignition-common3> component [graphics]
[2.322s] -- Looking for ignition-common3-graphics -- found version 3.14.2
[2.322s] -- Searching for dependencies of ignition-common3-graphics
[2.323s] -- Looking for ignition-math6 -- found version 6.13.0
[2.325s] -- Looking for ignition-fuel_tools4 -- found version 4.6.0
[2.326s] -- Searching for dependencies of ignition-fuel_tools4
[2.417s] -- Found CURL: /usr/lib/x86_64-linux-gnu/libcurl.so (found version "7.68.0")  
[2.426s] -- Checking for module 'jsoncpp'
[2.451s] --   Found jsoncpp, version 1.7.4
[2.505s] -- Found JSONCPP: TRUE  
[2.512s] -- Checking for module 'libzip'
[2.530s] --   Found libzip, version 1.5.1
[2.619s] -- Found ZIP: TRUE  
[2.619s] -- Looking for ignition-common3 -- found version 3.14.2
[2.620s] -- Looking for ignition-math6 -- found version 6.13.0
[2.621s] -- Looking for ignition-msgs5 -- found version 5.10.0
[2.624s] -- Found gazebo_ros_pkgs: 3.5.3 (/opt/ros/foxy/share/gazebo_ros_pkgs/cmake)
[2.625s] -- Found geometry_msgs: 2.0.5 (/opt/ros/foxy/share/geometry_msgs/cmake)
[2.650s] -- Using all available rosidl_typesupport_c: rosidl_typesupport_fastrtps_c;rosidl_typesupport_introspection_c
[2.659s] -- Found rosidl_adapter: 1.2.1 (/opt/ros/foxy/share/rosidl_adapter/cmake)
[2.784s] -- Found OpenSSL: /usr/lib/x86_64-linux-gnu/libcrypto.so (found version "1.1.1f")  
[2.810s] -- Found FastRTPS: /opt/ros/foxy/include  
[2.888s] -- Using all available rosidl_typesupport_cpp: rosidl_typesupport_fastrtps_cpp;rosidl_typesupport_introspection_cpp
[2.973s] -- Found nav_msgs: 2.0.5 (/opt/ros/foxy/share/nav_msgs/cmake)
[3.042s] -- Found rclcpp: 2.4.1 (/opt/ros/foxy/share/rclcpp/cmake)
[3.085s] -- Found rmw_implementation_cmake: 1.0.3 (/opt/ros/foxy/share/rmw_implementation_cmake/cmake)
[3.087s] -- Using RMW implementation 'rmw_fastrtps_cpp' as default
[3.089s] -- Found Threads: TRUE  
[3.226s] -- Found sensor_msgs: 2.0.5 (/opt/ros/foxy/share/sensor_msgs/cmake)
[3.296s] -- Found tf2: 0.13.13 (/opt/ros/foxy/share/tf2/cmake)
[3.371s] -- Configuring done
[3.423s] -- Generating done
[3.425s] -- Build files have been written to: /home/rsa/colcon_ws/build/turtlebot3_gazebo
[3.436s] Invoked command in '/home/rsa/colcon_ws/build/turtlebot3_gazebo' returned '0': CMAKE_PREFIX_PATH=/opt/ros/foxy /usr/bin/cmake /home/rsa/colcon_ws/src/turtlebot3_simulations/turtlebot3_gazebo -DAMENT_CMAKE_SYMLINK_INSTALL=1 -DCMAKE_INSTALL_PREFIX=/home/rsa/colcon_ws/install/turtlebot3_gazebo
[3.440s] Invoking command in '/home/rsa/colcon_ws/build/turtlebot3_gazebo': CMAKE_PREFIX_PATH=/opt/ros/foxy /usr/bin/cmake --build /home/rsa/colcon_ws/build/turtlebot3_gazebo -- -j2 -l2
[3.502s] [35m[1mScanning dependencies of target obstacles[0m
[3.529s] [35m[1mScanning dependencies of target obstacle2[0m
[3.630s] [ 12%] [32mBuilding CXX object CMakeFiles/obstacles.dir/models/turtlebot3_dqn_world/obstacle_plugin/obstacles.cc.o[0m
[3.725s] [ 25%] [32mBuilding CXX object CMakeFiles/obstacle2.dir/models/turtlebot3_dqn_world/obstacle_plugin/obstacle2.cc.o[0m
[16.927s] [ 37%] [32m[1mLinking CXX shared library libobstacles.so[0m
[17.133s] [ 50%] [32m[1mLinking CXX shared library libobstacle2.so[0m
[17.285s] [ 50%] Built target obstacles
[17.299s] [35m[1mScanning dependencies of target turtlebot3_drive[0m
[17.363s] [ 62%] [32mBuilding CXX object CMakeFiles/turtlebot3_drive.dir/src/turtlebot3_drive.cpp.o[0m
[17.414s] [ 62%] Built target obstacle2
[17.427s] [35m[1mScanning dependencies of target obstacle1[0m
[17.532s] [ 75%] [32mBuilding CXX object CMakeFiles/obstacle1.dir/models/turtlebot3_dqn_world/obstacle_plugin/obstacle1.cc.o[0m
[24.234s] [ 87%] [32m[1mLinking CXX executable turtlebot3_drive[0m
[24.575s] [ 87%] Built target turtlebot3_drive
[26.829s] [100%] [32m[1mLinking CXX shared library libobstacle1.so[0m
[27.094s] [100%] Built target obstacle1
[27.106s] Invoked command in '/home/rsa/colcon_ws/build/turtlebot3_gazebo' returned '0': CMAKE_PREFIX_PATH=/opt/ros/foxy /usr/bin/cmake --build /home/rsa/colcon_ws/build/turtlebot3_gazebo -- -j2 -l2
[27.154s] Invoking command in '/home/rsa/colcon_ws/build/turtlebot3_gazebo': CMAKE_PREFIX_PATH=/opt/ros/foxy /usr/bin/cmake --install /home/rsa/colcon_ws/build/turtlebot3_gazebo
[27.164s] -- Install configuration: ""
[27.164s] -- Execute custom install script
[27.165s] -- Symlinking: /home/rsa/colcon_ws/install/turtlebot3_gazebo/lib/turtlebot3_gazebo/turtlebot3_drive
[27.176s] -- Symlinking: /home/rsa/colcon_ws/install/turtlebot3_gazebo/share/turtlebot3_gazebo//launch/empty_world.launch.py
[27.186s] -- Symlinking: /home/rsa/colcon_ws/install/turtlebot3_gazebo/share/turtlebot3_gazebo//launch/robot_state_publisher.launch.py
[27.196s] -- Symlinking: /home/rsa/colcon_ws/install/turtlebot3_gazebo/share/turtlebot3_gazebo//launch/turtlebot3_autorace.launch.py
[27.205s] -- Symlinking: /home/rsa/colcon_ws/install/turtlebot3_gazebo/share/turtlebot3_gazebo//launch/turtlebot3_dqn_stage1.launch.py
[27.215s] -- Symlinking: /home/rsa/colcon_ws/install/turtlebot3_gazebo/share/turtlebot3_gazebo//launch/turtlebot3_dqn_stage2.launch.py
[27.224s] -- Symlinking: /home/rsa/colcon_ws/install/turtlebot3_gazebo/share/turtlebot3_gazebo//launch/turtlebot3_dqn_stage3.launch.py
[27.234s] -- Symlinking: /home/rsa/colcon_ws/install/turtlebot3_gazebo/share/turtlebot3_gazebo//launch/turtlebot3_dqn_stage4.launch.py
[27.245s] -- Symlinking: /home/rsa/colcon_ws/install/turtlebot3_gazebo/share/turtlebot3_gazebo//launch/turtlebot3_house.launch.py
[27.256s] -- Symlinking: /home/rsa/colcon_ws/install/turtlebot3_gazebo/share/turtlebot3_gazebo//launch/turtlebot3_world.launch.py
[27.268s] -- Symlinking: /home/rsa/colcon_ws/install/turtlebot3_gazebo/share/turtlebot3_gazebo//models/turtlebot3_autorace/course/materials/scripts/course.material
[27.279s] -- Symlinking: /home/rsa/colcon_ws/install/turtlebot3_gazebo/share/turtlebot3_gazebo//models/turtlebot3_autorace/course/materials/textures/course.png
[27.288s] -- Symlinking: /home/rsa/colcon_ws/install/turtlebot3_gazebo/share/turtlebot3_gazebo//models/turtlebot3_autorace/course/model.config
[27.298s] -- Symlinking: /home/rsa/colcon_ws/install/turtlebot3_gazebo/share/turtlebot3_gazebo//models/turtlebot3_autorace/course/model.sdf
[27.308s] -- Symlinking: /home/rsa/colcon_ws/install/turtlebot3_gazebo/share/turtlebot3_gazebo//models/turtlebot3_autorace/ground/model.config
[27.317s] -- Symlinking: /home/rsa/colcon_ws/install/turtlebot3_gazebo/share/turtlebot3_gazebo//models/turtlebot3_autorace/ground/model.sdf
[27.327s] -- Symlinking: /home/rsa/colcon_ws/install/turtlebot3_gazebo/share/turtlebot3_gazebo//models/turtlebot3_autorace/lights/model.config
[27.338s] -- Symlinking: /home/rsa/colcon_ws/install/turtlebot3_gazebo/share/turtlebot3_gazebo//models/turtlebot3_autorace/lights/model.sdf
[27.349s] -- Symlinking: /home/rsa/colcon_ws/install/turtlebot3_gazebo/share/turtlebot3_gazebo//models/turtlebot3_autorace/model.config
[27.359s] -- Symlinking: /home/rsa/colcon_ws/install/turtlebot3_gazebo/share/turtlebot3_gazebo//models/turtlebot3_autorace/traffic_bar_down/materials/scripts/traffic_bar.material
[27.370s] -- Symlinking: /home/rsa/colcon_ws/install/turtlebot3_gazebo/share/turtlebot3_gazebo//models/turtlebot3_autorace/traffic_bar_down/materials/textures/traffic_bar.png
[27.380s] -- Symlinking: /home/rsa/colcon_ws/install/turtlebot3_gazebo/share/turtlebot3_gazebo//models/turtlebot3_autorace/traffic_bar_down/model.config
[27.390s] -- Symlinking: /home/rsa/colcon_ws/install/turtlebot3_gazebo/share/turtlebot3_gazebo//models/turtlebot3_autorace/traffic_bar_down/model.sdf
[27.399s] -- Symlinking: /home/rsa/colcon_ws/install/turtlebot3_gazebo/share/turtlebot3_gazebo//models/turtlebot3_autorace/traffic_bar_up/materials/scripts/traffic_bar.material
[27.409s] -- Symlinking: /home/rsa/colcon_ws/install/turtlebot3_gazebo/share/turtlebot3_gazebo//models/turtlebot3_autorace/traffic_bar_up/materials/textures/traffic_bar.png
[27.419s] -- Symlinking: /home/rsa/colcon_ws/install/turtlebot3_gazebo/share/turtlebot3_gazebo//models/turtlebot3_autorace/traffic_bar_up/model.config
[27.428s] -- Symlinking: /home/rsa/colcon_ws/install/turtlebot3_gazebo/share/turtlebot3_gazebo//models/turtlebot3_autorace/traffic_bar_up/model.sdf
[27.439s] -- Symlinking: /home/rsa/colcon_ws/install/turtlebot3_gazebo/share/turtlebot3_gazebo//models/turtlebot3_autorace/traffic_light_green/model.config
[27.450s] -- Symlinking: /home/rsa/colcon_ws/install/turtlebot3_gazebo/share/turtlebot3_gazebo//models/turtlebot3_autorace/traffic_light_green/model.sdf
[27.460s] -- Symlinking: /home/rsa/colcon_ws/install/turtlebot3_gazebo/share/turtlebot3_gazebo//models/turtlebot3_autorace/traffic_light_red/model.config
[27.470s] -- Symlinking: /home/rsa/colcon_ws/install/turtlebot3_gazebo/share/turtlebot3_gazebo//models/turtlebot3_autorace/traffic_light_red/model.sdf
[27.480s] -- Symlinking: /home/rsa/colcon_ws/install/turtlebot3_gazebo/share/turtlebot3_gazebo//models/turtlebot3_autorace/traffic_light_yellow/model.config
[27.489s] -- Symlinking: /home/rsa/colcon_ws/install/turtlebot3_gazebo/share/turtlebot3_gazebo//models/turtlebot3_autorace/traffic_light_yellow/model.sdf
[27.498s] -- Symlinking: /home/rsa/colcon_ws/install/turtlebot3_gazebo/share/turtlebot3_gazebo//models/turtlebot3_autorace/traffic_parking/materials/scripts/traffic_parking.material
[27.508s] -- Symlinking: /home/rsa/colcon_ws/install/turtlebot3_gazebo/share/turtlebot3_gazebo//models/turtlebot3_autorace/traffic_parking/materials/textures/traffic_parking.png
[27.517s] -- Symlinking: /home/rsa/colcon_ws/install/turtlebot3_gazebo/share/turtlebot3_gazebo//models/turtlebot3_autorace/traffic_parking/model.config
[27.526s] -- Symlinking: /home/rsa/colcon_ws/install/turtlebot3_gazebo/share/turtlebot3_gazebo//models/turtlebot3_autorace/traffic_parking/model.sdf
[27.536s] -- Symlinking: /home/rsa/colcon_ws/install/turtlebot3_gazebo/share/turtlebot3_gazebo//models/turtlebot3_autorace/traffic_stop/materials/scripts/traffic_stop.material
[27.548s] -- Symlinking: /home/rsa/colcon_ws/install/turtlebot3_gazebo/share/turtlebot3_gazebo//models/turtlebot3_autorace/traffic_stop/materials/textures/traffic_stop.png
[27.558s] -- Symlinking: /home/rsa/colcon_ws/install/turtlebot3_gazebo/share/turtlebot3_gazebo//models/turtlebot3_autorace/traffic_stop/model.config
[27.568s] -- Symlinking: /home/rsa/colcon_ws/install/turtlebot3_gazebo/share/turtlebot3_gazebo//models/turtlebot3_autorace/traffic_stop/model.sdf
[27.577s] -- Symlinking: /home/rsa/colcon_ws/install/turtlebot3_gazebo/share/turtlebot3_gazebo//models/turtlebot3_autorace/traffic_tunnel/materials/scripts/tunnel.material
[27.587s] -- Symlinking: /home/rsa/colcon_ws/install/turtlebot3_gazebo/share/turtlebot3_gazebo//models/turtlebot3_autorace/traffic_tunnel/materials/textures/tunnel.png
[27.597s] -- Symlinking: /home/rsa/colcon_ws/install/turtlebot3_gazebo/share/turtlebot3_gazebo//models/turtlebot3_autorace/traffic_tunnel/model.config
[27.606s] -- Symlinking: /home/rsa/colcon_ws/install/turtlebot3_gazebo/share/turtlebot3_gazebo//models/turtlebot3_autorace/traffic_tunnel/model.sdf
[27.616s] -- Symlinking: /home/rsa/colcon_ws/install/turtlebot3_gazebo/share/turtlebot3_gazebo//models/turtlebot3_autorace/tunnel_obstacles/model.config
[27.625s] -- Symlinking: /home/rsa/colcon_ws/install/turtlebot3_gazebo/share/turtlebot3_gazebo//models/turtlebot3_autorace/tunnel_obstacles/model.sdf
[27.635s] -- Symlinking: /home/rsa/colcon_ws/install/turtlebot3_gazebo/share/turtlebot3_gazebo//models/turtlebot3_autorace/tunnel_wall/model.config
[27.646s] -- Symlinking: /home/rsa/colcon_ws/install/turtlebot3_gazebo/share/turtlebot3_gazebo//models/turtlebot3_autorace/tunnel_wall/model.sdf
[27.656s] -- Symlinking: /home/rsa/colcon_ws/install/turtlebot3_gazebo/share/turtlebot3_gazebo//models/turtlebot3_burger/meshes/burger_base.dae
[27.666s] -- Symlinking: /home/rsa/colcon_ws/install/turtlebot3_gazebo/share/turtlebot3_gazebo//models/turtlebot3_burger/meshes/lds.dae
[27.675s] -- Symlinking: /home/rsa/colcon_ws/install/turtlebot3_gazebo/share/turtlebot3_gazebo//models/turtlebot3_burger/meshes/tire.dae
[27.685s] -- Symlinking: /home/rsa/colcon_ws/install/turtlebot3_gazebo/share/turtlebot3_gazebo//models/turtlebot3_burger/model-1_4.sdf
[27.695s] -- Symlinking: /home/rsa/colcon_ws/install/turtlebot3_gazebo/share/turtlebot3_gazebo//models/turtlebot3_burger/model.config
[27.705s] -- Symlinking: /home/rsa/colcon_ws/install/turtlebot3_gazebo/share/turtlebot3_gazebo//models/turtlebot3_burger/model.sdf
[27.715s] -- Symlinking: /home/rsa/colcon_ws/install/turtlebot3_gazebo/share/turtlebot3_gazebo//models/turtlebot3_dqn_world/goal_box/model.config
[27.725s] -- Symlinking: /home/rsa/colcon_ws/install/turtlebot3_gazebo/share/turtlebot3_gazebo//models/turtlebot3_dqn_world/goal_box/model.sdf
[27.734s] -- Symlinking: /home/rsa/colcon_ws/install/turtlebot3_gazebo/share/turtlebot3_gazebo//models/turtlebot3_dqn_world/inner_walls/model.config
[27.745s] -- Symlinking: /home/rsa/colcon_ws/install/turtlebot3_gazebo/share/turtlebot3_gazebo//models/turtlebot3_dqn_world/inner_walls/model.sdf
[27.756s] -- Symlinking: /home/rsa/colcon_ws/install/turtlebot3_gazebo/share/turtlebot3_gazebo//models/turtlebot3_dqn_world/model.config
[27.766s] -- Symlinking: /home/rsa/colcon_ws/install/turtlebot3_gazebo/share/turtlebot3_gazebo//models/turtlebot3_dqn_world/model.sdf
[27.776s] -- Symlinking: /home/rsa/colcon_ws/install/turtlebot3_gazebo/share/turtlebot3_gazebo//models/turtlebot3_dqn_world/obstacle1/model.config
[27.786s] -- Symlinking: /home/rsa/colcon_ws/install/turtlebot3_gazebo/share/turtlebot3_gazebo//models/turtlebot3_dqn_world/obstacle1/model.sdf
[27.796s] -- Symlinking: /home/rsa/colcon_ws/install/turtlebot3_gazebo/share/turtlebot3_gazebo//models/turtlebot3_dqn_world/obstacle2/model.config
[27.805s] -- Symlinking: /home/rsa/colcon_ws/install/turtlebot3_gazebo/share/turtlebot3_gazebo//models/turtlebot3_dqn_world/obstacle2/model.sdf
[27.814s] -- Symlinking: /home/rsa/colcon_ws/install/turtlebot3_gazebo/share/turtlebot3_gazebo//models/turtlebot3_dqn_world/obstacle_plugin/CMakeLists.txt
[27.824s] -- Symlinking: /home/rsa/colcon_ws/install/turtlebot3_gazebo/share/turtlebot3_gazebo//models/turtlebot3_dqn_world/obstacle_plugin/obstacle1.cc
[27.833s] -- Symlinking: /home/rsa/colcon_ws/install/turtlebot3_gazebo/share/turtlebot3_gazebo//models/turtlebot3_dqn_world/obstacle_plugin/obstacle2.cc
[27.844s] -- Symlinking: /home/rsa/colcon_ws/install/turtlebot3_gazebo/share/turtlebot3_gazebo//models/turtlebot3_dqn_world/obstacle_plugin/obstacles.cc
[27.855s] -- Symlinking: /home/rsa/colcon_ws/install/turtlebot3_gazebo/share/turtlebot3_gazebo//models/turtlebot3_dqn_world/obstacles/model.config
[27.864s] -- Symlinking: /home/rsa/colcon_ws/install/turtlebot3_gazebo/share/turtlebot3_gazebo//models/turtlebot3_dqn_world/obstacles/model.sdf
[27.873s] -- Symlinking: /home/rsa/colcon_ws/install/turtlebot3_gazebo/share/turtlebot3_gazebo//models/turtlebot3_house/model.config
[27.883s] -- Symlinking: /home/rsa/colcon_ws/install/turtlebot3_gazebo/share/turtlebot3_gazebo//models/turtlebot3_house/model.sdf
[27.893s] -- Symlinking: /home/rsa/colcon_ws/install/turtlebot3_gazebo/share/turtlebot3_gazebo//models/turtlebot3_waffle/meshes/lds.dae
[27.904s] -- Symlinking: /home/rsa/colcon_ws/install/turtlebot3_gazebo/share/turtlebot3_gazebo//models/turtlebot3_waffle/meshes/r200.dae
[27.914s] -- Symlinking: /home/rsa/colcon_ws/install/turtlebot3_gazebo/share/turtlebot3_gazebo//models/turtlebot3_waffle/meshes/tire.dae
[27.925s] -- Symlinking: /home/rsa/colcon_ws/install/turtlebot3_gazebo/share/turtlebot3_gazebo//models/turtlebot3_waffle/meshes/waffle_base.dae
[27.935s] -- Symlinking: /home/rsa/colcon_ws/install/turtlebot3_gazebo/share/turtlebot3_gazebo//models/turtlebot3_waffle/model-1_4.sdf
[27.946s] -- Symlinking: /home/rsa/colcon_ws/install/turtlebot3_gazebo/share/turtlebot3_gazebo//models/turtlebot3_waffle/model.config
[27.957s] -- Symlinking: /home/rsa/colcon_ws/install/turtlebot3_gazebo/share/turtlebot3_gazebo//models/turtlebot3_waffle/model.sdf
[27.967s] -- Symlinking: /home/rsa/colcon_ws/install/turtlebot3_gazebo/share/turtlebot3_gazebo//models/turtlebot3_waffle_pi/meshes/lds.dae
[27.977s] -- Symlinking: /home/rsa/colcon_ws/install/turtlebot3_gazebo/share/turtlebot3_gazebo//models/turtlebot3_waffle_pi/meshes/tire.dae
[27.987s] -- Symlinking: /home/rsa/colcon_ws/install/turtlebot3_gazebo/share/turtlebot3_gazebo//models/turtlebot3_waffle_pi/meshes/waffle_pi_base.dae
[27.997s] -- Symlinking: /home/rsa/colcon_ws/install/turtlebot3_gazebo/share/turtlebot3_gazebo//models/turtlebot3_waffle_pi/model-1_4_.sdf
[28.007s] -- Symlinking: /home/rsa/colcon_ws/install/turtlebot3_gazebo/share/turtlebot3_gazebo//models/turtlebot3_waffle_pi/model.config
[28.017s] -- Symlinking: /home/rsa/colcon_ws/install/turtlebot3_gazebo/share/turtlebot3_gazebo//models/turtlebot3_waffle_pi/model.sdf
[28.027s] -- Symlinking: /home/rsa/colcon_ws/install/turtlebot3_gazebo/share/turtlebot3_gazebo//models/turtlebot3_world/meshes/hexagon.dae
[28.038s] -- Symlinking: /home/rsa/colcon_ws/install/turtlebot3_gazebo/share/turtlebot3_gazebo//models/turtlebot3_world/meshes/wall.dae
[28.049s] -- Symlinking: /home/rsa/colcon_ws/install/turtlebot3_gazebo/share/turtlebot3_gazebo//models/turtlebot3_world/model-1_4.sdf
[28.059s] -- Symlinking: /home/rsa/colcon_ws/install/turtlebot3_gazebo/share/turtlebot3_gazebo//models/turtlebot3_world/model.config
[28.069s] -- Symlinking: /home/rsa/colcon_ws/install/turtlebot3_gazebo/share/turtlebot3_gazebo//models/turtlebot3_world/model.sdf
[28.078s] -- Symlinking: /home/rsa/colcon_ws/install/turtlebot3_gazebo/share/turtlebot3_gazebo//rviz/tb3_gazebo.rviz
[28.088s] -- Symlinking: /home/rsa/colcon_ws/install/turtlebot3_gazebo/share/turtlebot3_gazebo//worlds/empty_worlds/burger.model
[28.098s] -- Symlinking: /home/rsa/colcon_ws/install/turtlebot3_gazebo/share/turtlebot3_gazebo//worlds/empty_worlds/waffle.model
[28.107s] -- Symlinking: /home/rsa/colcon_ws/install/turtlebot3_gazebo/share/turtlebot3_gazebo//worlds/empty_worlds/waffle_pi.model
[28.116s] -- Symlinking: /home/rsa/colcon_ws/install/turtlebot3_gazebo/share/turtlebot3_gazebo//worlds/turtlebot3_autoraces/burger.model
[28.126s] -- Symlinking: /home/rsa/colcon_ws/install/turtlebot3_gazebo/share/turtlebot3_gazebo//worlds/turtlebot3_autoraces/waffle.model
[28.136s] -- Symlinking: /home/rsa/colcon_ws/install/turtlebot3_gazebo/share/turtlebot3_gazebo//worlds/turtlebot3_autoraces/waffle_pi.model
[28.148s] -- Symlinking: /home/rsa/colcon_ws/install/turtlebot3_gazebo/share/turtlebot3_gazebo//worlds/turtlebot3_dqn_stage1/burger.model
[28.158s] -- Symlinking: /home/rsa/colcon_ws/install/turtlebot3_gazebo/share/turtlebot3_gazebo//worlds/turtlebot3_dqn_stage1/waffle.model
[28.168s] -- Symlinking: /home/rsa/colcon_ws/install/turtlebot3_gazebo/share/turtlebot3_gazebo//worlds/turtlebot3_dqn_stage1/waffle_pi.model
[28.178s] -- Symlinking: /home/rsa/colcon_ws/install/turtlebot3_gazebo/share/turtlebot3_gazebo//worlds/turtlebot3_dqn_stage2/burger.model
[28.188s] -- Symlinking: /home/rsa/colcon_ws/install/turtlebot3_gazebo/share/turtlebot3_gazebo//worlds/turtlebot3_dqn_stage2/waffle.model
[28.198s] -- Symlinking: /home/rsa/colcon_ws/install/turtlebot3_gazebo/share/turtlebot3_gazebo//worlds/turtlebot3_dqn_stage2/waffle_pi.model
[28.208s] -- Symlinking: /home/rsa/colcon_ws/install/turtlebot3_gazebo/share/turtlebot3_gazebo//worlds/turtlebot3_dqn_stage3/burger.model
[28.218s] -- Symlinking: /home/rsa/colcon_ws/install/turtlebot3_gazebo/share/turtlebot3_gazebo//worlds/turtlebot3_dqn_stage3/waffle.model
[28.227s] -- Symlinking: /home/rsa/colcon_ws/install/turtlebot3_gazebo/share/turtlebot3_gazebo//worlds/turtlebot3_dqn_stage3/waffle_pi.model
[28.239s] -- Symlinking: /home/rsa/colcon_ws/install/turtlebot3_gazebo/share/turtlebot3_gazebo//worlds/turtlebot3_dqn_stage4/burger.model
[28.250s] -- Symlinking: /home/rsa/colcon_ws/install/turtlebot3_gazebo/share/turtlebot3_gazebo//worlds/turtlebot3_dqn_stage4/waffle.model
[28.261s] -- Symlinking: /home/rsa/colcon_ws/install/turtlebot3_gazebo/share/turtlebot3_gazebo//worlds/turtlebot3_dqn_stage4/waffle_pi.model
[28.271s] -- Symlinking: /home/rsa/colcon_ws/install/turtlebot3_gazebo/share/turtlebot3_gazebo//worlds/turtlebot3_houses/burger.model
[28.280s] -- Symlinking: /home/rsa/colcon_ws/install/turtlebot3_gazebo/share/turtlebot3_gazebo//worlds/turtlebot3_houses/waffle.model
[28.290s] -- Symlinking: /home/rsa/colcon_ws/install/turtlebot3_gazebo/share/turtlebot3_gazebo//worlds/turtlebot3_houses/waffle_pi.model
[28.299s] -- Symlinking: /home/rsa/colcon_ws/install/turtlebot3_gazebo/share/turtlebot3_gazebo//worlds/turtlebot3_worlds/burger.model
[28.309s] -- Symlinking: /home/rsa/colcon_ws/install/turtlebot3_gazebo/share/turtlebot3_gazebo//worlds/turtlebot3_worlds/waffle.model
[28.319s] -- Symlinking: /home/rsa/colcon_ws/install/turtlebot3_gazebo/share/turtlebot3_gazebo//worlds/turtlebot3_worlds/waffle_pi.model
[28.329s] -- Symlinking: /home/rsa/colcon_ws/install/turtlebot3_gazebo/include//turtlebot3_gazebo/turtlebot3_drive.hpp
[28.341s] -- Symlinking: /home/rsa/colcon_ws/install/turtlebot3_gazebo/share/ament_index/resource_index/package_run_dependencies/turtlebot3_gazebo
[28.351s] -- Symlinking: /home/rsa/colcon_ws/install/turtlebot3_gazebo/share/ament_index/resource_index/parent_prefix_path/turtlebot3_gazebo
[28.361s] -- Symlinking: /home/rsa/colcon_ws/install/turtlebot3_gazebo/share/turtlebot3_gazebo/environment/ament_prefix_path.sh
[28.371s] -- Symlinking: /home/rsa/colcon_ws/install/turtlebot3_gazebo/share/turtlebot3_gazebo/environment/ament_prefix_path.dsv
[28.381s] -- Symlinking: /home/rsa/colcon_ws/install/turtlebot3_gazebo/share/turtlebot3_gazebo/environment/path.sh
[28.390s] -- Symlinking: /home/rsa/colcon_ws/install/turtlebot3_gazebo/share/turtlebot3_gazebo/environment/path.dsv
[28.400s] -- Symlinking: /home/rsa/colcon_ws/install/turtlebot3_gazebo/share/turtlebot3_gazebo/local_setup.bash
[28.409s] -- Symlinking: /home/rsa/colcon_ws/install/turtlebot3_gazebo/share/turtlebot3_gazebo/local_setup.sh
[28.420s] -- Symlinking: /home/rsa/colcon_ws/install/turtlebot3_gazebo/share/turtlebot3_gazebo/local_setup.zsh
[28.431s] -- Symlinking: /home/rsa/colcon_ws/install/turtlebot3_gazebo/share/turtlebot3_gazebo/local_setup.dsv
[28.443s] -- Symlinking: /home/rsa/colcon_ws/install/turtlebot3_gazebo/share/turtlebot3_gazebo/package.dsv
[28.454s] -- Symlinking: /home/rsa/colcon_ws/install/turtlebot3_gazebo/share/ament_index/resource_index/packages/turtlebot3_gazebo
[28.465s] -- Symlinking: /home/rsa/colcon_ws/install/turtlebot3_gazebo/share/turtlebot3_gazebo/cmake/ament_cmake_export_include_directories-extras.cmake
[28.474s] -- Symlinking: /home/rsa/colcon_ws/install/turtlebot3_gazebo/share/turtlebot3_gazebo/cmake/ament_cmake_export_dependencies-extras.cmake
[28.484s] -- Symlinking: /home/rsa/colcon_ws/install/turtlebot3_gazebo/share/turtlebot3_gazebo/cmake/turtlebot3_gazeboConfig.cmake
[28.494s] -- Symlinking: /home/rsa/colcon_ws/install/turtlebot3_gazebo/share/turtlebot3_gazebo/cmake/turtlebot3_gazeboConfig-version.cmake
[28.503s] -- Symlinking: /home/rsa/colcon_ws/install/turtlebot3_gazebo/share/turtlebot3_gazebo/package.xml
[28.518s] Invoked command in '/home/rsa/colcon_ws/build/turtlebot3_gazebo' returned '0': CMAKE_PREFIX_PATH=/opt/ros/foxy /usr/bin/cmake --install /home/rsa/colcon_ws/build/turtlebot3_gazebo
