[0.395s] Invoking command in '/home/alan/colcon_ws/build/wall_follower': CMAKE_PREFIX_PATH=${CMAKE_PREFIX_PATH}:/home/alan/colcon_ws/install/cv_basics:/opt/ros/foxy /bin/cmake --build /home/alan/colcon_ws/build/wall_follower -- -j8 -l8
[0.436s] -- Found ament_cmake: 0.9.12 (/opt/ros/foxy/share/ament_cmake/cmake)
[0.460s] -- Using PYTHON_EXECUTABLE: /bin/python3
[0.606s] -- Override CMake install command with custom implementation using symlinks instead of copying resources
[0.611s] -- Found geometry_msgs: 2.0.5 (/opt/ros/foxy/share/geometry_msgs/cmake)
[0.628s] -- Using all available rosidl_typesupport_c: rosidl_typesupport_fastrtps_c;rosidl_typesupport_introspection_c
[0.630s] -- Found rosidl_adapter: 1.3.1 (/opt/ros/foxy/share/rosidl_adapter/cmake)
[0.737s] -- Using all available rosidl_typesupport_cpp: rosidl_typesupport_fastrtps_cpp;rosidl_typesupport_introspection_cpp
[0.807s] -- Found nav_msgs: 2.0.5 (/opt/ros/foxy/share/nav_msgs/cmake)
[0.866s] -- Found rclcpp: 2.4.3 (/opt/ros/foxy/share/rclcpp/cmake)
[0.895s] -- Found rmw_implementation_cmake: 1.0.4 (/opt/ros/foxy/share/rmw_implementation_cmake/cmake)
[0.896s] -- Using RMW implementation 'rmw_fastrtps_cpp' as default
[1.017s] -- Found sensor_msgs: 2.0.5 (/opt/ros/foxy/share/sensor_msgs/cmake)
[1.074s] -- Found tf2: 0.13.14 (/opt/ros/foxy/share/tf2/cmake)
[1.143s] -- Configuring done
[1.148s] -- Generating done
[1.150s] -- Build files have been written to: /home/alan/colcon_ws/build/wall_follower
[1.178s] [35m[1mScanning dependencies of target wall_follower[0m
[1.200s] [ 33%] [32mBuilding CXX object CMakeFiles/wall_follower.dir/src/wall_follower.cpp.o[0m
[1.202s] [ 66%] [32mBuilding CXX object CMakeFiles/wall_follower.dir/src/circle_model.cpp.o[0m
[6.803s] [100%] [32m[1mLinking CXX executable wall_follower[0m
[7.051s] [100%] Built target wall_follower
[7.063s] Invoked command in '/home/alan/colcon_ws/build/wall_follower' returned '0': CMAKE_PREFIX_PATH=${CMAKE_PREFIX_PATH}:/home/alan/colcon_ws/install/cv_basics:/opt/ros/foxy /bin/cmake --build /home/alan/colcon_ws/build/wall_follower -- -j8 -l8
[7.099s] Invoking command in '/home/alan/colcon_ws/build/wall_follower': CMAKE_PREFIX_PATH=${CMAKE_PREFIX_PATH}:/home/alan/colcon_ws/install/cv_basics:/opt/ros/foxy /bin/cmake --install /home/alan/colcon_ws/build/wall_follower
[7.105s] -- Install configuration: ""
[7.106s] -- Execute custom install script
[7.106s] -- Up-to-date symlink: /home/alan/colcon_ws/install/wall_follower/lib/wall_follower/wall_follower
[7.107s] -- Symlinking: /home/alan/colcon_ws/install/wall_follower/include//circle_model/circle_model.hpp
[7.114s] -- Up-to-date symlink: /home/alan/colcon_ws/install/wall_follower/include//wall_follower/wall_follower.hpp
[7.115s] -- Up-to-date symlink: /home/alan/colcon_ws/install/wall_follower/share/ament_index/resource_index/package_run_dependencies/wall_follower
[7.116s] -- Up-to-date symlink: /home/alan/colcon_ws/install/wall_follower/share/ament_index/resource_index/parent_prefix_path/wall_follower
[7.116s] -- Up-to-date symlink: /home/alan/colcon_ws/install/wall_follower/share/wall_follower/environment/ament_prefix_path.sh
[7.116s] -- Up-to-date symlink: /home/alan/colcon_ws/install/wall_follower/share/wall_follower/environment/ament_prefix_path.dsv
[7.116s] -- Up-to-date symlink: /home/alan/colcon_ws/install/wall_follower/share/wall_follower/environment/path.sh
[7.116s] -- Up-to-date symlink: /home/alan/colcon_ws/install/wall_follower/share/wall_follower/environment/path.dsv
[7.116s] -- Up-to-date symlink: /home/alan/colcon_ws/install/wall_follower/share/wall_follower/local_setup.bash
[7.116s] -- Up-to-date symlink: /home/alan/colcon_ws/install/wall_follower/share/wall_follower/local_setup.sh
[7.116s] -- Up-to-date symlink: /home/alan/colcon_ws/install/wall_follower/share/wall_follower/local_setup.zsh
[7.117s] -- Up-to-date symlink: /home/alan/colcon_ws/install/wall_follower/share/wall_follower/local_setup.dsv
[7.117s] -- Symlinking: /home/alan/colcon_ws/install/wall_follower/share/wall_follower/package.dsv
[7.126s] -- Up-to-date symlink: /home/alan/colcon_ws/install/wall_follower/share/ament_index/resource_index/packages/wall_follower
[7.126s] -- Up-to-date symlink: /home/alan/colcon_ws/install/wall_follower/share/wall_follower/cmake/ament_cmake_export_include_directories-extras.cmake
[7.126s] -- Up-to-date symlink: /home/alan/colcon_ws/install/wall_follower/share/wall_follower/cmake/ament_cmake_export_dependencies-extras.cmake
[7.127s] -- Up-to-date symlink: /home/alan/colcon_ws/install/wall_follower/share/wall_follower/cmake/wall_followerConfig.cmake
[7.127s] -- Up-to-date symlink: /home/alan/colcon_ws/install/wall_follower/share/wall_follower/cmake/wall_followerConfig-version.cmake
[7.128s] -- Up-to-date symlink: /home/alan/colcon_ws/install/wall_follower/share/wall_follower/package.xml
[7.129s] Invoked command in '/home/alan/colcon_ws/build/wall_follower' returned '0': CMAKE_PREFIX_PATH=${CMAKE_PREFIX_PATH}:/home/alan/colcon_ws/install/cv_basics:/opt/ros/foxy /bin/cmake --install /home/alan/colcon_ws/build/wall_follower
