[0.210s] Invoking command in '/home/rsa/colcon_ws/build/wall_follower': CMAKE_PREFIX_PATH=${CMAKE_PREFIX_PATH}:/home/rsa/colcon_ws/install/cv_basics:/opt/ros/foxy /usr/bin/cmake --build /home/rsa/colcon_ws/build/wall_follower -- -j16 -l16
[0.247s] [35m[1mScanning dependencies of target wall_follower[0m
[0.295s] [ 33%] [32mBuilding CXX object CMakeFiles/wall_follower.dir/src/circle_model.cpp.o[0m
[0.295s] [ 66%] [32mBuilding CXX object CMakeFiles/wall_follower.dir/src/wall_follower.cpp.o[0m
[0.627s] [01m[K/home/rsa/colcon_ws/src/wall_follower/src/circle_model.cpp:[m[K In member function ‘[01m[KCircleModel CircleModel::circleDetection(const std::vector<CartesianPoint>&, int, int, double)[m[K’:
[0.627s] [01m[K/home/rsa/colcon_ws/src/wall_follower/src/circle_model.cpp:103:77:[m[K [01;35m[Kwarning: [m[Kcomparison of integer expressions of different signedness: ‘[01m[Klong unsigned int[m[K’ and ‘[01m[Kint[m[K’ [[01;35m[K-Wsign-compare[m[K]
[0.627s]   103 |         if ([01;35m[Kpoints.size() - (std::distance(it, points.end()) + inlierCount) < bestInlierCount[m[K)
[0.627s]       |             [01;35m[K~~~~~~~~~~~~~~~~~~~~~~~~~~~~~~~~~~~~~~~~~~~~~~~~~~~~~~~~~~~~~~~~^~~~~~~~~~~~~~~~~[m[K
[0.640s] /home/rsa/colcon_ws/src/wall_follower/src/circle_model.cpp: In instantiation of ‘[01m[KOutputIt sample(InputIt, InputIt, OutputIt, size_t, RNG&&) [with InputIt = __gnu_cxx::__normal_iterator<const CartesianPoint*, std::vector<CartesianPoint> >; OutputIt = std::back_insert_iterator<std::vector<CartesianPoint> >; RNG = std::mersenne_twister_engine<long unsigned int, 32, 624, 397, 31, 2567483615, 11, 4294967295, 7, 2636928640, 15, 4022730752, 18, 1812433253>&; size_t = long unsigned int][m[K’:
[0.640s] [01m[K/home/rsa/colcon_ws/src/wall_follower/src/circle_model.cpp:94:91:[m[K   required from here
[0.640s] [01m[K/home/rsa/colcon_ws/src/wall_follower/src/circle_model.cpp:73:62:[m[K [01;35m[Kwarning: [m[Kcomparison of integer expressions of different signedness: ‘[01m[Kstd::uniform_int_distribution<>::result_type[m[K’ {aka ‘[01m[Kint[m[K’} and ‘[01m[Ksize_t[m[K’ {aka ‘[01m[Klong unsigned int[m[K’} [[01;35m[K-Wsign-compare[m[K]
[0.640s]    73 |     if ([01;35m[Kstd::uniform_int_distribution<>(0, --remaining)(rng) < m[m[K) {
[0.640s]       |         [01;35m[K~~~~~~~~~~~~~~~~~~~~~~~~~~~~~~~~~~~~~~~~~~~~~~~~~~~~~^~~[m[K
[5.642s] [100%] [32m[1mLinking CXX executable wall_follower[0m
[5.875s] /usr/bin/ld: CMakeFiles/wall_follower.dir/src/circle_model.cpp.o: in function `CircleModel::circleDetection(std::vector<CartesianPoint, std::allocator<CartesianPoint> > const&, int, int, double)':
[5.875s] circle_model.cpp:(.text+0x982): undefined reference to `CircleModel::fitCircleModelToPoints(std::vector<CartesianPoint, std::allocator<CartesianPoint> > const&)'
[5.877s] collect2: error: ld returned 1 exit status
[5.878s] make[2]: *** [CMakeFiles/wall_follower.dir/build.make:163: wall_follower] Error 1
[5.879s] make[1]: *** [CMakeFiles/Makefile2:78: CMakeFiles/wall_follower.dir/all] Error 2
[5.879s] make: *** [Makefile:141: all] Error 2
[5.883s] Invoked command in '/home/rsa/colcon_ws/build/wall_follower' returned '2': CMAKE_PREFIX_PATH=${CMAKE_PREFIX_PATH}:/home/rsa/colcon_ws/install/cv_basics:/opt/ros/foxy /usr/bin/cmake --build /home/rsa/colcon_ws/build/wall_follower -- -j16 -l16
